[2026-04-24 04:55:25] local.ERROR: JWT verification error: Incorrect key for this algorithm  
[2026-04-24 04:55:55] local.ERROR: JWT verification error: Incorrect key for this algorithm  
[2026-04-24 04:56:09] local.ERROR: JWT verification error: Incorrect key for this algorithm  
[2026-04-24 04:56:13] local.ERROR: JWT verification error: Incorrect key for this algorithm  
[2026-04-24 04:56:22] local.ERROR: JWT verification error: Incorrect key for this algorithm  
[2026-04-24 04:56:34] local.ERROR: JWT verification error: Incorrect key for this algorithm  
[2026-04-24 04:56:37] local.ERROR: JWT verification error: Incorrect key for this algorithm  
[2026-04-24 04:58:09] local.ERROR: JWT verification error: Incorrect key for this algorithm  
[2026-04-24 04:58:12] local.ERROR: JWT verification error: Incorrect key for this algorithm  
[2026-04-24 04:58:21] local.ERROR: JWT verification error: Incorrect key for this algorithm  
[2026-04-24 04:58:23] local.ERROR: JWT verification error: Incorrect key for this algorithm  
[2026-04-24 04:58:34] local.ERROR: JWT verification error: Incorrect key for this algorithm  
[2026-04-24 04:58:36] local.ERROR: JWT verification error: Incorrect key for this algorithm  
[2026-04-24 04:58:55] local.ERROR: JWT verification error: Incorrect key for this algorithm  
[2026-04-24 04:59:05] local.ERROR: JWT verification error: Incorrect key for this algorithm  
[2026-04-24 04:59:17] local.ERROR: JWT verification error: Incorrect key for this algorithm  
[2026-04-24 05:20:47] local.ERROR: JWT verification error: Incorrect key for this algorithm  
[2026-04-24 05:21:42] local.ERROR: JWT verification error: Incorrect key for this algorithm  
[2026-04-24 05:21:54] local.ERROR: JWT verification error: Incorrect key for this algorithm  
[2026-04-24 05:23:13] local.ERROR: JWT verification error: Incorrect key for this algorithm  
[2026-04-24 05:25:08] local.ERROR: JWT verification error: Incorrect key for this algorithm  
[2026-04-24 05:25:40] local.ERROR: JWT verification error: Incorrect key for this algorithm  
[2026-04-24 05:26:26] local.ERROR: JWT verification error: Incorrect key for this algorithm  
[2026-04-24 05:26:57] local.ERROR: JWT verification error: Incorrect key for this algorithm  
[2026-04-24 05:29:57] local.ERROR: JWT verification error: Incorrect key for this algorithm  
[2026-04-24 05:31:05] local.ERROR: JWT verification error: Incorrect key for this algorithm  
[2026-04-24 05:31:56] local.ERROR: JWT verification error: Incorrect key for this algorithm  
[2026-04-24 05:33:29] local.ERROR: JWT verification error: Incorrect key for this algorithm  
[2026-04-24 05:39:56] local.ERROR: JWT verification error: Incorrect key for this algorithm  
[2026-04-24 05:41:42] local.ERROR: JWT verification error: Incorrect key for this algorithm  
[2026-04-24 05:42:59] local.ERROR: JWT verification error: Incorrect key for this algorithm  
[2026-04-24 05:43:38] local.ERROR: JWT verification error: Incorrect key for this algorithm  
[2026-04-24 05:44:49] local.ERROR: JWT verification error: Incorrect key for this algorithm  
[2026-04-24 05:45:09] local.ERROR: JWT verification error: Incorrect key for this algorithm  
[2026-04-24 05:45:14] local.ERROR: JWT verification error: Incorrect key for this algorithm  
[2026-04-24 05:45:58] local.ERROR: JWT verification error: Incorrect key for this algorithm  
[2026-04-24 05:47:42] local.ERROR: JWT verification error: Incorrect key for this algorithm  
[2026-04-24 05:48:22] local.ERROR: JWT verification error: Incorrect key for this algorithm  
[2026-04-24 06:25:51] local.ERROR: JWT verification error: Incorrect key for this algorithm  
[2026-04-24 06:25:55] local.ERROR: JWT verification error: Incorrect key for this algorithm  
[2026-04-24 06:26:47] local.ERROR: JWT verification error: Incorrect key for this algorithm  
[2026-04-24 06:26:54] local.ERROR: JWT verification error: Incorrect key for this algorithm  
[2026-04-24 06:26:57] local.ERROR: JWT verification error: Incorrect key for this algorithm  
[2026-04-24 06:27:11] local.ERROR: JWT verification error: Incorrect key for this algorithm  
[2026-04-24 06:27:16] local.ERROR: JWT verification error: Incorrect key for this algorithm  
[2026-04-24 06:27:19] local.ERROR: JWT verification error: Incorrect key for this algorithm  
[2026-04-24 06:27:58] local.ERROR: JWT verification error: Incorrect key for this algorithm  
[2026-04-24 06:28:04] local.ERROR: JWT verification error: Incorrect key for this algorithm  
[2026-04-24 06:29:06] local.ERROR: JWT verification error: Incorrect key for this algorithm  
[2026-04-24 06:31:04] local.ERROR: JWT verification error: Incorrect key for this algorithm  
[2026-04-24 06:31:14] local.ERROR: JWT verification error: Incorrect key for this algorithm  
[2026-04-24 06:31:23] local.ERROR: JWT verification error: Incorrect key for this algorithm  
[2026-04-24 06:31:35] local.ERROR: JWT verification error: Incorrect key for this algorithm  
[2026-04-24 06:45:09] local.ERROR: JWT verification error: Incorrect key for this algorithm  
[2026-04-24 06:45:23] local.ERROR: JWT verification error: Incorrect key for this algorithm  
[2026-04-24 06:45:34] local.ERROR: JWT verification error: Incorrect key for this algorithm  
[2026-04-24 06:45:36] local.ERROR: JWT verification error: Incorrect key for this algorithm  
[2026-04-24 06:46:09] local.ERROR: JWT verification error: Incorrect key for this algorithm  
[2026-04-24 06:46:16] local.ERROR: JWT verification error: Incorrect key for this algorithm  
[2026-04-24 06:46:21] local.ERROR: JWT verification error: Incorrect key for this algorithm  
[2026-04-24 06:46:31] local.ERROR: JWT verification error: Incorrect key for this algorithm  
[2026-04-24 06:46:34] local.ERROR: JWT verification error: Incorrect key for this algorithm  
[2026-04-24 06:46:44] local.ERROR: JWT verification error: Incorrect key for this algorithm  
[2026-04-24 06:46:57] local.ERROR: JWT verification error: Incorrect key for this algorithm  
[2026-04-24 06:46:59] local.ERROR: JWT verification error: Incorrect key for this algorithm  
[2026-04-24 06:47:07] local.ERROR: JWT verification error: Incorrect key for this algorithm  
[2026-04-24 06:47:17] local.ERROR: JWT verification error: Incorrect key for this algorithm  
[2026-04-24 06:47:27] local.ERROR: JWT verification error: Incorrect key for this algorithm  
[2026-04-24 06:47:47] local.ERROR: JWT verification error: Incorrect key for this algorithm  
[2026-04-24 06:48:00] local.ERROR: JWT verification error: Incorrect key for this algorithm  
[2026-04-24 06:48:02] local.ERROR: JWT verification error: Incorrect key for this algorithm  
[2026-04-24 06:48:11] local.ERROR: JWT verification error: Incorrect key for this algorithm  
[2026-04-24 06:48:24] local.ERROR: JWT verification error: Incorrect key for this algorithm  
[2026-04-24 06:48:33] local.ERROR: JWT verification error: Incorrect key for this algorithm  
[2026-04-24 06:48:53] local.ERROR: JWT verification error: Incorrect key for this algorithm  
[2026-04-24 06:49:03] local.ERROR: JWT verification error: Incorrect key for this algorithm  
[2026-04-24 06:50:34] local.ERROR: JWT verification error: Incorrect key for this algorithm  
[2026-04-24 06:58:46] local.ERROR: JWT verification error: Incorrect key for this algorithm  
[2026-04-24 07:04:03] local.ERROR: JWT verification error: Incorrect key for this algorithm  
[2026-04-24 07:04:47] local.ERROR: JWT verification error: Incorrect key for this algorithm  
[2026-04-24 07:26:15] local.ERROR: JWT verification error: Incorrect key for this algorithm  
[2026-04-24 07:26:34] local.ERROR: JWT verification error: Incorrect key for this algorithm  
[2026-04-24 07:26:36] local.ERROR: JWT verification error: Incorrect key for this algorithm  
[2026-04-24 07:26:46] local.ERROR: JWT verification error: Incorrect key for this algorithm  
[2026-04-24 08:55:27] local.ERROR: JWT verification error: Incorrect key for this algorithm  
[2026-04-24 08:57:28] local.ERROR: JWT verification error: Incorrect key for this algorithm  
[2026-04-24 08:57:35] local.ERROR: JWT verification error: Incorrect key for this algorithm  
[2026-04-24 08:57:42] local.ERROR: JWT verification error: Incorrect key for this algorithm  
[2026-04-24 08:57:46] local.ERROR: JWT verification error: Incorrect key for this algorithm  
[2026-04-24 08:57:50] local.ERROR: JWT verification error: Incorrect key for this algorithm  
[2026-04-24 09:08:50] local.ERROR: JWT verification error: Incorrect key for this algorithm  
[2026-04-24 09:09:11] local.ERROR: JWT verification error: Incorrect key for this algorithm  
[2026-04-24 09:09:18] local.ERROR: JWT verification error: Incorrect key for this algorithm  
[2026-04-24 09:09:27] local.ERROR: JWT verification error: Incorrect key for this algorithm  
[2026-04-24 09:10:56] local.ERROR: JWT verification error: Incorrect key for this algorithm  
[2026-04-24 09:11:08] local.ERROR: JWT verification error: Incorrect key for this algorithm  
[2026-04-24 09:13:02] local.ERROR: JWT verification error: Incorrect key for this algorithm  
[2026-04-24 09:17:01] local.ERROR: JWT verification error: Incorrect key for this algorithm  
[2026-04-24 09:17:33] local.ERROR: JWT verification error: Incorrect key for this algorithm  
[2026-04-24 09:18:19] local.ERROR: JWT verification error: Incorrect key for this algorithm  
[2026-04-24 09:19:36] local.ERROR: JWT verification error: Incorrect key for this algorithm  
[2026-04-24 09:20:21] local.ERROR: JWT verification error: Incorrect key for this algorithm  
[2026-04-24 09:21:05] local.ERROR: JWT verification error: Incorrect key for this algorithm  
[2026-04-24 09:22:01] local.ERROR: JWT verification error: Incorrect key for this algorithm  
[2026-04-24 09:23:58] local.ERROR: JWT verification error: Incorrect key for this algorithm  
[2026-04-24 09:25:11] local.ERROR: JWT verification error: Incorrect key for this algorithm  
[2026-04-24 09:29:39] local.ERROR: JWT verification error: Incorrect key for this algorithm  
[2026-04-24 09:33:01] local.ERROR: JWT verification error: Incorrect key for this algorithm  
[2026-04-24 09:33:10] local.ERROR: JWT verification error: Incorrect key for this algorithm  
[2026-04-24 09:33:14] local.ERROR: JWT verification error: Incorrect key for this algorithm  
[2026-04-24 09:33:18] local.ERROR: JWT verification error: Incorrect key for this algorithm  
[2026-04-24 09:33:23] local.ERROR: JWT verification error: Incorrect key for this algorithm  
[2026-04-24 09:33:27] local.ERROR: JWT verification error: Incorrect key for this algorithm  
[2026-04-24 09:33:32] local.ERROR: JWT verification error: Incorrect key for this algorithm  
[2026-04-24 09:33:36] local.ERROR: JWT verification error: Incorrect key for this algorithm  
[2026-04-24 09:34:02] local.ERROR: JWT verification error: Incorrect key for this algorithm  
[2026-04-24 09:34:07] local.ERROR: JWT verification error: Incorrect key for this algorithm  
[2026-04-24 09:34:12] local.ERROR: JWT verification error: Incorrect key for this algorithm  
[2026-04-24 09:34:17] local.ERROR: JWT verification error: Incorrect key for this algorithm  
[2026-04-24 09:34:21] local.ERROR: JWT verification error: Incorrect key for this algorithm  
[2026-04-24 09:34:56] local.ERROR: JWT verification error: Incorrect key for this algorithm  
[2026-04-24 09:35:04] local.ERROR: JWT verification error: Incorrect key for this algorithm  
[2026-04-24 09:35:09] local.ERROR: JWT verification error: Incorrect key for this algorithm  
[2026-04-24 09:36:20] local.ERROR: JWT verification error: Incorrect key for this algorithm  
[2026-04-24 09:36:28] local.ERROR: JWT verification error: Incorrect key for this algorithm  
[2026-04-24 09:36:32] local.ERROR: JWT verification error: Incorrect key for this algorithm  
[2026-04-24 09:36:37] local.ERROR: JWT verification error: Incorrect key for this algorithm  
[2026-04-24 09:36:42] local.ERROR: JWT verification error: Incorrect key for this algorithm  
[2026-04-24 09:37:43] local.ERROR: JWT verification error: Incorrect key for this algorithm  
[2026-04-24 09:39:30] local.ERROR: JWT verification error: Incorrect key for this algorithm  
[2026-04-24 09:40:44] local.ERROR: JWT verification error: Incorrect key for this algorithm  
[2026-04-24 09:41:41] local.ERROR: JWT verification error: Incorrect key for this algorithm  
[2026-04-24 09:43:48] local.ERROR: JWT verification error: Incorrect key for this algorithm  
[2026-04-24 09:44:10] local.ERROR: JWT verification error: Incorrect key for this algorithm  
[2026-04-24 09:56:58] local.ERROR: JWT verification error: Incorrect key for this algorithm  
[2026-04-24 10:00:21] local.ERROR: JWT verification error: Incorrect key for this algorithm  
[2026-04-24 10:01:16] local.ERROR: JWT verification error: Incorrect key for this algorithm  
[2026-04-24 10:02:46] local.ERROR: Maximum execution time of 30 seconds exceeded {"userId":"1bde17a0-4b99-4ef5-b278-4e902f1717fe","exception":"[object] (Symfony\\Component\\ErrorHandler\\Error\\FatalError(code: 0): Maximum execution time of 30 seconds exceeded at C:/Git-folders/000form.com/vendor/laravel/framework/src/Illuminate/Database/Connectors/PostgresConnector.php:161)
[stacktrace]
#0 {main}
"} 
[2026-04-24 10:02:58] local.ERROR: JWT verification error: Incorrect key for this algorithm  
[2026-04-24 10:03:30] local.ERROR: JWT verification error: Incorrect key for this algorithm  
[2026-04-24 10:11:14] local.ERROR: JWT verification error: Incorrect key for this algorithm  
[2026-04-24 10:11:18] local.ERROR: JWT verification error: Incorrect key for this algorithm  
[2026-04-24 10:11:27] local.ERROR: JWT verification error: Incorrect key for this algorithm  
[2026-04-24 10:11:30] local.ERROR: JWT verification error: Incorrect key for this algorithm  
[2026-04-24 10:12:01] local.ERROR: JWT verification error: Incorrect key for this algorithm  
[2026-04-24 10:12:18] local.ERROR: JWT verification error: Incorrect key for this algorithm  
[2026-04-24 10:12:20] local.ERROR: JWT verification error: Incorrect key for this algorithm  
[2026-04-24 10:13:45] local.ERROR: JWT verification error: Incorrect key for this algorithm  
[2026-04-24 10:14:25] local.ERROR: JWT verification error: Incorrect key for this algorithm  
[2026-04-24 10:16:08] local.ERROR: JWT verification error: Incorrect key for this algorithm  
[2026-04-24 10:17:00] local.ERROR: JWT verification error: Incorrect key for this algorithm  
[2026-04-24 10:23:31] local.ERROR: JWT verification error: Incorrect key for this algorithm  
[2026-04-24 10:23:54] local.ERROR: JWT verification error: Incorrect key for this algorithm  
[2026-04-24 10:24:09] local.ERROR: JWT verification error: Incorrect key for this algorithm  
[2026-04-24 10:24:12] local.ERROR: JWT verification error: Incorrect key for this algorithm  
[2026-04-24 10:25:59] local.ERROR: Maximum execution time of 30 seconds exceeded {"userId":"1bde17a0-4b99-4ef5-b278-4e902f1717fe","exception":"[object] (Symfony\\Component\\ErrorHandler\\Error\\FatalError(code: 0): Maximum execution time of 30 seconds exceeded at C:/Git-folders/000form.com/vendor/laravel/framework/src/Illuminate/Database/Connectors/PostgresConnector.php:161)
[stacktrace]
#0 {main}
"} 
[2026-04-24 10:27:46] local.ERROR: JWT verification error: Incorrect key for this algorithm  
[2026-04-24 10:28:54] local.ERROR: JWT verification error: Incorrect key for this algorithm  
[2026-04-24 10:29:43] local.ERROR: JWT verification error: Incorrect key for this algorithm  
[2026-04-24 10:32:29] local.ERROR: JWT verification error: Incorrect key for this algorithm  
[2026-04-24 10:32:36] local.ERROR: Maximum execution time of 30 seconds exceeded {"userId":"1bde17a0-4b99-4ef5-b278-4e902f1717fe","exception":"[object] (Symfony\\Component\\ErrorHandler\\Error\\FatalError(code: 0): Maximum execution time of 30 seconds exceeded at C:/Git-folders/000form.com/vendor/laravel/framework/src/Illuminate/Database/Connection.php:414)
[stacktrace]
#0 {main}
"} 
[2026-04-24 10:33:46] local.ERROR: JWT verification error: Incorrect key for this algorithm  
[2026-04-24 10:34:35] local.ERROR: JWT verification error: Incorrect key for this algorithm  
[2026-04-24 10:35:28] local.ERROR: JWT verification error: Incorrect key for this algorithm  
[2026-04-24 10:35:53] local.ERROR: JWT verification error: Incorrect key for this algorithm  
[2026-04-24 10:40:46] local.ERROR: JWT verification error: Incorrect key for this algorithm  
[2026-04-24 10:44:00] local.ERROR: JWT verification error: Incorrect key for this algorithm  
[2026-04-24 10:45:30] local.ERROR: JWT verification error: Incorrect key for this algorithm  
[2026-04-24 10:47:30] local.ERROR: Maximum execution time of 30 seconds exceeded {"userId":"1bde17a0-4b99-4ef5-b278-4e902f1717fe","exception":"[object] (Symfony\\Component\\ErrorHandler\\Error\\FatalError(code: 0): Maximum execution time of 30 seconds exceeded at C:/Git-folders/000form.com/vendor/laravel/framework/src/Illuminate/Database/Connection.php:812)
[stacktrace]
#0 {main}
"} 
[2026-04-24 10:47:34] local.ERROR: JWT verification error: Incorrect key for this algorithm  
[2026-04-24 10:49:50] local.ERROR: JWT verification error: Incorrect key for this algorithm  
[2026-04-24 10:53:04] local.ERROR: Maximum execution time of 30 seconds exceeded {"userId":"1bde17a0-4b99-4ef5-b278-4e902f1717fe","exception":"[object] (Symfony\\Component\\ErrorHandler\\Error\\FatalError(code: 0): Maximum execution time of 30 seconds exceeded at C:/Git-folders/000form.com/vendor/laravel/framework/src/Illuminate/Database/Connectors/Connector.php:66)
[stacktrace]
#0 {main}
"} 
[2026-04-24 10:53:08] local.ERROR: JWT verification error: Incorrect key for this algorithm  
[2026-04-24 10:54:01] local.ERROR: JWT verification error: Incorrect key for this algorithm  
[2026-04-24 10:54:48] local.ERROR: Maximum execution time of 30 seconds exceeded {"userId":"1bde17a0-4b99-4ef5-b278-4e902f1717fe","exception":"[object] (Symfony\\Component\\ErrorHandler\\Error\\FatalError(code: 0): Maximum execution time of 30 seconds exceeded at C:/Git-folders/000form.com/vendor/laravel/framework/src/Illuminate/Database/Connectors/Connector.php:66)
[stacktrace]
#0 {main}
"} 
[2026-04-24 10:55:30] local.ERROR: JWT verification error: Incorrect key for this algorithm  
[2026-04-24 10:56:31] local.ERROR: JWT verification error: Incorrect key for this algorithm  
[2026-04-24 10:56:53] local.ERROR: JWT verification error: Incorrect key for this algorithm  
[2026-04-24 10:57:17] local.ERROR: JWT verification error: Incorrect key for this algorithm  
[2026-04-24 10:58:01] local.ERROR: JWT verification error: Incorrect key for this algorithm  
[2026-04-24 10:59:22] local.ERROR: JWT verification error: Incorrect key for this algorithm  
[2026-04-24 10:59:45] local.ERROR: JWT verification error: Incorrect key for this algorithm  
[2026-04-24 10:59:58] local.ERROR: JWT verification error: Incorrect key for this algorithm  
[2026-04-24 11:01:45] local.ERROR: JWT verification error: Incorrect key for this algorithm  
[2026-04-24 11:01:48] local.ERROR: JWT verification error: Incorrect key for this algorithm  
[2026-04-24 11:02:18] local.ERROR: Maximum execution time of 30 seconds exceeded {"userId":"1bde17a0-4b99-4ef5-b278-4e902f1717fe","exception":"[object] (Symfony\\Component\\ErrorHandler\\Error\\FatalError(code: 0): Maximum execution time of 30 seconds exceeded at C:/Git-folders/000form.com/vendor/guzzlehttp/guzzle/src/Handler/CurlHandler.php:45)
[stacktrace]
#0 {main}
"} 
[2026-04-24 11:32:14] local.ERROR: JWT verification error: Incorrect key for this algorithm  
[2026-04-24 11:32:26] local.ERROR: JWT verification error: Incorrect key for this algorithm  
[2026-04-24 11:32:29] local.ERROR: JWT verification error: Incorrect key for this algorithm  
[2026-04-24 11:32:33] local.ERROR: JWT verification error: Incorrect key for this algorithm  
[2026-04-24 11:32:36] local.ERROR: JWT verification error: Incorrect key for this algorithm  
[2026-04-24 11:32:39] local.ERROR: JWT verification error: Incorrect key for this algorithm  
[2026-04-24 11:32:50] local.ERROR: JWT verification error: Incorrect key for this algorithm  
[2026-04-24 11:34:05] local.ERROR: JWT verification error: Incorrect key for this algorithm  
[2026-04-24 11:34:20] local.ERROR: JWT verification error: Incorrect key for this algorithm  
[2026-04-24 11:34:27] local.ERROR: JWT verification error: Incorrect key for this algorithm  
[2026-04-24 11:35:53] local.ERROR: JWT verification error: Incorrect key for this algorithm  
[2026-04-24 11:36:07] local.ERROR: JWT verification error: Incorrect key for this algorithm  
[2026-04-24 11:36:13] local.ERROR: JWT verification error: Incorrect key for this algorithm  
[2026-04-24 11:37:40] local.ERROR: JWT verification error: Incorrect key for this algorithm  
[2026-04-24 11:38:16] local.ERROR: JWT verification error: Incorrect key for this algorithm  
[2026-04-24 11:38:34] local.ERROR: JWT verification error: Incorrect key for this algorithm  
[2026-04-24 11:38:39] local.ERROR: JWT verification error: Incorrect key for this algorithm  
[2026-04-24 11:38:44] local.ERROR: JWT verification error: Incorrect key for this algorithm  
[2026-04-24 11:39:22] local.ERROR: JWT verification error: Incorrect key for this algorithm  
[2026-04-24 11:39:35] local.ERROR: JWT verification error: Incorrect key for this algorithm  
[2026-04-24 11:40:48] local.ERROR: JWT verification error: Incorrect key for this algorithm  
[2026-04-24 11:40:58] local.ERROR: JWT verification error: Incorrect key for this algorithm  
[2026-04-24 11:41:02] local.ERROR: JWT verification error: Incorrect key for this algorithm  
[2026-04-24 11:41:06] local.ERROR: JWT verification error: Incorrect key for this algorithm  
[2026-04-24 11:41:12] local.ERROR: JWT verification error: Incorrect key for this algorithm  
[2026-04-24 11:41:16] local.ERROR: JWT verification error: Incorrect key for this algorithm  
[2026-04-24 11:43:33] local.ERROR: JWT verification error: Incorrect key for this algorithm  
[2026-04-24 11:43:47] local.ERROR: JWT verification error: Incorrect key for this algorithm  
[2026-04-24 11:45:33] local.ERROR: JWT verification error: Incorrect key for this algorithm  
[2026-04-24 11:45:37] local.ERROR: JWT verification error: Incorrect key for this algorithm  
[2026-04-24 11:45:52] local.ERROR: JWT verification error: Incorrect key for this algorithm  
[2026-04-24 11:45:56] local.ERROR: JWT verification error: Incorrect key for this algorithm  
[2026-04-24 11:47:12] local.ERROR: JWT verification error: Incorrect key for this algorithm  
[2026-04-24 11:48:58] local.ERROR: JWT verification error: Incorrect key for this algorithm  
[2026-04-24 11:51:22] local.ERROR: JWT verification error: Incorrect key for this algorithm  
[2026-04-24 11:51:51] local.ERROR: JWT verification error: Incorrect key for this algorithm  
[2026-04-24 11:53:26] local.ERROR: JWT verification error: Incorrect key for this algorithm  
[2026-04-24 11:53:41] local.ERROR: JWT verification error: Incorrect key for this algorithm  
[2026-04-24 11:54:48] local.ERROR: JWT verification error: Incorrect key for this algorithm  
[2026-04-24 11:54:50] local.ERROR: JWT verification error: Incorrect key for this algorithm  
[2026-04-24 11:55:00] local.ERROR: JWT verification error: Incorrect key for this algorithm  
[2026-04-24 11:55:02] local.ERROR: JWT verification error: Incorrect key for this algorithm  
