[2026-03-30 05:16:58] local.ERROR: JWT verification error: Incorrect key for this algorithm  
[2026-03-30 05:19:29] local.ERROR: JWT verification error: Incorrect key for this algorithm  
[2026-03-30 05:19:43] local.ERROR: JWT verification error: Incorrect key for this algorithm  
[2026-03-30 05:20:42] local.ERROR: JWT verification error: Incorrect key for this algorithm  
[2026-03-30 05:22:08] local.ERROR: JWT verification error: Incorrect key for this algorithm  
[2026-03-30 05:23:05] local.ERROR: JWT verification error: Incorrect key for this algorithm  
[2026-03-30 05:23:14] local.ERROR: JWT verification error: Incorrect key for this algorithm  
[2026-03-30 05:23:54] local.ERROR: JWT verification error: Incorrect key for this algorithm  
[2026-03-30 05:23:59] local.ERROR: JWT verification error: Incorrect key for this algorithm  
[2026-03-30 05:24:33] local.ERROR: JWT verification error: Incorrect key for this algorithm  
[2026-03-30 05:25:15] local.ERROR: JWT verification error: Incorrect key for this algorithm  
[2026-03-30 05:25:26] local.ERROR: JWT verification error: Incorrect key for this algorithm  
[2026-03-30 05:25:29] local.ERROR: JWT verification error: Incorrect key for this algorithm  
[2026-03-30 05:28:55] local.ERROR: JWT verification error: Incorrect key for this algorithm  
[2026-03-30 05:32:15] local.ERROR: JWT verification error: Incorrect key for this algorithm  
[2026-03-30 05:32:20] local.ERROR: JWT verification error: Incorrect key for this algorithm  
[2026-03-30 05:32:35] local.ERROR: JWT verification error: Incorrect key for this algorithm  
[2026-03-30 05:36:28] local.ERROR: JWT verification error: Incorrect key for this algorithm  
[2026-03-30 05:36:57] local.ERROR: JWT verification error: Incorrect key for this algorithm  
[2026-03-30 05:39:10] local.ERROR: JWT verification error: Incorrect key for this algorithm  
[2026-03-30 05:40:14] local.ERROR: JWT verification error: Incorrect key for this algorithm  
[2026-03-30 05:40:32] local.ERROR: JWT verification error: Incorrect key for this algorithm  
[2026-03-30 05:41:32] local.ERROR: JWT verification error: Incorrect key for this algorithm  
[2026-03-30 05:42:15] local.ERROR: JWT verification error: Incorrect key for this algorithm  
[2026-03-30 05:43:13] local.ERROR: JWT verification error: Incorrect key for this algorithm  
[2026-03-30 05:44:37] local.ERROR: JWT verification error: Incorrect key for this algorithm  
[2026-03-30 05:44:57] local.ERROR: JWT verification error: Incorrect key for this algorithm  
[2026-03-30 05:45:24] local.ERROR: JWT verification error: Incorrect key for this algorithm  
[2026-03-30 05:45:39] local.ERROR: JWT verification error: Incorrect key for this algorithm  
[2026-03-30 05:46:21] local.ERROR: JWT verification error: Incorrect key for this algorithm  
[2026-03-30 05:47:05] local.ERROR: JWT verification error: Incorrect key for this algorithm  
[2026-03-30 05:47:38] local.ERROR: JWT verification error: Incorrect key for this algorithm  
[2026-03-30 05:48:16] local.ERROR: JWT verification error: Incorrect key for this algorithm  
[2026-03-30 05:49:22] local.ERROR: JWT verification error: Incorrect key for this algorithm  
[2026-03-30 05:49:53] local.ERROR: JWT verification error: Incorrect key for this algorithm  
[2026-03-30 05:49:57] local.ERROR: JWT verification error: Incorrect key for this algorithm  
[2026-03-30 05:50:33] local.ERROR: JWT verification error: Incorrect key for this algorithm  
[2026-03-30 05:50:44] local.ERROR: JWT verification error: Incorrect key for this algorithm  
[2026-03-30 05:50:56] local.ERROR: JWT verification error: Incorrect key for this algorithm  
[2026-03-30 05:52:42] local.ERROR: JWT verification error: Incorrect key for this algorithm  
[2026-03-30 05:55:10] local.ERROR: JWT verification error: Incorrect key for this algorithm  
[2026-03-30 05:55:38] local.ERROR: JWT verification error: Incorrect key for this algorithm  
[2026-03-30 05:57:04] local.ERROR: JWT verification error: Incorrect key for this algorithm  
[2026-03-30 05:58:20] local.ERROR: JWT verification error: Incorrect key for this algorithm  
[2026-03-30 05:58:31] local.ERROR: JWT verification error: Incorrect key for this algorithm  
[2026-03-30 05:59:32] local.ERROR: JWT verification error: Incorrect key for this algorithm  
[2026-03-30 05:59:45] local.ERROR: JWT verification error: Incorrect key for this algorithm  
[2026-03-30 06:00:22] local.ERROR: JWT verification error: Incorrect key for this algorithm  
[2026-03-30 06:00:47] local.ERROR: JWT verification error: Incorrect key for this algorithm  
[2026-03-30 06:00:52] local.ERROR: JWT verification error: Incorrect key for this algorithm  
[2026-03-30 06:01:37] local.ERROR: JWT verification error: Incorrect key for this algorithm  
[2026-03-30 06:01:56] local.ERROR: JWT verification error: Incorrect key for this algorithm  
[2026-03-30 06:02:17] local.ERROR: JWT verification error: Incorrect key for this algorithm  
[2026-03-30 06:02:32] local.ERROR: JWT verification error: Incorrect key for this algorithm  
[2026-03-30 06:12:45] local.ERROR: JWT verification error: Incorrect key for this algorithm  
[2026-03-30 06:13:38] local.ERROR: JWT verification error: Incorrect key for this algorithm  
[2026-03-30 06:14:06] local.ERROR: JWT verification error: Incorrect key for this algorithm  
[2026-03-30 06:14:17] local.ERROR: JWT verification error: Incorrect key for this algorithm  
[2026-03-30 06:14:54] local.ERROR: JWT verification error: Incorrect key for this algorithm  
[2026-03-30 06:15:58] local.ERROR: JWT verification error: Incorrect key for this algorithm  
[2026-03-30 06:16:41] local.ERROR: JWT verification error: Incorrect key for this algorithm  
[2026-03-30 06:16:59] local.ERROR: JWT verification error: Incorrect key for this algorithm  
[2026-03-30 06:17:32] local.ERROR: JWT verification error: Incorrect key for this algorithm  
[2026-03-30 06:17:53] local.ERROR: JWT verification error: Incorrect key for this algorithm  
[2026-03-30 06:21:47] local.ERROR: JWT verification error: Incorrect key for this algorithm  
[2026-03-30 06:22:36] local.ERROR: JWT verification error: Incorrect key for this algorithm  
[2026-03-30 06:25:06] local.ERROR: JWT verification error: Incorrect key for this algorithm  
[2026-03-30 06:27:22] local.ERROR: JWT verification error: Incorrect key for this algorithm  
[2026-03-30 06:30:06] local.ERROR: JWT verification error: Incorrect key for this algorithm  
[2026-03-30 06:31:43] local.ERROR: JWT verification error: Incorrect key for this algorithm  
[2026-03-30 06:31:58] local.ERROR: JWT verification error: Incorrect key for this algorithm  
[2026-03-30 06:36:45] local.ERROR: JWT verification error: Incorrect key for this algorithm  
[2026-03-30 06:37:06] local.ERROR: JWT verification error: Incorrect key for this algorithm  
[2026-03-30 06:47:13] local.ERROR: SQLSTATE[42P07]: Duplicate table: 7 ERROR:  relation "verified_playground_emails" already exists (Connection: pgsql, SQL: create table "verified_playground_emails" ("id" bigserial not null primary key, "email" varchar(255) not null, "verified_at" timestamp(0) without time zone not null, "created_at" timestamp(0) without time zone null, "updated_at" timestamp(0) without time zone null)) {"exception":"[object] (Illuminate\\Database\\QueryException(code: 42P07): SQLSTATE[42P07]: Duplicate table: 7 ERROR:  relation \"verified_playground_emails\" already exists (Connection: pgsql, SQL: create table \"verified_playground_emails\" (\"id\" bigserial not null primary key, \"email\" varchar(255) not null, \"verified_at\" timestamp(0) without time zone not null, \"created_at\" timestamp(0) without time zone null, \"updated_at\" timestamp(0) without time zone null)) at C:/Git-folders/000form.com/vendor/laravel/framework/src/Illuminate/Database/Connection.php:825)
[stacktrace]
#0 C:/Git-folders/000form.com/vendor/laravel/framework/src/Illuminate/Database/Connection.php(779): Illuminate/Database/Connection->runQueryCallback('create table \"v...', Array, Object(Closure))
#1 C:/Git-folders/000form.com/vendor/laravel/framework/src/Illuminate/Database/Connection.php(560): Illuminate/Database/Connection->run('create table \"v...', Array, Object(Closure))
#2 C:/Git-folders/000form.com/vendor/laravel/framework/src/Illuminate/Database/Schema/Blueprint.php(118): Illuminate/Database/Connection->statement('create table \"v...')
#3 C:/Git-folders/000form.com/vendor/laravel/framework/src/Illuminate/Database/Schema/Builder.php(564): Illuminate/Database/Schema/Blueprint->build(Object(Illuminate/Database/PostgresConnection), Object(Illuminate/Database/Schema/Grammars/PostgresGrammar))
#4 C:/Git-folders/000form.com/vendor/laravel/framework/src/Illuminate/Database/Schema/Builder.php(418): Illuminate/Database/Schema/Builder->build(Object(Illuminate/Database/Schema/Blueprint))
#5 C:/Git-folders/000form.com/vendor/laravel/framework/src/Illuminate/Support/Facades/Facade.php(361): Illuminate/Database/Schema/Builder->create('verified_playgr...', Object(Closure))
#6 C:/Git-folders/000form.com/database/migrations/2026_03_30_064527_create_verified_playground_emails_table.php(14): Illuminate/Support/Facades/Facade::__callStatic('create', Array)
#7 C:/Git-folders/000form.com/vendor/laravel/framework/src/Illuminate/Database/Migrations/Migrator.php(507): Illuminate/Database/Migrations/Migration@anonymous->up()
#8 C:/Git-folders/000form.com/vendor/laravel/framework/src/Illuminate/Database/Migrations/Migrator.php(432): Illuminate/Database/Migrations/Migrator->runMethod(Object(Illuminate/Database/PostgresConnection), Object(Illuminate/Database/Migrations/Migration@anonymous), 'up')
#9 C:/Git-folders/000form.com/vendor/laravel/framework/src/Illuminate/Database/Concerns/ManagesTransactions.php(32): Illuminate/Database/Migrations/Migrator->Illuminate/Database/Migrations/{closure}(Object(Illuminate/Database/PostgresConnection))
#10 C:/Git-folders/000form.com/vendor/laravel/framework/src/Illuminate/Database/Migrations/Migrator.php(440): Illuminate/Database/Connection->transaction(Object(Closure))
#11 C:/Git-folders/000form.com/vendor/laravel/framework/src/Illuminate/Database/Migrations/Migrator.php(244): Illuminate/Database/Migrations/Migrator->runMigration(Object(Illuminate/Database/Migrations/Migration@anonymous), 'up')
#12 C:/Git-folders/000form.com/vendor/laravel/framework/src/Illuminate/Console/View/Components/Task.php(40): Illuminate/Database/Migrations/Migrator->Illuminate/Database/Migrations/{closure}()
#13 C:/Git-folders/000form.com/vendor/laravel/framework/src/Illuminate/Database/Migrations/Migrator.php(798): Illuminate/Console/View/Components/Task->render('2026_03_30_0645...', Object(Closure))
#14 C:/Git-folders/000form.com/vendor/laravel/framework/src/Illuminate/Database/Migrations/Migrator.php(244): Illuminate/Database/Migrations/Migrator->write('Illuminate//Cons...', '2026_03_30_0645...', Object(Closure))
#15 C:/Git-folders/000form.com/vendor/laravel/framework/src/Illuminate/Database/Migrations/Migrator.php(211): Illuminate/Database/Migrations/Migrator->runUp('C://Git-folders//...', 13, false)
#16 C:/Git-folders/000form.com/vendor/laravel/framework/src/Illuminate/Database/Migrations/Migrator.php(138): Illuminate/Database/Migrations/Migrator->runPending(Array, Array)
#17 C:/Git-folders/000form.com/vendor/laravel/framework/src/Illuminate/Database/Console/Migrations/MigrateCommand.php(117): Illuminate/Database/Migrations/Migrator->run(Array, Array)
#18 C:/Git-folders/000form.com/vendor/laravel/framework/src/Illuminate/Database/Migrations/Migrator.php(658): Illuminate/Database/Console/Migrations/MigrateCommand->Illuminate/Database/Console/Migrations/{closure}()
#19 C:/Git-folders/000form.com/vendor/laravel/framework/src/Illuminate/Database/Console/Migrations/MigrateCommand.php(110): Illuminate/Database/Migrations/Migrator->usingConnection(NULL, Object(Closure))
#20 C:/Git-folders/000form.com/vendor/laravel/framework/src/Illuminate/Database/Console/Migrations/MigrateCommand.php(89): Illuminate/Database/Console/Migrations/MigrateCommand->runMigrations()
#21 C:/Git-folders/000form.com/vendor/laravel/framework/src/Illuminate/Container/BoundMethod.php(36): Illuminate/Database/Console/Migrations/MigrateCommand->handle()
#22 C:/Git-folders/000form.com/vendor/laravel/framework/src/Illuminate/Container/Util.php(43): Illuminate/Container/BoundMethod::Illuminate/Container/{closure}()
#23 C:/Git-folders/000form.com/vendor/laravel/framework/src/Illuminate/Container/BoundMethod.php(95): Illuminate/Container/Util::unwrapIfClosure(Object(Closure))
#24 C:/Git-folders/000form.com/vendor/laravel/framework/src/Illuminate/Container/BoundMethod.php(35): Illuminate/Container/BoundMethod::callBoundMethod(Object(Illuminate/Foundation/Application), Array, Object(Closure))
#25 C:/Git-folders/000form.com/vendor/laravel/framework/src/Illuminate/Container/Container.php(696): Illuminate/Container/BoundMethod::call(Object(Illuminate/Foundation/Application), Array, Array, NULL)
#26 C:/Git-folders/000form.com/vendor/laravel/framework/src/Illuminate/Console/Command.php(213): Illuminate/Container/Container->call(Array)
#27 C:/Git-folders/000form.com/vendor/symfony/console/Command/Command.php(341): Illuminate/Console/Command->execute(Object(Symfony/Component/Console/Input/ArgvInput), Object(Illuminate/Console/OutputStyle))
#28 C:/Git-folders/000form.com/vendor/laravel/framework/src/Illuminate/Console/Command.php(182): Symfony/Component/Console/Command/Command->run(Object(Symfony/Component/Console/Input/ArgvInput), Object(Illuminate/Console/OutputStyle))
#29 C:/Git-folders/000form.com/vendor/symfony/console/Application.php(1102): Illuminate/Console/Command->run(Object(Symfony/Component/Console/Input/ArgvInput), Object(Symfony/Component/Console/Output/ConsoleOutput))
#30 C:/Git-folders/000form.com/vendor/symfony/console/Application.php(356): Symfony/Component/Console/Application->doRunCommand(Object(Illuminate/Database/Console/Migrations/MigrateCommand), Object(Symfony/Component/Console/Input/ArgvInput), Object(Symfony/Component/Console/Output/ConsoleOutput))
#31 C:/Git-folders/000form.com/vendor/symfony/console/Application.php(195): Symfony/Component/Console/Application->doRun(Object(Symfony/Component/Console/Input/ArgvInput), Object(Symfony/Component/Console/Output/ConsoleOutput))
#32 C:/Git-folders/000form.com/vendor/laravel/framework/src/Illuminate/Foundation/Console/Kernel.php(198): Symfony/Component/Console/Application->run(Object(Symfony/Component/Console/Input/ArgvInput), Object(Symfony/Component/Console/Output/ConsoleOutput))
#33 C:/Git-folders/000form.com/vendor/laravel/framework/src/Illuminate/Foundation/Application.php(1235): Illuminate/Foundation/Console/Kernel->handle(Object(Symfony/Component/Console/Input/ArgvInput), Object(Symfony/Component/Console/Output/ConsoleOutput))
#34 C:/Git-folders/000form.com/artisan(11): Illuminate/Foundation/Application->handleCommand(Object(Symfony/Component/Console/Input/ArgvInput))
#35 {main}

[previous exception] [object] (PDOException(code: 42P07): SQLSTATE[42P07]: Duplicate table: 7 ERROR:  relation \"verified_playground_emails\" already exists at C:/Git-folders/000form.com/vendor/laravel/framework/src/Illuminate/Database/Connection.php:571)
[stacktrace]
#0 C:/Git-folders/000form.com/vendor/laravel/framework/src/Illuminate/Database/Connection.php(571): PDOStatement->execute()
#1 C:/Git-folders/000form.com/vendor/laravel/framework/src/Illuminate/Database/Connection.php(812): Illuminate/Database/Connection->Illuminate/Database/{closure}('create table \"v...', Array)
#2 C:/Git-folders/000form.com/vendor/laravel/framework/src/Illuminate/Database/Connection.php(779): Illuminate/Database/Connection->runQueryCallback('create table \"v...', Array, Object(Closure))
#3 C:/Git-folders/000form.com/vendor/laravel/framework/src/Illuminate/Database/Connection.php(560): Illuminate/Database/Connection->run('create table \"v...', Array, Object(Closure))
#4 C:/Git-folders/000form.com/vendor/laravel/framework/src/Illuminate/Database/Schema/Blueprint.php(118): Illuminate/Database/Connection->statement('create table \"v...')
#5 C:/Git-folders/000form.com/vendor/laravel/framework/src/Illuminate/Database/Schema/Builder.php(564): Illuminate/Database/Schema/Blueprint->build(Object(Illuminate/Database/PostgresConnection), Object(Illuminate/Database/Schema/Grammars/PostgresGrammar))
#6 C:/Git-folders/000form.com/vendor/laravel/framework/src/Illuminate/Database/Schema/Builder.php(418): Illuminate/Database/Schema/Builder->build(Object(Illuminate/Database/Schema/Blueprint))
#7 C:/Git-folders/000form.com/vendor/laravel/framework/src/Illuminate/Support/Facades/Facade.php(361): Illuminate/Database/Schema/Builder->create('verified_playgr...', Object(Closure))
#8 C:/Git-folders/000form.com/database/migrations/2026_03_30_064527_create_verified_playground_emails_table.php(14): Illuminate/Support/Facades/Facade::__callStatic('create', Array)
#9 C:/Git-folders/000form.com/vendor/laravel/framework/src/Illuminate/Database/Migrations/Migrator.php(507): Illuminate/Database/Migrations/Migration@anonymous->up()
#10 C:/Git-folders/000form.com/vendor/laravel/framework/src/Illuminate/Database/Migrations/Migrator.php(432): Illuminate/Database/Migrations/Migrator->runMethod(Object(Illuminate/Database/PostgresConnection), Object(Illuminate/Database/Migrations/Migration@anonymous), 'up')
#11 C:/Git-folders/000form.com/vendor/laravel/framework/src/Illuminate/Database/Concerns/ManagesTransactions.php(32): Illuminate/Database/Migrations/Migrator->Illuminate/Database/Migrations/{closure}(Object(Illuminate/Database/PostgresConnection))
#12 C:/Git-folders/000form.com/vendor/laravel/framework/src/Illuminate/Database/Migrations/Migrator.php(440): Illuminate/Database/Connection->transaction(Object(Closure))
#13 C:/Git-folders/000form.com/vendor/laravel/framework/src/Illuminate/Database/Migrations/Migrator.php(244): Illuminate/Database/Migrations/Migrator->runMigration(Object(Illuminate/Database/Migrations/Migration@anonymous), 'up')
#14 C:/Git-folders/000form.com/vendor/laravel/framework/src/Illuminate/Console/View/Components/Task.php(40): Illuminate/Database/Migrations/Migrator->Illuminate/Database/Migrations/{closure}()
#15 C:/Git-folders/000form.com/vendor/laravel/framework/src/Illuminate/Database/Migrations/Migrator.php(798): Illuminate/Console/View/Components/Task->render('2026_03_30_0645...', Object(Closure))
#16 C:/Git-folders/000form.com/vendor/laravel/framework/src/Illuminate/Database/Migrations/Migrator.php(244): Illuminate/Database/Migrations/Migrator->write('Illuminate//Cons...', '2026_03_30_0645...', Object(Closure))
#17 C:/Git-folders/000form.com/vendor/laravel/framework/src/Illuminate/Database/Migrations/Migrator.php(211): Illuminate/Database/Migrations/Migrator->runUp('C://Git-folders//...', 13, false)
#18 C:/Git-folders/000form.com/vendor/laravel/framework/src/Illuminate/Database/Migrations/Migrator.php(138): Illuminate/Database/Migrations/Migrator->runPending(Array, Array)
#19 C:/Git-folders/000form.com/vendor/laravel/framework/src/Illuminate/Database/Console/Migrations/MigrateCommand.php(117): Illuminate/Database/Migrations/Migrator->run(Array, Array)
#20 C:/Git-folders/000form.com/vendor/laravel/framework/src/Illuminate/Database/Migrations/Migrator.php(658): Illuminate/Database/Console/Migrations/MigrateCommand->Illuminate/Database/Console/Migrations/{closure}()
#21 C:/Git-folders/000form.com/vendor/laravel/framework/src/Illuminate/Database/Console/Migrations/MigrateCommand.php(110): Illuminate/Database/Migrations/Migrator->usingConnection(NULL, Object(Closure))
#22 C:/Git-folders/000form.com/vendor/laravel/framework/src/Illuminate/Database/Console/Migrations/MigrateCommand.php(89): Illuminate/Database/Console/Migrations/MigrateCommand->runMigrations()
#23 C:/Git-folders/000form.com/vendor/laravel/framework/src/Illuminate/Container/BoundMethod.php(36): Illuminate/Database/Console/Migrations/MigrateCommand->handle()
#24 C:/Git-folders/000form.com/vendor/laravel/framework/src/Illuminate/Container/Util.php(43): Illuminate/Container/BoundMethod::Illuminate/Container/{closure}()
#25 C:/Git-folders/000form.com/vendor/laravel/framework/src/Illuminate/Container/BoundMethod.php(95): Illuminate/Container/Util::unwrapIfClosure(Object(Closure))
#26 C:/Git-folders/000form.com/vendor/laravel/framework/src/Illuminate/Container/BoundMethod.php(35): Illuminate/Container/BoundMethod::callBoundMethod(Object(Illuminate/Foundation/Application), Array, Object(Closure))
#27 C:/Git-folders/000form.com/vendor/laravel/framework/src/Illuminate/Container/Container.php(696): Illuminate/Container/BoundMethod::call(Object(Illuminate/Foundation/Application), Array, Array, NULL)
#28 C:/Git-folders/000form.com/vendor/laravel/framework/src/Illuminate/Console/Command.php(213): Illuminate/Container/Container->call(Array)
#29 C:/Git-folders/000form.com/vendor/symfony/console/Command/Command.php(341): Illuminate/Console/Command->execute(Object(Symfony/Component/Console/Input/ArgvInput), Object(Illuminate/Console/OutputStyle))
#30 C:/Git-folders/000form.com/vendor/laravel/framework/src/Illuminate/Console/Command.php(182): Symfony/Component/Console/Command/Command->run(Object(Symfony/Component/Console/Input/ArgvInput), Object(Illuminate/Console/OutputStyle))
#31 C:/Git-folders/000form.com/vendor/symfony/console/Application.php(1102): Illuminate/Console/Command->run(Object(Symfony/Component/Console/Input/ArgvInput), Object(Symfony/Component/Console/Output/ConsoleOutput))
#32 C:/Git-folders/000form.com/vendor/symfony/console/Application.php(356): Symfony/Component/Console/Application->doRunCommand(Object(Illuminate/Database/Console/Migrations/MigrateCommand), Object(Symfony/Component/Console/Input/ArgvInput), Object(Symfony/Component/Console/Output/ConsoleOutput))
#33 C:/Git-folders/000form.com/vendor/symfony/console/Application.php(195): Symfony/Component/Console/Application->doRun(Object(Symfony/Component/Console/Input/ArgvInput), Object(Symfony/Component/Console/Output/ConsoleOutput))
#34 C:/Git-folders/000form.com/vendor/laravel/framework/src/Illuminate/Foundation/Console/Kernel.php(198): Symfony/Component/Console/Application->run(Object(Symfony/Component/Console/Input/ArgvInput), Object(Symfony/Component/Console/Output/ConsoleOutput))
#35 C:/Git-folders/000form.com/vendor/laravel/framework/src/Illuminate/Foundation/Application.php(1235): Illuminate/Foundation/Console/Kernel->handle(Object(Symfony/Component/Console/Input/ArgvInput), Object(Symfony/Component/Console/Output/ConsoleOutput))
#36 C:/Git-folders/000form.com/artisan(11): Illuminate/Foundation/Application->handleCommand(Object(Symfony/Component/Console/Input/ArgvInput))
#37 {main}
"} 
