[2026-04-02 06:22:55] production.ERROR: JWT verification error: Incorrect key for this algorithm  
[2026-04-02 06:23:16] production.ERROR: JWT verification error: Incorrect key for this algorithm  
[2026-04-02 06:23:24] production.ERROR: JWT verification error: Incorrect key for this algorithm  
[2026-04-02 06:23:26] production.INFO: Cancellation email sent to user: sakshi-17-server@yopmail.com (type=subscription)  
[2026-04-02 06:23:26] production.INFO: Cancellation admin notification sent to: sakshi.saklani@drishinfo.com (type=subscription)  
[2026-04-02 06:23:28] production.ERROR: JWT verification error: Incorrect key for this algorithm  
[2026-04-02 06:24:03] production.ERROR: JWT verification error: Incorrect key for this algorithm  
[2026-04-02 06:24:05] production.ERROR: Failed to send resume email to user sakshi-17-server@yopmail.com: Class "App\Mail\SubscriptionResumed" not found  
[2026-04-02 06:24:05] production.ERROR: Failed to send admin resume email: Class "App\Mail\SubscriptionResumed" not found  
[2026-04-02 06:24:07] production.ERROR: JWT verification error: Incorrect key for this algorithm  
[2026-04-02 06:25:54] production.ERROR: JWT verification error: Incorrect key for this algorithm  
[2026-04-02 06:25:56] production.INFO: Cancellation email sent to user: sakshi-17-server@yopmail.com (type=subscription)  
[2026-04-02 06:25:56] production.INFO: Cancellation admin notification sent to: sakshi.saklani@drishinfo.com (type=subscription)  
[2026-04-02 06:25:58] production.ERROR: JWT verification error: Incorrect key for this algorithm  
[2026-04-02 06:26:25] production.ERROR: JWT verification error: Incorrect key for this algorithm  
[2026-04-02 06:26:27] production.INFO: Resume confirmation email sent to user: sakshi-17-server@yopmail.com  
[2026-04-02 06:26:27] production.INFO: Resume admin notification sent to: sakshi.saklani@drishinfo.com  
[2026-04-02 06:26:29] production.ERROR: JWT verification error: Incorrect key for this algorithm  
[2026-04-02 06:52:47] production.INFO: Supabase signup success {"result":{"success":true,"data":{"id":"4c96f31a-7fba-41f9-8436-e5e511fc40a7","aud":"authenticated","role":"authenticated","email":"sakshi-000form-test@yopmail.com","phone":"","confirmation_sent_at":"2026-04-02T06:52:45.563972853Z","app_metadata":{"provider":"email","providers":["email"]},"user_metadata":{"email":"sakshi-000form-test@yopmail.com","email_verified":false,"phone_verified":false,"sub":"4c96f31a-7fba-41f9-8436-e5e511fc40a7"},"identities":[{"identity_id":"5695f35b-3487-40aa-bb49-dba49b816e32","id":"4c96f31a-7fba-41f9-8436-e5e511fc40a7","user_id":"4c96f31a-7fba-41f9-8436-e5e511fc40a7","identity_data":{"email":"sakshi-000form-test@yopmail.com","email_verified":false,"phone_verified":false,"sub":"4c96f31a-7fba-41f9-8436-e5e511fc40a7"},"provider":"email","last_sign_in_at":"2026-04-02T06:52:45.547773121Z","created_at":"2026-04-02T06:52:45.548195Z","updated_at":"2026-04-02T06:52:45.548195Z","email":"sakshi-000form-test@yopmail.com"}],"created_at":"2026-04-02T06:52:45.525387Z","updated_at":"2026-04-02T06:52:46.969258Z","is_anonymous":false}}} 
[2026-04-02 06:52:47] production.INFO: Admin email sent {"emails":["sakshi.saklani@drishinfo.com","tsaklani2drish@gmail.com"]} 
[2026-04-02 06:53:03] production.ERROR: Supabase signin error: Client error: `POST https://qrrspyukvdgblhresmsv.supabase.co/auth/v1/token?grant_type=password` resulted in a `400 Bad Request` response:
{"code":400,"error_code":"email_not_confirmed","msg":"Email not confirmed"}
  
[2026-04-02 06:53:19] production.ERROR: JWT verification error: Incorrect key for this algorithm  
[2026-04-02 06:53:28] production.ERROR: JWT verification error: Incorrect key for this algorithm  
[2026-04-02 06:53:30] production.ERROR: JWT verification error: Incorrect key for this algorithm  
[2026-04-02 06:53:36] production.ERROR: JWT verification error: Incorrect key for this algorithm  
[2026-04-02 06:53:54] production.ERROR: JWT verification error: Incorrect key for this algorithm  
[2026-04-02 06:53:54] production.ERROR: JWT verification error: Incorrect key for this algorithm  
[2026-04-02 06:53:56] production.ERROR: JWT verification error: Incorrect key for this algorithm  
[2026-04-02 06:53:57] production.INFO: Paddle API: transaction txn_01kn6fg6sx89nxay8mja0npff8 status=completed  
[2026-04-02 06:53:58] production.INFO: Invoice PDF fetched for txn_01kn6fg6sx89nxay8mja0npff8: yes  
[2026-04-02 06:54:01] production.INFO: Payment success email sent to user: sakshi-000form-test@yopmail.com  
[2026-04-02 06:54:01] production.INFO: Payment admin notification sent to: sakshi.saklani@drishinfo.com, kc@essenn.associates  
[2026-04-02 06:54:01] production.INFO: Built subscription from Paddle API for user 4c96f31a-7fba-41f9-8436-e5e511fc40a7 {"plan":"personal","sub_id":"sub_01kn6fghqhyrfcx2yd0n2zq3zd","txn_id":"txn_01kn6fg6sx89nxay8mja0npff8","currency":"INR","invoice_pdf":"yes"} 
[2026-04-02 06:54:11] production.ERROR: JWT verification error: Incorrect key for this algorithm  
[2026-04-02 06:54:29] production.ERROR: JWT verification error: Incorrect key for this algorithm  
[2026-04-02 06:54:31] production.INFO: Cancellation email sent to user: sakshi-000form-test@yopmail.com (type=subscription)  
[2026-04-02 06:54:31] production.INFO: Cancellation admin notification sent to: sakshi.saklani@drishinfo.com, kc@essenn.associates (type=subscription)  
[2026-04-02 06:54:32] production.ERROR: JWT verification error: Incorrect key for this algorithm  
[2026-04-02 06:55:03] production.ERROR: JWT verification error: Incorrect key for this algorithm  
[2026-04-02 06:55:05] production.INFO: Resume confirmation email sent to user: sakshi-000form-test@yopmail.com  
[2026-04-02 06:55:05] production.INFO: Resume admin notification sent to: sakshi.saklani@drishinfo.com, kc@essenn.associates  
[2026-04-02 06:55:07] production.ERROR: JWT verification error: Incorrect key for this algorithm  
[2026-04-02 06:55:36] production.ERROR: JWT verification error: Incorrect key for this algorithm  
[2026-04-02 06:55:40] production.INFO: Paddle immediate upgrade response transaction ID: null  
[2026-04-02 06:55:40] production.INFO: Plan swapped via Paddle: personal/monthly → professional/monthly (when=immediately) for user 4c96f31a-7fba-41f9-8436-e5e511fc40a7  
[2026-04-02 06:55:40] production.INFO: Dispatching SendUpgradeInvoiceEmail job for user 4c96f31a-7fba-41f9-8436-e5e511fc40a7 {"old_plan":"personal","new_plan":"professional","txn_id":"null — job will search","sub_id":"sub_01kn6fghqhyrfcx2yd0n2zq3zd","admin_count":2} 
[2026-04-02 06:55:41] production.INFO: SendUpgradeInvoiceEmail: attempt 1 for user 4c96f31a-7fba-41f9-8436-e5e511fc40a7 {"sub_id":"sub_01kn6fghqhyrfcx2yd0n2zq3zd","txn_id":"null — will search"} 
[2026-04-02 06:55:41] production.INFO: SendUpgradeInvoiceEmail: matched transaction txn_01kn6fkras9gvfxrvqa4mg4c56 via subscription search.  
[2026-04-02 06:55:41] production.WARNING: SendUpgradeInvoiceEmail: invoice PDF fetch failed for txn txn_01kn6fkras9gvfxrvqa4mg4c56: {"error":{"type":"request_error","code":"not_found","detail":"invoice txn_01kn6fkras9gvfxrvqa4mg4c56 not found.","documentation_url":"https://developer.paddle.com/v1/errors/shared/not_found"},"meta":{"request_id":"daffe3c2-e547-4e39-9570-4eefcd7fd446"}}  
[2026-04-02 06:55:42] production.WARNING: SendUpgradeInvoiceEmail: could not persist invoice record: SQLSTATE[23502]: Not null violation: 7 ERROR:  null value in column "subscription_id" of relation "subscription_invoices" violates not-null constraint
DETAIL:  Failing row contains (5, 4c96f31a-7fba-41f9-8436-e5e511fc40a7, null, txn_01kn6fkras9gvfxrvqa4mg4c56, null, INR, paid, 2026-04-02 06:55:41, null, 2026-04-02 06:55:42, 2026-04-02 06:55:42). (Connection: pgsql, SQL: insert into "subscription_invoices" ("paddle_transaction_id", "user_id", "currency", "status", "invoice_url", "paid_at", "updated_at", "created_at") values (txn_01kn6fkras9gvfxrvqa4mg4c56, 4c96f31a-7fba-41f9-8436-e5e511fc40a7, INR, paid, ?, 2026-04-02 06:55:41, 2026-04-02 06:55:42, 2026-04-02 06:55:42) returning "id")  
[2026-04-02 06:55:42] production.INFO: SendUpgradeInvoiceEmail: user email sent to sakshi-000form-test@yopmail.com (txn=txn_01kn6fkras9gvfxrvqa4mg4c56)  
[2026-04-02 06:55:42] production.INFO: SendUpgradeInvoiceEmail: admin email sent to sakshi.saklani@drishinfo.com, kc@essenn.associates  
[2026-04-02 06:55:44] production.ERROR: JWT verification error: Incorrect key for this algorithm  
[2026-04-02 06:55:58] production.INFO: Supabase signup success {"result":{"success":true,"data":{"id":"d8de4574-7728-44da-928d-f1c76572b149","aud":"authenticated","role":"authenticated","email":"p.a.t.o.h.a.f.i27.1@gmail.com","phone":"","confirmation_sent_at":"2026-04-02T06:55:57.504909859Z","app_metadata":{"provider":"email","providers":["email"]},"user_metadata":{"email":"p.a.t.o.h.a.f.i27.1@gmail.com","email_verified":false,"phone_verified":false,"sub":"d8de4574-7728-44da-928d-f1c76572b149"},"identities":[{"identity_id":"07434857-af53-4858-83d1-a498c3ea1242","id":"d8de4574-7728-44da-928d-f1c76572b149","user_id":"d8de4574-7728-44da-928d-f1c76572b149","identity_data":{"email":"p.a.t.o.h.a.f.i27.1@gmail.com","email_verified":false,"phone_verified":false,"sub":"d8de4574-7728-44da-928d-f1c76572b149"},"provider":"email","last_sign_in_at":"2026-04-02T06:55:57.495564349Z","created_at":"2026-04-02T06:55:57.495609Z","updated_at":"2026-04-02T06:55:57.495609Z","email":"p.a.t.o.h.a.f.i27.1@gmail.com"}],"created_at":"2026-04-02T06:55:57.482685Z","updated_at":"2026-04-02T06:55:58.763578Z","is_anonymous":false}}} 
[2026-04-02 06:55:59] production.INFO: Admin email sent {"emails":["sakshi.saklani@drishinfo.com","tsaklani2drish@gmail.com"]} 
[2026-04-02 06:56:15] production.ERROR: JWT verification error: Incorrect key for this algorithm  
[2026-04-02 06:56:17] production.INFO: Plan swapped via Paddle: professional/monthly → business/monthly (when=next_billing_period) for user 4c96f31a-7fba-41f9-8436-e5e511fc40a7  
[2026-04-02 06:56:18] production.INFO: Plan upgrade email sent to user: sakshi-000form-test@yopmail.com  
[2026-04-02 06:56:18] production.INFO: Plan upgrade admin notification sent to: sakshi.saklani@drishinfo.com, kc@essenn.associates  
[2026-04-02 06:56:19] production.ERROR: JWT verification error: Incorrect key for this algorithm  
[2026-04-02 06:56:22] production.ERROR: Supabase signin error: Client error: `POST https://qrrspyukvdgblhresmsv.supabase.co/auth/v1/token?grant_type=password` resulted in a `400 Bad Request` response:
{"code":400,"error_code":"invalid_credentials","msg":"Invalid login credentials"}
  
[2026-04-02 06:56:42] production.ERROR: Supabase password reset error: Client error: `POST https://qrrspyukvdgblhresmsv.supabase.co/auth/v1/recover` resulted in a `429 Too Many Requests` response:
{"code":429,"error_code":"over_email_send_rate_limit","msg":"email rate limit exceeded"}
  
[2026-04-02 06:56:54] production.ERROR: JWT verification error: Incorrect key for this algorithm  
[2026-04-02 06:56:56] production.INFO: Cancellation email sent to user: sakshi-000form-test@yopmail.com (type=scheduled_change)  
[2026-04-02 06:56:56] production.INFO: Cancellation admin notification sent to: sakshi.saklani@drishinfo.com, kc@essenn.associates (type=scheduled_change)  
[2026-04-02 06:56:58] production.ERROR: JWT verification error: Incorrect key for this algorithm  
[2026-04-02 08:24:23] production.ERROR: JWT verification error: Incorrect key for this algorithm  
[2026-04-02 08:24:26] production.ERROR: JWT verification error: Incorrect key for this algorithm  
[2026-04-02 08:24:28] production.ERROR: JWT verification error: Incorrect key for this algorithm  
[2026-04-02 08:24:35] production.ERROR: JWT verification error: Incorrect key for this algorithm  
[2026-04-02 08:24:37] production.ERROR: JWT verification error: Incorrect key for this algorithm  
[2026-04-02 08:25:44] production.ERROR: JWT verification error: Incorrect key for this algorithm  
[2026-04-02 08:25:46] production.ERROR: JWT verification error: Incorrect key for this algorithm  
[2026-04-02 08:26:13] production.ERROR: JWT verification error: Incorrect key for this algorithm  
[2026-04-02 08:26:26] production.ERROR: JWT verification error: Incorrect key for this algorithm  
[2026-04-02 08:26:30] production.ERROR: JWT verification error: Incorrect key for this algorithm  
[2026-04-02 08:56:57] production.ERROR: JWT verification error: Incorrect key for this algorithm  
[2026-04-02 08:57:04] production.ERROR: JWT verification error: Incorrect key for this algorithm  
[2026-04-02 08:57:07] production.ERROR: JWT verification error: Incorrect key for this algorithm  
[2026-04-02 08:57:07] production.ERROR: Supabase refresh token error: Client error: `POST https://qrrspyukvdgblhresmsv.supabase.co/auth/v1/token?grant_type=refresh_token` resulted in a `400 Bad Request` response:
{"code":400,"error_code":"refresh_token_not_found","msg":"Invalid Refresh Token: Refresh Token Not Found"}
  
[2026-04-02 08:57:24] production.ERROR: Supabase signin error: Client error: `POST https://qrrspyukvdgblhresmsv.supabase.co/auth/v1/token?grant_type=password` resulted in a `400 Bad Request` response:
{"code":400,"error_code":"invalid_credentials","msg":"Invalid login credentials"}
  
[2026-04-02 08:57:57] production.INFO: Reset token received: YES - eyJhbGciOiJFUzI1NiIs...  
[2026-04-02 08:57:57] production.INFO: Session after save: SET  
[2026-04-02 08:59:05] production.ERROR: JWT verification error: Incorrect key for this algorithm  
[2026-04-02 08:59:20] production.ERROR: JWT verification error: Incorrect key for this algorithm  
[2026-04-02 08:59:27] production.ERROR: JWT verification error: Incorrect key for this algorithm  
[2026-04-02 08:59:30] production.ERROR: JWT verification error: Incorrect key for this algorithm  
[2026-04-02 09:00:12] production.ERROR: JWT verification error: Incorrect key for this algorithm  
[2026-04-02 09:01:21] production.INFO: === FORM SUBMISSION STARTED === {"slug":"f_lsjvmdqe","method":"POST"} 
[2026-04-02 09:01:21] production.INFO: Request data: {"name":"sakshi saklani","email":"tsaklani2drish@gmail.com","message":"testing Http referer in Basic template form submission","honeypot_Qrtw1vbb":null,"_captcha":"false"} 
[2026-04-02 09:01:21] production.INFO: Has files: {"files":0} 
[2026-04-02 09:01:22] production.INFO: Form found {"form_id":"a16c7f11-cd6f-4769-b1e5-c8c38ba08d7b","form_name":"First form - 30 March"} 
[2026-04-02 09:01:23] production.INFO: Resolved referrer {"referrer":"https://kenisha-unglib-eventually.ngrok-free.dev/"} 
[2026-04-02 09:01:23] production.INFO: Clean submission data {"name":"sakshi saklani","email":"tsaklani2drish@gmail.com","message":"testing Http referer in Basic template form submission","honeypot_Qrtw1vbb":null} 
[2026-04-02 09:01:23] production.INFO: FILE UPLOAD CHECK {"all_files":[]} 
[2026-04-02 09:01:23] production.INFO: VALID SUBMISSION {"form_id":"a16c7f11-cd6f-4769-b1e5-c8c38ba08d7b","ip":"112.196.28.2","is_spam":false,"reasons":[]} 
[2026-04-02 09:01:23] production.INFO: Spam detection result {"is_spam":false,"reason":null} 
[2026-04-02 09:01:23] production.INFO: Submission stored {"id":"a1723e95-8999-4151-a9d3-ec520157bfc0","referrer":"https://kenisha-unglib-eventually.ngrok-free.dev/"} 
[2026-04-02 09:01:24] production.INFO: === SENDING NOTIFICATION EMAIL === {"to":"sakshi.saklani@drishinfo.com","submission_id":"a1723e95-8999-4151-a9d3-ec520157bfc0","has_files":false,"file_count":0,"file_paths":[],"referrer":"https://kenisha-unglib-eventually.ngrok-free.dev/"} 
[2026-04-02 09:01:24] production.INFO: Final CC emails {"final_list":[]} 
[2026-04-02 09:01:24] production.INFO: Verified attachment paths {"verified_count":0,"paths":[]} 
[2026-04-02 09:01:24] production.INFO: Email template selected: basic  
[2026-04-02 09:01:24] production.INFO: Attachments to process: 0  
[2026-04-02 09:01:24] production.INFO: Mail object created  
[2026-04-02 09:01:24] production.INFO: Sending email without CC {"to":"sakshi.saklani@drishinfo.com"} 
[2026-04-02 09:01:24] production.INFO: Total attachments added: 0  
[2026-04-02 09:01:24] production.INFO: Mail send method called successfully  
[2026-04-02 09:01:24] production.INFO: Submission updated with email_sent flag  
[2026-04-02 09:01:24] production.INFO: Email sent successfully to: sakshi.saklani@drishinfo.com  
[2026-04-02 09:01:24] production.INFO: Success response {"wants_json":true,"format":null,"redirect_url":null} 
[2026-04-02 09:03:10] production.INFO: === FORM SUBMISSION STARTED === {"slug":"f_lsjvmdqe","method":"POST"} 
[2026-04-02 09:03:10] production.INFO: Request data: {"name":"sakshi saklani","email":"tsaklani2drish@gmail.com","message":"Testing the Http referer for the box template","honeypot_Qrtw1vbb":null,"_template":"box","_captcha":"false"} 
[2026-04-02 09:03:10] production.INFO: Has files: {"files":0} 
[2026-04-02 09:03:11] production.INFO: Form found {"form_id":"a16c7f11-cd6f-4769-b1e5-c8c38ba08d7b","form_name":"First form - 30 March"} 
[2026-04-02 09:03:12] production.INFO: Resolved referrer {"referrer":"https://kenisha-unglib-eventually.ngrok-free.dev/"} 
[2026-04-02 09:03:12] production.INFO: Clean submission data {"name":"sakshi saklani","email":"tsaklani2drish@gmail.com","message":"Testing the Http referer for the box template","honeypot_Qrtw1vbb":null,"_template":"box"} 
[2026-04-02 09:03:12] production.INFO: FILE UPLOAD CHECK {"all_files":[]} 
[2026-04-02 09:03:12] production.INFO: VALID SUBMISSION {"form_id":"a16c7f11-cd6f-4769-b1e5-c8c38ba08d7b","ip":"112.196.28.2","is_spam":false,"reasons":[]} 
[2026-04-02 09:03:12] production.INFO: Spam detection result {"is_spam":false,"reason":null} 
[2026-04-02 09:03:12] production.INFO: Submission stored {"id":"a1723f3c-19e3-4067-b3ac-b80201d9deef","referrer":"https://kenisha-unglib-eventually.ngrok-free.dev/"} 
[2026-04-02 09:03:13] production.INFO: === SENDING NOTIFICATION EMAIL === {"to":"sakshi.saklani@drishinfo.com","submission_id":"a1723f3c-19e3-4067-b3ac-b80201d9deef","has_files":false,"file_count":0,"file_paths":[],"referrer":"https://kenisha-unglib-eventually.ngrok-free.dev/"} 
[2026-04-02 09:03:13] production.INFO: Final CC emails {"final_list":[]} 
[2026-04-02 09:03:13] production.INFO: Verified attachment paths {"verified_count":0,"paths":[]} 
[2026-04-02 09:03:13] production.INFO: Email template selected: box  
[2026-04-02 09:03:13] production.INFO: Attachments to process: 0  
[2026-04-02 09:03:13] production.INFO: Mail object created  
[2026-04-02 09:03:13] production.INFO: Sending email without CC {"to":"sakshi.saklani@drishinfo.com"} 
[2026-04-02 09:03:13] production.INFO: Total attachments added: 0  
[2026-04-02 09:03:13] production.INFO: Mail send method called successfully  
[2026-04-02 09:03:14] production.INFO: Submission updated with email_sent flag  
[2026-04-02 09:03:14] production.INFO: Email sent successfully to: sakshi.saklani@drishinfo.com  
[2026-04-02 09:03:14] production.INFO: Success response {"wants_json":true,"format":null,"redirect_url":null} 
[2026-04-02 09:04:10] production.INFO: === FORM SUBMISSION STARTED === {"slug":"f_lsjvmdqe","method":"POST"} 
[2026-04-02 09:04:10] production.INFO: Request data: {"name":"Tanuja Saklani","email":"tsaklani2drish@gmail.com","message":"Testing the Http referer for the table template.","honeypot_Qrtw1vbb":null,"_template":"table","_captcha":"false"} 
[2026-04-02 09:04:10] production.INFO: Has files: {"files":0} 
[2026-04-02 09:04:12] production.INFO: Form found {"form_id":"a16c7f11-cd6f-4769-b1e5-c8c38ba08d7b","form_name":"First form - 30 March"} 
[2026-04-02 09:04:12] production.INFO: Resolved referrer {"referrer":"https://kenisha-unglib-eventually.ngrok-free.dev/"} 
[2026-04-02 09:04:12] production.INFO: Clean submission data {"name":"Tanuja Saklani","email":"tsaklani2drish@gmail.com","message":"Testing the Http referer for the table template.","honeypot_Qrtw1vbb":null,"_template":"table"} 
[2026-04-02 09:04:12] production.INFO: FILE UPLOAD CHECK {"all_files":[]} 
[2026-04-02 09:04:12] production.INFO: VALID SUBMISSION {"form_id":"a16c7f11-cd6f-4769-b1e5-c8c38ba08d7b","ip":"112.196.28.2","is_spam":false,"reasons":[]} 
[2026-04-02 09:04:12] production.INFO: Spam detection result {"is_spam":false,"reason":null} 
[2026-04-02 09:04:13] production.INFO: Submission stored {"id":"a1723f98-1061-4af9-b2cd-81074e5cd0b4","referrer":"https://kenisha-unglib-eventually.ngrok-free.dev/"} 
[2026-04-02 09:04:13] production.INFO: === SENDING NOTIFICATION EMAIL === {"to":"sakshi.saklani@drishinfo.com","submission_id":"a1723f98-1061-4af9-b2cd-81074e5cd0b4","has_files":false,"file_count":0,"file_paths":[],"referrer":"https://kenisha-unglib-eventually.ngrok-free.dev/"} 
[2026-04-02 09:04:13] production.INFO: Final CC emails {"final_list":[]} 
[2026-04-02 09:04:13] production.INFO: Verified attachment paths {"verified_count":0,"paths":[]} 
[2026-04-02 09:04:13] production.INFO: Email template selected: table  
[2026-04-02 09:04:13] production.INFO: Attachments to process: 0  
[2026-04-02 09:04:13] production.INFO: Mail object created  
[2026-04-02 09:04:13] production.INFO: Sending email without CC {"to":"sakshi.saklani@drishinfo.com"} 
[2026-04-02 09:04:13] production.INFO: Total attachments added: 0  
[2026-04-02 09:04:13] production.INFO: Mail send method called successfully  
[2026-04-02 09:04:14] production.INFO: Submission updated with email_sent flag  
[2026-04-02 09:04:14] production.INFO: Email sent successfully to: sakshi.saklani@drishinfo.com  
[2026-04-02 09:04:14] production.INFO: Success response {"wants_json":true,"format":null,"redirect_url":null} 
[2026-04-02 09:07:17] production.INFO: === FORM SUBMISSION STARTED === {"slug":"f_lsjvmdqe","method":"POST"} 
[2026-04-02 09:07:17] production.INFO: Request data: {"name":"sakshi saklani","email":"tsaklani2drish@gmail.com","message":"Testing HTTP_REFERER in main server - Basic Template.","honeypot_Qrtw1vbb":null,"_captcha":"false"} 
[2026-04-02 09:07:17] production.INFO: Has files: {"files":0} 
[2026-04-02 09:07:18] production.INFO: Form found {"form_id":"a16c7f11-cd6f-4769-b1e5-c8c38ba08d7b","form_name":"First form - 30 March"} 
[2026-04-02 09:07:19] production.INFO: Resolved referrer {"referrer":"https://kenisha-unglib-eventually.ngrok-free.dev/"} 
[2026-04-02 09:07:19] production.INFO: Clean submission data {"name":"sakshi saklani","email":"tsaklani2drish@gmail.com","message":"Testing HTTP_REFERER in main server - Basic Template.","honeypot_Qrtw1vbb":null} 
[2026-04-02 09:07:19] production.INFO: FILE UPLOAD CHECK {"all_files":[]} 
[2026-04-02 09:07:19] production.INFO: VALID SUBMISSION {"form_id":"a16c7f11-cd6f-4769-b1e5-c8c38ba08d7b","ip":"112.196.28.2","is_spam":false,"reasons":[]} 
[2026-04-02 09:07:19] production.INFO: Spam detection result {"is_spam":false,"reason":null} 
[2026-04-02 09:07:19] production.INFO: Submission stored {"id":"a17240b4-87b7-4d1f-babf-f0b9dd7c38f6","referrer":"https://kenisha-unglib-eventually.ngrok-free.dev/"} 
[2026-04-02 09:07:20] production.INFO: === SENDING NOTIFICATION EMAIL === {"to":"sakshi.saklani@drishinfo.com","submission_id":"a17240b4-87b7-4d1f-babf-f0b9dd7c38f6","has_files":false,"file_count":0,"file_paths":[],"referrer":"https://kenisha-unglib-eventually.ngrok-free.dev/"} 
[2026-04-02 09:07:20] production.INFO: Final CC emails {"final_list":[]} 
[2026-04-02 09:07:20] production.INFO: Verified attachment paths {"verified_count":0,"paths":[]} 
[2026-04-02 09:07:20] production.INFO: Email template selected: basic  
[2026-04-02 09:07:20] production.INFO: Attachments to process: 0  
[2026-04-02 09:07:20] production.INFO: Mail object created  
[2026-04-02 09:07:20] production.INFO: Sending email without CC {"to":"sakshi.saklani@drishinfo.com"} 
[2026-04-02 09:07:20] production.INFO: Total attachments added: 0  
[2026-04-02 09:07:20] production.INFO: Mail send method called successfully  
[2026-04-02 09:07:20] production.INFO: Submission updated with email_sent flag  
[2026-04-02 09:07:20] production.INFO: Email sent successfully to: sakshi.saklani@drishinfo.com  
[2026-04-02 09:07:20] production.INFO: Success response {"wants_json":true,"format":null,"redirect_url":null} 
[2026-04-02 09:08:33] production.INFO: === FORM SUBMISSION STARTED === {"slug":"f_lsjvmdqe","method":"POST"} 
[2026-04-02 09:08:33] production.INFO: Request data: {"name":"sakshi saklani","email":"tsaklani2drish@gmail.com","message":"Testing HTTP_REFERER in main server - Box Template.","_template":"box","honeypot_Qrtw1vbb":null,"_captcha":"false"} 
[2026-04-02 09:08:33] production.INFO: Has files: {"files":0} 
[2026-04-02 09:08:34] production.INFO: Form found {"form_id":"a16c7f11-cd6f-4769-b1e5-c8c38ba08d7b","form_name":"First form - 30 March"} 
[2026-04-02 09:08:35] production.INFO: Resolved referrer {"referrer":"https://kenisha-unglib-eventually.ngrok-free.dev/"} 
[2026-04-02 09:08:35] production.INFO: Clean submission data {"name":"sakshi saklani","email":"tsaklani2drish@gmail.com","message":"Testing HTTP_REFERER in main server - Box Template.","_template":"box","honeypot_Qrtw1vbb":null} 
[2026-04-02 09:08:35] production.INFO: FILE UPLOAD CHECK {"all_files":[]} 
[2026-04-02 09:08:35] production.INFO: VALID SUBMISSION {"form_id":"a16c7f11-cd6f-4769-b1e5-c8c38ba08d7b","ip":"112.196.28.2","is_spam":false,"reasons":[]} 
[2026-04-02 09:08:35] production.INFO: Spam detection result {"is_spam":false,"reason":null} 
[2026-04-02 09:08:35] production.INFO: Submission stored {"id":"a1724128-cf36-4f06-830b-d3e4a9f958d5","referrer":"https://kenisha-unglib-eventually.ngrok-free.dev/"} 
[2026-04-02 09:08:36] production.INFO: === SENDING NOTIFICATION EMAIL === {"to":"sakshi.saklani@drishinfo.com","submission_id":"a1724128-cf36-4f06-830b-d3e4a9f958d5","has_files":false,"file_count":0,"file_paths":[],"referrer":"https://kenisha-unglib-eventually.ngrok-free.dev/"} 
[2026-04-02 09:08:36] production.INFO: Final CC emails {"final_list":[]} 
[2026-04-02 09:08:36] production.INFO: Verified attachment paths {"verified_count":0,"paths":[]} 
[2026-04-02 09:08:36] production.INFO: Email template selected: box  
[2026-04-02 09:08:36] production.INFO: Attachments to process: 0  
[2026-04-02 09:08:36] production.INFO: Mail object created  
[2026-04-02 09:08:36] production.INFO: Sending email without CC {"to":"sakshi.saklani@drishinfo.com"} 
[2026-04-02 09:08:36] production.INFO: Total attachments added: 0  
[2026-04-02 09:08:36] production.INFO: Mail send method called successfully  
[2026-04-02 09:08:36] production.INFO: Submission updated with email_sent flag  
[2026-04-02 09:08:36] production.INFO: Email sent successfully to: sakshi.saklani@drishinfo.com  
[2026-04-02 09:08:36] production.INFO: Success response {"wants_json":true,"format":null,"redirect_url":null} 
[2026-04-02 09:09:22] production.INFO: === FORM SUBMISSION STARTED === {"slug":"f_lsjvmdqe","method":"POST"} 
[2026-04-02 09:09:22] production.INFO: Request data: {"name":"sakshi saklani","email":"tsaklani2drish@gmail.com","message":"Testing HTTP_REFERER in main server - Table Template.","_template":"table","honeypot_Qrtw1vbb":null,"_captcha":"false"} 
[2026-04-02 09:09:22] production.INFO: Has files: {"files":0} 
[2026-04-02 09:09:23] production.INFO: Form found {"form_id":"a16c7f11-cd6f-4769-b1e5-c8c38ba08d7b","form_name":"First form - 30 March"} 
[2026-04-02 09:09:24] production.INFO: Resolved referrer {"referrer":"https://kenisha-unglib-eventually.ngrok-free.dev/"} 
[2026-04-02 09:09:24] production.INFO: Clean submission data {"name":"sakshi saklani","email":"tsaklani2drish@gmail.com","message":"Testing HTTP_REFERER in main server - Table Template.","_template":"table","honeypot_Qrtw1vbb":null} 
[2026-04-02 09:09:24] production.INFO: FILE UPLOAD CHECK {"all_files":[]} 
[2026-04-02 09:09:24] production.INFO: Rate limit exceeded {"ip":"112.196.28.2","count":5} 
[2026-04-02 09:09:24] production.INFO: MARKED AS SPAM {"form_id":"a16c7f11-cd6f-4769-b1e5-c8c38ba08d7b","ip":"112.196.28.2","is_spam":true,"reasons":["Rate limit exceeded"]} 
[2026-04-02 09:09:24] production.INFO: Spam detection result {"is_spam":true,"reason":null} 
[2026-04-02 09:09:24] production.INFO: Submission stored {"id":"a1724173-d18e-431f-b9ec-6dc9212da2cd","referrer":"https://kenisha-unglib-eventually.ngrok-free.dev/"} 
[2026-04-02 09:09:25] production.WARNING: Spam submission detected. Email not sent.  
[2026-04-02 09:09:25] production.INFO: Success response {"wants_json":true,"format":null,"redirect_url":null} 
[2026-04-02 09:10:11] production.ERROR: JWT verification error: Incorrect key for this algorithm  
[2026-04-02 09:10:20] production.ERROR: JWT verification error: Incorrect key for this algorithm  
[2026-04-02 09:10:28] production.ERROR: JWT verification error: Incorrect key for this algorithm  
[2026-04-02 09:11:34] production.INFO: === FORM SUBMISSION STARTED === {"slug":"f_lsjvmdqe","method":"POST"} 
[2026-04-02 09:11:34] production.INFO: Request data: {"name":"Tanuja Saklani","email":"tsaklani2@gmail.com","message":"Testing HTTP_REFERER in main server - Table Template.","_template":"table","honeypot_Qrtw1vbb":null,"_captcha":"false"} 
[2026-04-02 09:11:34] production.INFO: Has files: {"files":0} 
[2026-04-02 09:11:36] production.INFO: Form found {"form_id":"a16c7f11-cd6f-4769-b1e5-c8c38ba08d7b","form_name":"First form - 30 March"} 
[2026-04-02 09:11:37] production.INFO: Resolved referrer {"referrer":"https://kenisha-unglib-eventually.ngrok-free.dev/"} 
[2026-04-02 09:11:37] production.INFO: Clean submission data {"name":"Tanuja Saklani","email":"tsaklani2@gmail.com","message":"Testing HTTP_REFERER in main server - Table Template.","_template":"table","honeypot_Qrtw1vbb":null} 
[2026-04-02 09:11:37] production.INFO: FILE UPLOAD CHECK {"all_files":[]} 
[2026-04-02 09:11:37] production.INFO: Rate limit exceeded {"ip":"112.196.28.2","count":5} 
[2026-04-02 09:11:37] production.INFO: MARKED AS SPAM {"form_id":"a16c7f11-cd6f-4769-b1e5-c8c38ba08d7b","ip":"112.196.28.2","is_spam":true,"reasons":["Rate limit exceeded"]} 
[2026-04-02 09:11:37] production.INFO: Spam detection result {"is_spam":true,"reason":null} 
[2026-04-02 09:11:37] production.INFO: Submission stored {"id":"a172423e-3fad-4663-a171-1a49d805a8fd","referrer":"https://kenisha-unglib-eventually.ngrok-free.dev/"} 
[2026-04-02 09:11:37] production.WARNING: Spam submission detected. Email not sent.  
[2026-04-02 09:11:37] production.INFO: Success response {"wants_json":true,"format":null,"redirect_url":null} 
[2026-04-02 09:11:48] production.ERROR: JWT verification error: Incorrect key for this algorithm  
[2026-04-02 09:11:56] production.ERROR: JWT verification error: Incorrect key for this algorithm  
[2026-04-02 09:14:58] production.INFO: === FORM SUBMISSION STARTED === {"slug":"f_lsjvmdqe","method":"POST"} 
[2026-04-02 09:14:58] production.INFO: Request data: {"name":"sakshi saklani","email":"tsaklani2drish@gmail.com","message":"Testing HTTP_REFERER in main server - Table Template.","_template":"table","honeypot_Qrtw1vbb":null,"_captcha":"false"} 
[2026-04-02 09:14:58] production.INFO: Has files: {"files":0} 
[2026-04-02 09:14:59] production.INFO: Form found {"form_id":"a16c7f11-cd6f-4769-b1e5-c8c38ba08d7b","form_name":"First form - 30 March"} 
[2026-04-02 09:15:00] production.INFO: Resolved referrer {"referrer":"https://kenisha-unglib-eventually.ngrok-free.dev/"} 
[2026-04-02 09:15:00] production.INFO: Clean submission data {"name":"sakshi saklani","email":"tsaklani2drish@gmail.com","message":"Testing HTTP_REFERER in main server - Table Template.","_template":"table","honeypot_Qrtw1vbb":null} 
[2026-04-02 09:15:00] production.INFO: FILE UPLOAD CHECK {"all_files":[]} 
[2026-04-02 09:15:00] production.INFO: Rate limit exceeded {"ip":"112.196.28.2","count":5} 
[2026-04-02 09:15:00] production.INFO: MARKED AS SPAM {"form_id":"a16c7f11-cd6f-4769-b1e5-c8c38ba08d7b","ip":"112.196.28.2","is_spam":true,"reasons":["Rate limit exceeded"]} 
[2026-04-02 09:15:00] production.INFO: Spam detection result {"is_spam":true,"reason":null} 
[2026-04-02 09:15:01] production.INFO: Submission stored {"id":"a1724374-b95d-4464-8c7f-944aa1e20112","referrer":"https://kenisha-unglib-eventually.ngrok-free.dev/"} 
[2026-04-02 09:15:01] production.WARNING: Spam submission detected. Email not sent.  
[2026-04-02 09:15:01] production.INFO: Success response {"wants_json":true,"format":null,"redirect_url":null} 
[2026-04-02 09:15:19] production.ERROR: JWT verification error: Incorrect key for this algorithm  
[2026-04-02 09:17:45] production.INFO: === FORM SUBMISSION STARTED === {"slug":"f_lsjvmdqe","method":"POST"} 
[2026-04-02 09:17:45] production.INFO: Request data: {"name":"Sakshi Saklani","email":"sakshi.saklani@drishinfo.com","message":"Testing the Http referer for the table template.","_template":"table","honeypot_Qrtw1vbb":null,"_captcha":"false"} 
[2026-04-02 09:17:45] production.INFO: Has files: {"files":0} 
[2026-04-02 09:17:46] production.INFO: Form found {"form_id":"a16c7f11-cd6f-4769-b1e5-c8c38ba08d7b","form_name":"First form - 30 March"} 
[2026-04-02 09:17:47] production.INFO: Resolved referrer {"referrer":"https://kenisha-unglib-eventually.ngrok-free.dev/"} 
[2026-04-02 09:17:47] production.INFO: Clean submission data {"name":"Sakshi Saklani","email":"sakshi.saklani@drishinfo.com","message":"Testing the Http referer for the table template.","_template":"table","honeypot_Qrtw1vbb":null} 
[2026-04-02 09:17:47] production.INFO: FILE UPLOAD CHECK {"all_files":[]} 
[2026-04-02 09:17:47] production.INFO: Rate limit exceeded {"ip":"112.196.28.2","count":5} 
[2026-04-02 09:17:47] production.INFO: MARKED AS SPAM {"form_id":"a16c7f11-cd6f-4769-b1e5-c8c38ba08d7b","ip":"112.196.28.2","is_spam":true,"reasons":["Rate limit exceeded"]} 
[2026-04-02 09:17:47] production.INFO: Spam detection result {"is_spam":true,"reason":null} 
[2026-04-02 09:17:47] production.INFO: Submission stored {"id":"a1724472-f041-4e1f-ba21-5a9fa40b3fc4","referrer":"https://kenisha-unglib-eventually.ngrok-free.dev/"} 
[2026-04-02 09:17:47] production.WARNING: Spam submission detected. Email not sent.  
[2026-04-02 09:17:47] production.INFO: Success response {"wants_json":true,"format":null,"redirect_url":null} 
[2026-04-02 09:18:13] production.ERROR: JWT verification error: Incorrect key for this algorithm  
[2026-04-02 09:18:22] production.ERROR: JWT verification error: Incorrect key for this algorithm  
[2026-04-02 09:18:51] production.ERROR: JWT verification error: Incorrect key for this algorithm  
[2026-04-02 09:19:12] production.ERROR: JWT verification error: Incorrect key for this algorithm  
[2026-04-02 09:19:15] production.ERROR: JWT verification error: Incorrect key for this algorithm  
[2026-04-02 09:19:42] production.ERROR: JWT verification error: Incorrect key for this algorithm  
[2026-04-02 09:19:49] production.ERROR: JWT verification error: Incorrect key for this algorithm  
[2026-04-02 09:20:50] production.INFO: === FORM SUBMISSION STARTED === {"slug":"f_12zr6xuz","method":"POST"} 
[2026-04-02 09:20:50] production.INFO: Request data: {"name":"Sakshi Saklani","email":"sakshi.saklani@drishinfo.com","message":"Testing HTTP_REFERER in main server - Table Template.","_template":"table","honeypot_kBaEGgpc":null,"_captcha":"false"} 
[2026-04-02 09:20:50] production.INFO: Has files: {"files":0} 
[2026-04-02 09:20:52] production.INFO: Form found {"form_id":"a17244f6-4fa4-4b7e-8be3-7ece45b48abc","form_name":"Second Form - 2 April, 2026"} 
[2026-04-02 09:20:52] production.INFO: Resolved referrer {"referrer":"https://kenisha-unglib-eventually.ngrok-free.dev/"} 
[2026-04-02 09:20:52] production.INFO: Clean submission data {"name":"Sakshi Saklani","email":"sakshi.saklani@drishinfo.com","message":"Testing HTTP_REFERER in main server - Table Template.","_template":"table","honeypot_kBaEGgpc":null} 
[2026-04-02 09:20:52] production.INFO: FILE UPLOAD CHECK {"all_files":[]} 
[2026-04-02 09:20:52] production.INFO: VALID SUBMISSION {"form_id":"a17244f6-4fa4-4b7e-8be3-7ece45b48abc","ip":"112.196.28.2","is_spam":false,"reasons":[]} 
[2026-04-02 09:20:52] production.INFO: Spam detection result {"is_spam":false,"reason":null} 
[2026-04-02 09:20:53] production.INFO: Submission stored {"id":"a172458e-10b7-42b5-9db6-5774255cc0ee","referrer":"https://kenisha-unglib-eventually.ngrok-free.dev/"} 
[2026-04-02 09:20:53] production.INFO: === SENDING NOTIFICATION EMAIL === {"to":"sakshi.saklani@drishinfo.com","submission_id":"a172458e-10b7-42b5-9db6-5774255cc0ee","has_files":false,"file_count":0,"file_paths":[],"referrer":"https://kenisha-unglib-eventually.ngrok-free.dev/"} 
[2026-04-02 09:20:53] production.INFO: Final CC emails {"final_list":[]} 
[2026-04-02 09:20:53] production.INFO: Verified attachment paths {"verified_count":0,"paths":[]} 
[2026-04-02 09:20:53] production.INFO: Email template selected: table  
[2026-04-02 09:20:53] production.INFO: Attachments to process: 0  
[2026-04-02 09:20:53] production.INFO: Mail object created  
[2026-04-02 09:20:53] production.INFO: Sending email without CC {"to":"sakshi.saklani@drishinfo.com"} 
[2026-04-02 09:20:53] production.INFO: Total attachments added: 0  
[2026-04-02 09:20:54] production.INFO: Mail send method called successfully  
[2026-04-02 09:20:54] production.INFO: Submission updated with email_sent flag  
[2026-04-02 09:20:54] production.INFO: Email sent successfully to: sakshi.saklani@drishinfo.com  
[2026-04-02 09:20:54] production.INFO: Success response {"wants_json":true,"format":null,"redirect_url":null} 
[2026-04-02 10:15:49] production.ERROR: JWT verification error: Incorrect key for this algorithm  
[2026-04-02 10:16:00] production.ERROR: JWT verification error: Incorrect key for this algorithm  
[2026-04-02 10:16:05] production.ERROR: JWT verification error: Incorrect key for this algorithm  
[2026-04-02 10:16:10] production.ERROR: JWT verification error: Incorrect key for this algorithm  
[2026-04-02 10:16:19] production.ERROR: JWT verification error: Incorrect key for this algorithm  
[2026-04-02 10:16:27] production.ERROR: JWT verification error: Incorrect key for this algorithm  
[2026-04-02 10:36:28] production.ERROR: JWT verification error: Incorrect key for this algorithm  
[2026-04-02 10:36:35] production.ERROR: JWT verification error: Incorrect key for this algorithm  
[2026-04-02 10:36:52] production.ERROR: JWT verification error: Incorrect key for this algorithm  
[2026-04-02 10:36:53] production.ERROR: JWT verification error: Incorrect key for this algorithm  
[2026-04-02 10:37:01] production.ERROR: JWT verification error: Incorrect key for this algorithm  
[2026-04-02 10:37:10] production.ERROR: JWT verification error: Incorrect key for this algorithm  
[2026-04-02 10:41:25] production.ERROR: JWT verification error: Incorrect key for this algorithm  
[2026-04-02 10:41:38] production.ERROR: JWT verification error: Incorrect key for this algorithm  
[2026-04-02 10:42:08] production.ERROR: JWT verification error: Incorrect key for this algorithm  
[2026-04-02 10:42:16] production.ERROR: JWT verification error: Incorrect key for this algorithm  
[2026-04-02 10:43:09] production.ERROR: JWT verification error: Incorrect key for this algorithm  
[2026-04-02 10:43:48] production.ERROR: JWT verification error: Incorrect key for this algorithm  
[2026-04-02 10:43:59] production.ERROR: JWT verification error: Incorrect key for this algorithm  
[2026-04-02 10:48:15] production.ERROR: JWT verification error: Incorrect key for this algorithm  
[2026-04-02 10:48:18] production.ERROR: JWT verification error: Incorrect key for this algorithm  
[2026-04-02 10:48:22] production.ERROR: JWT verification error: Incorrect key for this algorithm  
[2026-04-02 10:48:27] production.ERROR: JWT verification error: Incorrect key for this algorithm  
[2026-04-02 10:48:46] production.ERROR: JWT verification error: Incorrect key for this algorithm  
[2026-04-02 10:48:48] production.ERROR: JWT verification error: Incorrect key for this algorithm  
[2026-04-02 10:48:49] production.INFO: Paddle API: transaction txn_01kn6wy6v64nep7vj1daaygsep status=completed  
[2026-04-02 10:48:49] production.INFO: Invoice PDF fetched for txn_01kn6wy6v64nep7vj1daaygsep: yes  
[2026-04-02 10:48:52] production.INFO: Payment success email sent to user: sakshi.saklani@drishinfo.com  
[2026-04-02 10:48:52] production.INFO: Payment admin notification sent to: sakshi.saklani@drishinfo.com, kc@essenn.associates  
[2026-04-02 10:48:52] production.INFO: Built subscription from Paddle API for user df59e5bf-efc3-479b-9130-17f43559d698 {"plan":"personal","sub_id":"sub_01kn6wykh6hdt4eg3pmkvk570x","txn_id":"txn_01kn6wy6v64nep7vj1daaygsep","currency":"INR","invoice_pdf":"yes"} 
[2026-04-02 10:48:57] production.ERROR: JWT verification error: Incorrect key for this algorithm  
[2026-04-02 10:50:01] production.ERROR: JWT verification error: Incorrect key for this algorithm  
[2026-04-02 10:50:12] production.ERROR: JWT verification error: Incorrect key for this algorithm  
[2026-04-02 10:52:31] production.ERROR: JWT verification error: Incorrect key for this algorithm  
[2026-04-02 10:54:58] production.ERROR: JWT verification error: Incorrect key for this algorithm  
[2026-04-02 11:05:03] production.ERROR: JWT verification error: Incorrect key for this algorithm  
[2026-04-02 11:05:31] production.ERROR: JWT verification error: Incorrect key for this algorithm  
[2026-04-02 11:05:34] production.ERROR: JWT verification error: Incorrect key for this algorithm  
[2026-04-02 11:05:41] production.ERROR: JWT verification error: Incorrect key for this algorithm  
[2026-04-02 11:06:27] production.ERROR: JWT verification error: Incorrect key for this algorithm  
[2026-04-02 11:06:34] production.ERROR: JWT verification error: Incorrect key for this algorithm  
[2026-04-02 11:06:37] production.ERROR: JWT verification error: Incorrect key for this algorithm  
[2026-04-02 11:07:38] production.ERROR: JWT verification error: Incorrect key for this algorithm  
[2026-04-02 11:10:22] production.ERROR: JWT verification error: Incorrect key for this algorithm  
[2026-04-02 11:17:26] production.ERROR: JWT verification error: Incorrect key for this algorithm  
[2026-04-02 11:19:29] production.ERROR: JWT verification error: Incorrect key for this algorithm  
[2026-04-02 11:19:32] production.ERROR: JWT verification error: Incorrect key for this algorithm  
[2026-04-02 11:19:32] production.ERROR: Supabase refresh token error: Client error: `POST https://qrrspyukvdgblhresmsv.supabase.co/auth/v1/token?grant_type=refresh_token` resulted in a `400 Bad Request` response:
{"code":400,"error_code":"refresh_token_not_found","msg":"Invalid Refresh Token: Refresh Token Not Found"}
  
[2026-04-02 12:26:14] production.ERROR: JWT verification error: Incorrect key for this algorithm  
[2026-04-02 12:26:24] production.ERROR: JWT verification error: Incorrect key for this algorithm  
[2026-04-02 12:34:23] production.ERROR: JWT verification error: Incorrect key for this algorithm  
[2026-04-02 12:34:29] production.ERROR: JWT verification error: Incorrect key for this algorithm  
[2026-04-02 12:35:27] production.ERROR: JWT verification error: Incorrect key for this algorithm  
[2026-04-02 12:35:29] production.ERROR: JWT verification error: Incorrect key for this algorithm  
[2026-04-02 12:35:29] production.ERROR: Supabase refresh token error: Client error: `POST https://qrrspyukvdgblhresmsv.supabase.co/auth/v1/token?grant_type=refresh_token` resulted in a `400 Bad Request` response:
{"code":400,"error_code":"refresh_token_not_found","msg":"Invalid Refresh Token: Refresh Token Not Found"}
  
[2026-04-02 12:35:42] production.ERROR: JWT verification error: Incorrect key for this algorithm  
[2026-04-02 12:35:49] production.ERROR: JWT verification error: Incorrect key for this algorithm  
[2026-04-02 12:35:57] production.ERROR: JWT verification error: Incorrect key for this algorithm  
[2026-04-02 12:36:04] production.ERROR: JWT verification error: Incorrect key for this algorithm  
[2026-04-02 12:36:22] production.ERROR: JWT verification error: Incorrect key for this algorithm  
[2026-04-02 12:36:24] production.ERROR: JWT verification error: Incorrect key for this algorithm  
[2026-04-02 12:36:25] production.INFO: Paddle API: transaction txn_01kn7335s2sfr81b7bbhtmw6t6 status=completed  
[2026-04-02 12:36:25] production.INFO: Invoice PDF fetched for txn_01kn7335s2sfr81b7bbhtmw6t6: yes  
[2026-04-02 12:36:28] production.INFO: Payment success email sent to user: tsaklani2drish@gmail.com  
[2026-04-02 12:36:28] production.INFO: Payment admin notification sent to: sakshi.saklani@drishinfo.com, kc@essenn.associates  
[2026-04-02 12:36:28] production.INFO: Built subscription from Paddle API for user 64ec761d-b206-4db7-9130-376d50ece7f1 {"plan":"personal","sub_id":"sub_01kn733mxnqqwex5sva0g447kv","txn_id":"txn_01kn7335s2sfr81b7bbhtmw6t6","currency":"INR","invoice_pdf":"yes"} 
[2026-04-02 12:37:03] production.ERROR: JWT verification error: Incorrect key for this algorithm  
[2026-04-02 12:37:12] production.ERROR: JWT verification error: Incorrect key for this algorithm  
[2026-04-02 12:37:14] production.INFO: Cancellation email sent to user: tsaklani2drish@gmail.com (type=subscription)  
[2026-04-02 12:37:14] production.INFO: Cancellation admin notification sent to: sakshi.saklani@drishinfo.com, kc@essenn.associates (type=subscription)  
[2026-04-02 12:37:16] production.ERROR: JWT verification error: Incorrect key for this algorithm  
[2026-04-02 12:37:37] production.ERROR: JWT verification error: Incorrect key for this algorithm  
[2026-04-02 12:37:39] production.INFO: Resume confirmation email sent to user: tsaklani2drish@gmail.com  
[2026-04-02 12:37:39] production.INFO: Resume admin notification sent to: sakshi.saklani@drishinfo.com, kc@essenn.associates  
[2026-04-02 12:37:40] production.ERROR: JWT verification error: Incorrect key for this algorithm  
[2026-04-02 12:38:36] production.ERROR: JWT verification error: Incorrect key for this algorithm  
[2026-04-02 12:38:38] production.INFO: Plan swapped via Paddle: personal/monthly → professional/monthly (when=next_billing_period) for user 64ec761d-b206-4db7-9130-376d50ece7f1  
[2026-04-02 12:38:39] production.INFO: Plan upgrade email sent to user: tsaklani2drish@gmail.com  
[2026-04-02 12:38:39] production.INFO: Plan upgrade admin notification sent to: sakshi.saklani@drishinfo.com, kc@essenn.associates  
[2026-04-02 12:38:40] production.ERROR: JWT verification error: Incorrect key for this algorithm  
[2026-04-02 12:39:18] production.ERROR: JWT verification error: Incorrect key for this algorithm  
[2026-04-02 12:39:21] production.INFO: Cancellation email sent to user: tsaklani2drish@gmail.com (type=scheduled_change)  
[2026-04-02 12:39:21] production.INFO: Cancellation admin notification sent to: sakshi.saklani@drishinfo.com, kc@essenn.associates (type=scheduled_change)  
[2026-04-02 12:39:23] production.ERROR: JWT verification error: Incorrect key for this algorithm  
[2026-04-02 12:39:41] production.ERROR: JWT verification error: Incorrect key for this algorithm  
[2026-04-02 12:39:45] production.INFO: Paddle immediate upgrade response transaction ID: null  
[2026-04-02 12:39:45] production.INFO: Plan swapped via Paddle: personal/monthly → professional/monthly (when=immediately) for user 64ec761d-b206-4db7-9130-376d50ece7f1  
[2026-04-02 12:39:45] production.INFO: Dispatching SendUpgradeInvoiceEmail job for user 64ec761d-b206-4db7-9130-376d50ece7f1 {"old_plan":"personal","new_plan":"professional","txn_id":"null — job will search","sub_id":"sub_01kn733mxnqqwex5sva0g447kv","admin_count":2} 
[2026-04-02 12:39:46] production.INFO: SendUpgradeInvoiceEmail: attempt 1 for user 64ec761d-b206-4db7-9130-376d50ece7f1 {"sub_id":"sub_01kn733mxnqqwex5sva0g447kv","txn_id":"null — will search"} 
[2026-04-02 12:39:46] production.INFO: SendUpgradeInvoiceEmail: matched transaction txn_01kn739sbdfnd90cj5bq3t6cqv via subscription search.  
[2026-04-02 12:39:47] production.WARNING: SendUpgradeInvoiceEmail: invoice PDF fetch failed for txn txn_01kn739sbdfnd90cj5bq3t6cqv: {"error":{"type":"request_error","code":"not_found","detail":"invoice txn_01kn739sbdfnd90cj5bq3t6cqv not found.","documentation_url":"https://developer.paddle.com/v1/errors/shared/not_found"},"meta":{"request_id":"034491af-ea4f-4625-ad07-a14c25ea9f70"}}  
[2026-04-02 12:39:47] production.WARNING: SendUpgradeInvoiceEmail: could not persist invoice record: SQLSTATE[23502]: Not null violation: 7 ERROR:  null value in column "subscription_id" of relation "subscription_invoices" violates not-null constraint
DETAIL:  Failing row contains (8, 64ec761d-b206-4db7-9130-376d50ece7f1, null, txn_01kn739sbdfnd90cj5bq3t6cqv, null, INR, paid, 2026-04-02 12:39:47, null, 2026-04-02 12:39:47, 2026-04-02 12:39:47). (Connection: pgsql, SQL: insert into "subscription_invoices" ("paddle_transaction_id", "user_id", "currency", "status", "invoice_url", "paid_at", "updated_at", "created_at") values (txn_01kn739sbdfnd90cj5bq3t6cqv, 64ec761d-b206-4db7-9130-376d50ece7f1, INR, paid, ?, 2026-04-02 12:39:47, 2026-04-02 12:39:47, 2026-04-02 12:39:47) returning "id")  
[2026-04-02 12:39:47] production.INFO: SendUpgradeInvoiceEmail: user email sent to tsaklani2drish@gmail.com (txn=txn_01kn739sbdfnd90cj5bq3t6cqv)  
[2026-04-02 12:39:47] production.INFO: SendUpgradeInvoiceEmail: admin email sent to sakshi.saklani@drishinfo.com, kc@essenn.associates  
[2026-04-02 12:39:49] production.ERROR: JWT verification error: Incorrect key for this algorithm  
[2026-04-02 15:58:19] production.INFO: Supabase signup success {"result":{"success":true,"data":{"id":"b2f23345-efae-4a52-a538-188131763f02","aud":"authenticated","role":"authenticated","email":"xrum009@pereskazfilma.site","phone":"","confirmation_sent_at":"2026-04-02T15:58:18.051444375Z","app_metadata":{"provider":"email","providers":["email"]},"user_metadata":{"email":"xrum009@pereskazfilma.site","email_verified":false,"phone_verified":false,"sub":"b2f23345-efae-4a52-a538-188131763f02"},"identities":[{"identity_id":"8f7503d5-de6e-4c9b-8e84-7200c6c39138","id":"b2f23345-efae-4a52-a538-188131763f02","user_id":"b2f23345-efae-4a52-a538-188131763f02","identity_data":{"email":"xrum009@pereskazfilma.site","email_verified":false,"phone_verified":false,"sub":"b2f23345-efae-4a52-a538-188131763f02"},"provider":"email","last_sign_in_at":"2026-04-02T15:58:18.040588917Z","created_at":"2026-04-02T15:58:18.04111Z","updated_at":"2026-04-02T15:58:18.04111Z","email":"xrum009@pereskazfilma.site"}],"created_at":"2026-04-02T15:58:18.022925Z","updated_at":"2026-04-02T15:58:19.420591Z","is_anonymous":false}}} 
[2026-04-02 15:58:20] production.INFO: Admin email sent {"emails":["sakshi.saklani@drishinfo.com","tsaklani2drish@gmail.com"]} 
[2026-04-02 15:58:21] production.ERROR: Supabase signin error: Client error: `POST https://qrrspyukvdgblhresmsv.supabase.co/auth/v1/token?grant_type=password` resulted in a `400 Bad Request` response:
{"code":400,"error_code":"email_not_confirmed","msg":"Email not confirmed"}
  
[2026-04-02 17:12:12] production.INFO: Supabase signup success {"result":{"success":true,"data":{"id":"a1d051e8-733b-4b34-ae52-3146f208f969","aud":"authenticated","role":"authenticated","email":"u.rofa.g.i.b.ibe.h1.3@gmail.com","phone":"","confirmation_sent_at":"2026-04-02T17:12:11.159202853Z","app_metadata":{"provider":"email","providers":["email"]},"user_metadata":{"email":"u.rofa.g.i.b.ibe.h1.3@gmail.com","email_verified":false,"phone_verified":false,"sub":"a1d051e8-733b-4b34-ae52-3146f208f969"},"identities":[{"identity_id":"bc293271-32a4-41d4-b90e-8b18e149154e","id":"a1d051e8-733b-4b34-ae52-3146f208f969","user_id":"a1d051e8-733b-4b34-ae52-3146f208f969","identity_data":{"email":"u.rofa.g.i.b.ibe.h1.3@gmail.com","email_verified":false,"phone_verified":false,"sub":"a1d051e8-733b-4b34-ae52-3146f208f969"},"provider":"email","last_sign_in_at":"2026-04-02T17:12:11.150837206Z","created_at":"2026-04-02T17:12:11.151223Z","updated_at":"2026-04-02T17:12:11.151223Z","email":"u.rofa.g.i.b.ibe.h1.3@gmail.com"}],"created_at":"2026-04-02T17:12:11.139552Z","updated_at":"2026-04-02T17:12:12.543172Z","is_anonymous":false}}} 
[2026-04-02 17:12:13] production.INFO: Admin email sent {"emails":["sakshi.saklani@drishinfo.com","tsaklani2drish@gmail.com"]} 
[2026-04-02 17:12:15] production.ERROR: Supabase signup error: Client error: `POST https://qrrspyukvdgblhresmsv.supabase.co/auth/v1/signup` resulted in a `429 Too Many Requests` response:
{"code":429,"error_code":"over_email_send_rate_limit","msg":"For security purposes, you can only request this after 55 s (truncated...)
  
[2026-04-02 17:12:31] production.ERROR: Supabase signin error: Client error: `POST https://qrrspyukvdgblhresmsv.supabase.co/auth/v1/token?grant_type=password` resulted in a `400 Bad Request` response:
{"code":400,"error_code":"invalid_credentials","msg":"Invalid login credentials"}
  
