[2026-04-21 10:47:51] local.ERROR: Unable to prepare route [dashboard/forms/{formId}/submissions/{id}] for serialization. Another route has already been assigned name [dashboard.submissions.show]. {"exception":"[object] (LogicException(code: 0): Unable to prepare route [dashboard/forms/{formId}/submissions/{id}] for serialization. Another route has already been assigned name [dashboard.submissions.show]. at C:/Git-folders/000form.com/vendor/laravel/framework/src/Illuminate/Routing/AbstractRouteCollection.php:248)
[stacktrace]
#0 C:/Git-folders/000form.com/vendor/laravel/framework/src/Illuminate/Routing/AbstractRouteCollection.php(209): Illuminate/Routing/AbstractRouteCollection->addToSymfonyRoutesCollection(Object(Symfony/Component/Routing/RouteCollection), Object(Illuminate/Routing/Route))
#1 C:/Git-folders/000form.com/vendor/laravel/framework/src/Illuminate/Routing/RouteCollection.php(246): Illuminate/Routing/AbstractRouteCollection->toSymfonyRouteCollection()
#2 C:/Git-folders/000form.com/vendor/laravel/framework/src/Illuminate/Routing/AbstractRouteCollection.php(193): Illuminate/Routing/RouteCollection->toSymfonyRouteCollection()
#3 C:/Git-folders/000form.com/vendor/laravel/framework/src/Illuminate/Routing/AbstractRouteCollection.php(164): Illuminate/Routing/AbstractRouteCollection->dumper()
#4 C:/Git-folders/000form.com/vendor/laravel/framework/src/Illuminate/Foundation/Console/RouteCacheCommand.php(109): Illuminate/Routing/AbstractRouteCollection->compile()
#5 C:/Git-folders/000form.com/vendor/laravel/framework/src/Illuminate/Foundation/Console/RouteCacheCommand.php(68): Illuminate/Foundation/Console/RouteCacheCommand->buildRouteCacheFile(Object(Illuminate/Routing/RouteCollection))
#6 C:/Git-folders/000form.com/vendor/laravel/framework/src/Illuminate/Container/BoundMethod.php(36): Illuminate/Foundation/Console/RouteCacheCommand->handle()
#7 C:/Git-folders/000form.com/vendor/laravel/framework/src/Illuminate/Container/Util.php(43): Illuminate/Container/BoundMethod::Illuminate/Container/{closure}()
#8 C:/Git-folders/000form.com/vendor/laravel/framework/src/Illuminate/Container/BoundMethod.php(95): Illuminate/Container/Util::unwrapIfClosure(Object(Closure))
#9 C:/Git-folders/000form.com/vendor/laravel/framework/src/Illuminate/Container/BoundMethod.php(35): Illuminate/Container/BoundMethod::callBoundMethod(Object(Illuminate/Foundation/Application), Array, Object(Closure))
#10 C:/Git-folders/000form.com/vendor/laravel/framework/src/Illuminate/Container/Container.php(696): Illuminate/Container/BoundMethod::call(Object(Illuminate/Foundation/Application), Array, Array, NULL)
#11 C:/Git-folders/000form.com/vendor/laravel/framework/src/Illuminate/Console/Command.php(213): Illuminate/Container/Container->call(Array)
#12 C:/Git-folders/000form.com/vendor/symfony/console/Command/Command.php(341): Illuminate/Console/Command->execute(Object(Symfony/Component/Console/Input/ArrayInput), Object(Illuminate/Console/OutputStyle))
#13 C:/Git-folders/000form.com/vendor/laravel/framework/src/Illuminate/Console/Command.php(182): Symfony/Component/Console/Command/Command->run(Object(Symfony/Component/Console/Input/ArrayInput), Object(Illuminate/Console/OutputStyle))
#14 C:/Git-folders/000form.com/vendor/laravel/framework/src/Illuminate/Console/Concerns/CallsCommands.php(68): Illuminate/Console/Command->run(Object(Symfony/Component/Console/Input/ArrayInput), Object(Symfony/Component/Console/Output/NullOutput))
#15 C:/Git-folders/000form.com/vendor/laravel/framework/src/Illuminate/Console/Concerns/CallsCommands.php(41): Illuminate/Console/Command->runCommand('route:cache', Array, Object(Symfony/Component/Console/Output/NullOutput))
#16 C:/Git-folders/000form.com/vendor/laravel/framework/src/Illuminate/Console/Concerns/CallsCommands.php(53): Illuminate/Console/Command->callSilent('route:cache', Array)
#17 C:/Git-folders/000form.com/vendor/laravel/framework/src/Illuminate/Foundation/Console/OptimizeCommand.php(48): Illuminate/Console/Command->callSilently('route:cache')
#18 C:/Git-folders/000form.com/vendor/laravel/framework/src/Illuminate/Console/View/Components/Task.php(40): Illuminate/Foundation/Console/OptimizeCommand->Illuminate/Foundation/Console/{closure}()
#19 C:/Git-folders/000form.com/vendor/laravel/framework/src/Illuminate/Console/View/Components/Factory.php(60): Illuminate/Console/View/Components/Task->render('routes', Object(Closure))
#20 C:/Git-folders/000form.com/vendor/laravel/framework/src/Illuminate/Foundation/Console/OptimizeCommand.php(48): Illuminate/Console/View/Components/Factory->__call('task', Array)
#21 C:/Git-folders/000form.com/vendor/laravel/framework/src/Illuminate/Container/BoundMethod.php(36): Illuminate/Foundation/Console/OptimizeCommand->handle()
#22 C:/Git-folders/000form.com/vendor/laravel/framework/src/Illuminate/Container/Util.php(43): Illuminate/Container/BoundMethod::Illuminate/Container/{closure}()
#23 C:/Git-folders/000form.com/vendor/laravel/framework/src/Illuminate/Container/BoundMethod.php(95): Illuminate/Container/Util::unwrapIfClosure(Object(Closure))
#24 C:/Git-folders/000form.com/vendor/laravel/framework/src/Illuminate/Container/BoundMethod.php(35): Illuminate/Container/BoundMethod::callBoundMethod(Object(Illuminate/Foundation/Application), Array, Object(Closure))
#25 C:/Git-folders/000form.com/vendor/laravel/framework/src/Illuminate/Container/Container.php(696): Illuminate/Container/BoundMethod::call(Object(Illuminate/Foundation/Application), Array, Array, NULL)
#26 C:/Git-folders/000form.com/vendor/laravel/framework/src/Illuminate/Console/Command.php(213): Illuminate/Container/Container->call(Array)
#27 C:/Git-folders/000form.com/vendor/symfony/console/Command/Command.php(341): Illuminate/Console/Command->execute(Object(Symfony/Component/Console/Input/ArgvInput), Object(Illuminate/Console/OutputStyle))
#28 C:/Git-folders/000form.com/vendor/laravel/framework/src/Illuminate/Console/Command.php(182): Symfony/Component/Console/Command/Command->run(Object(Symfony/Component/Console/Input/ArgvInput), Object(Illuminate/Console/OutputStyle))
#29 C:/Git-folders/000form.com/vendor/symfony/console/Application.php(1102): Illuminate/Console/Command->run(Object(Symfony/Component/Console/Input/ArgvInput), Object(Symfony/Component/Console/Output/ConsoleOutput))
#30 C:/Git-folders/000form.com/vendor/symfony/console/Application.php(356): Symfony/Component/Console/Application->doRunCommand(Object(Illuminate/Foundation/Console/OptimizeCommand), Object(Symfony/Component/Console/Input/ArgvInput), Object(Symfony/Component/Console/Output/ConsoleOutput))
#31 C:/Git-folders/000form.com/vendor/symfony/console/Application.php(195): Symfony/Component/Console/Application->doRun(Object(Symfony/Component/Console/Input/ArgvInput), Object(Symfony/Component/Console/Output/ConsoleOutput))
#32 C:/Git-folders/000form.com/vendor/laravel/framework/src/Illuminate/Foundation/Console/Kernel.php(198): Symfony/Component/Console/Application->run(Object(Symfony/Component/Console/Input/ArgvInput), Object(Symfony/Component/Console/Output/ConsoleOutput))
#33 C:/Git-folders/000form.com/vendor/laravel/framework/src/Illuminate/Foundation/Application.php(1235): Illuminate/Foundation/Console/Kernel->handle(Object(Symfony/Component/Console/Input/ArgvInput), Object(Symfony/Component/Console/Output/ConsoleOutput))
#34 C:/Git-folders/000form.com/artisan(11): Illuminate/Foundation/Application->handleCommand(Object(Symfony/Component/Console/Input/ArgvInput))
#35 {main}
"} 
[2026-04-21 10:48:42] local.ERROR: Social auth failed {"provider":"google","error":""} 
[2026-04-21 10:48:46] local.ERROR: Social auth failed {"provider":"google","error":""} 
[2026-04-21 10:49:40] local.ERROR: Social auth failed {"provider":"google","error":""} 
[2026-04-21 11:01:08] local.ERROR: Cannot redeclare App\Providers\AppServiceProvider::boot() {"exception":"[object] (Symfony\\Component\\ErrorHandler\\Error\\FatalError(code: 0): Cannot redeclare App\\Providers\\AppServiceProvider::boot() at C:/Git-folders/000form.com/app/Providers/AppServiceProvider.php:36)
[stacktrace]
#0 {main}
"} 
[2026-04-21 11:01:09] local.ERROR: Cannot redeclare App\Providers\AppServiceProvider::boot() {"exception":"[object] (Symfony\\Component\\ErrorHandler\\Error\\FatalError(code: 0): Cannot redeclare App\\Providers\\AppServiceProvider::boot() at C:/Git-folders/000form.com/app/Providers/AppServiceProvider.php:36)
[stacktrace]
#0 {main}
"} 
[2026-04-21 11:02:42] local.ERROR: JWT verification error: Incorrect key for this algorithm  
[2026-04-21 11:05:22] local.ERROR: JWT verification error: Incorrect key for this algorithm  
[2026-04-21 11:05:25] local.ERROR: JWT verification error: Incorrect key for this algorithm  
[2026-04-21 11:05:33] local.ERROR: Class "App\Providers\Auth" not found (View: C:\Git-folders\000form.com\resources\views\dashboard\index.blade.php) {"userId":"1bde17a0-4b99-4ef5-b278-4e902f1717fe","exception":"[object] (Illuminate\\View\\ViewException(code: 0): Class \"App\\Providers\\Auth\" not found (View: C:\\Git-folders\\000form.com\\resources\\views\\dashboard\\index.blade.php) at C:/Git-folders/000form.com/app/Providers/AppServiceProvider.php:37)
[stacktrace]
#0 C:/Git-folders/000form.com/vendor/laravel/framework/src/Illuminate/View/Engines/PhpEngine.php(60): Illuminate/View/Engines/CompilerEngine->handleViewException(Object(Error), 1)
#1 C:/Git-folders/000form.com/vendor/laravel/framework/src/Illuminate/View/Engines/CompilerEngine.php(75): Illuminate/View/Engines/PhpEngine->evaluatePath('C://Git-folders//...', Array)
#2 C:/Git-folders/000form.com/vendor/laravel/framework/src/Illuminate/View/View.php(209): Illuminate/View/Engines/CompilerEngine->get('C://Git-folders//...', Array)
#3 C:/Git-folders/000form.com/vendor/laravel/framework/src/Illuminate/View/View.php(192): Illuminate/View/View->getContents()
#4 C:/Git-folders/000form.com/vendor/laravel/framework/src/Illuminate/View/View.php(161): Illuminate/View/View->renderContents()
#5 C:/Git-folders/000form.com/vendor/laravel/framework/src/Illuminate/Http/Response.php(79): Illuminate/View/View->render()
#6 C:/Git-folders/000form.com/vendor/laravel/framework/src/Illuminate/Http/Response.php(35): Illuminate/Http/Response->setContent(Object(Illuminate/View/View))
#7 C:/Git-folders/000form.com/vendor/laravel/framework/src/Illuminate/Routing/Router.php(920): Illuminate/Http/Response->__construct(Object(Illuminate/View/View), 200, Array)
#8 C:/Git-folders/000form.com/vendor/laravel/framework/src/Illuminate/Routing/Router.php(887): Illuminate/Routing/Router::toResponse(Object(Illuminate/Http/Request), Object(Illuminate/View/View))
#9 C:/Git-folders/000form.com/vendor/laravel/framework/src/Illuminate/Routing/Router.php(807): Illuminate/Routing/Router->prepareResponse(Object(Illuminate/Http/Request), Object(Illuminate/View/View))
#10 C:/Git-folders/000form.com/vendor/laravel/framework/src/Illuminate/Pipeline/Pipeline.php(170): Illuminate/Routing/Router->Illuminate/Routing/{closure}(Object(Illuminate/Http/Request))
#11 C:/Git-folders/000form.com/app/Http/Middleware/SetActiveWorkspace.php(98): Illuminate/Pipeline/Pipeline->Illuminate/Pipeline/{closure}(Object(Illuminate/Http/Request))
#12 C:/Git-folders/000form.com/vendor/laravel/framework/src/Illuminate/Pipeline/Pipeline.php(209): App/Http/Middleware/SetActiveWorkspace->handle(Object(Illuminate/Http/Request), Object(Closure))
#13 C:/Git-folders/000form.com/app/Http/Middleware/SupabaseAuthMiddleware.php(52): Illuminate/Pipeline/Pipeline->Illuminate/Pipeline/{closure}(Object(Illuminate/Http/Request))
#14 C:/Git-folders/000form.com/vendor/laravel/framework/src/Illuminate/Pipeline/Pipeline.php(209): App/Http/Middleware/SupabaseAuthMiddleware->handle(Object(Illuminate/Http/Request), Object(Closure))
#15 C:/Git-folders/000form.com/vendor/laravel/framework/src/Illuminate/Routing/Middleware/SubstituteBindings.php(51): Illuminate/Pipeline/Pipeline->Illuminate/Pipeline/{closure}(Object(Illuminate/Http/Request))
#16 C:/Git-folders/000form.com/vendor/laravel/framework/src/Illuminate/Pipeline/Pipeline.php(209): Illuminate/Routing/Middleware/SubstituteBindings->handle(Object(Illuminate/Http/Request), Object(Closure))
#17 C:/Git-folders/000form.com/vendor/laravel/framework/src/Illuminate/Auth/Middleware/Authenticate.php(64): Illuminate/Pipeline/Pipeline->Illuminate/Pipeline/{closure}(Object(Illuminate/Http/Request))
#18 C:/Git-folders/000form.com/vendor/laravel/framework/src/Illuminate/Pipeline/Pipeline.php(209): Illuminate/Auth/Middleware/Authenticate->handle(Object(Illuminate/Http/Request), Object(Closure))
#19 C:/Git-folders/000form.com/vendor/laravel/framework/src/Illuminate/Foundation/Http/Middleware/VerifyCsrfToken.php(88): Illuminate/Pipeline/Pipeline->Illuminate/Pipeline/{closure}(Object(Illuminate/Http/Request))
#20 C:/Git-folders/000form.com/vendor/laravel/framework/src/Illuminate/Pipeline/Pipeline.php(209): Illuminate/Foundation/Http/Middleware/VerifyCsrfToken->handle(Object(Illuminate/Http/Request), Object(Closure))
#21 C:/Git-folders/000form.com/vendor/laravel/framework/src/Illuminate/View/Middleware/ShareErrorsFromSession.php(49): Illuminate/Pipeline/Pipeline->Illuminate/Pipeline/{closure}(Object(Illuminate/Http/Request))
#22 C:/Git-folders/000form.com/vendor/laravel/framework/src/Illuminate/Pipeline/Pipeline.php(209): Illuminate/View/Middleware/ShareErrorsFromSession->handle(Object(Illuminate/Http/Request), Object(Closure))
#23 C:/Git-folders/000form.com/vendor/laravel/framework/src/Illuminate/Session/Middleware/StartSession.php(121): Illuminate/Pipeline/Pipeline->Illuminate/Pipeline/{closure}(Object(Illuminate/Http/Request))
#24 C:/Git-folders/000form.com/vendor/laravel/framework/src/Illuminate/Session/Middleware/StartSession.php(64): Illuminate/Session/Middleware/StartSession->handleStatefulRequest(Object(Illuminate/Http/Request), Object(Illuminate/Session/Store), Object(Closure))
#25 C:/Git-folders/000form.com/vendor/laravel/framework/src/Illuminate/Pipeline/Pipeline.php(209): Illuminate/Session/Middleware/StartSession->handle(Object(Illuminate/Http/Request), Object(Closure))
#26 C:/Git-folders/000form.com/vendor/laravel/framework/src/Illuminate/Cookie/Middleware/AddQueuedCookiesToResponse.php(37): Illuminate/Pipeline/Pipeline->Illuminate/Pipeline/{closure}(Object(Illuminate/Http/Request))
#27 C:/Git-folders/000form.com/vendor/laravel/framework/src/Illuminate/Pipeline/Pipeline.php(209): Illuminate/Cookie/Middleware/AddQueuedCookiesToResponse->handle(Object(Illuminate/Http/Request), Object(Closure))
#28 C:/Git-folders/000form.com/vendor/laravel/framework/src/Illuminate/Cookie/Middleware/EncryptCookies.php(75): Illuminate/Pipeline/Pipeline->Illuminate/Pipeline/{closure}(Object(Illuminate/Http/Request))
#29 C:/Git-folders/000form.com/vendor/laravel/framework/src/Illuminate/Pipeline/Pipeline.php(209): Illuminate/Cookie/Middleware/EncryptCookies->handle(Object(Illuminate/Http/Request), Object(Closure))
#30 C:/Git-folders/000form.com/vendor/laravel/framework/src/Illuminate/Pipeline/Pipeline.php(127): Illuminate/Pipeline/Pipeline->Illuminate/Pipeline/{closure}(Object(Illuminate/Http/Request))
#31 C:/Git-folders/000form.com/vendor/laravel/framework/src/Illuminate/Routing/Router.php(807): Illuminate/Pipeline/Pipeline->then(Object(Closure))
#32 C:/Git-folders/000form.com/vendor/laravel/framework/src/Illuminate/Routing/Router.php(786): Illuminate/Routing/Router->runRouteWithinStack(Object(Illuminate/Routing/Route), Object(Illuminate/Http/Request))
#33 C:/Git-folders/000form.com/vendor/laravel/framework/src/Illuminate/Routing/Router.php(750): Illuminate/Routing/Router->runRoute(Object(Illuminate/Http/Request), Object(Illuminate/Routing/Route))
#34 C:/Git-folders/000form.com/vendor/laravel/framework/src/Illuminate/Routing/Router.php(739): Illuminate/Routing/Router->dispatchToRoute(Object(Illuminate/Http/Request))
#35 C:/Git-folders/000form.com/vendor/laravel/framework/src/Illuminate/Foundation/Http/Kernel.php(201): Illuminate/Routing/Router->dispatch(Object(Illuminate/Http/Request))
#36 C:/Git-folders/000form.com/vendor/laravel/framework/src/Illuminate/Pipeline/Pipeline.php(170): Illuminate/Foundation/Http/Kernel->Illuminate/Foundation/Http/{closure}(Object(Illuminate/Http/Request))
#37 C:/Git-folders/000form.com/vendor/laravel/framework/src/Illuminate/Foundation/Http/Middleware/TransformsRequest.php(21): Illuminate/Pipeline/Pipeline->Illuminate/Pipeline/{closure}(Object(Illuminate/Http/Request))
#38 C:/Git-folders/000form.com/vendor/laravel/framework/src/Illuminate/Foundation/Http/Middleware/ConvertEmptyStringsToNull.php(31): Illuminate/Foundation/Http/Middleware/TransformsRequest->handle(Object(Illuminate/Http/Request), Object(Closure))
#39 C:/Git-folders/000form.com/vendor/laravel/framework/src/Illuminate/Pipeline/Pipeline.php(209): Illuminate/Foundation/Http/Middleware/ConvertEmptyStringsToNull->handle(Object(Illuminate/Http/Request), Object(Closure))
#40 C:/Git-folders/000form.com/vendor/laravel/framework/src/Illuminate/Foundation/Http/Middleware/TransformsRequest.php(21): Illuminate/Pipeline/Pipeline->Illuminate/Pipeline/{closure}(Object(Illuminate/Http/Request))
#41 C:/Git-folders/000form.com/vendor/laravel/framework/src/Illuminate/Foundation/Http/Middleware/TrimStrings.php(51): Illuminate/Foundation/Http/Middleware/TransformsRequest->handle(Object(Illuminate/Http/Request), Object(Closure))
#42 C:/Git-folders/000form.com/vendor/laravel/framework/src/Illuminate/Pipeline/Pipeline.php(209): Illuminate/Foundation/Http/Middleware/TrimStrings->handle(Object(Illuminate/Http/Request), Object(Closure))
#43 C:/Git-folders/000form.com/vendor/laravel/framework/src/Illuminate/Http/Middleware/ValidatePostSize.php(27): Illuminate/Pipeline/Pipeline->Illuminate/Pipeline/{closure}(Object(Illuminate/Http/Request))
#44 C:/Git-folders/000form.com/vendor/laravel/framework/src/Illuminate/Pipeline/Pipeline.php(209): Illuminate/Http/Middleware/ValidatePostSize->handle(Object(Illuminate/Http/Request), Object(Closure))
#45 C:/Git-folders/000form.com/vendor/laravel/framework/src/Illuminate/Foundation/Http/Middleware/PreventRequestsDuringMaintenance.php(110): Illuminate/Pipeline/Pipeline->Illuminate/Pipeline/{closure}(Object(Illuminate/Http/Request))
#46 C:/Git-folders/000form.com/vendor/laravel/framework/src/Illuminate/Pipeline/Pipeline.php(209): Illuminate/Foundation/Http/Middleware/PreventRequestsDuringMaintenance->handle(Object(Illuminate/Http/Request), Object(Closure))
#47 C:/Git-folders/000form.com/vendor/laravel/framework/src/Illuminate/Http/Middleware/HandleCors.php(49): Illuminate/Pipeline/Pipeline->Illuminate/Pipeline/{closure}(Object(Illuminate/Http/Request))
#48 C:/Git-folders/000form.com/vendor/laravel/framework/src/Illuminate/Pipeline/Pipeline.php(209): Illuminate/Http/Middleware/HandleCors->handle(Object(Illuminate/Http/Request), Object(Closure))
#49 C:/Git-folders/000form.com/vendor/laravel/framework/src/Illuminate/Http/Middleware/TrustProxies.php(58): Illuminate/Pipeline/Pipeline->Illuminate/Pipeline/{closure}(Object(Illuminate/Http/Request))
#50 C:/Git-folders/000form.com/vendor/laravel/framework/src/Illuminate/Pipeline/Pipeline.php(209): Illuminate/Http/Middleware/TrustProxies->handle(Object(Illuminate/Http/Request), Object(Closure))
#51 C:/Git-folders/000form.com/vendor/laravel/framework/src/Illuminate/Foundation/Http/Middleware/InvokeDeferredCallbacks.php(22): Illuminate/Pipeline/Pipeline->Illuminate/Pipeline/{closure}(Object(Illuminate/Http/Request))
#52 C:/Git-folders/000form.com/vendor/laravel/framework/src/Illuminate/Pipeline/Pipeline.php(209): Illuminate/Foundation/Http/Middleware/InvokeDeferredCallbacks->handle(Object(Illuminate/Http/Request), Object(Closure))
#53 C:/Git-folders/000form.com/vendor/laravel/framework/src/Illuminate/Pipeline/Pipeline.php(127): Illuminate/Pipeline/Pipeline->Illuminate/Pipeline/{closure}(Object(Illuminate/Http/Request))
#54 C:/Git-folders/000form.com/vendor/laravel/framework/src/Illuminate/Foundation/Http/Kernel.php(176): Illuminate/Pipeline/Pipeline->then(Object(Closure))
#55 C:/Git-folders/000form.com/vendor/laravel/framework/src/Illuminate/Foundation/Http/Kernel.php(145): Illuminate/Foundation/Http/Kernel->sendRequestThroughRouter(Object(Illuminate/Http/Request))
#56 C:/Git-folders/000form.com/vendor/laravel/framework/src/Illuminate/Foundation/Application.php(1220): Illuminate/Foundation/Http/Kernel->handle(Object(Illuminate/Http/Request))
#57 C:/Git-folders/000form.com/public/index.php(17): Illuminate/Foundation/Application->handleRequest(Object(Illuminate/Http/Request))
#58 C:/Git-folders/000form.com/vendor/laravel/framework/src/Illuminate/Foundation/resources/server.php(23): require_once('C://Git-folders//...')
#59 {main}

[previous exception] [object] (Error(code: 0): Class \"App\\Providers\\Auth\" not found at C:/Git-folders/000form.com/app/Providers/AppServiceProvider.php:37)
[stacktrace]
#0 C:/Git-folders/000form.com/vendor/laravel/framework/src/Illuminate/Events/Dispatcher.php(459): App/Providers/AppServiceProvider->App/Providers/{closure}(Object(Illuminate/View/View))
#1 C:/Git-folders/000form.com/vendor/laravel/framework/src/Illuminate/Events/Dispatcher.php(287): Illuminate/Events/Dispatcher->Illuminate/Events/{closure}('composing: layo...', Array)
#2 C:/Git-folders/000form.com/vendor/laravel/framework/src/Illuminate/Events/Dispatcher.php(267): Illuminate/Events/Dispatcher->invokeListeners('composing: layo...', Array, false)
#3 C:/Git-folders/000form.com/vendor/laravel/framework/src/Illuminate/View/Concerns/ManagesEvents.php(178): Illuminate/Events/Dispatcher->dispatch('composing: layo...', Array)
#4 C:/Git-folders/000form.com/vendor/laravel/framework/src/Illuminate/View/View.php(190): Illuminate/View/Factory->callComposer(Object(Illuminate/View/View))
#5 C:/Git-folders/000form.com/vendor/laravel/framework/src/Illuminate/View/View.php(161): Illuminate/View/View->renderContents()
#6 C:/Git-folders/000form.com/storage/framework/views/6091522e4344cb77987739bd6f9e27eb.php(620): Illuminate/View/View->render()
#7 C:/Git-folders/000form.com/vendor/laravel/framework/src/Illuminate/Filesystem/Filesystem.php(123): require('C://Git-folders//...')
#8 C:/Git-folders/000form.com/vendor/laravel/framework/src/Illuminate/Filesystem/Filesystem.php(124): Illuminate/Filesystem/Filesystem::Illuminate/Filesystem/{closure}()
#9 C:/Git-folders/000form.com/vendor/laravel/framework/src/Illuminate/View/Engines/PhpEngine.php(58): Illuminate/Filesystem/Filesystem->getRequire('C://Git-folders//...', Array)
#10 C:/Git-folders/000form.com/vendor/laravel/framework/src/Illuminate/View/Engines/CompilerEngine.php(75): Illuminate/View/Engines/PhpEngine->evaluatePath('C://Git-folders//...', Array)
#11 C:/Git-folders/000form.com/vendor/laravel/framework/src/Illuminate/View/View.php(209): Illuminate/View/Engines/CompilerEngine->get('C://Git-folders//...', Array)
#12 C:/Git-folders/000form.com/vendor/laravel/framework/src/Illuminate/View/View.php(192): Illuminate/View/View->getContents()
#13 C:/Git-folders/000form.com/vendor/laravel/framework/src/Illuminate/View/View.php(161): Illuminate/View/View->renderContents()
#14 C:/Git-folders/000form.com/vendor/laravel/framework/src/Illuminate/Http/Response.php(79): Illuminate/View/View->render()
#15 C:/Git-folders/000form.com/vendor/laravel/framework/src/Illuminate/Http/Response.php(35): Illuminate/Http/Response->setContent(Object(Illuminate/View/View))
#16 C:/Git-folders/000form.com/vendor/laravel/framework/src/Illuminate/Routing/Router.php(920): Illuminate/Http/Response->__construct(Object(Illuminate/View/View), 200, Array)
#17 C:/Git-folders/000form.com/vendor/laravel/framework/src/Illuminate/Routing/Router.php(887): Illuminate/Routing/Router::toResponse(Object(Illuminate/Http/Request), Object(Illuminate/View/View))
#18 C:/Git-folders/000form.com/vendor/laravel/framework/src/Illuminate/Routing/Router.php(807): Illuminate/Routing/Router->prepareResponse(Object(Illuminate/Http/Request), Object(Illuminate/View/View))
#19 C:/Git-folders/000form.com/vendor/laravel/framework/src/Illuminate/Pipeline/Pipeline.php(170): Illuminate/Routing/Router->Illuminate/Routing/{closure}(Object(Illuminate/Http/Request))
#20 C:/Git-folders/000form.com/app/Http/Middleware/SetActiveWorkspace.php(98): Illuminate/Pipeline/Pipeline->Illuminate/Pipeline/{closure}(Object(Illuminate/Http/Request))
#21 C:/Git-folders/000form.com/vendor/laravel/framework/src/Illuminate/Pipeline/Pipeline.php(209): App/Http/Middleware/SetActiveWorkspace->handle(Object(Illuminate/Http/Request), Object(Closure))
#22 C:/Git-folders/000form.com/app/Http/Middleware/SupabaseAuthMiddleware.php(52): Illuminate/Pipeline/Pipeline->Illuminate/Pipeline/{closure}(Object(Illuminate/Http/Request))
#23 C:/Git-folders/000form.com/vendor/laravel/framework/src/Illuminate/Pipeline/Pipeline.php(209): App/Http/Middleware/SupabaseAuthMiddleware->handle(Object(Illuminate/Http/Request), Object(Closure))
#24 C:/Git-folders/000form.com/vendor/laravel/framework/src/Illuminate/Routing/Middleware/SubstituteBindings.php(51): Illuminate/Pipeline/Pipeline->Illuminate/Pipeline/{closure}(Object(Illuminate/Http/Request))
#25 C:/Git-folders/000form.com/vendor/laravel/framework/src/Illuminate/Pipeline/Pipeline.php(209): Illuminate/Routing/Middleware/SubstituteBindings->handle(Object(Illuminate/Http/Request), Object(Closure))
#26 C:/Git-folders/000form.com/vendor/laravel/framework/src/Illuminate/Auth/Middleware/Authenticate.php(64): Illuminate/Pipeline/Pipeline->Illuminate/Pipeline/{closure}(Object(Illuminate/Http/Request))
#27 C:/Git-folders/000form.com/vendor/laravel/framework/src/Illuminate/Pipeline/Pipeline.php(209): Illuminate/Auth/Middleware/Authenticate->handle(Object(Illuminate/Http/Request), Object(Closure))
#28 C:/Git-folders/000form.com/vendor/laravel/framework/src/Illuminate/Foundation/Http/Middleware/VerifyCsrfToken.php(88): Illuminate/Pipeline/Pipeline->Illuminate/Pipeline/{closure}(Object(Illuminate/Http/Request))
#29 C:/Git-folders/000form.com/vendor/laravel/framework/src/Illuminate/Pipeline/Pipeline.php(209): Illuminate/Foundation/Http/Middleware/VerifyCsrfToken->handle(Object(Illuminate/Http/Request), Object(Closure))
#30 C:/Git-folders/000form.com/vendor/laravel/framework/src/Illuminate/View/Middleware/ShareErrorsFromSession.php(49): Illuminate/Pipeline/Pipeline->Illuminate/Pipeline/{closure}(Object(Illuminate/Http/Request))
#31 C:/Git-folders/000form.com/vendor/laravel/framework/src/Illuminate/Pipeline/Pipeline.php(209): Illuminate/View/Middleware/ShareErrorsFromSession->handle(Object(Illuminate/Http/Request), Object(Closure))
#32 C:/Git-folders/000form.com/vendor/laravel/framework/src/Illuminate/Session/Middleware/StartSession.php(121): Illuminate/Pipeline/Pipeline->Illuminate/Pipeline/{closure}(Object(Illuminate/Http/Request))
#33 C:/Git-folders/000form.com/vendor/laravel/framework/src/Illuminate/Session/Middleware/StartSession.php(64): Illuminate/Session/Middleware/StartSession->handleStatefulRequest(Object(Illuminate/Http/Request), Object(Illuminate/Session/Store), Object(Closure))
#34 C:/Git-folders/000form.com/vendor/laravel/framework/src/Illuminate/Pipeline/Pipeline.php(209): Illuminate/Session/Middleware/StartSession->handle(Object(Illuminate/Http/Request), Object(Closure))
#35 C:/Git-folders/000form.com/vendor/laravel/framework/src/Illuminate/Cookie/Middleware/AddQueuedCookiesToResponse.php(37): Illuminate/Pipeline/Pipeline->Illuminate/Pipeline/{closure}(Object(Illuminate/Http/Request))
#36 C:/Git-folders/000form.com/vendor/laravel/framework/src/Illuminate/Pipeline/Pipeline.php(209): Illuminate/Cookie/Middleware/AddQueuedCookiesToResponse->handle(Object(Illuminate/Http/Request), Object(Closure))
#37 C:/Git-folders/000form.com/vendor/laravel/framework/src/Illuminate/Cookie/Middleware/EncryptCookies.php(75): Illuminate/Pipeline/Pipeline->Illuminate/Pipeline/{closure}(Object(Illuminate/Http/Request))
#38 C:/Git-folders/000form.com/vendor/laravel/framework/src/Illuminate/Pipeline/Pipeline.php(209): Illuminate/Cookie/Middleware/EncryptCookies->handle(Object(Illuminate/Http/Request), Object(Closure))
#39 C:/Git-folders/000form.com/vendor/laravel/framework/src/Illuminate/Pipeline/Pipeline.php(127): Illuminate/Pipeline/Pipeline->Illuminate/Pipeline/{closure}(Object(Illuminate/Http/Request))
#40 C:/Git-folders/000form.com/vendor/laravel/framework/src/Illuminate/Routing/Router.php(807): Illuminate/Pipeline/Pipeline->then(Object(Closure))
#41 C:/Git-folders/000form.com/vendor/laravel/framework/src/Illuminate/Routing/Router.php(786): Illuminate/Routing/Router->runRouteWithinStack(Object(Illuminate/Routing/Route), Object(Illuminate/Http/Request))
#42 C:/Git-folders/000form.com/vendor/laravel/framework/src/Illuminate/Routing/Router.php(750): Illuminate/Routing/Router->runRoute(Object(Illuminate/Http/Request), Object(Illuminate/Routing/Route))
#43 C:/Git-folders/000form.com/vendor/laravel/framework/src/Illuminate/Routing/Router.php(739): Illuminate/Routing/Router->dispatchToRoute(Object(Illuminate/Http/Request))
#44 C:/Git-folders/000form.com/vendor/laravel/framework/src/Illuminate/Foundation/Http/Kernel.php(201): Illuminate/Routing/Router->dispatch(Object(Illuminate/Http/Request))
#45 C:/Git-folders/000form.com/vendor/laravel/framework/src/Illuminate/Pipeline/Pipeline.php(170): Illuminate/Foundation/Http/Kernel->Illuminate/Foundation/Http/{closure}(Object(Illuminate/Http/Request))
#46 C:/Git-folders/000form.com/vendor/laravel/framework/src/Illuminate/Foundation/Http/Middleware/TransformsRequest.php(21): Illuminate/Pipeline/Pipeline->Illuminate/Pipeline/{closure}(Object(Illuminate/Http/Request))
#47 C:/Git-folders/000form.com/vendor/laravel/framework/src/Illuminate/Foundation/Http/Middleware/ConvertEmptyStringsToNull.php(31): Illuminate/Foundation/Http/Middleware/TransformsRequest->handle(Object(Illuminate/Http/Request), Object(Closure))
#48 C:/Git-folders/000form.com/vendor/laravel/framework/src/Illuminate/Pipeline/Pipeline.php(209): Illuminate/Foundation/Http/Middleware/ConvertEmptyStringsToNull->handle(Object(Illuminate/Http/Request), Object(Closure))
#49 C:/Git-folders/000form.com/vendor/laravel/framework/src/Illuminate/Foundation/Http/Middleware/TransformsRequest.php(21): Illuminate/Pipeline/Pipeline->Illuminate/Pipeline/{closure}(Object(Illuminate/Http/Request))
#50 C:/Git-folders/000form.com/vendor/laravel/framework/src/Illuminate/Foundation/Http/Middleware/TrimStrings.php(51): Illuminate/Foundation/Http/Middleware/TransformsRequest->handle(Object(Illuminate/Http/Request), Object(Closure))
#51 C:/Git-folders/000form.com/vendor/laravel/framework/src/Illuminate/Pipeline/Pipeline.php(209): Illuminate/Foundation/Http/Middleware/TrimStrings->handle(Object(Illuminate/Http/Request), Object(Closure))
#52 C:/Git-folders/000form.com/vendor/laravel/framework/src/Illuminate/Http/Middleware/ValidatePostSize.php(27): Illuminate/Pipeline/Pipeline->Illuminate/Pipeline/{closure}(Object(Illuminate/Http/Request))
#53 C:/Git-folders/000form.com/vendor/laravel/framework/src/Illuminate/Pipeline/Pipeline.php(209): Illuminate/Http/Middleware/ValidatePostSize->handle(Object(Illuminate/Http/Request), Object(Closure))
#54 C:/Git-folders/000form.com/vendor/laravel/framework/src/Illuminate/Foundation/Http/Middleware/PreventRequestsDuringMaintenance.php(110): Illuminate/Pipeline/Pipeline->Illuminate/Pipeline/{closure}(Object(Illuminate/Http/Request))
#55 C:/Git-folders/000form.com/vendor/laravel/framework/src/Illuminate/Pipeline/Pipeline.php(209): Illuminate/Foundation/Http/Middleware/PreventRequestsDuringMaintenance->handle(Object(Illuminate/Http/Request), Object(Closure))
#56 C:/Git-folders/000form.com/vendor/laravel/framework/src/Illuminate/Http/Middleware/HandleCors.php(49): Illuminate/Pipeline/Pipeline->Illuminate/Pipeline/{closure}(Object(Illuminate/Http/Request))
#57 C:/Git-folders/000form.com/vendor/laravel/framework/src/Illuminate/Pipeline/Pipeline.php(209): Illuminate/Http/Middleware/HandleCors->handle(Object(Illuminate/Http/Request), Object(Closure))
#58 C:/Git-folders/000form.com/vendor/laravel/framework/src/Illuminate/Http/Middleware/TrustProxies.php(58): Illuminate/Pipeline/Pipeline->Illuminate/Pipeline/{closure}(Object(Illuminate/Http/Request))
#59 C:/Git-folders/000form.com/vendor/laravel/framework/src/Illuminate/Pipeline/Pipeline.php(209): Illuminate/Http/Middleware/TrustProxies->handle(Object(Illuminate/Http/Request), Object(Closure))
#60 C:/Git-folders/000form.com/vendor/laravel/framework/src/Illuminate/Foundation/Http/Middleware/InvokeDeferredCallbacks.php(22): Illuminate/Pipeline/Pipeline->Illuminate/Pipeline/{closure}(Object(Illuminate/Http/Request))
#61 C:/Git-folders/000form.com/vendor/laravel/framework/src/Illuminate/Pipeline/Pipeline.php(209): Illuminate/Foundation/Http/Middleware/InvokeDeferredCallbacks->handle(Object(Illuminate/Http/Request), Object(Closure))
#62 C:/Git-folders/000form.com/vendor/laravel/framework/src/Illuminate/Pipeline/Pipeline.php(127): Illuminate/Pipeline/Pipeline->Illuminate/Pipeline/{closure}(Object(Illuminate/Http/Request))
#63 C:/Git-folders/000form.com/vendor/laravel/framework/src/Illuminate/Foundation/Http/Kernel.php(176): Illuminate/Pipeline/Pipeline->then(Object(Closure))
#64 C:/Git-folders/000form.com/vendor/laravel/framework/src/Illuminate/Foundation/Http/Kernel.php(145): Illuminate/Foundation/Http/Kernel->sendRequestThroughRouter(Object(Illuminate/Http/Request))
#65 C:/Git-folders/000form.com/vendor/laravel/framework/src/Illuminate/Foundation/Application.php(1220): Illuminate/Foundation/Http/Kernel->handle(Object(Illuminate/Http/Request))
#66 C:/Git-folders/000form.com/public/index.php(17): Illuminate/Foundation/Application->handleRequest(Object(Illuminate/Http/Request))
#67 C:/Git-folders/000form.com/vendor/laravel/framework/src/Illuminate/Foundation/resources/server.php(23): require_once('C://Git-folders//...')
#68 {main}
"} 
[2026-04-21 11:06:01] local.ERROR: JWT verification error: Incorrect key for this algorithm  
[2026-04-21 11:11:01] local.ERROR: JWT verification error: Incorrect key for this algorithm  
[2026-04-21 11:11:22] local.ERROR: JWT verification error: Incorrect key for this algorithm  
[2026-04-21 11:12:12] local.ERROR: JWT verification error: Incorrect key for this algorithm  
[2026-04-21 11:13:22] local.ERROR: JWT verification error: Incorrect key for this algorithm  
[2026-04-21 11:16:43] local.ERROR: JWT verification error: Incorrect key for this algorithm  
[2026-04-21 11:17:40] local.ERROR: JWT verification error: Incorrect key for this algorithm  
[2026-04-21 11:18:02] local.ERROR: JWT verification error: Incorrect key for this algorithm  
[2026-04-21 11:21:22] local.ERROR: JWT verification error: Incorrect key for this algorithm  
[2026-04-21 11:21:33] local.ERROR: JWT verification error: Incorrect key for this algorithm  
[2026-04-21 11:21:44] local.ERROR: JWT verification error: Incorrect key for this algorithm  
[2026-04-21 11:22:01] local.ERROR: JWT verification error: Incorrect key for this algorithm  
[2026-04-21 11:24:44] local.ERROR: JWT verification error: Incorrect key for this algorithm  
[2026-04-21 11:24:50] local.ERROR: JWT verification error: Incorrect key for this algorithm  
[2026-04-21 11:24:54] local.ERROR: JWT verification error: Incorrect key for this algorithm  
[2026-04-21 11:27:00] local.ERROR: JWT verification error: Incorrect key for this algorithm  
[2026-04-21 11:27:06] local.ERROR: JWT verification error: Incorrect key for this algorithm  
[2026-04-21 11:27:16] local.ERROR: JWT verification error: Incorrect key for this algorithm  
[2026-04-21 11:28:21] local.ERROR: JWT verification error: Incorrect key for this algorithm  
[2026-04-21 11:28:36] local.ERROR: JWT verification error: Incorrect key for this algorithm  
[2026-04-21 11:28:44] local.ERROR: JWT verification error: Incorrect key for this algorithm  
[2026-04-21 11:29:12] local.ERROR: Maximum execution time of 30 seconds exceeded {"userId":"1bde17a0-4b99-4ef5-b278-4e902f1717fe","exception":"[object] (Symfony\\Component\\ErrorHandler\\Error\\FatalError(code: 0): Maximum execution time of 30 seconds exceeded at C:/Git-folders/000form.com/vendor/laravel/framework/src/Illuminate/Database/Connection.php:414)
[stacktrace]
#0 {main}
"} 
[2026-04-21 11:29:24] local.ERROR: JWT verification error: Incorrect key for this algorithm  
[2026-04-21 11:29:44] local.ERROR: JWT verification error: Incorrect key for this algorithm  
[2026-04-21 11:29:55] local.ERROR: JWT verification error: Incorrect key for this algorithm  
[2026-04-21 11:31:49] local.ERROR: JWT verification error: Incorrect key for this algorithm  
[2026-04-21 11:31:59] local.ERROR: JWT verification error: Incorrect key for this algorithm  
[2026-04-21 11:33:49] local.ERROR: JWT verification error: Incorrect key for this algorithm  
[2026-04-21 11:33:59] local.ERROR: JWT verification error: Incorrect key for this algorithm  
[2026-04-21 11:34:12] local.ERROR: JWT verification error: Incorrect key for this algorithm  
[2026-04-21 11:34:35] local.ERROR: JWT verification error: Incorrect key for this algorithm  
[2026-04-21 11:34:39] local.ERROR: JWT verification error: Incorrect key for this algorithm  
[2026-04-21 11:34:49] local.ERROR: JWT verification error: Incorrect key for this algorithm  
[2026-04-21 11:35:07] local.ERROR: JWT verification error: Incorrect key for this algorithm  
[2026-04-21 11:35:10] local.ERROR: JWT verification error: Incorrect key for this algorithm  
[2026-04-21 11:35:20] local.ERROR: JWT verification error: Incorrect key for this algorithm  
[2026-04-21 11:35:39] local.ERROR: JWT verification error: Incorrect key for this algorithm  
[2026-04-21 11:35:41] local.ERROR: JWT verification error: Incorrect key for this algorithm  
[2026-04-21 11:45:26] local.ERROR: JWT verification error: Incorrect key for this algorithm  
[2026-04-21 11:46:55] local.ERROR: JWT verification error: Incorrect key for this algorithm  
[2026-04-21 11:47:27] local.ERROR: JWT verification error: Incorrect key for this algorithm  
[2026-04-21 11:47:46] local.ERROR: JWT verification error: Incorrect key for this algorithm  
[2026-04-21 11:48:06] local.ERROR: JWT verification error: Incorrect key for this algorithm  
[2026-04-21 11:48:54] local.ERROR: JWT verification error: Incorrect key for this algorithm  
[2026-04-21 11:50:40] local.ERROR: JWT verification error: Incorrect key for this algorithm  
[2026-04-21 11:57:39] local.ERROR: JWT verification error: Incorrect key for this algorithm  
[2026-04-21 11:58:47] local.ERROR: JWT verification error: Incorrect key for this algorithm  
[2026-04-21 11:59:16] local.ERROR: JWT verification error: Incorrect key for this algorithm  
[2026-04-21 12:01:34] local.ERROR: JWT verification error: Incorrect key for this algorithm  
[2026-04-21 12:04:39] local.ERROR: JWT verification error: Incorrect key for this algorithm  
[2026-04-21 12:05:04] local.ERROR: JWT verification error: Incorrect key for this algorithm  
[2026-04-21 12:06:23] local.ERROR: JWT verification error: Incorrect key for this algorithm  
[2026-04-21 12:14:20] local.ERROR: JWT verification error: Incorrect key for this algorithm  
[2026-04-21 12:15:04] local.ERROR: JWT verification error: Incorrect key for this algorithm  
[2026-04-21 12:15:25] local.ERROR: JWT verification error: Incorrect key for this algorithm  
[2026-04-21 12:16:07] local.ERROR: JWT verification error: Incorrect key for this algorithm  
[2026-04-21 12:16:30] local.ERROR: JWT verification error: Incorrect key for this algorithm  
[2026-04-21 12:17:33] local.ERROR: JWT verification error: Incorrect key for this algorithm  
[2026-04-21 12:19:39] local.ERROR: JWT verification error: Incorrect key for this algorithm  
[2026-04-21 12:21:49] local.ERROR: JWT verification error: Incorrect key for this algorithm  
[2026-04-21 12:26:35] local.ERROR: JWT verification error: Incorrect key for this algorithm  
[2026-04-21 12:27:30] local.ERROR: JWT verification error: Incorrect key for this algorithm  
[2026-04-21 12:28:06] local.ERROR: JWT verification error: Incorrect key for this algorithm  
[2026-04-21 12:28:11] local.ERROR: JWT verification error: Incorrect key for this algorithm  
[2026-04-21 12:30:45] local.ERROR: JWT verification error: Incorrect key for this algorithm  
[2026-04-21 12:31:47] local.ERROR: JWT verification error: Incorrect key for this algorithm  
[2026-04-21 12:33:12] local.ERROR: JWT verification error: Incorrect key for this algorithm  
[2026-04-21 12:42:26] local.ERROR: JWT verification error: Incorrect key for this algorithm  
[2026-04-21 12:43:00] local.ERROR: JWT verification error: Incorrect key for this algorithm  
[2026-04-21 12:49:27] local.ERROR: JWT verification error: Incorrect key for this algorithm  
