[2026-04-10 06:32:27] production.INFO: Playground: verification email sent {"email":"tsaklani2drish@gmail.com"} 
[2026-04-10 06:32:50] production.INFO: Playground: email verified permanently {"email":"tsaklani2drish@gmail.com"} 
[2026-04-10 06:32:50] production.ERROR: Undefined variable $recipientEmail (View: /var/www/html/000form/resources/views/pages/playground-verify-result.blade.php) {"exception":"[object] (Illuminate\\View\\ViewException(code: 0): Undefined variable $recipientEmail (View: /var/www/html/000form/resources/views/pages/playground-verify-result.blade.php) at /var/www/html/000form/storage/framework/views/3c3d4d9a866ecffd11de207227d54e6d.php:59)
[stacktrace]
#0 /var/www/html/000form/vendor/laravel/framework/src/Illuminate/View/Engines/PhpEngine.php(60): Illuminate\\View\\Engines\\CompilerEngine->handleViewException()
#1 /var/www/html/000form/vendor/laravel/framework/src/Illuminate/View/Engines/CompilerEngine.php(75): Illuminate\\View\\Engines\\PhpEngine->evaluatePath()
#2 /var/www/html/000form/vendor/laravel/framework/src/Illuminate/View/View.php(209): Illuminate\\View\\Engines\\CompilerEngine->get()
#3 /var/www/html/000form/vendor/laravel/framework/src/Illuminate/View/View.php(192): Illuminate\\View\\View->getContents()
#4 /var/www/html/000form/vendor/laravel/framework/src/Illuminate/View/View.php(161): Illuminate\\View\\View->renderContents()
#5 /var/www/html/000form/vendor/laravel/framework/src/Illuminate/Http/Response.php(79): Illuminate\\View\\View->render()
#6 /var/www/html/000form/vendor/laravel/framework/src/Illuminate/Http/Response.php(35): Illuminate\\Http\\Response->setContent()
#7 /var/www/html/000form/vendor/laravel/framework/src/Illuminate/Routing/Router.php(920): Illuminate\\Http\\Response->__construct()
#8 /var/www/html/000form/vendor/laravel/framework/src/Illuminate/Routing/Router.php(887): Illuminate\\Routing\\Router::toResponse()
#9 /var/www/html/000form/vendor/laravel/framework/src/Illuminate/Routing/Router.php(807): Illuminate\\Routing\\Router->prepareResponse()
#10 /var/www/html/000form/vendor/laravel/framework/src/Illuminate/Pipeline/Pipeline.php(170): Illuminate\\Routing\\Router->Illuminate\\Routing\\{closure}()
#11 /var/www/html/000form/app/Http/Middleware/SetActiveWorkspace.php(98): Illuminate\\Pipeline\\Pipeline->Illuminate\\Pipeline\\{closure}()
#12 /var/www/html/000form/vendor/laravel/framework/src/Illuminate/Pipeline/Pipeline.php(209): App\\Http\\Middleware\\SetActiveWorkspace->handle()
#13 /var/www/html/000form/app/Http/Middleware/SupabaseAuthMiddleware.php(30): Illuminate\\Pipeline\\Pipeline->Illuminate\\Pipeline\\{closure}()
#14 /var/www/html/000form/vendor/laravel/framework/src/Illuminate/Pipeline/Pipeline.php(209): App\\Http\\Middleware\\SupabaseAuthMiddleware->handle()
#15 /var/www/html/000form/vendor/laravel/framework/src/Illuminate/Routing/Middleware/SubstituteBindings.php(51): Illuminate\\Pipeline\\Pipeline->Illuminate\\Pipeline\\{closure}()
#16 /var/www/html/000form/vendor/laravel/framework/src/Illuminate/Pipeline/Pipeline.php(209): Illuminate\\Routing\\Middleware\\SubstituteBindings->handle()
#17 /var/www/html/000form/vendor/laravel/framework/src/Illuminate/Foundation/Http/Middleware/VerifyCsrfToken.php(88): Illuminate\\Pipeline\\Pipeline->Illuminate\\Pipeline\\{closure}()
#18 /var/www/html/000form/vendor/laravel/framework/src/Illuminate/Pipeline/Pipeline.php(209): Illuminate\\Foundation\\Http\\Middleware\\VerifyCsrfToken->handle()
#19 /var/www/html/000form/vendor/laravel/framework/src/Illuminate/View/Middleware/ShareErrorsFromSession.php(49): Illuminate\\Pipeline\\Pipeline->Illuminate\\Pipeline\\{closure}()
#20 /var/www/html/000form/vendor/laravel/framework/src/Illuminate/Pipeline/Pipeline.php(209): Illuminate\\View\\Middleware\\ShareErrorsFromSession->handle()
#21 /var/www/html/000form/vendor/laravel/framework/src/Illuminate/Session/Middleware/StartSession.php(121): Illuminate\\Pipeline\\Pipeline->Illuminate\\Pipeline\\{closure}()
#22 /var/www/html/000form/vendor/laravel/framework/src/Illuminate/Session/Middleware/StartSession.php(64): Illuminate\\Session\\Middleware\\StartSession->handleStatefulRequest()
#23 /var/www/html/000form/vendor/laravel/framework/src/Illuminate/Pipeline/Pipeline.php(209): Illuminate\\Session\\Middleware\\StartSession->handle()
#24 /var/www/html/000form/vendor/laravel/framework/src/Illuminate/Cookie/Middleware/AddQueuedCookiesToResponse.php(37): Illuminate\\Pipeline\\Pipeline->Illuminate\\Pipeline\\{closure}()
#25 /var/www/html/000form/vendor/laravel/framework/src/Illuminate/Pipeline/Pipeline.php(209): Illuminate\\Cookie\\Middleware\\AddQueuedCookiesToResponse->handle()
#26 /var/www/html/000form/vendor/laravel/framework/src/Illuminate/Cookie/Middleware/EncryptCookies.php(75): Illuminate\\Pipeline\\Pipeline->Illuminate\\Pipeline\\{closure}()
#27 /var/www/html/000form/vendor/laravel/framework/src/Illuminate/Pipeline/Pipeline.php(209): Illuminate\\Cookie\\Middleware\\EncryptCookies->handle()
#28 /var/www/html/000form/vendor/laravel/framework/src/Illuminate/Pipeline/Pipeline.php(127): Illuminate\\Pipeline\\Pipeline->Illuminate\\Pipeline\\{closure}()
#29 /var/www/html/000form/vendor/laravel/framework/src/Illuminate/Routing/Router.php(807): Illuminate\\Pipeline\\Pipeline->then()
#30 /var/www/html/000form/vendor/laravel/framework/src/Illuminate/Routing/Router.php(786): Illuminate\\Routing\\Router->runRouteWithinStack()
#31 /var/www/html/000form/vendor/laravel/framework/src/Illuminate/Routing/Router.php(750): Illuminate\\Routing\\Router->runRoute()
#32 /var/www/html/000form/vendor/laravel/framework/src/Illuminate/Routing/Router.php(739): Illuminate\\Routing\\Router->dispatchToRoute()
#33 /var/www/html/000form/vendor/laravel/framework/src/Illuminate/Foundation/Http/Kernel.php(201): Illuminate\\Routing\\Router->dispatch()
#34 /var/www/html/000form/vendor/laravel/framework/src/Illuminate/Pipeline/Pipeline.php(170): Illuminate\\Foundation\\Http\\Kernel->Illuminate\\Foundation\\Http\\{closure}()
#35 /var/www/html/000form/vendor/laravel/framework/src/Illuminate/Foundation/Http/Middleware/TransformsRequest.php(21): Illuminate\\Pipeline\\Pipeline->Illuminate\\Pipeline\\{closure}()
#36 /var/www/html/000form/vendor/laravel/framework/src/Illuminate/Foundation/Http/Middleware/ConvertEmptyStringsToNull.php(31): Illuminate\\Foundation\\Http\\Middleware\\TransformsRequest->handle()
#37 /var/www/html/000form/vendor/laravel/framework/src/Illuminate/Pipeline/Pipeline.php(209): Illuminate\\Foundation\\Http\\Middleware\\ConvertEmptyStringsToNull->handle()
#38 /var/www/html/000form/vendor/laravel/framework/src/Illuminate/Foundation/Http/Middleware/TransformsRequest.php(21): Illuminate\\Pipeline\\Pipeline->Illuminate\\Pipeline\\{closure}()
#39 /var/www/html/000form/vendor/laravel/framework/src/Illuminate/Foundation/Http/Middleware/TrimStrings.php(51): Illuminate\\Foundation\\Http\\Middleware\\TransformsRequest->handle()
#40 /var/www/html/000form/vendor/laravel/framework/src/Illuminate/Pipeline/Pipeline.php(209): Illuminate\\Foundation\\Http\\Middleware\\TrimStrings->handle()
#41 /var/www/html/000form/vendor/laravel/framework/src/Illuminate/Http/Middleware/ValidatePostSize.php(27): Illuminate\\Pipeline\\Pipeline->Illuminate\\Pipeline\\{closure}()
#42 /var/www/html/000form/vendor/laravel/framework/src/Illuminate/Pipeline/Pipeline.php(209): Illuminate\\Http\\Middleware\\ValidatePostSize->handle()
#43 /var/www/html/000form/vendor/laravel/framework/src/Illuminate/Foundation/Http/Middleware/PreventRequestsDuringMaintenance.php(110): Illuminate\\Pipeline\\Pipeline->Illuminate\\Pipeline\\{closure}()
#44 /var/www/html/000form/vendor/laravel/framework/src/Illuminate/Pipeline/Pipeline.php(209): Illuminate\\Foundation\\Http\\Middleware\\PreventRequestsDuringMaintenance->handle()
#45 /var/www/html/000form/vendor/laravel/framework/src/Illuminate/Http/Middleware/HandleCors.php(49): Illuminate\\Pipeline\\Pipeline->Illuminate\\Pipeline\\{closure}()
#46 /var/www/html/000form/vendor/laravel/framework/src/Illuminate/Pipeline/Pipeline.php(209): Illuminate\\Http\\Middleware\\HandleCors->handle()
#47 /var/www/html/000form/vendor/laravel/framework/src/Illuminate/Http/Middleware/TrustProxies.php(58): Illuminate\\Pipeline\\Pipeline->Illuminate\\Pipeline\\{closure}()
#48 /var/www/html/000form/vendor/laravel/framework/src/Illuminate/Pipeline/Pipeline.php(209): Illuminate\\Http\\Middleware\\TrustProxies->handle()
#49 /var/www/html/000form/vendor/laravel/framework/src/Illuminate/Foundation/Http/Middleware/InvokeDeferredCallbacks.php(22): Illuminate\\Pipeline\\Pipeline->Illuminate\\Pipeline\\{closure}()
#50 /var/www/html/000form/vendor/laravel/framework/src/Illuminate/Pipeline/Pipeline.php(209): Illuminate\\Foundation\\Http\\Middleware\\InvokeDeferredCallbacks->handle()
#51 /var/www/html/000form/vendor/laravel/framework/src/Illuminate/Pipeline/Pipeline.php(127): Illuminate\\Pipeline\\Pipeline->Illuminate\\Pipeline\\{closure}()
#52 /var/www/html/000form/vendor/laravel/framework/src/Illuminate/Foundation/Http/Kernel.php(176): Illuminate\\Pipeline\\Pipeline->then()
#53 /var/www/html/000form/vendor/laravel/framework/src/Illuminate/Foundation/Http/Kernel.php(145): Illuminate\\Foundation\\Http\\Kernel->sendRequestThroughRouter()
#54 /var/www/html/000form/vendor/laravel/framework/src/Illuminate/Foundation/Application.php(1220): Illuminate\\Foundation\\Http\\Kernel->handle()
#55 /var/www/html/000form/public/index.php(17): Illuminate\\Foundation\\Application->handleRequest()
#56 {main}

[previous exception] [object] (ErrorException(code: 0): Undefined variable $recipientEmail at /var/www/html/000form/storage/framework/views/3c3d4d9a866ecffd11de207227d54e6d.php:59)
[stacktrace]
#0 /var/www/html/000form/vendor/laravel/framework/src/Illuminate/Foundation/Bootstrap/HandleExceptions.php(258): Illuminate\\Foundation\\Bootstrap\\HandleExceptions->handleError()
#1 /var/www/html/000form/storage/framework/views/3c3d4d9a866ecffd11de207227d54e6d.php(59): Illuminate\\Foundation\\Bootstrap\\HandleExceptions->Illuminate\\Foundation\\Bootstrap\\{closure}()
#2 /var/www/html/000form/vendor/laravel/framework/src/Illuminate/Filesystem/Filesystem.php(123): require('...')
#3 /var/www/html/000form/vendor/laravel/framework/src/Illuminate/Filesystem/Filesystem.php(124): Illuminate\\Filesystem\\Filesystem::Illuminate\\Filesystem\\{closure}()
#4 /var/www/html/000form/vendor/laravel/framework/src/Illuminate/View/Engines/PhpEngine.php(58): Illuminate\\Filesystem\\Filesystem->getRequire()
#5 /var/www/html/000form/vendor/laravel/framework/src/Illuminate/View/Engines/CompilerEngine.php(75): Illuminate\\View\\Engines\\PhpEngine->evaluatePath()
#6 /var/www/html/000form/vendor/laravel/framework/src/Illuminate/View/View.php(209): Illuminate\\View\\Engines\\CompilerEngine->get()
#7 /var/www/html/000form/vendor/laravel/framework/src/Illuminate/View/View.php(192): Illuminate\\View\\View->getContents()
#8 /var/www/html/000form/vendor/laravel/framework/src/Illuminate/View/View.php(161): Illuminate\\View\\View->renderContents()
#9 /var/www/html/000form/vendor/laravel/framework/src/Illuminate/Http/Response.php(79): Illuminate\\View\\View->render()
#10 /var/www/html/000form/vendor/laravel/framework/src/Illuminate/Http/Response.php(35): Illuminate\\Http\\Response->setContent()
#11 /var/www/html/000form/vendor/laravel/framework/src/Illuminate/Routing/Router.php(920): Illuminate\\Http\\Response->__construct()
#12 /var/www/html/000form/vendor/laravel/framework/src/Illuminate/Routing/Router.php(887): Illuminate\\Routing\\Router::toResponse()
#13 /var/www/html/000form/vendor/laravel/framework/src/Illuminate/Routing/Router.php(807): Illuminate\\Routing\\Router->prepareResponse()
#14 /var/www/html/000form/vendor/laravel/framework/src/Illuminate/Pipeline/Pipeline.php(170): Illuminate\\Routing\\Router->Illuminate\\Routing\\{closure}()
#15 /var/www/html/000form/app/Http/Middleware/SetActiveWorkspace.php(98): Illuminate\\Pipeline\\Pipeline->Illuminate\\Pipeline\\{closure}()
#16 /var/www/html/000form/vendor/laravel/framework/src/Illuminate/Pipeline/Pipeline.php(209): App\\Http\\Middleware\\SetActiveWorkspace->handle()
#17 /var/www/html/000form/app/Http/Middleware/SupabaseAuthMiddleware.php(30): Illuminate\\Pipeline\\Pipeline->Illuminate\\Pipeline\\{closure}()
#18 /var/www/html/000form/vendor/laravel/framework/src/Illuminate/Pipeline/Pipeline.php(209): App\\Http\\Middleware\\SupabaseAuthMiddleware->handle()
#19 /var/www/html/000form/vendor/laravel/framework/src/Illuminate/Routing/Middleware/SubstituteBindings.php(51): Illuminate\\Pipeline\\Pipeline->Illuminate\\Pipeline\\{closure}()
#20 /var/www/html/000form/vendor/laravel/framework/src/Illuminate/Pipeline/Pipeline.php(209): Illuminate\\Routing\\Middleware\\SubstituteBindings->handle()
#21 /var/www/html/000form/vendor/laravel/framework/src/Illuminate/Foundation/Http/Middleware/VerifyCsrfToken.php(88): Illuminate\\Pipeline\\Pipeline->Illuminate\\Pipeline\\{closure}()
#22 /var/www/html/000form/vendor/laravel/framework/src/Illuminate/Pipeline/Pipeline.php(209): Illuminate\\Foundation\\Http\\Middleware\\VerifyCsrfToken->handle()
#23 /var/www/html/000form/vendor/laravel/framework/src/Illuminate/View/Middleware/ShareErrorsFromSession.php(49): Illuminate\\Pipeline\\Pipeline->Illuminate\\Pipeline\\{closure}()
#24 /var/www/html/000form/vendor/laravel/framework/src/Illuminate/Pipeline/Pipeline.php(209): Illuminate\\View\\Middleware\\ShareErrorsFromSession->handle()
#25 /var/www/html/000form/vendor/laravel/framework/src/Illuminate/Session/Middleware/StartSession.php(121): Illuminate\\Pipeline\\Pipeline->Illuminate\\Pipeline\\{closure}()
#26 /var/www/html/000form/vendor/laravel/framework/src/Illuminate/Session/Middleware/StartSession.php(64): Illuminate\\Session\\Middleware\\StartSession->handleStatefulRequest()
#27 /var/www/html/000form/vendor/laravel/framework/src/Illuminate/Pipeline/Pipeline.php(209): Illuminate\\Session\\Middleware\\StartSession->handle()
#28 /var/www/html/000form/vendor/laravel/framework/src/Illuminate/Cookie/Middleware/AddQueuedCookiesToResponse.php(37): Illuminate\\Pipeline\\Pipeline->Illuminate\\Pipeline\\{closure}()
#29 /var/www/html/000form/vendor/laravel/framework/src/Illuminate/Pipeline/Pipeline.php(209): Illuminate\\Cookie\\Middleware\\AddQueuedCookiesToResponse->handle()
#30 /var/www/html/000form/vendor/laravel/framework/src/Illuminate/Cookie/Middleware/EncryptCookies.php(75): Illuminate\\Pipeline\\Pipeline->Illuminate\\Pipeline\\{closure}()
#31 /var/www/html/000form/vendor/laravel/framework/src/Illuminate/Pipeline/Pipeline.php(209): Illuminate\\Cookie\\Middleware\\EncryptCookies->handle()
#32 /var/www/html/000form/vendor/laravel/framework/src/Illuminate/Pipeline/Pipeline.php(127): Illuminate\\Pipeline\\Pipeline->Illuminate\\Pipeline\\{closure}()
#33 /var/www/html/000form/vendor/laravel/framework/src/Illuminate/Routing/Router.php(807): Illuminate\\Pipeline\\Pipeline->then()
#34 /var/www/html/000form/vendor/laravel/framework/src/Illuminate/Routing/Router.php(786): Illuminate\\Routing\\Router->runRouteWithinStack()
#35 /var/www/html/000form/vendor/laravel/framework/src/Illuminate/Routing/Router.php(750): Illuminate\\Routing\\Router->runRoute()
#36 /var/www/html/000form/vendor/laravel/framework/src/Illuminate/Routing/Router.php(739): Illuminate\\Routing\\Router->dispatchToRoute()
#37 /var/www/html/000form/vendor/laravel/framework/src/Illuminate/Foundation/Http/Kernel.php(201): Illuminate\\Routing\\Router->dispatch()
#38 /var/www/html/000form/vendor/laravel/framework/src/Illuminate/Pipeline/Pipeline.php(170): Illuminate\\Foundation\\Http\\Kernel->Illuminate\\Foundation\\Http\\{closure}()
#39 /var/www/html/000form/vendor/laravel/framework/src/Illuminate/Foundation/Http/Middleware/TransformsRequest.php(21): Illuminate\\Pipeline\\Pipeline->Illuminate\\Pipeline\\{closure}()
#40 /var/www/html/000form/vendor/laravel/framework/src/Illuminate/Foundation/Http/Middleware/ConvertEmptyStringsToNull.php(31): Illuminate\\Foundation\\Http\\Middleware\\TransformsRequest->handle()
#41 /var/www/html/000form/vendor/laravel/framework/src/Illuminate/Pipeline/Pipeline.php(209): Illuminate\\Foundation\\Http\\Middleware\\ConvertEmptyStringsToNull->handle()
#42 /var/www/html/000form/vendor/laravel/framework/src/Illuminate/Foundation/Http/Middleware/TransformsRequest.php(21): Illuminate\\Pipeline\\Pipeline->Illuminate\\Pipeline\\{closure}()
#43 /var/www/html/000form/vendor/laravel/framework/src/Illuminate/Foundation/Http/Middleware/TrimStrings.php(51): Illuminate\\Foundation\\Http\\Middleware\\TransformsRequest->handle()
#44 /var/www/html/000form/vendor/laravel/framework/src/Illuminate/Pipeline/Pipeline.php(209): Illuminate\\Foundation\\Http\\Middleware\\TrimStrings->handle()
#45 /var/www/html/000form/vendor/laravel/framework/src/Illuminate/Http/Middleware/ValidatePostSize.php(27): Illuminate\\Pipeline\\Pipeline->Illuminate\\Pipeline\\{closure}()
#46 /var/www/html/000form/vendor/laravel/framework/src/Illuminate/Pipeline/Pipeline.php(209): Illuminate\\Http\\Middleware\\ValidatePostSize->handle()
#47 /var/www/html/000form/vendor/laravel/framework/src/Illuminate/Foundation/Http/Middleware/PreventRequestsDuringMaintenance.php(110): Illuminate\\Pipeline\\Pipeline->Illuminate\\Pipeline\\{closure}()
#48 /var/www/html/000form/vendor/laravel/framework/src/Illuminate/Pipeline/Pipeline.php(209): Illuminate\\Foundation\\Http\\Middleware\\PreventRequestsDuringMaintenance->handle()
#49 /var/www/html/000form/vendor/laravel/framework/src/Illuminate/Http/Middleware/HandleCors.php(49): Illuminate\\Pipeline\\Pipeline->Illuminate\\Pipeline\\{closure}()
#50 /var/www/html/000form/vendor/laravel/framework/src/Illuminate/Pipeline/Pipeline.php(209): Illuminate\\Http\\Middleware\\HandleCors->handle()
#51 /var/www/html/000form/vendor/laravel/framework/src/Illuminate/Http/Middleware/TrustProxies.php(58): Illuminate\\Pipeline\\Pipeline->Illuminate\\Pipeline\\{closure}()
#52 /var/www/html/000form/vendor/laravel/framework/src/Illuminate/Pipeline/Pipeline.php(209): Illuminate\\Http\\Middleware\\TrustProxies->handle()
#53 /var/www/html/000form/vendor/laravel/framework/src/Illuminate/Foundation/Http/Middleware/InvokeDeferredCallbacks.php(22): Illuminate\\Pipeline\\Pipeline->Illuminate\\Pipeline\\{closure}()
#54 /var/www/html/000form/vendor/laravel/framework/src/Illuminate/Pipeline/Pipeline.php(209): Illuminate\\Foundation\\Http\\Middleware\\InvokeDeferredCallbacks->handle()
#55 /var/www/html/000form/vendor/laravel/framework/src/Illuminate/Pipeline/Pipeline.php(127): Illuminate\\Pipeline\\Pipeline->Illuminate\\Pipeline\\{closure}()
#56 /var/www/html/000form/vendor/laravel/framework/src/Illuminate/Foundation/Http/Kernel.php(176): Illuminate\\Pipeline\\Pipeline->then()
#57 /var/www/html/000form/vendor/laravel/framework/src/Illuminate/Foundation/Http/Kernel.php(145): Illuminate\\Foundation\\Http\\Kernel->sendRequestThroughRouter()
#58 /var/www/html/000form/vendor/laravel/framework/src/Illuminate/Foundation/Application.php(1220): Illuminate\\Foundation\\Http\\Kernel->handle()
#59 /var/www/html/000form/public/index.php(17): Illuminate\\Foundation\\Application->handleRequest()
#60 {main}
"} 
[2026-04-10 06:33:58] production.ERROR: Undefined variable $recipientEmail (View: /var/www/html/000form/resources/views/pages/playground-verify-result.blade.php) {"exception":"[object] (Illuminate\\View\\ViewException(code: 0): Undefined variable $recipientEmail (View: /var/www/html/000form/resources/views/pages/playground-verify-result.blade.php) at /var/www/html/000form/storage/framework/views/3c3d4d9a866ecffd11de207227d54e6d.php:59)
[stacktrace]
#0 /var/www/html/000form/vendor/laravel/framework/src/Illuminate/View/Engines/PhpEngine.php(60): Illuminate\\View\\Engines\\CompilerEngine->handleViewException()
#1 /var/www/html/000form/vendor/laravel/framework/src/Illuminate/View/Engines/CompilerEngine.php(75): Illuminate\\View\\Engines\\PhpEngine->evaluatePath()
#2 /var/www/html/000form/vendor/laravel/framework/src/Illuminate/View/View.php(209): Illuminate\\View\\Engines\\CompilerEngine->get()
#3 /var/www/html/000form/vendor/laravel/framework/src/Illuminate/View/View.php(192): Illuminate\\View\\View->getContents()
#4 /var/www/html/000form/vendor/laravel/framework/src/Illuminate/View/View.php(161): Illuminate\\View\\View->renderContents()
#5 /var/www/html/000form/vendor/laravel/framework/src/Illuminate/Http/Response.php(79): Illuminate\\View\\View->render()
#6 /var/www/html/000form/vendor/laravel/framework/src/Illuminate/Http/Response.php(35): Illuminate\\Http\\Response->setContent()
#7 /var/www/html/000form/vendor/laravel/framework/src/Illuminate/Routing/Router.php(920): Illuminate\\Http\\Response->__construct()
#8 /var/www/html/000form/vendor/laravel/framework/src/Illuminate/Routing/Router.php(887): Illuminate\\Routing\\Router::toResponse()
#9 /var/www/html/000form/vendor/laravel/framework/src/Illuminate/Routing/Router.php(807): Illuminate\\Routing\\Router->prepareResponse()
#10 /var/www/html/000form/vendor/laravel/framework/src/Illuminate/Pipeline/Pipeline.php(170): Illuminate\\Routing\\Router->Illuminate\\Routing\\{closure}()
#11 /var/www/html/000form/app/Http/Middleware/SetActiveWorkspace.php(98): Illuminate\\Pipeline\\Pipeline->Illuminate\\Pipeline\\{closure}()
#12 /var/www/html/000form/vendor/laravel/framework/src/Illuminate/Pipeline/Pipeline.php(209): App\\Http\\Middleware\\SetActiveWorkspace->handle()
#13 /var/www/html/000form/app/Http/Middleware/SupabaseAuthMiddleware.php(30): Illuminate\\Pipeline\\Pipeline->Illuminate\\Pipeline\\{closure}()
#14 /var/www/html/000form/vendor/laravel/framework/src/Illuminate/Pipeline/Pipeline.php(209): App\\Http\\Middleware\\SupabaseAuthMiddleware->handle()
#15 /var/www/html/000form/vendor/laravel/framework/src/Illuminate/Routing/Middleware/SubstituteBindings.php(51): Illuminate\\Pipeline\\Pipeline->Illuminate\\Pipeline\\{closure}()
#16 /var/www/html/000form/vendor/laravel/framework/src/Illuminate/Pipeline/Pipeline.php(209): Illuminate\\Routing\\Middleware\\SubstituteBindings->handle()
#17 /var/www/html/000form/vendor/laravel/framework/src/Illuminate/Foundation/Http/Middleware/VerifyCsrfToken.php(88): Illuminate\\Pipeline\\Pipeline->Illuminate\\Pipeline\\{closure}()
#18 /var/www/html/000form/vendor/laravel/framework/src/Illuminate/Pipeline/Pipeline.php(209): Illuminate\\Foundation\\Http\\Middleware\\VerifyCsrfToken->handle()
#19 /var/www/html/000form/vendor/laravel/framework/src/Illuminate/View/Middleware/ShareErrorsFromSession.php(49): Illuminate\\Pipeline\\Pipeline->Illuminate\\Pipeline\\{closure}()
#20 /var/www/html/000form/vendor/laravel/framework/src/Illuminate/Pipeline/Pipeline.php(209): Illuminate\\View\\Middleware\\ShareErrorsFromSession->handle()
#21 /var/www/html/000form/vendor/laravel/framework/src/Illuminate/Session/Middleware/StartSession.php(121): Illuminate\\Pipeline\\Pipeline->Illuminate\\Pipeline\\{closure}()
#22 /var/www/html/000form/vendor/laravel/framework/src/Illuminate/Session/Middleware/StartSession.php(64): Illuminate\\Session\\Middleware\\StartSession->handleStatefulRequest()
#23 /var/www/html/000form/vendor/laravel/framework/src/Illuminate/Pipeline/Pipeline.php(209): Illuminate\\Session\\Middleware\\StartSession->handle()
#24 /var/www/html/000form/vendor/laravel/framework/src/Illuminate/Cookie/Middleware/AddQueuedCookiesToResponse.php(37): Illuminate\\Pipeline\\Pipeline->Illuminate\\Pipeline\\{closure}()
#25 /var/www/html/000form/vendor/laravel/framework/src/Illuminate/Pipeline/Pipeline.php(209): Illuminate\\Cookie\\Middleware\\AddQueuedCookiesToResponse->handle()
#26 /var/www/html/000form/vendor/laravel/framework/src/Illuminate/Cookie/Middleware/EncryptCookies.php(75): Illuminate\\Pipeline\\Pipeline->Illuminate\\Pipeline\\{closure}()
#27 /var/www/html/000form/vendor/laravel/framework/src/Illuminate/Pipeline/Pipeline.php(209): Illuminate\\Cookie\\Middleware\\EncryptCookies->handle()
#28 /var/www/html/000form/vendor/laravel/framework/src/Illuminate/Pipeline/Pipeline.php(127): Illuminate\\Pipeline\\Pipeline->Illuminate\\Pipeline\\{closure}()
#29 /var/www/html/000form/vendor/laravel/framework/src/Illuminate/Routing/Router.php(807): Illuminate\\Pipeline\\Pipeline->then()
#30 /var/www/html/000form/vendor/laravel/framework/src/Illuminate/Routing/Router.php(786): Illuminate\\Routing\\Router->runRouteWithinStack()
#31 /var/www/html/000form/vendor/laravel/framework/src/Illuminate/Routing/Router.php(750): Illuminate\\Routing\\Router->runRoute()
#32 /var/www/html/000form/vendor/laravel/framework/src/Illuminate/Routing/Router.php(739): Illuminate\\Routing\\Router->dispatchToRoute()
#33 /var/www/html/000form/vendor/laravel/framework/src/Illuminate/Foundation/Http/Kernel.php(201): Illuminate\\Routing\\Router->dispatch()
#34 /var/www/html/000form/vendor/laravel/framework/src/Illuminate/Pipeline/Pipeline.php(170): Illuminate\\Foundation\\Http\\Kernel->Illuminate\\Foundation\\Http\\{closure}()
#35 /var/www/html/000form/vendor/laravel/framework/src/Illuminate/Foundation/Http/Middleware/TransformsRequest.php(21): Illuminate\\Pipeline\\Pipeline->Illuminate\\Pipeline\\{closure}()
#36 /var/www/html/000form/vendor/laravel/framework/src/Illuminate/Foundation/Http/Middleware/ConvertEmptyStringsToNull.php(31): Illuminate\\Foundation\\Http\\Middleware\\TransformsRequest->handle()
#37 /var/www/html/000form/vendor/laravel/framework/src/Illuminate/Pipeline/Pipeline.php(209): Illuminate\\Foundation\\Http\\Middleware\\ConvertEmptyStringsToNull->handle()
#38 /var/www/html/000form/vendor/laravel/framework/src/Illuminate/Foundation/Http/Middleware/TransformsRequest.php(21): Illuminate\\Pipeline\\Pipeline->Illuminate\\Pipeline\\{closure}()
#39 /var/www/html/000form/vendor/laravel/framework/src/Illuminate/Foundation/Http/Middleware/TrimStrings.php(51): Illuminate\\Foundation\\Http\\Middleware\\TransformsRequest->handle()
#40 /var/www/html/000form/vendor/laravel/framework/src/Illuminate/Pipeline/Pipeline.php(209): Illuminate\\Foundation\\Http\\Middleware\\TrimStrings->handle()
#41 /var/www/html/000form/vendor/laravel/framework/src/Illuminate/Http/Middleware/ValidatePostSize.php(27): Illuminate\\Pipeline\\Pipeline->Illuminate\\Pipeline\\{closure}()
#42 /var/www/html/000form/vendor/laravel/framework/src/Illuminate/Pipeline/Pipeline.php(209): Illuminate\\Http\\Middleware\\ValidatePostSize->handle()
#43 /var/www/html/000form/vendor/laravel/framework/src/Illuminate/Foundation/Http/Middleware/PreventRequestsDuringMaintenance.php(110): Illuminate\\Pipeline\\Pipeline->Illuminate\\Pipeline\\{closure}()
#44 /var/www/html/000form/vendor/laravel/framework/src/Illuminate/Pipeline/Pipeline.php(209): Illuminate\\Foundation\\Http\\Middleware\\PreventRequestsDuringMaintenance->handle()
#45 /var/www/html/000form/vendor/laravel/framework/src/Illuminate/Http/Middleware/HandleCors.php(49): Illuminate\\Pipeline\\Pipeline->Illuminate\\Pipeline\\{closure}()
#46 /var/www/html/000form/vendor/laravel/framework/src/Illuminate/Pipeline/Pipeline.php(209): Illuminate\\Http\\Middleware\\HandleCors->handle()
#47 /var/www/html/000form/vendor/laravel/framework/src/Illuminate/Http/Middleware/TrustProxies.php(58): Illuminate\\Pipeline\\Pipeline->Illuminate\\Pipeline\\{closure}()
#48 /var/www/html/000form/vendor/laravel/framework/src/Illuminate/Pipeline/Pipeline.php(209): Illuminate\\Http\\Middleware\\TrustProxies->handle()
#49 /var/www/html/000form/vendor/laravel/framework/src/Illuminate/Foundation/Http/Middleware/InvokeDeferredCallbacks.php(22): Illuminate\\Pipeline\\Pipeline->Illuminate\\Pipeline\\{closure}()
#50 /var/www/html/000form/vendor/laravel/framework/src/Illuminate/Pipeline/Pipeline.php(209): Illuminate\\Foundation\\Http\\Middleware\\InvokeDeferredCallbacks->handle()
#51 /var/www/html/000form/vendor/laravel/framework/src/Illuminate/Pipeline/Pipeline.php(127): Illuminate\\Pipeline\\Pipeline->Illuminate\\Pipeline\\{closure}()
#52 /var/www/html/000form/vendor/laravel/framework/src/Illuminate/Foundation/Http/Kernel.php(176): Illuminate\\Pipeline\\Pipeline->then()
#53 /var/www/html/000form/vendor/laravel/framework/src/Illuminate/Foundation/Http/Kernel.php(145): Illuminate\\Foundation\\Http\\Kernel->sendRequestThroughRouter()
#54 /var/www/html/000form/vendor/laravel/framework/src/Illuminate/Foundation/Application.php(1220): Illuminate\\Foundation\\Http\\Kernel->handle()
#55 /var/www/html/000form/public/index.php(17): Illuminate\\Foundation\\Application->handleRequest()
#56 {main}

[previous exception] [object] (ErrorException(code: 0): Undefined variable $recipientEmail at /var/www/html/000form/storage/framework/views/3c3d4d9a866ecffd11de207227d54e6d.php:59)
[stacktrace]
#0 /var/www/html/000form/vendor/laravel/framework/src/Illuminate/Foundation/Bootstrap/HandleExceptions.php(258): Illuminate\\Foundation\\Bootstrap\\HandleExceptions->handleError()
#1 /var/www/html/000form/storage/framework/views/3c3d4d9a866ecffd11de207227d54e6d.php(59): Illuminate\\Foundation\\Bootstrap\\HandleExceptions->Illuminate\\Foundation\\Bootstrap\\{closure}()
#2 /var/www/html/000form/vendor/laravel/framework/src/Illuminate/Filesystem/Filesystem.php(123): require('...')
#3 /var/www/html/000form/vendor/laravel/framework/src/Illuminate/Filesystem/Filesystem.php(124): Illuminate\\Filesystem\\Filesystem::Illuminate\\Filesystem\\{closure}()
#4 /var/www/html/000form/vendor/laravel/framework/src/Illuminate/View/Engines/PhpEngine.php(58): Illuminate\\Filesystem\\Filesystem->getRequire()
#5 /var/www/html/000form/vendor/laravel/framework/src/Illuminate/View/Engines/CompilerEngine.php(75): Illuminate\\View\\Engines\\PhpEngine->evaluatePath()
#6 /var/www/html/000form/vendor/laravel/framework/src/Illuminate/View/View.php(209): Illuminate\\View\\Engines\\CompilerEngine->get()
#7 /var/www/html/000form/vendor/laravel/framework/src/Illuminate/View/View.php(192): Illuminate\\View\\View->getContents()
#8 /var/www/html/000form/vendor/laravel/framework/src/Illuminate/View/View.php(161): Illuminate\\View\\View->renderContents()
#9 /var/www/html/000form/vendor/laravel/framework/src/Illuminate/Http/Response.php(79): Illuminate\\View\\View->render()
#10 /var/www/html/000form/vendor/laravel/framework/src/Illuminate/Http/Response.php(35): Illuminate\\Http\\Response->setContent()
#11 /var/www/html/000form/vendor/laravel/framework/src/Illuminate/Routing/Router.php(920): Illuminate\\Http\\Response->__construct()
#12 /var/www/html/000form/vendor/laravel/framework/src/Illuminate/Routing/Router.php(887): Illuminate\\Routing\\Router::toResponse()
#13 /var/www/html/000form/vendor/laravel/framework/src/Illuminate/Routing/Router.php(807): Illuminate\\Routing\\Router->prepareResponse()
#14 /var/www/html/000form/vendor/laravel/framework/src/Illuminate/Pipeline/Pipeline.php(170): Illuminate\\Routing\\Router->Illuminate\\Routing\\{closure}()
#15 /var/www/html/000form/app/Http/Middleware/SetActiveWorkspace.php(98): Illuminate\\Pipeline\\Pipeline->Illuminate\\Pipeline\\{closure}()
#16 /var/www/html/000form/vendor/laravel/framework/src/Illuminate/Pipeline/Pipeline.php(209): App\\Http\\Middleware\\SetActiveWorkspace->handle()
#17 /var/www/html/000form/app/Http/Middleware/SupabaseAuthMiddleware.php(30): Illuminate\\Pipeline\\Pipeline->Illuminate\\Pipeline\\{closure}()
#18 /var/www/html/000form/vendor/laravel/framework/src/Illuminate/Pipeline/Pipeline.php(209): App\\Http\\Middleware\\SupabaseAuthMiddleware->handle()
#19 /var/www/html/000form/vendor/laravel/framework/src/Illuminate/Routing/Middleware/SubstituteBindings.php(51): Illuminate\\Pipeline\\Pipeline->Illuminate\\Pipeline\\{closure}()
#20 /var/www/html/000form/vendor/laravel/framework/src/Illuminate/Pipeline/Pipeline.php(209): Illuminate\\Routing\\Middleware\\SubstituteBindings->handle()
#21 /var/www/html/000form/vendor/laravel/framework/src/Illuminate/Foundation/Http/Middleware/VerifyCsrfToken.php(88): Illuminate\\Pipeline\\Pipeline->Illuminate\\Pipeline\\{closure}()
#22 /var/www/html/000form/vendor/laravel/framework/src/Illuminate/Pipeline/Pipeline.php(209): Illuminate\\Foundation\\Http\\Middleware\\VerifyCsrfToken->handle()
#23 /var/www/html/000form/vendor/laravel/framework/src/Illuminate/View/Middleware/ShareErrorsFromSession.php(49): Illuminate\\Pipeline\\Pipeline->Illuminate\\Pipeline\\{closure}()
#24 /var/www/html/000form/vendor/laravel/framework/src/Illuminate/Pipeline/Pipeline.php(209): Illuminate\\View\\Middleware\\ShareErrorsFromSession->handle()
#25 /var/www/html/000form/vendor/laravel/framework/src/Illuminate/Session/Middleware/StartSession.php(121): Illuminate\\Pipeline\\Pipeline->Illuminate\\Pipeline\\{closure}()
#26 /var/www/html/000form/vendor/laravel/framework/src/Illuminate/Session/Middleware/StartSession.php(64): Illuminate\\Session\\Middleware\\StartSession->handleStatefulRequest()
#27 /var/www/html/000form/vendor/laravel/framework/src/Illuminate/Pipeline/Pipeline.php(209): Illuminate\\Session\\Middleware\\StartSession->handle()
#28 /var/www/html/000form/vendor/laravel/framework/src/Illuminate/Cookie/Middleware/AddQueuedCookiesToResponse.php(37): Illuminate\\Pipeline\\Pipeline->Illuminate\\Pipeline\\{closure}()
#29 /var/www/html/000form/vendor/laravel/framework/src/Illuminate/Pipeline/Pipeline.php(209): Illuminate\\Cookie\\Middleware\\AddQueuedCookiesToResponse->handle()
#30 /var/www/html/000form/vendor/laravel/framework/src/Illuminate/Cookie/Middleware/EncryptCookies.php(75): Illuminate\\Pipeline\\Pipeline->Illuminate\\Pipeline\\{closure}()
#31 /var/www/html/000form/vendor/laravel/framework/src/Illuminate/Pipeline/Pipeline.php(209): Illuminate\\Cookie\\Middleware\\EncryptCookies->handle()
#32 /var/www/html/000form/vendor/laravel/framework/src/Illuminate/Pipeline/Pipeline.php(127): Illuminate\\Pipeline\\Pipeline->Illuminate\\Pipeline\\{closure}()
#33 /var/www/html/000form/vendor/laravel/framework/src/Illuminate/Routing/Router.php(807): Illuminate\\Pipeline\\Pipeline->then()
#34 /var/www/html/000form/vendor/laravel/framework/src/Illuminate/Routing/Router.php(786): Illuminate\\Routing\\Router->runRouteWithinStack()
#35 /var/www/html/000form/vendor/laravel/framework/src/Illuminate/Routing/Router.php(750): Illuminate\\Routing\\Router->runRoute()
#36 /var/www/html/000form/vendor/laravel/framework/src/Illuminate/Routing/Router.php(739): Illuminate\\Routing\\Router->dispatchToRoute()
#37 /var/www/html/000form/vendor/laravel/framework/src/Illuminate/Foundation/Http/Kernel.php(201): Illuminate\\Routing\\Router->dispatch()
#38 /var/www/html/000form/vendor/laravel/framework/src/Illuminate/Pipeline/Pipeline.php(170): Illuminate\\Foundation\\Http\\Kernel->Illuminate\\Foundation\\Http\\{closure}()
#39 /var/www/html/000form/vendor/laravel/framework/src/Illuminate/Foundation/Http/Middleware/TransformsRequest.php(21): Illuminate\\Pipeline\\Pipeline->Illuminate\\Pipeline\\{closure}()
#40 /var/www/html/000form/vendor/laravel/framework/src/Illuminate/Foundation/Http/Middleware/ConvertEmptyStringsToNull.php(31): Illuminate\\Foundation\\Http\\Middleware\\TransformsRequest->handle()
#41 /var/www/html/000form/vendor/laravel/framework/src/Illuminate/Pipeline/Pipeline.php(209): Illuminate\\Foundation\\Http\\Middleware\\ConvertEmptyStringsToNull->handle()
#42 /var/www/html/000form/vendor/laravel/framework/src/Illuminate/Foundation/Http/Middleware/TransformsRequest.php(21): Illuminate\\Pipeline\\Pipeline->Illuminate\\Pipeline\\{closure}()
#43 /var/www/html/000form/vendor/laravel/framework/src/Illuminate/Foundation/Http/Middleware/TrimStrings.php(51): Illuminate\\Foundation\\Http\\Middleware\\TransformsRequest->handle()
#44 /var/www/html/000form/vendor/laravel/framework/src/Illuminate/Pipeline/Pipeline.php(209): Illuminate\\Foundation\\Http\\Middleware\\TrimStrings->handle()
#45 /var/www/html/000form/vendor/laravel/framework/src/Illuminate/Http/Middleware/ValidatePostSize.php(27): Illuminate\\Pipeline\\Pipeline->Illuminate\\Pipeline\\{closure}()
#46 /var/www/html/000form/vendor/laravel/framework/src/Illuminate/Pipeline/Pipeline.php(209): Illuminate\\Http\\Middleware\\ValidatePostSize->handle()
#47 /var/www/html/000form/vendor/laravel/framework/src/Illuminate/Foundation/Http/Middleware/PreventRequestsDuringMaintenance.php(110): Illuminate\\Pipeline\\Pipeline->Illuminate\\Pipeline\\{closure}()
#48 /var/www/html/000form/vendor/laravel/framework/src/Illuminate/Pipeline/Pipeline.php(209): Illuminate\\Foundation\\Http\\Middleware\\PreventRequestsDuringMaintenance->handle()
#49 /var/www/html/000form/vendor/laravel/framework/src/Illuminate/Http/Middleware/HandleCors.php(49): Illuminate\\Pipeline\\Pipeline->Illuminate\\Pipeline\\{closure}()
#50 /var/www/html/000form/vendor/laravel/framework/src/Illuminate/Pipeline/Pipeline.php(209): Illuminate\\Http\\Middleware\\HandleCors->handle()
#51 /var/www/html/000form/vendor/laravel/framework/src/Illuminate/Http/Middleware/TrustProxies.php(58): Illuminate\\Pipeline\\Pipeline->Illuminate\\Pipeline\\{closure}()
#52 /var/www/html/000form/vendor/laravel/framework/src/Illuminate/Pipeline/Pipeline.php(209): Illuminate\\Http\\Middleware\\TrustProxies->handle()
#53 /var/www/html/000form/vendor/laravel/framework/src/Illuminate/Foundation/Http/Middleware/InvokeDeferredCallbacks.php(22): Illuminate\\Pipeline\\Pipeline->Illuminate\\Pipeline\\{closure}()
#54 /var/www/html/000form/vendor/laravel/framework/src/Illuminate/Pipeline/Pipeline.php(209): Illuminate\\Foundation\\Http\\Middleware\\InvokeDeferredCallbacks->handle()
#55 /var/www/html/000form/vendor/laravel/framework/src/Illuminate/Pipeline/Pipeline.php(127): Illuminate\\Pipeline\\Pipeline->Illuminate\\Pipeline\\{closure}()
#56 /var/www/html/000form/vendor/laravel/framework/src/Illuminate/Foundation/Http/Kernel.php(176): Illuminate\\Pipeline\\Pipeline->then()
#57 /var/www/html/000form/vendor/laravel/framework/src/Illuminate/Foundation/Http/Kernel.php(145): Illuminate\\Foundation\\Http\\Kernel->sendRequestThroughRouter()
#58 /var/www/html/000form/vendor/laravel/framework/src/Illuminate/Foundation/Application.php(1220): Illuminate\\Foundation\\Http\\Kernel->handle()
#59 /var/www/html/000form/public/index.php(17): Illuminate\\Foundation\\Application->handleRequest()
#60 {main}
"} 
[2026-04-10 06:37:21] production.INFO: Playground: verification email sent {"email":"tsaklani2@gmail.com"} 
[2026-04-10 06:38:06] production.INFO: Playground: email verified permanently {"email":"tsaklani2@gmail.com"} 
[2026-04-10 08:14:09] production.INFO: Playground: handleEmailSubmission called {"email":"tsaklani2@gmail.com"} 
[2026-04-10 08:14:09] production.INFO: Playground email submission received {"email":"tsaklani2@gmail.com","ip":"117.250.37.130","method":"POST","has_files":"no"} 
[2026-04-10 08:14:12] production.INFO: Playground: Processing verified submission {"recipient":"tsaklani2@gmail.com","all_input":{"name":"Sakshi Saklani","email":"tanuja10@yopmail.com","message":"Testing the form submission in new server.","_captcha":"false"},"all_files":[],"referer":null,"all_headers":{"host":["000form.com"],"connection":["keep-alive"],"content-length":["114"],"cache-control":["max-age=0"],"sec-ch-ua":["\"Chromium\";v=\"146\", \"Not-A.Brand\";v=\"24\", \"Microsoft Edge\";v=\"146\""],"sec-ch-ua-mobile":["?0"],"sec-ch-ua-platform":["\"Windows\""],"origin":["null"],"content-type":["application/x-www-form-urlencoded"],"upgrade-insecure-requests":["1"],"user-agent":["Mozilla/5.0 (Windows NT 10.0; Win64; x64) AppleWebKit/537.36 (KHTML, like Gecko) Chrome/146.0.0.0 Safari/537.36 Edg/146.0.0.0"],"accept":["text/html,application/xhtml+xml,application/xml;q=0.9,image/avif,image/webp,image/apng,*/*;q=0.8,application/signed-exchange;v=b3;q=0.7"],"sec-fetch-site":["cross-site"],"sec-fetch-mode":["navigate"],"sec-fetch-user":["?1"],"sec-fetch-dest":["document"],"accept-encoding":["gzip, deflate, br, zstd"],"accept-language":["en-US,en;q=0.9"]}} 
[2026-04-10 08:14:12] production.INFO: Playground: Form data prepared {"name":"Sakshi Saklani","sender_email":"tanuja10@yopmail.com","recipient_email":"tsaklani2@gmail.com","message":"Testing the form submission in new server.","all_fields":{"message":"Testing the form submission in new server.","name":"Sakshi Saklani","email":"tanuja10@yopmail.com","_captcha":"false"},"has_sender_email":true,"attachments_count":0} 
[2026-04-10 08:14:12] production.INFO: Playground: Attempting to send email {"to":"tsaklani2@gmail.com","from_address":"no-reply@000form.com","from_name":"000form","mailer":"smtp","host":"mail.000form.com","subject":"New Form Submission — 000form"} 
[2026-04-10 08:14:12] production.INFO: Building form submission email {"subject":"New Form Submission from 000form","template":"basic","view":"emails.express.submission-basic","attachments":0,"has_cc":false,"has_bcc":false,"has_replyto":true} 
[2026-04-10 08:14:12] production.INFO: Playground: Mail rendered successfully {"html_length":7271,"html_preview":"





    

    

    New Submission - 000form Express

    

    

        * {

            margin: 0;

            padding: 0;

            box-sizing: border-box;

        }



        body {

    "} 
[2026-04-10 08:14:13] production.INFO: Playground: Submission stored in database  
[2026-04-10 08:14:13] production.INFO: Building form submission email {"subject":"New Form Submission from 000form","template":"basic","view":"emails.express.submission-basic","attachments":0,"has_cc":false,"has_bcc":false,"has_replyto":true} 
[2026-04-10 08:14:13] production.INFO: Playground: Email sent successfully {"to":"tsaklani2@gmail.com"} 
[2026-04-10 08:14:13] production.INFO: Playground: Submission completed successfully {"recipient":"tsaklani2@gmail.com","attachments":0,"form_referrer":null} 
[2026-04-10 08:23:03] production.INFO: Supabase signup success {"result":{"success":true,"data":{"id":"1757c415-2cf2-4890-8e21-1d5d71f0858d","aud":"authenticated","role":"authenticated","email":"sakshi.saklani@drishinfo.com","phone":"","confirmation_sent_at":"2026-04-10T08:23:00.646544867Z","app_metadata":{"provider":"email","providers":["email"]},"user_metadata":{"email":"sakshi.saklani@drishinfo.com","email_verified":false,"phone_verified":false,"sub":"1757c415-2cf2-4890-8e21-1d5d71f0858d"},"identities":[{"identity_id":"d74da4ce-d4a8-4027-ae70-f3f0c4520f17","id":"1757c415-2cf2-4890-8e21-1d5d71f0858d","user_id":"1757c415-2cf2-4890-8e21-1d5d71f0858d","identity_data":{"email":"sakshi.saklani@drishinfo.com","email_verified":false,"phone_verified":false,"sub":"1757c415-2cf2-4890-8e21-1d5d71f0858d"},"provider":"email","last_sign_in_at":"2026-04-10T08:23:00.638270915Z","created_at":"2026-04-10T08:23:00.638329Z","updated_at":"2026-04-10T08:23:00.638329Z","email":"sakshi.saklani@drishinfo.com"}],"created_at":"2026-04-10T08:23:00.61965Z","updated_at":"2026-04-10T08:23:03.268212Z","is_anonymous":false}}} 
[2026-04-10 08:23:03] production.ERROR: Failed to send admin email {"emails":[""],"error":"Email \"\" does not comply with addr-spec of RFC 2822."} 
[2026-04-10 08:27:41] production.ERROR: JWT verification error: Incorrect key for this algorithm  
[2026-04-10 08:27:53] production.ERROR: JWT verification error: Incorrect key for this algorithm  
[2026-04-10 08:28:22] production.ERROR: JWT verification error: Incorrect key for this algorithm  
[2026-04-10 08:28:28] production.ERROR: JWT verification error: Incorrect key for this algorithm  
[2026-04-10 08:28:54] production.ERROR: JWT verification error: Incorrect key for this algorithm  
[2026-04-10 08:29:05] production.ERROR: JWT verification error: Incorrect key for this algorithm  
[2026-04-10 08:29:13] production.ERROR: JWT verification error: Incorrect key for this algorithm  
[2026-04-10 08:30:17] production.ERROR: JWT verification error: Incorrect key for this algorithm  
[2026-04-10 08:30:31] production.ERROR: JWT verification error: Incorrect key for this algorithm  
[2026-04-10 08:30:38] production.ERROR: JWT verification error: Incorrect key for this algorithm  
[2026-04-10 08:31:20] production.ERROR: JWT verification error: Incorrect key for this algorithm  
[2026-04-10 08:31:25] production.ERROR: JWT verification error: Incorrect key for this algorithm  
[2026-04-10 08:31:25] production.ERROR: Supabase refresh token error: Client error: `POST https://dodtuiybyrrxlujbnraw.supabase.co/auth/v1/token?grant_type=refresh_token` resulted in a `400 Bad Request` response:
{"code":400,"error_code":"refresh_token_not_found","msg":"Invalid Refresh Token: Refresh Token Not Found"}
  
[2026-04-10 08:35:14] production.INFO: === FORM SUBMISSION STARTED === {"slug":"f_k813rajm","method":"POST"} 
[2026-04-10 08:35:14] production.INFO: Request data: {"name":"Sakshi Saklani","email":"tanuja10@yopmail.com","message":"TEsting the new server","honeypot_4FXi87MQ":null,"_captcha":"false"} 
[2026-04-10 08:35:14] production.INFO: Has files: {"files":0} 
[2026-04-10 08:35:18] production.INFO: Form found {"form_id":"a1824c5f-6ebf-4274-ad65-b7a2e3886ae6","form_name":"Contact form"} 
[2026-04-10 08:35:19] production.INFO: Resolved referrer {"referrer":null} 
[2026-04-10 08:35:19] production.INFO: Clean submission data {"name":"Sakshi Saklani","email":"tanuja10@yopmail.com","message":"TEsting the new server","honeypot_4FXi87MQ":null} 
[2026-04-10 08:35:19] production.INFO: FILE UPLOAD CHECK {"all_files":[]} 
[2026-04-10 08:35:19] production.INFO: VALID SUBMISSION {"form_id":"a1824c5f-6ebf-4274-ad65-b7a2e3886ae6","ip":"117.250.37.130","is_spam":false,"reasons":[]} 
[2026-04-10 08:35:19] production.INFO: Spam detection result {"is_spam":false,"reason":null} 
[2026-04-10 08:35:20] production.INFO: Submission stored {"id":"a1824d23-367b-4a12-b6fa-7d6ba1853aba","referrer":null} 
[2026-04-10 08:35:22] production.INFO: === SENDING NOTIFICATION EMAIL === {"to":"tsaklani2drish@gmail.com","submission_id":"a1824d23-367b-4a12-b6fa-7d6ba1853aba","has_files":false,"file_count":0,"file_paths":[],"referrer":null} 
[2026-04-10 08:35:22] production.INFO: Final CC emails {"final_list":[]} 
[2026-04-10 08:35:22] production.INFO: Verified attachment paths {"verified_count":0,"paths":[]} 
[2026-04-10 08:35:22] production.INFO: Email template selected: basic  
[2026-04-10 08:35:22] production.INFO: Attachments to process: 0  
[2026-04-10 08:35:22] production.INFO: Mail object created  
[2026-04-10 08:35:22] production.INFO: Sending email without CC {"to":"tsaklani2drish@gmail.com"} 
[2026-04-10 08:35:22] production.INFO: Total attachments added: 0  
[2026-04-10 08:35:22] production.INFO: Mail send method called successfully  
[2026-04-10 08:35:23] production.INFO: Submission updated with email_sent flag  
[2026-04-10 08:35:23] production.INFO: Email sent successfully to: tsaklani2drish@gmail.com  
[2026-04-10 08:35:23] production.INFO: Success response {"wants_json":true,"format":null,"redirect_url":null} 
[2026-04-10 09:16:13] production.INFO: Supabase signup success {"result":{"success":true,"data":{"id":"bddeb99d-9cee-4cee-9b03-f4f4b62e3c22","aud":"authenticated","role":"authenticated","email":"sakshiisaklanii@gmail.com","phone":"","confirmation_sent_at":"2026-04-10T09:16:10.583827952Z","app_metadata":{"provider":"email","providers":["email"]},"user_metadata":{"email":"sakshiisaklanii@gmail.com","email_verified":false,"phone_verified":false,"sub":"bddeb99d-9cee-4cee-9b03-f4f4b62e3c22"},"identities":[{"identity_id":"9bcf7d3d-41e1-499d-83c0-329dd7367981","id":"bddeb99d-9cee-4cee-9b03-f4f4b62e3c22","user_id":"bddeb99d-9cee-4cee-9b03-f4f4b62e3c22","identity_data":{"email":"sakshiisaklanii@gmail.com","email_verified":false,"phone_verified":false,"sub":"bddeb99d-9cee-4cee-9b03-f4f4b62e3c22"},"provider":"email","last_sign_in_at":"2026-04-10T09:16:10.575994347Z","created_at":"2026-04-10T09:16:10.576043Z","updated_at":"2026-04-10T09:16:10.576043Z","email":"sakshiisaklanii@gmail.com"}],"created_at":"2026-04-10T09:16:10.560587Z","updated_at":"2026-04-10T09:16:13.275541Z","is_anonymous":false}}} 
[2026-04-10 09:16:13] production.ERROR: Failed to send admin email {"emails":[""],"error":"Email \"\" does not comply with addr-spec of RFC 2822."} 
[2026-04-10 09:17:19] production.ERROR: JWT verification error: Incorrect key for this algorithm  
[2026-04-10 09:17:38] production.ERROR: JWT verification error: Incorrect key for this algorithm  
[2026-04-10 09:20:37] production.ERROR: JWT verification error: Incorrect key for this algorithm  
[2026-04-10 09:20:43] production.ERROR: JWT verification error: Incorrect key for this algorithm  
[2026-04-10 09:20:53] production.ERROR: JWT verification error: Incorrect key for this algorithm  
[2026-04-10 09:21:11] production.ERROR: JWT verification error: Incorrect key for this algorithm  
[2026-04-10 09:21:20] production.ERROR: JWT verification error: Incorrect key for this algorithm  
[2026-04-10 09:23:13] production.ERROR: JWT verification error: Incorrect key for this algorithm  
[2026-04-10 09:23:28] production.ERROR: JWT verification error: Incorrect key for this algorithm  
[2026-04-10 09:24:17] production.INFO: === FORM SUBMISSION STARTED === {"slug":"f_zeygdm5u","method":"POST"} 
[2026-04-10 09:24:17] production.INFO: Request data: {"name":"Sakshi Saklani","email":"test-000forms@yopmail.com","message":"qwerty qwerty qwerty qwerty","honeypot_oc2em5tU":null,"_captcha":"false"} 
[2026-04-10 09:24:17] production.INFO: Has files: {"files":0} 
[2026-04-10 09:24:20] production.INFO: Form found {"form_id":"a1825d8f-430f-4aa6-9f1e-71391f9171a9","form_name":"Contact - 001"} 
[2026-04-10 09:24:22] production.INFO: Resolved referrer {"referrer":null} 
[2026-04-10 09:24:22] production.INFO: Clean submission data {"name":"Sakshi Saklani","email":"test-000forms@yopmail.com","message":"qwerty qwerty qwerty qwerty","honeypot_oc2em5tU":null} 
[2026-04-10 09:24:22] production.INFO: FILE UPLOAD CHECK {"all_files":[]} 
[2026-04-10 09:24:22] production.INFO: VALID SUBMISSION {"form_id":"a1825d8f-430f-4aa6-9f1e-71391f9171a9","ip":"117.250.37.130","is_spam":false,"reasons":[]} 
[2026-04-10 09:24:22] production.INFO: Spam detection result {"is_spam":false,"reason":null} 
[2026-04-10 09:24:22] production.INFO: Submission stored {"id":"a1825ead-0ce6-44e4-bc11-4c9a5ca95588","referrer":null} 
[2026-04-10 09:24:24] production.INFO: === SENDING NOTIFICATION EMAIL === {"to":"sakshiisaklanii@gmail.com","submission_id":"a1825ead-0ce6-44e4-bc11-4c9a5ca95588","has_files":false,"file_count":0,"file_paths":[],"referrer":null} 
[2026-04-10 09:24:24] production.INFO: Final CC emails {"final_list":[]} 
[2026-04-10 09:24:24] production.INFO: Verified attachment paths {"verified_count":0,"paths":[]} 
[2026-04-10 09:24:24] production.INFO: Email template selected: basic  
[2026-04-10 09:24:24] production.INFO: Attachments to process: 0  
[2026-04-10 09:24:24] production.INFO: Mail object created  
[2026-04-10 09:24:24] production.INFO: Sending email without CC {"to":"sakshiisaklanii@gmail.com"} 
[2026-04-10 09:24:24] production.INFO: Total attachments added: 0  
[2026-04-10 09:24:24] production.INFO: Mail send method called successfully  
[2026-04-10 09:24:25] production.INFO: Submission updated with email_sent flag  
[2026-04-10 09:24:25] production.INFO: Email sent successfully to: sakshiisaklanii@gmail.com  
[2026-04-10 09:24:25] production.INFO: Success response {"wants_json":true,"format":null,"redirect_url":null} 
[2026-04-10 09:24:39] production.ERROR: JWT verification error: Incorrect key for this algorithm  
[2026-04-10 09:24:54] production.ERROR: JWT verification error: Incorrect key for this algorithm  
[2026-04-10 09:25:11] production.ERROR: JWT verification error: Incorrect key for this algorithm  
[2026-04-10 09:25:38] production.ERROR: JWT verification error: Incorrect key for this algorithm  
[2026-04-10 09:25:45] production.ERROR: JWT verification error: Incorrect key for this algorithm  
[2026-04-10 09:26:02] production.ERROR: JWT verification error: Incorrect key for this algorithm  
[2026-04-10 09:26:16] production.ERROR: JWT verification error: Incorrect key for this algorithm  
[2026-04-10 09:26:30] production.ERROR: JWT verification error: Incorrect key for this algorithm  
[2026-04-10 09:26:37] production.ERROR: JWT verification error: Incorrect key for this algorithm  
[2026-04-10 09:26:49] production.ERROR: JWT verification error: Incorrect key for this algorithm  
[2026-04-10 09:27:02] production.ERROR: JWT verification error: Incorrect key for this algorithm  
[2026-04-10 09:27:08] production.ERROR: JWT verification error: Incorrect key for this algorithm  
[2026-04-10 09:27:17] production.ERROR: JWT verification error: Incorrect key for this algorithm  
[2026-04-10 09:27:25] production.ERROR: JWT verification error: Incorrect key for this algorithm  
[2026-04-10 09:27:32] production.ERROR: JWT verification error: Incorrect key for this algorithm  
[2026-04-10 09:27:41] production.ERROR: JWT verification error: Incorrect key for this algorithm  
[2026-04-10 09:27:45] production.ERROR: JWT verification error: Incorrect key for this algorithm  
[2026-04-10 09:27:46] production.ERROR: Supabase refresh token error: Client error: `POST https://dodtuiybyrrxlujbnraw.supabase.co/auth/v1/token?grant_type=refresh_token` resulted in a `400 Bad Request` response:
{"code":400,"error_code":"refresh_token_not_found","msg":"Invalid Refresh Token: Refresh Token Not Found"}
  
[2026-04-10 09:28:10] production.INFO: Playground: verification email sent {"email":"sakshiisaklanii@gmail.com"} 
[2026-04-10 09:28:26] production.INFO: Playground: email verified permanently {"email":"sakshiisaklanii@gmail.com"} 
[2026-04-10 09:28:51] production.INFO: Playground submit called {"has_recipient_email":true,"has_form_slug":false,"method":"POST","url":"https://000form.com/express/submit"} 
[2026-04-10 09:28:51] production.INFO: Playground: handlePlaygroundSubmission called {"has_recipient_email":true,"recipient_email":"sakshiisaklanii@gmail.com","all_input":{"name":"sakshi saklani","email":"tsaklani2drish@gmail.com","message":"qwerty qwerty qwerty.","_captcha":"false","recipient_email":"sakshiisaklanii@gmail.com","from_playground":"true"}} 
[2026-04-10 09:28:54] production.INFO: Playground: Captcha disabled by user, processing directly  
[2026-04-10 09:28:54] production.INFO: Playground: Processing verified submission {"recipient":"sakshiisaklanii@gmail.com","all_input":{"name":"sakshi saklani","email":"tsaklani2drish@gmail.com","message":"qwerty qwerty qwerty.","_captcha":"false","recipient_email":"sakshiisaklanii@gmail.com","from_playground":"true"},"all_files":[],"referer":"https://000form.com/express","all_headers":{"host":["000form.com"],"connection":["keep-alive"],"content-length":["846"],"sec-ch-ua-platform":["\"Windows\""],"x-requested-with":["XMLHttpRequest"],"user-agent":["Mozilla/5.0 (Windows NT 10.0; Win64; x64) AppleWebKit/537.36 (KHTML, like Gecko) Chrome/146.0.0.0 Safari/537.36"],"accept":["application/json"],"sec-ch-ua":["\"Chromium\";v=\"146\", \"Not-A.Brand\";v=\"24\", \"Google Chrome\";v=\"146\""],"content-type":["multipart/form-data; boundary=----WebKitFormBoundaryZZABY2sZ2erLZpyY"],"sec-ch-ua-mobile":["?0"],"origin":["https://000form.com"],"sec-fetch-site":["same-origin"],"sec-fetch-mode":["cors"],"sec-fetch-dest":["empty"],"referer":["https://000form.com/express"],"accept-encoding":["gzip, deflate, br, zstd"],"accept-language":["en-US,en;q=0.9"],"cookie":["_ga=GA1.1.1082872112.1774007256; _ga_TV3T8837GC=GS2.1.s1775808326$o27$g1$t1775813326$j16$l0$h0; XSRF-TOKEN=eyJpdiI6IngvV2tNZXptY01LaDZReGh4OWgzSXc9PSIsInZhbHVlIjoiRWRCM25acm1SdnlVV1FxUWt4c1FsY00vS3lhSlVQMnpsS0wvQS9oUlZkQ2I2dURWRXlUWVdPL3pqbCtiWm8xKzd3L3JpUjdsTmtBRlY1YTcybk1TQWk3SXJsUmhRSkZYbjBTUHlzWjI5REZvV1F6MTMvUEFNOGYrSWVlZ2VBYW0iLCJtYWMiOiJmMGJhZWUxNmY4M2E0ZWExMGM5ZTU1ZDI5ODU3ZGYwNzRmNDlhNDY3Y2IwZDEwMGNjOTkzNjE3MjA0ZThkMGU0IiwidGFnIjoiIn0%3D; 000form_session=eyJpdiI6IkY5NXMybzM5YTMxS2pKTlNRdUhZQUE9PSIsInZhbHVlIjoiMXNFa2svRktvclNEMy8rZ1BIdTJvbmp5dUd0UVQyOFNtQXY2RTBxb3RxbUV2NmtianpkOEkxQVhYTEZWR2pFYkc3WXA3Zzh0L0hxaGJhRjJlSXEwWFc0cWgxQkFkbmFuNERNa0FkUW5wR3ljUTFzK2RGN2dNeXY3ZXZyWFNHd2oiLCJtYWMiOiI4YjNkYzFmMjU1ZTNhNTA2OTdiYWFiMGUwMDljMzgxOTY4NDZkMjM2ZWM1ZjI5ODA4MDY4NmQyNTQ0YjU5MDMwIiwidGFnIjoiIn0%3D"]}} 
[2026-04-10 09:28:54] production.INFO: Playground: Form data prepared {"name":"sakshi saklani","sender_email":"tsaklani2drish@gmail.com","recipient_email":"sakshiisaklanii@gmail.com","message":"qwerty qwerty qwerty.","all_fields":{"message":"qwerty qwerty qwerty.","name":"sakshi saklani","email":"tsaklani2drish@gmail.com","_captcha":"false"},"has_sender_email":true,"attachments_count":0} 
[2026-04-10 09:28:54] production.INFO: Playground: Attempting to send email {"to":"sakshiisaklanii@gmail.com","from_address":"no-reply@000form.com","from_name":"000form","mailer":"smtp","host":"mail.000form.com","subject":"New Form Submission — 000form"} 
[2026-04-10 09:28:54] production.INFO: Building form submission email {"subject":"New Form Submission from 000form","template":"basic","view":"emails.express.submission-basic","attachments":0,"has_cc":false,"has_bcc":false,"has_replyto":true} 
[2026-04-10 09:28:54] production.INFO: Playground: Mail rendered successfully {"html_length":7278,"html_preview":"





    

    

    New Submission - 000form Express

    

    

        * {

            margin: 0;

            padding: 0;

            box-sizing: border-box;

        }



        body {

    "} 
[2026-04-10 09:28:55] production.INFO: Playground: Submission stored in database  
[2026-04-10 09:28:55] production.INFO: Building form submission email {"subject":"New Form Submission from 000form","template":"basic","view":"emails.express.submission-basic","attachments":0,"has_cc":false,"has_bcc":false,"has_replyto":true} 
[2026-04-10 09:28:55] production.INFO: Playground: Email sent successfully {"to":"sakshiisaklanii@gmail.com"} 
[2026-04-10 09:28:55] production.INFO: Playground: Submission completed successfully {"recipient":"sakshiisaklanii@gmail.com","attachments":0,"form_referrer":"https://000form.com/express"} 
[2026-04-10 09:47:25] production.INFO: Playground submit called {"has_recipient_email":true,"has_form_slug":false,"method":"POST","url":"https://000form.com/express/submit"} 
[2026-04-10 09:47:25] production.INFO: Playground: handlePlaygroundSubmission called {"has_recipient_email":true,"recipient_email":"sakshiisaklanii@gmail.com","all_input":{"name":"sakshi saklani","email":"tsaklani2drish@gmail.com","message":"1234","_captcha":"false","recipient_email":"sakshiisaklanii@gmail.com","from_playground":"true"}} 
[2026-04-10 09:47:29] production.INFO: Playground: Captcha disabled by user, processing directly  
[2026-04-10 09:47:29] production.INFO: Playground: Processing verified submission {"recipient":"sakshiisaklanii@gmail.com","all_input":{"name":"sakshi saklani","email":"tsaklani2drish@gmail.com","message":"1234","_captcha":"false","recipient_email":"sakshiisaklanii@gmail.com","from_playground":"true"},"all_files":[],"referer":"https://000form.com/express","all_headers":{"host":["000form.com"],"connection":["keep-alive"],"content-length":["829"],"sec-ch-ua-platform":["\"Windows\""],"x-requested-with":["XMLHttpRequest"],"user-agent":["Mozilla/5.0 (Windows NT 10.0; Win64; x64) AppleWebKit/537.36 (KHTML, like Gecko) Chrome/146.0.0.0 Safari/537.36"],"accept":["application/json"],"sec-ch-ua":["\"Chromium\";v=\"146\", \"Not-A.Brand\";v=\"24\", \"Google Chrome\";v=\"146\""],"content-type":["multipart/form-data; boundary=----WebKitFormBoundarypgCKG4CRMYGS5Lr9"],"sec-ch-ua-mobile":["?0"],"origin":["https://000form.com"],"sec-fetch-site":["same-origin"],"sec-fetch-mode":["cors"],"sec-fetch-dest":["empty"],"referer":["https://000form.com/express"],"accept-encoding":["gzip, deflate, br, zstd"],"accept-language":["en-US,en;q=0.9"],"cookie":["_ga=GA1.1.1082872112.1774007256; _ga_TV3T8837GC=GS2.1.s1775808326$o27$g1$t1775813326$j16$l0$h0; XSRF-TOKEN=eyJpdiI6InQwbTFxWDJkU0t1YmdlTlMrZHhTMkE9PSIsInZhbHVlIjoiNHNtY0h2RHhrUGNsd0lGMkxaanVNRDlmRHAxQWl2ZzNFcXFsNUJlTXg2SUVrOFdISE5jdlJ2a3Y1ZUYzR2YwK0k4SVV0TzhEajRDam90dUJJUW16RVY5SGpTU0JUeVd4OG5zbUhjbmFieVoyRTBDVngvTEg2MnNtcFFuMTlaMG8iLCJtYWMiOiJjZGUxYzUzMmVkNjM4MGY5ODI5ZWUxZWRiZDYzZGQ4N2FjOGEzYzM0N2Q3MTNlYTEzMDFlNzYyMjQ5ZDRmMGNiIiwidGFnIjoiIn0%3D; 000form_session=eyJpdiI6Ik5yeU4yUDJrRWlMWTNnYXAxSVFtckE9PSIsInZhbHVlIjoiK1M2OXkyNnlaRklzcGQzamVaZmNWM3EvaUYrSFd5ekM3a0pqTkVnbGI3U0FvYTBqTWRXVktneUFZcGlNUGVjSVpDaUdPZ3NCUzV2VE1WS3JTeTZxYnBpNUtTMktTaExlU2l2dUJhMkMvcFZiQ3lOU1R2cERneDNWZU5VL0ZGak0iLCJtYWMiOiI2NWUyZWY3MTY4NGUzNzFmYmFkZGUwNTc3OTU5MTgxNzI1MmVlOWZkZmE3NTg1OWEyZTdjNzJiM2E5NzA5MmFlIiwidGFnIjoiIn0%3D"]}} 
[2026-04-10 09:47:29] production.INFO: Playground: Form data prepared {"name":"sakshi saklani","sender_email":"tsaklani2drish@gmail.com","recipient_email":"sakshiisaklanii@gmail.com","message":"1234","all_fields":{"message":"1234","name":"sakshi saklani","email":"tsaklani2drish@gmail.com","_captcha":"false"},"has_sender_email":true,"attachments_count":0} 
[2026-04-10 09:47:29] production.INFO: Playground: Attempting to send email {"to":"sakshiisaklanii@gmail.com","from_address":"no-reply@000form.com","from_name":"000form","mailer":"smtp","host":"mail.000form.com","subject":"New Form Submission — 000form"} 
[2026-04-10 09:47:29] production.INFO: Building form submission email {"subject":"New Form Submission from 000form","template":"basic","view":"emails.express.submission-basic","attachments":0,"has_cc":false,"has_bcc":false,"has_replyto":true} 
[2026-04-10 09:47:29] production.INFO: Playground: Mail rendered successfully {"html_length":7261,"html_preview":"





    

    

    New Submission - 000form Express

    

    

        * {

            margin: 0;

            padding: 0;

            box-sizing: border-box;

        }



        body {

    "} 
[2026-04-10 09:47:30] production.INFO: Playground: Submission stored in database  
[2026-04-10 09:47:30] production.INFO: Building form submission email {"subject":"New Form Submission from 000form","template":"basic","view":"emails.express.submission-basic","attachments":0,"has_cc":false,"has_bcc":false,"has_replyto":true} 
[2026-04-10 09:47:30] production.INFO: Playground: Email sent successfully {"to":"sakshiisaklanii@gmail.com"} 
[2026-04-10 09:47:30] production.INFO: Playground: Submission completed successfully {"recipient":"sakshiisaklanii@gmail.com","attachments":0,"form_referrer":"https://000form.com/express"} 
[2026-04-10 09:49:38] production.INFO: Playground: verification email sent {"email":"sakshi.saklani@drishinfo.com"} 
[2026-04-10 10:10:51] production.INFO: Playground: verification email sent {"email":"sakshi.saklani@drishinfo.com"} 
[2026-04-10 10:11:27] production.INFO: Playground submit called {"has_recipient_email":true,"has_form_slug":false,"method":"POST","url":"https://000form.com/express/submit"} 
[2026-04-10 10:11:27] production.INFO: Playground: handlePlaygroundSubmission called {"has_recipient_email":true,"recipient_email":"sakshiisaklanii@gmail.com","all_input":{"name":"sakshi saklani","email":"tsaklani2drish@gmail.com","message":"1234567890","_captcha":"false","recipient_email":"sakshiisaklanii@gmail.com","from_playground":"true"}} 
[2026-04-10 10:11:30] production.INFO: Playground: Captcha disabled by user, processing directly  
[2026-04-10 10:11:30] production.INFO: Playground: Processing verified submission {"recipient":"sakshiisaklanii@gmail.com","all_input":{"name":"sakshi saklani","email":"tsaklani2drish@gmail.com","message":"1234567890","_captcha":"false","recipient_email":"sakshiisaklanii@gmail.com","from_playground":"true"},"all_files":[],"referer":"https://000form.com/express","all_headers":{"host":["000form.com"],"connection":["keep-alive"],"content-length":["835"],"sec-ch-ua-platform":["\"Windows\""],"x-requested-with":["XMLHttpRequest"],"user-agent":["Mozilla/5.0 (Windows NT 10.0; Win64; x64) AppleWebKit/537.36 (KHTML, like Gecko) Chrome/146.0.0.0 Safari/537.36"],"accept":["application/json"],"sec-ch-ua":["\"Chromium\";v=\"146\", \"Not-A.Brand\";v=\"24\", \"Google Chrome\";v=\"146\""],"content-type":["multipart/form-data; boundary=----WebKitFormBoundaryDPU9SMui2t3i6Vfz"],"sec-ch-ua-mobile":["?0"],"origin":["https://000form.com"],"sec-fetch-site":["same-origin"],"sec-fetch-mode":["cors"],"sec-fetch-dest":["empty"],"referer":["https://000form.com/express"],"accept-encoding":["gzip, deflate, br, zstd"],"accept-language":["en-US,en;q=0.9"],"cookie":["_ga=GA1.1.1082872112.1774007256; _ga_TV3T8837GC=GS2.1.s1775808326$o27$g1$t1775813326$j16$l0$h0; XSRF-TOKEN=eyJpdiI6Ik1Ha1pVc04zbWZBemo2NmVkRTlKc0E9PSIsInZhbHVlIjoiWVh2VEd3M2RHbjR4dUpkd3FYNHNHai9lQ2F1UWhmVDVDWm1nKzRZYjd6bXpybHJSWG8rWDZWVG16M2lhZHZLQmRsazlGRDVMdlRtSk40ZzBNVzhQUk01ZWR5c1R4Z2NFR2VWd2xiaktVc0kvZCtGTmJFVWh1MXlGc1JJQjhJVjkiLCJtYWMiOiIxNDQ5NTNiMTZiM2ZhNWMyYjE5MjgyYjA2ODBjMDM0YjFhOTgyNzk2M2MwYTgyYzgxNzI0MzNkODQwZDQ0ZGMyIiwidGFnIjoiIn0%3D; 000form_session=eyJpdiI6ImNhaEhQNm1vUWNhMjI0K25VdndWZVE9PSIsInZhbHVlIjoid21sT2ZybER3TGZSUkhkeG5sd2tVL3J0aUN1SnZFeFJ6c1pPZUQwdWZ4allBMGNZYldkQ3FCTjRkUTdQSTlPTGkycnFrQ0ZoRmkzMHJVMFVvUHgvbmE5YU9za2VmMGRMOHFIc2ZYWVNXZmhKSEFvOHk0YlZTb0lkK3AzNzFTQWsiLCJtYWMiOiIzNjE1NDM4ZThhZDc1MzYxM2FlNTIxMTQ3NGFlMGU0ZDBjN2Q1MTU3OGY1MTdlZjg4MzljMDAwM2YyNGJjZWUyIiwidGFnIjoiIn0%3D"]}} 
[2026-04-10 10:11:30] production.INFO: Playground: Form data prepared {"name":"sakshi saklani","sender_email":"tsaklani2drish@gmail.com","recipient_email":"sakshiisaklanii@gmail.com","message":"1234567890","all_fields":{"message":"1234567890","name":"sakshi saklani","email":"tsaklani2drish@gmail.com","_captcha":"false"},"has_sender_email":true,"attachments_count":0} 
[2026-04-10 10:11:30] production.INFO: Playground: Attempting to send email {"to":"sakshiisaklanii@gmail.com","from_address":"no-reply@000form.com","from_name":"000form","mailer":"smtp","host":"mail.000form.com","subject":"New Form Submission — 000form"} 
[2026-04-10 10:11:30] production.INFO: Building form submission email {"subject":"New Form Submission from 000form","template":"basic","view":"emails.express.submission-basic","attachments":0,"has_cc":false,"has_bcc":false,"has_replyto":true} 
[2026-04-10 10:11:30] production.INFO: Playground: Mail rendered successfully {"html_length":7268,"html_preview":"





    

    

    New Submission - 000form Express

    

    

        * {

            margin: 0;

            padding: 0;

            box-sizing: border-box;

        }



        body {

    "} 
[2026-04-10 10:11:31] production.INFO: Playground: Submission stored in database  
[2026-04-10 10:11:31] production.INFO: Building form submission email {"subject":"New Form Submission from 000form","template":"basic","view":"emails.express.submission-basic","attachments":0,"has_cc":false,"has_bcc":false,"has_replyto":true} 
[2026-04-10 10:11:31] production.INFO: Playground: Email sent successfully {"to":"sakshiisaklanii@gmail.com"} 
[2026-04-10 10:11:31] production.INFO: Playground: Submission completed successfully {"recipient":"sakshiisaklanii@gmail.com","attachments":0,"form_referrer":"https://000form.com/express"} 
