[2026-04-03 05:41:45] production.ERROR: Supabase signin error: Client error: `POST https://qrrspyukvdgblhresmsv.supabase.co/auth/v1/token?grant_type=password` resulted in a `400 Bad Request` response:
{"code":400,"error_code":"invalid_credentials","msg":"Invalid login credentials"}
  
[2026-04-03 05:41:56] production.ERROR: Supabase signin error: Client error: `POST https://qrrspyukvdgblhresmsv.supabase.co/auth/v1/token?grant_type=password` resulted in a `400 Bad Request` response:
{"code":400,"error_code":"invalid_credentials","msg":"Invalid login credentials"}
  
[2026-04-03 05:42:03] production.ERROR: JWT verification error: Incorrect key for this algorithm  
[2026-04-03 05:42:23] production.ERROR: JWT verification error: Incorrect key for this algorithm  
[2026-04-03 05:47:37] production.ERROR: JWT verification error: Incorrect key for this algorithm  
[2026-04-03 05:47:41] production.INFO: Team invitation sent to sakshiisaklanii@gmail.com by user df59e5bf-efc3-479b-9130-17f43559d698  
[2026-04-03 05:47:42] production.ERROR: JWT verification error: Incorrect key for this algorithm  
[2026-04-03 05:48:39] production.INFO: Team invitation accepted: user a1621ce8-a43d-453e-a2af-5a2a12c086fb joined workspace df59e5bf-efc3-479b-9130-17f43559d698  
[2026-04-03 05:49:55] production.ERROR: JWT verification error: Incorrect key for this algorithm  
[2026-04-03 05:49:57] production.ERROR: JWT verification error: Incorrect key for this algorithm  
[2026-04-03 05:49:58] production.ERROR: Supabase refresh token error: Client error: `POST https://qrrspyukvdgblhresmsv.supabase.co/auth/v1/token?grant_type=refresh_token` resulted in a `400 Bad Request` response:
{"code":400,"error_code":"refresh_token_not_found","msg":"Invalid Refresh Token: Refresh Token Not Found"}
  
[2026-04-03 05:51:08] production.ERROR: JWT verification error: Incorrect key for this algorithm  
[2026-04-03 05:52:20] production.ERROR: JWT verification error: Incorrect key for this algorithm  
[2026-04-03 05:52:24] production.ERROR: JWT verification error: Incorrect key for this algorithm  
[2026-04-03 05:52:24] production.ERROR: Supabase refresh token error: Client error: `POST https://qrrspyukvdgblhresmsv.supabase.co/auth/v1/token?grant_type=refresh_token` resulted in a `400 Bad Request` response:
{"code":400,"error_code":"refresh_token_not_found","msg":"Invalid Refresh Token: Refresh Token Not Found"}
  
[2026-04-03 05:52:45] production.ERROR: JWT verification error: Incorrect key for this algorithm  
[2026-04-03 05:53:10] production.ERROR: JWT verification error: Incorrect key for this algorithm  
[2026-04-03 06:00:17] production.ERROR: JWT verification error: Incorrect key for this algorithm  
[2026-04-03 06:00:54] production.ERROR: JWT verification error: Incorrect key for this algorithm  
[2026-04-03 06:00:56] production.ERROR: JWT verification error: Incorrect key for this algorithm  
[2026-04-03 06:00:56] production.ERROR: Supabase refresh token error: Client error: `POST https://qrrspyukvdgblhresmsv.supabase.co/auth/v1/token?grant_type=refresh_token` resulted in a `400 Bad Request` response:
{"code":400,"error_code":"refresh_token_not_found","msg":"Invalid Refresh Token: Refresh Token Not Found"}
  
[2026-04-03 06:00:56] production.ERROR: Attempt to read property "id" on null {"exception":"[object] (ErrorException(code: 0): Attempt to read property \"id\" on null at /var/www/html/000form/app/Http/Controllers/PageController.php:58)
[stacktrace]
#0 /var/www/html/000form/vendor/laravel/framework/src/Illuminate/Foundation/Bootstrap/HandleExceptions.php(258): Illuminate\\Foundation\\Bootstrap\\HandleExceptions->handleError()
#1 /var/www/html/000form/app/Http/Controllers/PageController.php(58): Illuminate\\Foundation\\Bootstrap\\HandleExceptions->{closure:Illuminate\\Foundation\\Bootstrap\\HandleExceptions::forwardsTo():257}()
#2 /var/www/html/000form/vendor/laravel/framework/src/Illuminate/Routing/Controller.php(54): App\\Http\\Controllers\\PageController->AccountSettings()
#3 /var/www/html/000form/vendor/laravel/framework/src/Illuminate/Routing/ControllerDispatcher.php(44): Illuminate\\Routing\\Controller->callAction()
#4 /var/www/html/000form/vendor/laravel/framework/src/Illuminate/Routing/Route.php(266): Illuminate\\Routing\\ControllerDispatcher->dispatch()
#5 /var/www/html/000form/vendor/laravel/framework/src/Illuminate/Routing/Route.php(212): Illuminate\\Routing\\Route->runController()
#6 /var/www/html/000form/vendor/laravel/framework/src/Illuminate/Routing/Router.php(808): Illuminate\\Routing\\Route->run()
#7 /var/www/html/000form/vendor/laravel/framework/src/Illuminate/Pipeline/Pipeline.php(170): Illuminate\\Routing\\Router->{closure:Illuminate\\Routing\\Router::runRouteWithinStack():807}()
#8 /var/www/html/000form/app/Http/Middleware/SetActiveWorkspace.php(98): Illuminate\\Pipeline\\Pipeline->{closure:Illuminate\\Pipeline\\Pipeline::prepareDestination():168}()
#9 /var/www/html/000form/vendor/laravel/framework/src/Illuminate/Pipeline/Pipeline.php(209): App\\Http\\Middleware\\SetActiveWorkspace->handle()
#10 /var/www/html/000form/app/Http/Middleware/SupabaseAuthMiddleware.php(52): Illuminate\\Pipeline\\Pipeline->{closure:{closure:Illuminate\\Pipeline\\Pipeline::carry():184}:185}()
#11 /var/www/html/000form/vendor/laravel/framework/src/Illuminate/Pipeline/Pipeline.php(209): App\\Http\\Middleware\\SupabaseAuthMiddleware->handle()
#12 /var/www/html/000form/vendor/laravel/framework/src/Illuminate/Routing/Middleware/SubstituteBindings.php(51): Illuminate\\Pipeline\\Pipeline->{closure:{closure:Illuminate\\Pipeline\\Pipeline::carry():184}:185}()
#13 /var/www/html/000form/vendor/laravel/framework/src/Illuminate/Pipeline/Pipeline.php(209): Illuminate\\Routing\\Middleware\\SubstituteBindings->handle()
#14 /var/www/html/000form/vendor/laravel/framework/src/Illuminate/Auth/Middleware/Authenticate.php(64): Illuminate\\Pipeline\\Pipeline->{closure:{closure:Illuminate\\Pipeline\\Pipeline::carry():184}:185}()
#15 /var/www/html/000form/vendor/laravel/framework/src/Illuminate/Pipeline/Pipeline.php(209): Illuminate\\Auth\\Middleware\\Authenticate->handle()
#16 /var/www/html/000form/vendor/laravel/framework/src/Illuminate/Foundation/Http/Middleware/VerifyCsrfToken.php(88): Illuminate\\Pipeline\\Pipeline->{closure:{closure:Illuminate\\Pipeline\\Pipeline::carry():184}:185}()
#17 /var/www/html/000form/vendor/laravel/framework/src/Illuminate/Pipeline/Pipeline.php(209): Illuminate\\Foundation\\Http\\Middleware\\VerifyCsrfToken->handle()
#18 /var/www/html/000form/vendor/laravel/framework/src/Illuminate/View/Middleware/ShareErrorsFromSession.php(49): Illuminate\\Pipeline\\Pipeline->{closure:{closure:Illuminate\\Pipeline\\Pipeline::carry():184}:185}()
#19 /var/www/html/000form/vendor/laravel/framework/src/Illuminate/Pipeline/Pipeline.php(209): Illuminate\\View\\Middleware\\ShareErrorsFromSession->handle()
#20 /var/www/html/000form/vendor/laravel/framework/src/Illuminate/Session/Middleware/StartSession.php(121): Illuminate\\Pipeline\\Pipeline->{closure:{closure:Illuminate\\Pipeline\\Pipeline::carry():184}:185}()
#21 /var/www/html/000form/vendor/laravel/framework/src/Illuminate/Session/Middleware/StartSession.php(64): Illuminate\\Session\\Middleware\\StartSession->handleStatefulRequest()
#22 /var/www/html/000form/vendor/laravel/framework/src/Illuminate/Pipeline/Pipeline.php(209): Illuminate\\Session\\Middleware\\StartSession->handle()
#23 /var/www/html/000form/vendor/laravel/framework/src/Illuminate/Cookie/Middleware/AddQueuedCookiesToResponse.php(37): Illuminate\\Pipeline\\Pipeline->{closure:{closure:Illuminate\\Pipeline\\Pipeline::carry():184}:185}()
#24 /var/www/html/000form/vendor/laravel/framework/src/Illuminate/Pipeline/Pipeline.php(209): Illuminate\\Cookie\\Middleware\\AddQueuedCookiesToResponse->handle()
#25 /var/www/html/000form/vendor/laravel/framework/src/Illuminate/Cookie/Middleware/EncryptCookies.php(75): Illuminate\\Pipeline\\Pipeline->{closure:{closure:Illuminate\\Pipeline\\Pipeline::carry():184}:185}()
#26 /var/www/html/000form/vendor/laravel/framework/src/Illuminate/Pipeline/Pipeline.php(209): Illuminate\\Cookie\\Middleware\\EncryptCookies->handle()
#27 /var/www/html/000form/vendor/laravel/framework/src/Illuminate/Pipeline/Pipeline.php(127): Illuminate\\Pipeline\\Pipeline->{closure:{closure:Illuminate\\Pipeline\\Pipeline::carry():184}:185}()
#28 /var/www/html/000form/vendor/laravel/framework/src/Illuminate/Routing/Router.php(807): Illuminate\\Pipeline\\Pipeline->then()
#29 /var/www/html/000form/vendor/laravel/framework/src/Illuminate/Routing/Router.php(786): Illuminate\\Routing\\Router->runRouteWithinStack()
#30 /var/www/html/000form/vendor/laravel/framework/src/Illuminate/Routing/Router.php(750): Illuminate\\Routing\\Router->runRoute()
#31 /var/www/html/000form/vendor/laravel/framework/src/Illuminate/Routing/Router.php(739): Illuminate\\Routing\\Router->dispatchToRoute()
#32 /var/www/html/000form/vendor/laravel/framework/src/Illuminate/Foundation/Http/Kernel.php(201): Illuminate\\Routing\\Router->dispatch()
#33 /var/www/html/000form/vendor/laravel/framework/src/Illuminate/Pipeline/Pipeline.php(170): Illuminate\\Foundation\\Http\\Kernel->{closure:Illuminate\\Foundation\\Http\\Kernel::dispatchToRouter():198}()
#34 /var/www/html/000form/vendor/laravel/framework/src/Illuminate/Foundation/Http/Middleware/TransformsRequest.php(21): Illuminate\\Pipeline\\Pipeline->{closure:Illuminate\\Pipeline\\Pipeline::prepareDestination():168}()
#35 /var/www/html/000form/vendor/laravel/framework/src/Illuminate/Foundation/Http/Middleware/ConvertEmptyStringsToNull.php(31): Illuminate\\Foundation\\Http\\Middleware\\TransformsRequest->handle()
#36 /var/www/html/000form/vendor/laravel/framework/src/Illuminate/Pipeline/Pipeline.php(209): Illuminate\\Foundation\\Http\\Middleware\\ConvertEmptyStringsToNull->handle()
#37 /var/www/html/000form/vendor/laravel/framework/src/Illuminate/Foundation/Http/Middleware/TransformsRequest.php(21): Illuminate\\Pipeline\\Pipeline->{closure:{closure:Illuminate\\Pipeline\\Pipeline::carry():184}:185}()
#38 /var/www/html/000form/vendor/laravel/framework/src/Illuminate/Foundation/Http/Middleware/TrimStrings.php(51): Illuminate\\Foundation\\Http\\Middleware\\TransformsRequest->handle()
#39 /var/www/html/000form/vendor/laravel/framework/src/Illuminate/Pipeline/Pipeline.php(209): Illuminate\\Foundation\\Http\\Middleware\\TrimStrings->handle()
#40 /var/www/html/000form/vendor/laravel/framework/src/Illuminate/Http/Middleware/ValidatePostSize.php(27): Illuminate\\Pipeline\\Pipeline->{closure:{closure:Illuminate\\Pipeline\\Pipeline::carry():184}:185}()
#41 /var/www/html/000form/vendor/laravel/framework/src/Illuminate/Pipeline/Pipeline.php(209): Illuminate\\Http\\Middleware\\ValidatePostSize->handle()
#42 /var/www/html/000form/vendor/laravel/framework/src/Illuminate/Foundation/Http/Middleware/PreventRequestsDuringMaintenance.php(110): Illuminate\\Pipeline\\Pipeline->{closure:{closure:Illuminate\\Pipeline\\Pipeline::carry():184}:185}()
#43 /var/www/html/000form/vendor/laravel/framework/src/Illuminate/Pipeline/Pipeline.php(209): Illuminate\\Foundation\\Http\\Middleware\\PreventRequestsDuringMaintenance->handle()
#44 /var/www/html/000form/vendor/laravel/framework/src/Illuminate/Http/Middleware/HandleCors.php(49): Illuminate\\Pipeline\\Pipeline->{closure:{closure:Illuminate\\Pipeline\\Pipeline::carry():184}:185}()
#45 /var/www/html/000form/vendor/laravel/framework/src/Illuminate/Pipeline/Pipeline.php(209): Illuminate\\Http\\Middleware\\HandleCors->handle()
#46 /var/www/html/000form/vendor/laravel/framework/src/Illuminate/Http/Middleware/TrustProxies.php(58): Illuminate\\Pipeline\\Pipeline->{closure:{closure:Illuminate\\Pipeline\\Pipeline::carry():184}:185}()
#47 /var/www/html/000form/vendor/laravel/framework/src/Illuminate/Pipeline/Pipeline.php(209): Illuminate\\Http\\Middleware\\TrustProxies->handle()
#48 /var/www/html/000form/vendor/laravel/framework/src/Illuminate/Foundation/Http/Middleware/InvokeDeferredCallbacks.php(22): Illuminate\\Pipeline\\Pipeline->{closure:{closure:Illuminate\\Pipeline\\Pipeline::carry():184}:185}()
#49 /var/www/html/000form/vendor/laravel/framework/src/Illuminate/Pipeline/Pipeline.php(209): Illuminate\\Foundation\\Http\\Middleware\\InvokeDeferredCallbacks->handle()
#50 /var/www/html/000form/vendor/laravel/framework/src/Illuminate/Pipeline/Pipeline.php(127): Illuminate\\Pipeline\\Pipeline->{closure:{closure:Illuminate\\Pipeline\\Pipeline::carry():184}:185}()
#51 /var/www/html/000form/vendor/laravel/framework/src/Illuminate/Foundation/Http/Kernel.php(176): Illuminate\\Pipeline\\Pipeline->then()
#52 /var/www/html/000form/vendor/laravel/framework/src/Illuminate/Foundation/Http/Kernel.php(145): Illuminate\\Foundation\\Http\\Kernel->sendRequestThroughRouter()
#53 /var/www/html/000form/vendor/laravel/framework/src/Illuminate/Foundation/Application.php(1220): Illuminate\\Foundation\\Http\\Kernel->handle()
#54 /var/www/html/000form/public/index.php(17): Illuminate\\Foundation\\Application->handleRequest()
#55 {main}
"} 
[2026-04-03 06:19:22] production.ERROR: Supabase signin error: Client error: `POST https://qrrspyukvdgblhresmsv.supabase.co/auth/v1/token?grant_type=password` resulted in a `400 Bad Request` response:
{"code":400,"error_code":"invalid_credentials","msg":"Invalid login credentials"}
  
[2026-04-03 06:19:29] production.ERROR: Supabase signin error: Client error: `POST https://qrrspyukvdgblhresmsv.supabase.co/auth/v1/token?grant_type=password` resulted in a `400 Bad Request` response:
{"code":400,"error_code":"invalid_credentials","msg":"Invalid login credentials"}
  
[2026-04-03 06:19:34] production.ERROR: Supabase signin error: Client error: `POST https://qrrspyukvdgblhresmsv.supabase.co/auth/v1/token?grant_type=password` resulted in a `400 Bad Request` response:
{"code":400,"error_code":"invalid_credentials","msg":"Invalid login credentials"}
  
[2026-04-03 06:21:23] production.INFO: Reset token received: YES – eyJhbGciOiJFUzI1NiIs...  
[2026-04-03 06:21:23] production.INFO: Session after save: SET  
[2026-04-03 06:27:21] production.INFO: Reset token received: YES – eyJhbGciOiJFUzI1NiIs...  
[2026-04-03 06:27:21] production.INFO: Session after save: SET  
[2026-04-03 06:29:11] production.ERROR: JWT verification error: Incorrect key for this algorithm  
[2026-04-03 06:31:04] production.ERROR: JWT verification error: Incorrect key for this algorithm  
[2026-04-03 06:31:28] production.ERROR: JWT verification error: Incorrect key for this algorithm  
[2026-04-03 06:31:30] production.ERROR: JWT verification error: Incorrect key for this algorithm  
[2026-04-03 06:31:55] production.ERROR: JWT verification error: Incorrect key for this algorithm  
[2026-04-03 06:31:57] production.ERROR: JWT verification error: Incorrect key for this algorithm  
[2026-04-03 06:31:57] production.ERROR: Supabase refresh token error: Client error: `POST https://qrrspyukvdgblhresmsv.supabase.co/auth/v1/token?grant_type=refresh_token` resulted in a `400 Bad Request` response:
{"code":400,"error_code":"refresh_token_not_found","msg":"Invalid Refresh Token: Refresh Token Not Found"}
  
[2026-04-03 06:32:07] production.ERROR: JWT verification error: Incorrect key for this algorithm  
[2026-04-03 06:32:20] production.ERROR: JWT verification error: Incorrect key for this algorithm  
[2026-04-03 06:50:09] production.ERROR: JWT verification error: Incorrect key for this algorithm  
[2026-04-03 06:51:53] production.ERROR: JWT verification error: Incorrect key for this algorithm  
[2026-04-03 06:54:05] production.ERROR: JWT verification error: Incorrect key for this algorithm  
[2026-04-03 06:57:24] production.ERROR: JWT verification error: Incorrect key for this algorithm  
[2026-04-03 06:58:49] production.ERROR: JWT verification error: Incorrect key for this algorithm  
[2026-04-03 06:59:28] production.ERROR: JWT verification error: Incorrect key for this algorithm  
[2026-04-03 07:02:02] production.ERROR: JWT verification error: Incorrect key for this algorithm  
[2026-04-03 07:03:14] production.ERROR: JWT verification error: Incorrect key for this algorithm  
[2026-04-03 07:03:21] production.ERROR: JWT verification error: Incorrect key for this algorithm  
[2026-04-03 07:04:28] production.ERROR: JWT verification error: Incorrect key for this algorithm  
[2026-04-03 07:04:34] production.ERROR: JWT verification error: Incorrect key for this algorithm  
[2026-04-03 07:04:54] production.ERROR: JWT verification error: Incorrect key for this algorithm  
[2026-04-03 07:07:44] production.ERROR: JWT verification error: Incorrect key for this algorithm  
[2026-04-03 07:26:09] production.ERROR: JWT verification error: Incorrect key for this algorithm  
[2026-04-03 07:26:11] production.ERROR: JWT verification error: Incorrect key for this algorithm  
[2026-04-03 08:38:27] production.ERROR: JWT verification error: Incorrect key for this algorithm  
[2026-04-03 08:38:30] production.ERROR: JWT verification error: Incorrect key for this algorithm  
[2026-04-03 09:39:57] production.ERROR: JWT verification error: Incorrect key for this algorithm  
[2026-04-03 09:48:20] production.ERROR: JWT verification error: Incorrect key for this algorithm  
[2026-04-03 09:48:23] production.ERROR: JWT verification error: Incorrect key for this algorithm  
