[2026-03-31 05:48:35] local.ERROR: JWT verification error: Incorrect key for this algorithm  
[2026-03-31 05:48:44] local.ERROR: JWT verification error: Incorrect key for this algorithm  
[2026-03-31 05:48:48] local.ERROR: JWT verification error: Incorrect key for this algorithm  
[2026-03-31 05:50:16] local.ERROR: JWT verification error: Incorrect key for this algorithm  
[2026-03-31 05:50:31] local.ERROR: JWT verification error: Incorrect key for this algorithm  
[2026-03-31 05:50:35] local.ERROR: JWT verification error: Incorrect key for this algorithm  
[2026-03-31 05:50:52] local.ERROR: JWT verification error: Incorrect key for this algorithm  
[2026-03-31 05:50:54] local.ERROR: JWT verification error: Incorrect key for this algorithm  
[2026-03-31 05:51:26] local.ERROR: JWT verification error: Incorrect key for this algorithm  
[2026-03-31 05:51:41] local.ERROR: JWT verification error: Incorrect key for this algorithm  
[2026-03-31 05:52:27] local.ERROR: JWT verification error: Incorrect key for this algorithm  
[2026-03-31 05:52:30] local.ERROR: JWT verification error: Incorrect key for this algorithm  
[2026-03-31 05:52:33] local.ERROR: JWT verification error: Incorrect key for this algorithm  
[2026-03-31 05:52:34] local.INFO: Paddle API: transaction txn_01kn1758ghxnsbnpz53w341ny5 status=completed  
[2026-03-31 05:52:34] local.INFO: Invoice PDF fetched for txn_01kn1758ghxnsbnpz53w341ny5: yes  
[2026-03-31 05:52:36] local.INFO: Built subscription from Paddle API for user adc2037f-8455-46e7-892d-8bc56fbaee13 {"plan":"professional","sub_id":"sub_01kn176g7kx9p82ma6g3gg9zxw","txn_id":"txn_01kn1758ghxnsbnpz53w341ny5","currency":"INR","invoice_pdf":"yes"} 
[2026-03-31 05:52:53] local.ERROR: JWT verification error: Incorrect key for this algorithm  
[2026-03-31 05:53:05] local.ERROR: JWT verification error: Incorrect key for this algorithm  
[2026-03-31 05:53:19] local.ERROR: JWT verification error: Incorrect key for this algorithm  
[2026-03-31 05:53:25] local.ERROR: JWT verification error: Incorrect key for this algorithm  
[2026-03-31 05:53:35] local.ERROR: JWT verification error: Incorrect key for this algorithm  
[2026-03-31 05:54:27] local.ERROR: JWT verification error: Incorrect key for this algorithm  
[2026-03-31 05:55:10] local.ERROR: JWT verification error: Incorrect key for this algorithm  
[2026-03-31 05:55:12] local.INFO: Plan swapped via Paddle: professional/monthly → business/monthly (when=next_billing_period) for user adc2037f-8455-46e7-892d-8bc56fbaee13  
[2026-03-31 05:55:14] local.ERROR: JWT verification error: Incorrect key for this algorithm  
[2026-03-31 05:55:39] local.ERROR: JWT verification error: Incorrect key for this algorithm  
[2026-03-31 05:55:42] local.ERROR: JWT verification error: Incorrect key for this algorithm  
[2026-03-31 05:56:19] local.ERROR: JWT verification error: Incorrect key for this algorithm  
[2026-03-31 05:56:23] local.INFO: Plan swapped via Paddle: professional/monthly → business/monthly (when=immediately) for user adc2037f-8455-46e7-892d-8bc56fbaee13  
[2026-03-31 05:56:25] local.ERROR: JWT verification error: Incorrect key for this algorithm  
[2026-03-31 05:56:33] local.ERROR: JWT verification error: Incorrect key for this algorithm  
[2026-03-31 05:59:45] local.ERROR: JWT verification error: Incorrect key for this algorithm  
[2026-03-31 06:09:01] local.ERROR: JWT verification error: Incorrect key for this algorithm  
[2026-03-31 06:09:19] local.ERROR: JWT verification error: Incorrect key for this algorithm  
[2026-03-31 06:10:10] local.ERROR: JWT verification error: Incorrect key for this algorithm  
[2026-03-31 06:13:49] local.ERROR: JWT verification error: Incorrect key for this algorithm  
[2026-03-31 06:15:01] local.ERROR: JWT verification error: Incorrect key for this algorithm  
[2026-03-31 06:15:49] local.ERROR: JWT verification error: Incorrect key for this algorithm  
[2026-03-31 06:16:16] local.ERROR: JWT verification error: Incorrect key for this algorithm  
[2026-03-31 06:16:18] local.INFO: Plan swapped via Paddle: business/monthly → business/annual (when=next_billing_period) for user adc2037f-8455-46e7-892d-8bc56fbaee13  
[2026-03-31 06:16:20] local.ERROR: JWT verification error: Incorrect key for this algorithm  
[2026-03-31 06:16:24] local.ERROR: JWT verification error: Incorrect key for this algorithm  
[2026-03-31 06:18:49] local.ERROR: JWT verification error: Incorrect key for this algorithm  
[2026-03-31 06:19:25] local.ERROR: JWT verification error: Incorrect key for this algorithm  
[2026-03-31 06:19:57] local.ERROR: JWT verification error: Incorrect key for this algorithm  
[2026-03-31 06:20:11] local.ERROR: JWT verification error: Incorrect key for this algorithm  
[2026-03-31 06:20:30] local.ERROR: JWT verification error: Incorrect key for this algorithm  
[2026-03-31 06:20:34] local.ERROR: JWT verification error: Incorrect key for this algorithm  
[2026-03-31 06:20:41] local.ERROR: JWT verification error: Incorrect key for this algorithm  
[2026-03-31 06:21:01] local.ERROR: JWT verification error: Incorrect key for this algorithm  
[2026-03-31 06:21:03] local.INFO: Plan swapped via Paddle: business/monthly → business/annual (when=next_billing_period) for user adc2037f-8455-46e7-892d-8bc56fbaee13  
[2026-03-31 06:21:05] local.ERROR: JWT verification error: Incorrect key for this algorithm  
[2026-03-31 06:21:21] local.ERROR: JWT verification error: Incorrect key for this algorithm  
[2026-03-31 06:38:53] local.ERROR: JWT verification error: Incorrect key for this algorithm  
[2026-03-31 06:38:56] local.ERROR: Call to undefined method Illuminate\Database\Eloquent\Relations\HasOne::isActive() (View: C:\Git-folders\000form.com\resources\views\pages\pricing.blade.php) {"userId":"adc2037f-8455-46e7-892d-8bc56fbaee13","exception":"[object] (Illuminate\\View\\ViewException(code: 0): Call to undefined method Illuminate\\Database\\Eloquent\\Relations\\HasOne::isActive() (View: C:\\Git-folders\\000form.com\\resources\\views\\pages\\pricing.blade.php) at C:/Git-folders/000form.com/vendor/laravel/framework/src/Illuminate/Support/Traits/ForwardsCalls.php:67)
[stacktrace]
#0 C:/Git-folders/000form.com/vendor/laravel/framework/src/Illuminate/View/Engines/PhpEngine.php(60): Illuminate/View/Engines/CompilerEngine->handleViewException(Object(BadMethodCallException), 1)
#1 C:/Git-folders/000form.com/vendor/laravel/framework/src/Illuminate/View/Engines/CompilerEngine.php(75): Illuminate/View/Engines/PhpEngine->evaluatePath('C://Git-folders//...', Array)
#2 C:/Git-folders/000form.com/vendor/laravel/framework/src/Illuminate/View/View.php(209): Illuminate/View/Engines/CompilerEngine->get('C://Git-folders//...', Array)
#3 C:/Git-folders/000form.com/vendor/laravel/framework/src/Illuminate/View/View.php(192): Illuminate/View/View->getContents()
#4 C:/Git-folders/000form.com/vendor/laravel/framework/src/Illuminate/View/View.php(161): Illuminate/View/View->renderContents()
#5 C:/Git-folders/000form.com/vendor/laravel/framework/src/Illuminate/Http/Response.php(79): Illuminate/View/View->render()
#6 C:/Git-folders/000form.com/vendor/laravel/framework/src/Illuminate/Http/Response.php(35): Illuminate/Http/Response->setContent(Object(Illuminate/View/View))
#7 C:/Git-folders/000form.com/vendor/laravel/framework/src/Illuminate/Routing/Router.php(920): Illuminate/Http/Response->__construct(Object(Illuminate/View/View), 200, Array)
#8 C:/Git-folders/000form.com/vendor/laravel/framework/src/Illuminate/Routing/Router.php(887): Illuminate/Routing/Router::toResponse(Object(Illuminate/Http/Request), Object(Illuminate/View/View))
#9 C:/Git-folders/000form.com/vendor/laravel/framework/src/Illuminate/Routing/Router.php(807): Illuminate/Routing/Router->prepareResponse(Object(Illuminate/Http/Request), Object(Illuminate/View/View))
#10 C:/Git-folders/000form.com/vendor/laravel/framework/src/Illuminate/Pipeline/Pipeline.php(170): Illuminate/Routing/Router->Illuminate/Routing/{closure}(Object(Illuminate/Http/Request))
#11 C:/Git-folders/000form.com/app/Http/Middleware/SetActiveWorkspace.php(98): Illuminate/Pipeline/Pipeline->Illuminate/Pipeline/{closure}(Object(Illuminate/Http/Request))
#12 C:/Git-folders/000form.com/vendor/laravel/framework/src/Illuminate/Pipeline/Pipeline.php(209): App/Http/Middleware/SetActiveWorkspace->handle(Object(Illuminate/Http/Request), Object(Closure))
#13 C:/Git-folders/000form.com/app/Http/Middleware/SupabaseAuthMiddleware.php(52): Illuminate/Pipeline/Pipeline->Illuminate/Pipeline/{closure}(Object(Illuminate/Http/Request))
#14 C:/Git-folders/000form.com/vendor/laravel/framework/src/Illuminate/Pipeline/Pipeline.php(209): App/Http/Middleware/SupabaseAuthMiddleware->handle(Object(Illuminate/Http/Request), Object(Closure))
#15 C:/Git-folders/000form.com/vendor/laravel/framework/src/Illuminate/Routing/Middleware/SubstituteBindings.php(51): Illuminate/Pipeline/Pipeline->Illuminate/Pipeline/{closure}(Object(Illuminate/Http/Request))
#16 C:/Git-folders/000form.com/vendor/laravel/framework/src/Illuminate/Pipeline/Pipeline.php(209): Illuminate/Routing/Middleware/SubstituteBindings->handle(Object(Illuminate/Http/Request), Object(Closure))
#17 C:/Git-folders/000form.com/vendor/laravel/framework/src/Illuminate/Foundation/Http/Middleware/VerifyCsrfToken.php(88): Illuminate/Pipeline/Pipeline->Illuminate/Pipeline/{closure}(Object(Illuminate/Http/Request))
#18 C:/Git-folders/000form.com/vendor/laravel/framework/src/Illuminate/Pipeline/Pipeline.php(209): Illuminate/Foundation/Http/Middleware/VerifyCsrfToken->handle(Object(Illuminate/Http/Request), Object(Closure))
#19 C:/Git-folders/000form.com/vendor/laravel/framework/src/Illuminate/View/Middleware/ShareErrorsFromSession.php(49): Illuminate/Pipeline/Pipeline->Illuminate/Pipeline/{closure}(Object(Illuminate/Http/Request))
#20 C:/Git-folders/000form.com/vendor/laravel/framework/src/Illuminate/Pipeline/Pipeline.php(209): Illuminate/View/Middleware/ShareErrorsFromSession->handle(Object(Illuminate/Http/Request), Object(Closure))
#21 C:/Git-folders/000form.com/vendor/laravel/framework/src/Illuminate/Session/Middleware/StartSession.php(121): Illuminate/Pipeline/Pipeline->Illuminate/Pipeline/{closure}(Object(Illuminate/Http/Request))
#22 C:/Git-folders/000form.com/vendor/laravel/framework/src/Illuminate/Session/Middleware/StartSession.php(64): Illuminate/Session/Middleware/StartSession->handleStatefulRequest(Object(Illuminate/Http/Request), Object(Illuminate/Session/Store), Object(Closure))
#23 C:/Git-folders/000form.com/vendor/laravel/framework/src/Illuminate/Pipeline/Pipeline.php(209): Illuminate/Session/Middleware/StartSession->handle(Object(Illuminate/Http/Request), Object(Closure))
#24 C:/Git-folders/000form.com/vendor/laravel/framework/src/Illuminate/Cookie/Middleware/AddQueuedCookiesToResponse.php(37): Illuminate/Pipeline/Pipeline->Illuminate/Pipeline/{closure}(Object(Illuminate/Http/Request))
#25 C:/Git-folders/000form.com/vendor/laravel/framework/src/Illuminate/Pipeline/Pipeline.php(209): Illuminate/Cookie/Middleware/AddQueuedCookiesToResponse->handle(Object(Illuminate/Http/Request), Object(Closure))
#26 C:/Git-folders/000form.com/vendor/laravel/framework/src/Illuminate/Cookie/Middleware/EncryptCookies.php(75): Illuminate/Pipeline/Pipeline->Illuminate/Pipeline/{closure}(Object(Illuminate/Http/Request))
#27 C:/Git-folders/000form.com/vendor/laravel/framework/src/Illuminate/Pipeline/Pipeline.php(209): Illuminate/Cookie/Middleware/EncryptCookies->handle(Object(Illuminate/Http/Request), Object(Closure))
#28 C:/Git-folders/000form.com/vendor/laravel/framework/src/Illuminate/Pipeline/Pipeline.php(127): Illuminate/Pipeline/Pipeline->Illuminate/Pipeline/{closure}(Object(Illuminate/Http/Request))
#29 C:/Git-folders/000form.com/vendor/laravel/framework/src/Illuminate/Routing/Router.php(807): Illuminate/Pipeline/Pipeline->then(Object(Closure))
#30 C:/Git-folders/000form.com/vendor/laravel/framework/src/Illuminate/Routing/Router.php(786): Illuminate/Routing/Router->runRouteWithinStack(Object(Illuminate/Routing/Route), Object(Illuminate/Http/Request))
#31 C:/Git-folders/000form.com/vendor/laravel/framework/src/Illuminate/Routing/Router.php(750): Illuminate/Routing/Router->runRoute(Object(Illuminate/Http/Request), Object(Illuminate/Routing/Route))
#32 C:/Git-folders/000form.com/vendor/laravel/framework/src/Illuminate/Routing/Router.php(739): Illuminate/Routing/Router->dispatchToRoute(Object(Illuminate/Http/Request))
#33 C:/Git-folders/000form.com/vendor/laravel/framework/src/Illuminate/Foundation/Http/Kernel.php(201): Illuminate/Routing/Router->dispatch(Object(Illuminate/Http/Request))
#34 C:/Git-folders/000form.com/vendor/laravel/framework/src/Illuminate/Pipeline/Pipeline.php(170): Illuminate/Foundation/Http/Kernel->Illuminate/Foundation/Http/{closure}(Object(Illuminate/Http/Request))
#35 C:/Git-folders/000form.com/vendor/laravel/framework/src/Illuminate/Foundation/Http/Middleware/TransformsRequest.php(21): Illuminate/Pipeline/Pipeline->Illuminate/Pipeline/{closure}(Object(Illuminate/Http/Request))
#36 C:/Git-folders/000form.com/vendor/laravel/framework/src/Illuminate/Foundation/Http/Middleware/ConvertEmptyStringsToNull.php(31): Illuminate/Foundation/Http/Middleware/TransformsRequest->handle(Object(Illuminate/Http/Request), Object(Closure))
#37 C:/Git-folders/000form.com/vendor/laravel/framework/src/Illuminate/Pipeline/Pipeline.php(209): Illuminate/Foundation/Http/Middleware/ConvertEmptyStringsToNull->handle(Object(Illuminate/Http/Request), Object(Closure))
#38 C:/Git-folders/000form.com/vendor/laravel/framework/src/Illuminate/Foundation/Http/Middleware/TransformsRequest.php(21): Illuminate/Pipeline/Pipeline->Illuminate/Pipeline/{closure}(Object(Illuminate/Http/Request))
#39 C:/Git-folders/000form.com/vendor/laravel/framework/src/Illuminate/Foundation/Http/Middleware/TrimStrings.php(51): Illuminate/Foundation/Http/Middleware/TransformsRequest->handle(Object(Illuminate/Http/Request), Object(Closure))
#40 C:/Git-folders/000form.com/vendor/laravel/framework/src/Illuminate/Pipeline/Pipeline.php(209): Illuminate/Foundation/Http/Middleware/TrimStrings->handle(Object(Illuminate/Http/Request), Object(Closure))
#41 C:/Git-folders/000form.com/vendor/laravel/framework/src/Illuminate/Http/Middleware/ValidatePostSize.php(27): Illuminate/Pipeline/Pipeline->Illuminate/Pipeline/{closure}(Object(Illuminate/Http/Request))
#42 C:/Git-folders/000form.com/vendor/laravel/framework/src/Illuminate/Pipeline/Pipeline.php(209): Illuminate/Http/Middleware/ValidatePostSize->handle(Object(Illuminate/Http/Request), Object(Closure))
#43 C:/Git-folders/000form.com/vendor/laravel/framework/src/Illuminate/Foundation/Http/Middleware/PreventRequestsDuringMaintenance.php(110): Illuminate/Pipeline/Pipeline->Illuminate/Pipeline/{closure}(Object(Illuminate/Http/Request))
#44 C:/Git-folders/000form.com/vendor/laravel/framework/src/Illuminate/Pipeline/Pipeline.php(209): Illuminate/Foundation/Http/Middleware/PreventRequestsDuringMaintenance->handle(Object(Illuminate/Http/Request), Object(Closure))
#45 C:/Git-folders/000form.com/vendor/laravel/framework/src/Illuminate/Http/Middleware/HandleCors.php(49): Illuminate/Pipeline/Pipeline->Illuminate/Pipeline/{closure}(Object(Illuminate/Http/Request))
#46 C:/Git-folders/000form.com/vendor/laravel/framework/src/Illuminate/Pipeline/Pipeline.php(209): Illuminate/Http/Middleware/HandleCors->handle(Object(Illuminate/Http/Request), Object(Closure))
#47 C:/Git-folders/000form.com/vendor/laravel/framework/src/Illuminate/Http/Middleware/TrustProxies.php(58): Illuminate/Pipeline/Pipeline->Illuminate/Pipeline/{closure}(Object(Illuminate/Http/Request))
#48 C:/Git-folders/000form.com/vendor/laravel/framework/src/Illuminate/Pipeline/Pipeline.php(209): Illuminate/Http/Middleware/TrustProxies->handle(Object(Illuminate/Http/Request), Object(Closure))
#49 C:/Git-folders/000form.com/vendor/laravel/framework/src/Illuminate/Foundation/Http/Middleware/InvokeDeferredCallbacks.php(22): Illuminate/Pipeline/Pipeline->Illuminate/Pipeline/{closure}(Object(Illuminate/Http/Request))
#50 C:/Git-folders/000form.com/vendor/laravel/framework/src/Illuminate/Pipeline/Pipeline.php(209): Illuminate/Foundation/Http/Middleware/InvokeDeferredCallbacks->handle(Object(Illuminate/Http/Request), Object(Closure))
#51 C:/Git-folders/000form.com/vendor/laravel/framework/src/Illuminate/Pipeline/Pipeline.php(127): Illuminate/Pipeline/Pipeline->Illuminate/Pipeline/{closure}(Object(Illuminate/Http/Request))
#52 C:/Git-folders/000form.com/vendor/laravel/framework/src/Illuminate/Foundation/Http/Kernel.php(176): Illuminate/Pipeline/Pipeline->then(Object(Closure))
#53 C:/Git-folders/000form.com/vendor/laravel/framework/src/Illuminate/Foundation/Http/Kernel.php(145): Illuminate/Foundation/Http/Kernel->sendRequestThroughRouter(Object(Illuminate/Http/Request))
#54 C:/Git-folders/000form.com/vendor/laravel/framework/src/Illuminate/Foundation/Application.php(1220): Illuminate/Foundation/Http/Kernel->handle(Object(Illuminate/Http/Request))
#55 C:/Git-folders/000form.com/public/index.php(17): Illuminate/Foundation/Application->handleRequest(Object(Illuminate/Http/Request))
#56 C:/Git-folders/000form.com/vendor/laravel/framework/src/Illuminate/Foundation/resources/server.php(23): require_once('C://Git-folders//...')
#57 {main}

[previous exception] [object] (BadMethodCallException(code: 0): Call to undefined method Illuminate\\Database\\Eloquent\\Relations\\HasOne::isActive() at C:/Git-folders/000form.com/vendor/laravel/framework/src/Illuminate/Support/Traits/ForwardsCalls.php:67)
[stacktrace]
#0 C:/Git-folders/000form.com/vendor/laravel/framework/src/Illuminate/Support/Traits/ForwardsCalls.php(36): Illuminate/Database/Eloquent/Relations/Relation::throwBadMethodCallException('isActive')
#1 C:/Git-folders/000form.com/vendor/laravel/framework/src/Illuminate/Support/Traits/ForwardsCalls.php(52): Illuminate/Database/Eloquent/Relations/Relation->forwardCallTo(Object(Illuminate/Database/Eloquent/Builder), 'isActive', Array)
#2 C:/Git-folders/000form.com/vendor/laravel/framework/src/Illuminate/Database/Eloquent/Relations/Relation.php(538): Illuminate/Database/Eloquent/Relations/Relation->forwardDecoratedCallTo(Object(Illuminate/Database/Eloquent/Builder), 'isActive', Array)
#3 C:/Git-folders/000form.com/storage/framework/views/eb5be1f6448836d4e2128d6c3b60dbbd.php(484): Illuminate/Database/Eloquent/Relations/Relation->__call('isActive', Array)
#4 C:/Git-folders/000form.com/vendor/laravel/framework/src/Illuminate/Filesystem/Filesystem.php(123): require('C://Git-folders//...')
#5 C:/Git-folders/000form.com/vendor/laravel/framework/src/Illuminate/Filesystem/Filesystem.php(124): Illuminate/Filesystem/Filesystem::Illuminate/Filesystem/{closure}()
#6 C:/Git-folders/000form.com/vendor/laravel/framework/src/Illuminate/View/Engines/PhpEngine.php(58): Illuminate/Filesystem/Filesystem->getRequire('C://Git-folders//...', Array)
#7 C:/Git-folders/000form.com/vendor/laravel/framework/src/Illuminate/View/Engines/CompilerEngine.php(75): Illuminate/View/Engines/PhpEngine->evaluatePath('C://Git-folders//...', Array)
#8 C:/Git-folders/000form.com/vendor/laravel/framework/src/Illuminate/View/View.php(209): Illuminate/View/Engines/CompilerEngine->get('C://Git-folders//...', Array)
#9 C:/Git-folders/000form.com/vendor/laravel/framework/src/Illuminate/View/View.php(192): Illuminate/View/View->getContents()
#10 C:/Git-folders/000form.com/vendor/laravel/framework/src/Illuminate/View/View.php(161): Illuminate/View/View->renderContents()
#11 C:/Git-folders/000form.com/vendor/laravel/framework/src/Illuminate/Http/Response.php(79): Illuminate/View/View->render()
#12 C:/Git-folders/000form.com/vendor/laravel/framework/src/Illuminate/Http/Response.php(35): Illuminate/Http/Response->setContent(Object(Illuminate/View/View))
#13 C:/Git-folders/000form.com/vendor/laravel/framework/src/Illuminate/Routing/Router.php(920): Illuminate/Http/Response->__construct(Object(Illuminate/View/View), 200, Array)
#14 C:/Git-folders/000form.com/vendor/laravel/framework/src/Illuminate/Routing/Router.php(887): Illuminate/Routing/Router::toResponse(Object(Illuminate/Http/Request), Object(Illuminate/View/View))
#15 C:/Git-folders/000form.com/vendor/laravel/framework/src/Illuminate/Routing/Router.php(807): Illuminate/Routing/Router->prepareResponse(Object(Illuminate/Http/Request), Object(Illuminate/View/View))
#16 C:/Git-folders/000form.com/vendor/laravel/framework/src/Illuminate/Pipeline/Pipeline.php(170): Illuminate/Routing/Router->Illuminate/Routing/{closure}(Object(Illuminate/Http/Request))
#17 C:/Git-folders/000form.com/app/Http/Middleware/SetActiveWorkspace.php(98): Illuminate/Pipeline/Pipeline->Illuminate/Pipeline/{closure}(Object(Illuminate/Http/Request))
#18 C:/Git-folders/000form.com/vendor/laravel/framework/src/Illuminate/Pipeline/Pipeline.php(209): App/Http/Middleware/SetActiveWorkspace->handle(Object(Illuminate/Http/Request), Object(Closure))
#19 C:/Git-folders/000form.com/app/Http/Middleware/SupabaseAuthMiddleware.php(52): Illuminate/Pipeline/Pipeline->Illuminate/Pipeline/{closure}(Object(Illuminate/Http/Request))
#20 C:/Git-folders/000form.com/vendor/laravel/framework/src/Illuminate/Pipeline/Pipeline.php(209): App/Http/Middleware/SupabaseAuthMiddleware->handle(Object(Illuminate/Http/Request), Object(Closure))
#21 C:/Git-folders/000form.com/vendor/laravel/framework/src/Illuminate/Routing/Middleware/SubstituteBindings.php(51): Illuminate/Pipeline/Pipeline->Illuminate/Pipeline/{closure}(Object(Illuminate/Http/Request))
#22 C:/Git-folders/000form.com/vendor/laravel/framework/src/Illuminate/Pipeline/Pipeline.php(209): Illuminate/Routing/Middleware/SubstituteBindings->handle(Object(Illuminate/Http/Request), Object(Closure))
#23 C:/Git-folders/000form.com/vendor/laravel/framework/src/Illuminate/Foundation/Http/Middleware/VerifyCsrfToken.php(88): Illuminate/Pipeline/Pipeline->Illuminate/Pipeline/{closure}(Object(Illuminate/Http/Request))
#24 C:/Git-folders/000form.com/vendor/laravel/framework/src/Illuminate/Pipeline/Pipeline.php(209): Illuminate/Foundation/Http/Middleware/VerifyCsrfToken->handle(Object(Illuminate/Http/Request), Object(Closure))
#25 C:/Git-folders/000form.com/vendor/laravel/framework/src/Illuminate/View/Middleware/ShareErrorsFromSession.php(49): Illuminate/Pipeline/Pipeline->Illuminate/Pipeline/{closure}(Object(Illuminate/Http/Request))
#26 C:/Git-folders/000form.com/vendor/laravel/framework/src/Illuminate/Pipeline/Pipeline.php(209): Illuminate/View/Middleware/ShareErrorsFromSession->handle(Object(Illuminate/Http/Request), Object(Closure))
#27 C:/Git-folders/000form.com/vendor/laravel/framework/src/Illuminate/Session/Middleware/StartSession.php(121): Illuminate/Pipeline/Pipeline->Illuminate/Pipeline/{closure}(Object(Illuminate/Http/Request))
#28 C:/Git-folders/000form.com/vendor/laravel/framework/src/Illuminate/Session/Middleware/StartSession.php(64): Illuminate/Session/Middleware/StartSession->handleStatefulRequest(Object(Illuminate/Http/Request), Object(Illuminate/Session/Store), Object(Closure))
#29 C:/Git-folders/000form.com/vendor/laravel/framework/src/Illuminate/Pipeline/Pipeline.php(209): Illuminate/Session/Middleware/StartSession->handle(Object(Illuminate/Http/Request), Object(Closure))
#30 C:/Git-folders/000form.com/vendor/laravel/framework/src/Illuminate/Cookie/Middleware/AddQueuedCookiesToResponse.php(37): Illuminate/Pipeline/Pipeline->Illuminate/Pipeline/{closure}(Object(Illuminate/Http/Request))
#31 C:/Git-folders/000form.com/vendor/laravel/framework/src/Illuminate/Pipeline/Pipeline.php(209): Illuminate/Cookie/Middleware/AddQueuedCookiesToResponse->handle(Object(Illuminate/Http/Request), Object(Closure))
#32 C:/Git-folders/000form.com/vendor/laravel/framework/src/Illuminate/Cookie/Middleware/EncryptCookies.php(75): Illuminate/Pipeline/Pipeline->Illuminate/Pipeline/{closure}(Object(Illuminate/Http/Request))
#33 C:/Git-folders/000form.com/vendor/laravel/framework/src/Illuminate/Pipeline/Pipeline.php(209): Illuminate/Cookie/Middleware/EncryptCookies->handle(Object(Illuminate/Http/Request), Object(Closure))
#34 C:/Git-folders/000form.com/vendor/laravel/framework/src/Illuminate/Pipeline/Pipeline.php(127): Illuminate/Pipeline/Pipeline->Illuminate/Pipeline/{closure}(Object(Illuminate/Http/Request))
#35 C:/Git-folders/000form.com/vendor/laravel/framework/src/Illuminate/Routing/Router.php(807): Illuminate/Pipeline/Pipeline->then(Object(Closure))
#36 C:/Git-folders/000form.com/vendor/laravel/framework/src/Illuminate/Routing/Router.php(786): Illuminate/Routing/Router->runRouteWithinStack(Object(Illuminate/Routing/Route), Object(Illuminate/Http/Request))
#37 C:/Git-folders/000form.com/vendor/laravel/framework/src/Illuminate/Routing/Router.php(750): Illuminate/Routing/Router->runRoute(Object(Illuminate/Http/Request), Object(Illuminate/Routing/Route))
#38 C:/Git-folders/000form.com/vendor/laravel/framework/src/Illuminate/Routing/Router.php(739): Illuminate/Routing/Router->dispatchToRoute(Object(Illuminate/Http/Request))
#39 C:/Git-folders/000form.com/vendor/laravel/framework/src/Illuminate/Foundation/Http/Kernel.php(201): Illuminate/Routing/Router->dispatch(Object(Illuminate/Http/Request))
#40 C:/Git-folders/000form.com/vendor/laravel/framework/src/Illuminate/Pipeline/Pipeline.php(170): Illuminate/Foundation/Http/Kernel->Illuminate/Foundation/Http/{closure}(Object(Illuminate/Http/Request))
#41 C:/Git-folders/000form.com/vendor/laravel/framework/src/Illuminate/Foundation/Http/Middleware/TransformsRequest.php(21): Illuminate/Pipeline/Pipeline->Illuminate/Pipeline/{closure}(Object(Illuminate/Http/Request))
#42 C:/Git-folders/000form.com/vendor/laravel/framework/src/Illuminate/Foundation/Http/Middleware/ConvertEmptyStringsToNull.php(31): Illuminate/Foundation/Http/Middleware/TransformsRequest->handle(Object(Illuminate/Http/Request), Object(Closure))
#43 C:/Git-folders/000form.com/vendor/laravel/framework/src/Illuminate/Pipeline/Pipeline.php(209): Illuminate/Foundation/Http/Middleware/ConvertEmptyStringsToNull->handle(Object(Illuminate/Http/Request), Object(Closure))
#44 C:/Git-folders/000form.com/vendor/laravel/framework/src/Illuminate/Foundation/Http/Middleware/TransformsRequest.php(21): Illuminate/Pipeline/Pipeline->Illuminate/Pipeline/{closure}(Object(Illuminate/Http/Request))
#45 C:/Git-folders/000form.com/vendor/laravel/framework/src/Illuminate/Foundation/Http/Middleware/TrimStrings.php(51): Illuminate/Foundation/Http/Middleware/TransformsRequest->handle(Object(Illuminate/Http/Request), Object(Closure))
#46 C:/Git-folders/000form.com/vendor/laravel/framework/src/Illuminate/Pipeline/Pipeline.php(209): Illuminate/Foundation/Http/Middleware/TrimStrings->handle(Object(Illuminate/Http/Request), Object(Closure))
#47 C:/Git-folders/000form.com/vendor/laravel/framework/src/Illuminate/Http/Middleware/ValidatePostSize.php(27): Illuminate/Pipeline/Pipeline->Illuminate/Pipeline/{closure}(Object(Illuminate/Http/Request))
#48 C:/Git-folders/000form.com/vendor/laravel/framework/src/Illuminate/Pipeline/Pipeline.php(209): Illuminate/Http/Middleware/ValidatePostSize->handle(Object(Illuminate/Http/Request), Object(Closure))
#49 C:/Git-folders/000form.com/vendor/laravel/framework/src/Illuminate/Foundation/Http/Middleware/PreventRequestsDuringMaintenance.php(110): Illuminate/Pipeline/Pipeline->Illuminate/Pipeline/{closure}(Object(Illuminate/Http/Request))
#50 C:/Git-folders/000form.com/vendor/laravel/framework/src/Illuminate/Pipeline/Pipeline.php(209): Illuminate/Foundation/Http/Middleware/PreventRequestsDuringMaintenance->handle(Object(Illuminate/Http/Request), Object(Closure))
#51 C:/Git-folders/000form.com/vendor/laravel/framework/src/Illuminate/Http/Middleware/HandleCors.php(49): Illuminate/Pipeline/Pipeline->Illuminate/Pipeline/{closure}(Object(Illuminate/Http/Request))
#52 C:/Git-folders/000form.com/vendor/laravel/framework/src/Illuminate/Pipeline/Pipeline.php(209): Illuminate/Http/Middleware/HandleCors->handle(Object(Illuminate/Http/Request), Object(Closure))
#53 C:/Git-folders/000form.com/vendor/laravel/framework/src/Illuminate/Http/Middleware/TrustProxies.php(58): Illuminate/Pipeline/Pipeline->Illuminate/Pipeline/{closure}(Object(Illuminate/Http/Request))
#54 C:/Git-folders/000form.com/vendor/laravel/framework/src/Illuminate/Pipeline/Pipeline.php(209): Illuminate/Http/Middleware/TrustProxies->handle(Object(Illuminate/Http/Request), Object(Closure))
#55 C:/Git-folders/000form.com/vendor/laravel/framework/src/Illuminate/Foundation/Http/Middleware/InvokeDeferredCallbacks.php(22): Illuminate/Pipeline/Pipeline->Illuminate/Pipeline/{closure}(Object(Illuminate/Http/Request))
#56 C:/Git-folders/000form.com/vendor/laravel/framework/src/Illuminate/Pipeline/Pipeline.php(209): Illuminate/Foundation/Http/Middleware/InvokeDeferredCallbacks->handle(Object(Illuminate/Http/Request), Object(Closure))
#57 C:/Git-folders/000form.com/vendor/laravel/framework/src/Illuminate/Pipeline/Pipeline.php(127): Illuminate/Pipeline/Pipeline->Illuminate/Pipeline/{closure}(Object(Illuminate/Http/Request))
#58 C:/Git-folders/000form.com/vendor/laravel/framework/src/Illuminate/Foundation/Http/Kernel.php(176): Illuminate/Pipeline/Pipeline->then(Object(Closure))
#59 C:/Git-folders/000form.com/vendor/laravel/framework/src/Illuminate/Foundation/Http/Kernel.php(145): Illuminate/Foundation/Http/Kernel->sendRequestThroughRouter(Object(Illuminate/Http/Request))
#60 C:/Git-folders/000form.com/vendor/laravel/framework/src/Illuminate/Foundation/Application.php(1220): Illuminate/Foundation/Http/Kernel->handle(Object(Illuminate/Http/Request))
#61 C:/Git-folders/000form.com/public/index.php(17): Illuminate/Foundation/Application->handleRequest(Object(Illuminate/Http/Request))
#62 C:/Git-folders/000form.com/vendor/laravel/framework/src/Illuminate/Foundation/resources/server.php(23): require_once('C://Git-folders//...')
#63 {main}
"} 
[2026-03-31 06:40:10] local.ERROR: JWT verification error: Incorrect key for this algorithm  
[2026-03-31 06:40:19] local.ERROR: JWT verification error: Incorrect key for this algorithm  
[2026-03-31 06:42:49] local.ERROR: JWT verification error: Incorrect key for this algorithm  
[2026-03-31 06:43:10] local.ERROR: JWT verification error: Incorrect key for this algorithm  
[2026-03-31 06:43:26] local.ERROR: JWT verification error: Incorrect key for this algorithm  
[2026-03-31 06:43:53] local.ERROR: JWT verification error: Incorrect key for this algorithm  
[2026-03-31 06:45:00] local.ERROR: JWT verification error: Incorrect key for this algorithm  
[2026-03-31 06:45:28] local.ERROR: JWT verification error: Incorrect key for this algorithm  
