[2026-04-13 02:46:16] production.INFO: Supabase signup success {"result":{"success":true,"data":{"id":"971b25f9-5a35-4fac-a255-0f9005095de3","aud":"authenticated","role":"authenticated","email":"u.l.ipeqi.b.u.n.51@gmail.com","phone":"","confirmation_sent_at":"2026-04-13T02:46:13.84527826Z","app_metadata":{"provider":"email","providers":["email"]},"user_metadata":{"email":"u.l.ipeqi.b.u.n.51@gmail.com","email_verified":false,"phone_verified":false,"sub":"971b25f9-5a35-4fac-a255-0f9005095de3"},"identities":[{"identity_id":"7f7ff956-357d-4e96-83c8-e0c2f892592a","id":"971b25f9-5a35-4fac-a255-0f9005095de3","user_id":"971b25f9-5a35-4fac-a255-0f9005095de3","identity_data":{"email":"u.l.ipeqi.b.u.n.51@gmail.com","email_verified":false,"phone_verified":false,"sub":"971b25f9-5a35-4fac-a255-0f9005095de3"},"provider":"email","last_sign_in_at":"2026-04-13T02:46:13.832326344Z","created_at":"2026-04-13T02:46:13.832377Z","updated_at":"2026-04-13T02:46:13.832377Z","email":"u.l.ipeqi.b.u.n.51@gmail.com"}],"created_at":"2026-04-13T02:46:13.798495Z","updated_at":"2026-04-13T02:46:16.55259Z","is_anonymous":false}}} 
[2026-04-13 02:46:16] production.INFO: Admin email sent {"emails":["sakshi.saklani@drishinfo.com","kc@essenn.associates"]} 
[2026-04-13 02:46:18] production.ERROR: Supabase signup error: Client error: `POST https://dodtuiybyrrxlujbnraw.supabase.co/auth/v1/signup` resulted in a `429 Too Many Requests` response:
{"code":429,"error_code":"over_email_send_rate_limit","msg":"For security purposes, you can only request this after 55 s (truncated...)
  
[2026-04-13 02:46:23] production.ERROR: Supabase signup error: Client error: `POST https://dodtuiybyrrxlujbnraw.supabase.co/auth/v1/signup` resulted in a `429 Too Many Requests` response:
{"code":429,"error_code":"over_email_send_rate_limit","msg":"For security purposes, you can only request this after 50 s (truncated...)
  
[2026-04-13 02:46:37] production.ERROR: Supabase signin error: Client error: `POST https://dodtuiybyrrxlujbnraw.supabase.co/auth/v1/token?grant_type=password` resulted in a `400 Bad Request` response:
{"code":400,"error_code":"invalid_credentials","msg":"Invalid login credentials"}
  
[2026-04-13 04:56:03] production.INFO: Supabase signup success {"result":{"success":true,"data":{"id":"7a3413d1-271d-466d-a320-0651347ee259","aud":"authenticated","role":"authenticated","email":"tsaklani22drish@yopmail.com","phone":"","confirmation_sent_at":"2026-04-13T04:56:00.283967221Z","app_metadata":{"provider":"email","providers":["email"]},"user_metadata":{"email":"tsaklani22drish@yopmail.com","email_verified":false,"phone_verified":false,"sub":"7a3413d1-271d-466d-a320-0651347ee259"},"identities":[{"identity_id":"45f8ffd2-a016-4dd3-95be-99b2678240f9","id":"7a3413d1-271d-466d-a320-0651347ee259","user_id":"7a3413d1-271d-466d-a320-0651347ee259","identity_data":{"email":"tsaklani22drish@yopmail.com","email_verified":false,"phone_verified":false,"sub":"7a3413d1-271d-466d-a320-0651347ee259"},"provider":"email","last_sign_in_at":"2026-04-13T04:56:00.275164103Z","created_at":"2026-04-13T04:56:00.275213Z","updated_at":"2026-04-13T04:56:00.275213Z","email":"tsaklani22drish@yopmail.com"}],"created_at":"2026-04-13T04:56:00.249678Z","updated_at":"2026-04-13T04:56:02.971443Z","is_anonymous":false}}} 
[2026-04-13 04:56:04] production.INFO: Admin notification sent {"emails":["sakshi.saklani@drishinfo.com","tsaklani2drish@gmail.com"]} 
[2026-04-13 05:00:43] production.INFO: Admin notification sent for Google signup {"email":"sachingandhidrish@gmail.com","adminMails":["sakshi.saklani@drishinfo.com","tsaklani2drish@gmail.com"]} 
[2026-04-13 05:38:58] production.INFO: Admin notification sent for Google signup {"email":"gandhirealestate8@gmail.com","adminMails":["sakshi.saklani@drishinfo.com","tsaklani2drish@gmail.com"]} 
[2026-04-13 19:59:11] production.ERROR: Method App\Http\Controllers\FormSubmissionController::show does not exist. {"exception":"[object] (BadMethodCallException(code: 0): Method App\\Http\\Controllers\\FormSubmissionController::show does not exist. at /var/www/html/000form/vendor/laravel/framework/src/Illuminate/Routing/Controller.php:68)
[stacktrace]
#0 /var/www/html/000form/vendor/laravel/framework/src/Illuminate/Routing/Controller.php(54): Illuminate\\Routing\\Controller->__call()
#1 /var/www/html/000form/vendor/laravel/framework/src/Illuminate/Routing/ControllerDispatcher.php(44): Illuminate\\Routing\\Controller->callAction()
#2 /var/www/html/000form/vendor/laravel/framework/src/Illuminate/Routing/Route.php(266): Illuminate\\Routing\\ControllerDispatcher->dispatch()
#3 /var/www/html/000form/vendor/laravel/framework/src/Illuminate/Routing/Route.php(212): Illuminate\\Routing\\Route->runController()
#4 /var/www/html/000form/vendor/laravel/framework/src/Illuminate/Routing/Router.php(808): Illuminate\\Routing\\Route->run()
#5 /var/www/html/000form/vendor/laravel/framework/src/Illuminate/Pipeline/Pipeline.php(170): Illuminate\\Routing\\Router->Illuminate\\Routing\\{closure}()
#6 /var/www/html/000form/app/Http/Middleware/SetActiveWorkspace.php(98): Illuminate\\Pipeline\\Pipeline->Illuminate\\Pipeline\\{closure}()
#7 /var/www/html/000form/vendor/laravel/framework/src/Illuminate/Pipeline/Pipeline.php(209): App\\Http\\Middleware\\SetActiveWorkspace->handle()
#8 /var/www/html/000form/app/Http/Middleware/SupabaseAuthMiddleware.php(30): Illuminate\\Pipeline\\Pipeline->Illuminate\\Pipeline\\{closure}()
#9 /var/www/html/000form/vendor/laravel/framework/src/Illuminate/Pipeline/Pipeline.php(209): App\\Http\\Middleware\\SupabaseAuthMiddleware->handle()
#10 /var/www/html/000form/vendor/laravel/framework/src/Illuminate/Routing/Middleware/SubstituteBindings.php(51): Illuminate\\Pipeline\\Pipeline->Illuminate\\Pipeline\\{closure}()
#11 /var/www/html/000form/vendor/laravel/framework/src/Illuminate/Pipeline/Pipeline.php(209): Illuminate\\Routing\\Middleware\\SubstituteBindings->handle()
#12 /var/www/html/000form/vendor/laravel/framework/src/Illuminate/View/Middleware/ShareErrorsFromSession.php(49): Illuminate\\Pipeline\\Pipeline->Illuminate\\Pipeline\\{closure}()
#13 /var/www/html/000form/vendor/laravel/framework/src/Illuminate/Pipeline/Pipeline.php(209): Illuminate\\View\\Middleware\\ShareErrorsFromSession->handle()
#14 /var/www/html/000form/vendor/laravel/framework/src/Illuminate/Session/Middleware/StartSession.php(121): Illuminate\\Pipeline\\Pipeline->Illuminate\\Pipeline\\{closure}()
#15 /var/www/html/000form/vendor/laravel/framework/src/Illuminate/Session/Middleware/StartSession.php(64): Illuminate\\Session\\Middleware\\StartSession->handleStatefulRequest()
#16 /var/www/html/000form/vendor/laravel/framework/src/Illuminate/Pipeline/Pipeline.php(209): Illuminate\\Session\\Middleware\\StartSession->handle()
#17 /var/www/html/000form/vendor/laravel/framework/src/Illuminate/Cookie/Middleware/AddQueuedCookiesToResponse.php(37): Illuminate\\Pipeline\\Pipeline->Illuminate\\Pipeline\\{closure}()
#18 /var/www/html/000form/vendor/laravel/framework/src/Illuminate/Pipeline/Pipeline.php(209): Illuminate\\Cookie\\Middleware\\AddQueuedCookiesToResponse->handle()
#19 /var/www/html/000form/vendor/laravel/framework/src/Illuminate/Cookie/Middleware/EncryptCookies.php(75): Illuminate\\Pipeline\\Pipeline->Illuminate\\Pipeline\\{closure}()
#20 /var/www/html/000form/vendor/laravel/framework/src/Illuminate/Pipeline/Pipeline.php(209): Illuminate\\Cookie\\Middleware\\EncryptCookies->handle()
#21 /var/www/html/000form/vendor/laravel/framework/src/Illuminate/Pipeline/Pipeline.php(127): Illuminate\\Pipeline\\Pipeline->Illuminate\\Pipeline\\{closure}()
#22 /var/www/html/000form/vendor/laravel/framework/src/Illuminate/Routing/Router.php(807): Illuminate\\Pipeline\\Pipeline->then()
#23 /var/www/html/000form/vendor/laravel/framework/src/Illuminate/Routing/Router.php(786): Illuminate\\Routing\\Router->runRouteWithinStack()
#24 /var/www/html/000form/vendor/laravel/framework/src/Illuminate/Routing/Router.php(750): Illuminate\\Routing\\Router->runRoute()
#25 /var/www/html/000form/vendor/laravel/framework/src/Illuminate/Routing/Router.php(739): Illuminate\\Routing\\Router->dispatchToRoute()
#26 /var/www/html/000form/vendor/laravel/framework/src/Illuminate/Foundation/Http/Kernel.php(201): Illuminate\\Routing\\Router->dispatch()
#27 /var/www/html/000form/vendor/laravel/framework/src/Illuminate/Pipeline/Pipeline.php(170): Illuminate\\Foundation\\Http\\Kernel->Illuminate\\Foundation\\Http\\{closure}()
#28 /var/www/html/000form/vendor/laravel/framework/src/Illuminate/Foundation/Http/Middleware/TransformsRequest.php(21): Illuminate\\Pipeline\\Pipeline->Illuminate\\Pipeline\\{closure}()
#29 /var/www/html/000form/vendor/laravel/framework/src/Illuminate/Foundation/Http/Middleware/ConvertEmptyStringsToNull.php(31): Illuminate\\Foundation\\Http\\Middleware\\TransformsRequest->handle()
#30 /var/www/html/000form/vendor/laravel/framework/src/Illuminate/Pipeline/Pipeline.php(209): Illuminate\\Foundation\\Http\\Middleware\\ConvertEmptyStringsToNull->handle()
#31 /var/www/html/000form/vendor/laravel/framework/src/Illuminate/Foundation/Http/Middleware/TransformsRequest.php(21): Illuminate\\Pipeline\\Pipeline->Illuminate\\Pipeline\\{closure}()
#32 /var/www/html/000form/vendor/laravel/framework/src/Illuminate/Foundation/Http/Middleware/TrimStrings.php(51): Illuminate\\Foundation\\Http\\Middleware\\TransformsRequest->handle()
#33 /var/www/html/000form/vendor/laravel/framework/src/Illuminate/Pipeline/Pipeline.php(209): Illuminate\\Foundation\\Http\\Middleware\\TrimStrings->handle()
#34 /var/www/html/000form/vendor/laravel/framework/src/Illuminate/Http/Middleware/ValidatePostSize.php(27): Illuminate\\Pipeline\\Pipeline->Illuminate\\Pipeline\\{closure}()
#35 /var/www/html/000form/vendor/laravel/framework/src/Illuminate/Pipeline/Pipeline.php(209): Illuminate\\Http\\Middleware\\ValidatePostSize->handle()
#36 /var/www/html/000form/vendor/laravel/framework/src/Illuminate/Foundation/Http/Middleware/PreventRequestsDuringMaintenance.php(110): Illuminate\\Pipeline\\Pipeline->Illuminate\\Pipeline\\{closure}()
#37 /var/www/html/000form/vendor/laravel/framework/src/Illuminate/Pipeline/Pipeline.php(209): Illuminate\\Foundation\\Http\\Middleware\\PreventRequestsDuringMaintenance->handle()
#38 /var/www/html/000form/vendor/laravel/framework/src/Illuminate/Http/Middleware/HandleCors.php(62): Illuminate\\Pipeline\\Pipeline->Illuminate\\Pipeline\\{closure}()
#39 /var/www/html/000form/vendor/laravel/framework/src/Illuminate/Pipeline/Pipeline.php(209): Illuminate\\Http\\Middleware\\HandleCors->handle()
#40 /var/www/html/000form/vendor/laravel/framework/src/Illuminate/Http/Middleware/TrustProxies.php(58): Illuminate\\Pipeline\\Pipeline->Illuminate\\Pipeline\\{closure}()
#41 /var/www/html/000form/vendor/laravel/framework/src/Illuminate/Pipeline/Pipeline.php(209): Illuminate\\Http\\Middleware\\TrustProxies->handle()
#42 /var/www/html/000form/vendor/laravel/framework/src/Illuminate/Foundation/Http/Middleware/InvokeDeferredCallbacks.php(22): Illuminate\\Pipeline\\Pipeline->Illuminate\\Pipeline\\{closure}()
#43 /var/www/html/000form/vendor/laravel/framework/src/Illuminate/Pipeline/Pipeline.php(209): Illuminate\\Foundation\\Http\\Middleware\\InvokeDeferredCallbacks->handle()
#44 /var/www/html/000form/vendor/laravel/framework/src/Illuminate/Pipeline/Pipeline.php(127): Illuminate\\Pipeline\\Pipeline->Illuminate\\Pipeline\\{closure}()
#45 /var/www/html/000form/vendor/laravel/framework/src/Illuminate/Foundation/Http/Kernel.php(176): Illuminate\\Pipeline\\Pipeline->then()
#46 /var/www/html/000form/vendor/laravel/framework/src/Illuminate/Foundation/Http/Kernel.php(145): Illuminate\\Foundation\\Http\\Kernel->sendRequestThroughRouter()
#47 /var/www/html/000form/vendor/laravel/framework/src/Illuminate/Foundation/Application.php(1220): Illuminate\\Foundation\\Http\\Kernel->handle()
#48 /var/www/html/000form/public/index.php(17): Illuminate\\Foundation\\Application->handleRequest()
#49 {main}
"} 
