[2026-02-25 06:54:50] production.INFO: Playground: verification email sent {"email":"sakshi.saklani@drishinfo.com"} 
[2026-02-25 06:55:08] production.INFO: Playground: email verified {"email":"sakshi.saklani@drishinfo.com"} 
[2026-02-25 06:55:41] production.INFO: Playground submit called {"has_recipient_email":true,"has_form_slug":false,"method":"POST","url":"https://000form.com/playground/submit"} 
[2026-02-25 06:55:41] production.INFO: Playground: Captcha verification status {"is_captcha_verified":false,"has_captcha_flag":false} 
[2026-02-25 06:55:41] production.INFO: Playground: Redirecting to captcha page {"email":"sakshi.saklani@drishinfo.com"} 
[2026-02-25 06:57:21] production.INFO: Playground submit called {"has_recipient_email":true,"has_form_slug":false,"method":"POST","url":"https://000form.com/playground/submit"} 
[2026-02-25 06:57:21] production.INFO: Playground: Captcha verification status {"is_captcha_verified":false,"has_captcha_flag":false} 
[2026-02-25 06:57:21] production.INFO: Playground: Redirecting to captcha page {"email":"sakshi.saklani@drishinfo.com"} 
[2026-02-25 06:57:22] production.INFO: Playground: Showing captcha page {"email":"sakshi.saklani@drishinfo.com"} 
[2026-02-25 06:57:29] production.INFO: Playground: Captcha verification started {"email":"sakshi.saklani@drishinfo.com"} 
[2026-02-25 06:57:29] production.INFO: Playground: Verifying captcha {"token_exists":true,"ip":"112.196.28.2"} 
[2026-02-25 06:57:30] production.INFO: RecaptchaService: Verification result {"success":true,"score":null,"action":null,"error_codes":[]} 
[2026-02-25 06:57:30] production.INFO: Playground: Captcha verified successfully  
[2026-02-25 06:57:30] production.INFO: Playground: Pending submission found {"data_keys":["name","email","message","from_playground"],"stored_ip":"112.196.28.2","source":"playground"} 
[2026-02-25 06:57:30] production.INFO: Playground: Recreating request with files {"temp_files":[],"ip":"112.196.28.2"} 
[2026-02-25 06:57:30] production.INFO: Playground: Recreated request {"has_files":0,"ip":"112.196.28.2","source":"playground"} 
[2026-02-25 06:57:30] production.INFO: Playground: Processing verified submission {"recipient":"sakshi.saklani@drishinfo.com","all_input":{"name":"Tanuja","email":"tsaklani2drish@gmail.com","message":"Testing the Captcha in Server Playground.","recipient_email":"sakshi.saklani@drishinfo.com"},"all_files":[]} 
[2026-02-25 06:57:30] production.INFO: Playground: Form data prepared {"name":"Tanuja","has_sender_email":true,"attachments_count":0} 
[2026-02-25 06:57:30] production.INFO: Playground: Attempting to send email {"to":"sakshi.saklani@drishinfo.com"} 
[2026-02-25 06:57:30] production.INFO: Building form submission email {"subject":"New Form Submission from 000form","template":"basic","view":"emails.submission-basic","attachments":0,"has_cc":false,"has_bcc":false,"has_replyto":true} 
[2026-02-25 06:57:33] production.INFO: Playground: Email sent successfully {"to":"sakshi.saklani@drishinfo.com"} 
[2026-02-25 06:57:33] production.INFO: Playground: Submission completed successfully {"recipient":"sakshi.saklani@drishinfo.com","attachments":0} 
[2026-02-25 06:57:33] production.INFO: Playground: Redirecting back to playground after verification  
[2026-02-25 10:23:25] production.ERROR: Unable to prepare route [playground/endpoint/{email}] for serialization. Another route has already been assigned name [playground.endpoint.info]. {"exception":"[object] (LogicException(code: 0): Unable to prepare route [playground/endpoint/{email}] for serialization. Another route has already been assigned name [playground.endpoint.info]. at /var/www/html/000form/vendor/laravel/framework/src/Illuminate/Routing/AbstractRouteCollection.php:248)
[stacktrace]
#0 /var/www/html/000form/vendor/laravel/framework/src/Illuminate/Routing/AbstractRouteCollection.php(209): Illuminate\\Routing\\AbstractRouteCollection->addToSymfonyRoutesCollection()
#1 /var/www/html/000form/vendor/laravel/framework/src/Illuminate/Routing/RouteCollection.php(246): Illuminate\\Routing\\AbstractRouteCollection->toSymfonyRouteCollection()
#2 /var/www/html/000form/vendor/laravel/framework/src/Illuminate/Routing/AbstractRouteCollection.php(193): Illuminate\\Routing\\RouteCollection->toSymfonyRouteCollection()
#3 /var/www/html/000form/vendor/laravel/framework/src/Illuminate/Routing/AbstractRouteCollection.php(164): Illuminate\\Routing\\AbstractRouteCollection->dumper()
#4 /var/www/html/000form/vendor/laravel/framework/src/Illuminate/Foundation/Console/RouteCacheCommand.php(109): Illuminate\\Routing\\AbstractRouteCollection->compile()
#5 /var/www/html/000form/vendor/laravel/framework/src/Illuminate/Foundation/Console/RouteCacheCommand.php(68): Illuminate\\Foundation\\Console\\RouteCacheCommand->buildRouteCacheFile()
#6 /var/www/html/000form/vendor/laravel/framework/src/Illuminate/Container/BoundMethod.php(36): Illuminate\\Foundation\\Console\\RouteCacheCommand->handle()
#7 /var/www/html/000form/vendor/laravel/framework/src/Illuminate/Container/Util.php(43): Illuminate\\Container\\BoundMethod::{closure:Illuminate\\Container\\BoundMethod::call():35}()
#8 /var/www/html/000form/vendor/laravel/framework/src/Illuminate/Container/BoundMethod.php(95): Illuminate\\Container\\Util::unwrapIfClosure()
#9 /var/www/html/000form/vendor/laravel/framework/src/Illuminate/Container/BoundMethod.php(35): Illuminate\\Container\\BoundMethod::callBoundMethod()
#10 /var/www/html/000form/vendor/laravel/framework/src/Illuminate/Container/Container.php(696): Illuminate\\Container\\BoundMethod::call()
#11 /var/www/html/000form/vendor/laravel/framework/src/Illuminate/Console/Command.php(213): Illuminate\\Container\\Container->call()
#12 /var/www/html/000form/vendor/symfony/console/Command/Command.php(341): Illuminate\\Console\\Command->execute()
#13 /var/www/html/000form/vendor/laravel/framework/src/Illuminate/Console/Command.php(182): Symfony\\Component\\Console\\Command\\Command->run()
#14 /var/www/html/000form/vendor/laravel/framework/src/Illuminate/Console/Concerns/CallsCommands.php(68): Illuminate\\Console\\Command->run()
#15 /var/www/html/000form/vendor/laravel/framework/src/Illuminate/Console/Concerns/CallsCommands.php(41): Illuminate\\Console\\Command->runCommand()
#16 /var/www/html/000form/vendor/laravel/framework/src/Illuminate/Console/Concerns/CallsCommands.php(53): Illuminate\\Console\\Command->callSilent()
#17 /var/www/html/000form/vendor/laravel/framework/src/Illuminate/Foundation/Console/OptimizeCommand.php(48): Illuminate\\Console\\Command->callSilently()
#18 /var/www/html/000form/vendor/laravel/framework/src/Illuminate/Console/View/Components/Task.php(40): Illuminate\\Foundation\\Console\\OptimizeCommand->{closure:Illuminate\\Foundation\\Console\\OptimizeCommand::handle():48}()
#19 /var/www/html/000form/vendor/laravel/framework/src/Illuminate/Console/View/Components/Factory.php(60): Illuminate\\Console\\View\\Components\\Task->render()
#20 /var/www/html/000form/vendor/laravel/framework/src/Illuminate/Foundation/Console/OptimizeCommand.php(48): Illuminate\\Console\\View\\Components\\Factory->__call()
#21 /var/www/html/000form/vendor/laravel/framework/src/Illuminate/Container/BoundMethod.php(36): Illuminate\\Foundation\\Console\\OptimizeCommand->handle()
#22 /var/www/html/000form/vendor/laravel/framework/src/Illuminate/Container/Util.php(43): Illuminate\\Container\\BoundMethod::{closure:Illuminate\\Container\\BoundMethod::call():35}()
#23 /var/www/html/000form/vendor/laravel/framework/src/Illuminate/Container/BoundMethod.php(95): Illuminate\\Container\\Util::unwrapIfClosure()
#24 /var/www/html/000form/vendor/laravel/framework/src/Illuminate/Container/BoundMethod.php(35): Illuminate\\Container\\BoundMethod::callBoundMethod()
#25 /var/www/html/000form/vendor/laravel/framework/src/Illuminate/Container/Container.php(696): Illuminate\\Container\\BoundMethod::call()
#26 /var/www/html/000form/vendor/laravel/framework/src/Illuminate/Console/Command.php(213): Illuminate\\Container\\Container->call()
#27 /var/www/html/000form/vendor/symfony/console/Command/Command.php(341): Illuminate\\Console\\Command->execute()
#28 /var/www/html/000form/vendor/laravel/framework/src/Illuminate/Console/Command.php(182): Symfony\\Component\\Console\\Command\\Command->run()
#29 /var/www/html/000form/vendor/symfony/console/Application.php(1102): Illuminate\\Console\\Command->run()
#30 /var/www/html/000form/vendor/symfony/console/Application.php(356): Symfony\\Component\\Console\\Application->doRunCommand()
#31 /var/www/html/000form/vendor/symfony/console/Application.php(195): Symfony\\Component\\Console\\Application->doRun()
#32 /var/www/html/000form/vendor/laravel/framework/src/Illuminate/Foundation/Console/Kernel.php(198): Symfony\\Component\\Console\\Application->run()
#33 /var/www/html/000form/vendor/laravel/framework/src/Illuminate/Foundation/Application.php(1235): Illuminate\\Foundation\\Console\\Kernel->handle()
#34 /var/www/html/000form/artisan(11): Illuminate\\Foundation\\Application->handleCommand()
#35 {main}
"} 
[2026-02-25 13:06:50] production.ERROR: Supabase signup error: Client error: `POST https://wqtlwldbvhhluvmdldpf.supabase.co/auth/v1/signup` resulted in a `429 Too Many Requests` response:
{"code":429,"error_code":"over_email_send_rate_limit","msg":"For security purposes, you can only request this after 54 s (truncated...)
  
[2026-02-25 13:07:07] production.ERROR: Supabase signin error: Client error: `POST https://wqtlwldbvhhluvmdldpf.supabase.co/auth/v1/token?grant_type=password` resulted in a `400 Bad Request` response:
{"code":400,"error_code":"invalid_credentials","msg":"Invalid login credentials"}
  
[2026-02-25 21:08:59] production.ERROR: Supabase signup error: Client error: `POST https://wqtlwldbvhhluvmdldpf.supabase.co/auth/v1/signup` resulted in a `429 Too Many Requests` response:
{"code":429,"error_code":"over_email_send_rate_limit","msg":"For security purposes, you can only request this after 55 s (truncated...)
  
[2026-02-25 21:09:03] production.ERROR: Supabase signup error: Client error: `POST https://wqtlwldbvhhluvmdldpf.supabase.co/auth/v1/signup` resulted in a `429 Too Many Requests` response:
{"code":429,"error_code":"over_email_send_rate_limit","msg":"For security purposes, you can only request this after 51 s (truncated...)
  
[2026-02-25 21:09:29] production.ERROR: Supabase password reset error: Client error: `POST https://wqtlwldbvhhluvmdldpf.supabase.co/auth/v1/recover` resulted in a `429 Too Many Requests` response:
{"code":429,"error_code":"over_email_send_rate_limit","msg":"For security purposes, you can only request this after 55 s (truncated...)
  
[2026-02-25 22:56:24] production.ERROR: Driver [login] not supported. {"exception":"[object] (InvalidArgumentException(code: 0): Driver [login] not supported. at /var/www/html/000form/vendor/laravel/framework/src/Illuminate/Support/Manager.php:109)
[stacktrace]
#0 /var/www/html/000form/vendor/laravel/framework/src/Illuminate/Support/Manager.php(80): Illuminate\\Support\\Manager->createDriver()
#1 /var/www/html/000form/vendor/laravel/framework/src/Illuminate/Support/Facades/Facade.php(361): Illuminate\\Support\\Manager->driver()
#2 /var/www/html/000form/app/Http/Controllers/SocialAuthController.php(16): Illuminate\\Support\\Facades\\Facade::__callStatic()
#3 /var/www/html/000form/vendor/laravel/framework/src/Illuminate/Routing/Controller.php(54): App\\Http\\Controllers\\SocialAuthController->redirect()
#4 /var/www/html/000form/vendor/laravel/framework/src/Illuminate/Routing/ControllerDispatcher.php(44): Illuminate\\Routing\\Controller->callAction()
#5 /var/www/html/000form/vendor/laravel/framework/src/Illuminate/Routing/Route.php(266): Illuminate\\Routing\\ControllerDispatcher->dispatch()
#6 /var/www/html/000form/vendor/laravel/framework/src/Illuminate/Routing/Route.php(212): Illuminate\\Routing\\Route->runController()
#7 /var/www/html/000form/vendor/laravel/framework/src/Illuminate/Routing/Router.php(808): Illuminate\\Routing\\Route->run()
#8 /var/www/html/000form/vendor/laravel/framework/src/Illuminate/Pipeline/Pipeline.php(170): Illuminate\\Routing\\Router->{closure:Illuminate\\Routing\\Router::runRouteWithinStack():807}()
#9 /var/www/html/000form/vendor/laravel/framework/src/Illuminate/Routing/Middleware/SubstituteBindings.php(51): Illuminate\\Pipeline\\Pipeline->{closure:Illuminate\\Pipeline\\Pipeline::prepareDestination():168}()
#10 /var/www/html/000form/vendor/laravel/framework/src/Illuminate/Pipeline/Pipeline.php(209): Illuminate\\Routing\\Middleware\\SubstituteBindings->handle()
#11 /var/www/html/000form/vendor/laravel/framework/src/Illuminate/Foundation/Http/Middleware/VerifyCsrfToken.php(88): Illuminate\\Pipeline\\Pipeline->{closure:{closure:Illuminate\\Pipeline\\Pipeline::carry():184}:185}()
#12 /var/www/html/000form/vendor/laravel/framework/src/Illuminate/Pipeline/Pipeline.php(209): Illuminate\\Foundation\\Http\\Middleware\\VerifyCsrfToken->handle()
#13 /var/www/html/000form/vendor/laravel/framework/src/Illuminate/View/Middleware/ShareErrorsFromSession.php(49): Illuminate\\Pipeline\\Pipeline->{closure:{closure:Illuminate\\Pipeline\\Pipeline::carry():184}:185}()
#14 /var/www/html/000form/vendor/laravel/framework/src/Illuminate/Pipeline/Pipeline.php(209): Illuminate\\View\\Middleware\\ShareErrorsFromSession->handle()
#15 /var/www/html/000form/vendor/laravel/framework/src/Illuminate/Session/Middleware/StartSession.php(121): Illuminate\\Pipeline\\Pipeline->{closure:{closure:Illuminate\\Pipeline\\Pipeline::carry():184}:185}()
#16 /var/www/html/000form/vendor/laravel/framework/src/Illuminate/Session/Middleware/StartSession.php(64): Illuminate\\Session\\Middleware\\StartSession->handleStatefulRequest()
#17 /var/www/html/000form/vendor/laravel/framework/src/Illuminate/Pipeline/Pipeline.php(209): Illuminate\\Session\\Middleware\\StartSession->handle()
#18 /var/www/html/000form/vendor/laravel/framework/src/Illuminate/Cookie/Middleware/AddQueuedCookiesToResponse.php(37): Illuminate\\Pipeline\\Pipeline->{closure:{closure:Illuminate\\Pipeline\\Pipeline::carry():184}:185}()
#19 /var/www/html/000form/vendor/laravel/framework/src/Illuminate/Pipeline/Pipeline.php(209): Illuminate\\Cookie\\Middleware\\AddQueuedCookiesToResponse->handle()
#20 /var/www/html/000form/vendor/laravel/framework/src/Illuminate/Cookie/Middleware/EncryptCookies.php(75): Illuminate\\Pipeline\\Pipeline->{closure:{closure:Illuminate\\Pipeline\\Pipeline::carry():184}:185}()
#21 /var/www/html/000form/vendor/laravel/framework/src/Illuminate/Pipeline/Pipeline.php(209): Illuminate\\Cookie\\Middleware\\EncryptCookies->handle()
#22 /var/www/html/000form/vendor/laravel/framework/src/Illuminate/Pipeline/Pipeline.php(127): Illuminate\\Pipeline\\Pipeline->{closure:{closure:Illuminate\\Pipeline\\Pipeline::carry():184}:185}()
#23 /var/www/html/000form/vendor/laravel/framework/src/Illuminate/Routing/Router.php(807): Illuminate\\Pipeline\\Pipeline->then()
#24 /var/www/html/000form/vendor/laravel/framework/src/Illuminate/Routing/Router.php(786): Illuminate\\Routing\\Router->runRouteWithinStack()
#25 /var/www/html/000form/vendor/laravel/framework/src/Illuminate/Routing/Router.php(750): Illuminate\\Routing\\Router->runRoute()
#26 /var/www/html/000form/vendor/laravel/framework/src/Illuminate/Routing/Router.php(739): Illuminate\\Routing\\Router->dispatchToRoute()
#27 /var/www/html/000form/vendor/laravel/framework/src/Illuminate/Foundation/Http/Kernel.php(201): Illuminate\\Routing\\Router->dispatch()
#28 /var/www/html/000form/vendor/laravel/framework/src/Illuminate/Pipeline/Pipeline.php(170): Illuminate\\Foundation\\Http\\Kernel->{closure:Illuminate\\Foundation\\Http\\Kernel::dispatchToRouter():198}()
#29 /var/www/html/000form/vendor/laravel/framework/src/Illuminate/Foundation/Http/Middleware/TransformsRequest.php(21): Illuminate\\Pipeline\\Pipeline->{closure:Illuminate\\Pipeline\\Pipeline::prepareDestination():168}()
#30 /var/www/html/000form/vendor/laravel/framework/src/Illuminate/Foundation/Http/Middleware/ConvertEmptyStringsToNull.php(31): Illuminate\\Foundation\\Http\\Middleware\\TransformsRequest->handle()
#31 /var/www/html/000form/vendor/laravel/framework/src/Illuminate/Pipeline/Pipeline.php(209): Illuminate\\Foundation\\Http\\Middleware\\ConvertEmptyStringsToNull->handle()
#32 /var/www/html/000form/vendor/laravel/framework/src/Illuminate/Foundation/Http/Middleware/TransformsRequest.php(21): Illuminate\\Pipeline\\Pipeline->{closure:{closure:Illuminate\\Pipeline\\Pipeline::carry():184}:185}()
#33 /var/www/html/000form/vendor/laravel/framework/src/Illuminate/Foundation/Http/Middleware/TrimStrings.php(51): Illuminate\\Foundation\\Http\\Middleware\\TransformsRequest->handle()
#34 /var/www/html/000form/vendor/laravel/framework/src/Illuminate/Pipeline/Pipeline.php(209): Illuminate\\Foundation\\Http\\Middleware\\TrimStrings->handle()
#35 /var/www/html/000form/vendor/laravel/framework/src/Illuminate/Http/Middleware/ValidatePostSize.php(27): Illuminate\\Pipeline\\Pipeline->{closure:{closure:Illuminate\\Pipeline\\Pipeline::carry():184}:185}()
#36 /var/www/html/000form/vendor/laravel/framework/src/Illuminate/Pipeline/Pipeline.php(209): Illuminate\\Http\\Middleware\\ValidatePostSize->handle()
#37 /var/www/html/000form/vendor/laravel/framework/src/Illuminate/Foundation/Http/Middleware/PreventRequestsDuringMaintenance.php(110): Illuminate\\Pipeline\\Pipeline->{closure:{closure:Illuminate\\Pipeline\\Pipeline::carry():184}:185}()
#38 /var/www/html/000form/vendor/laravel/framework/src/Illuminate/Pipeline/Pipeline.php(209): Illuminate\\Foundation\\Http\\Middleware\\PreventRequestsDuringMaintenance->handle()
#39 /var/www/html/000form/vendor/laravel/framework/src/Illuminate/Http/Middleware/HandleCors.php(49): Illuminate\\Pipeline\\Pipeline->{closure:{closure:Illuminate\\Pipeline\\Pipeline::carry():184}:185}()
#40 /var/www/html/000form/vendor/laravel/framework/src/Illuminate/Pipeline/Pipeline.php(209): Illuminate\\Http\\Middleware\\HandleCors->handle()
#41 /var/www/html/000form/vendor/laravel/framework/src/Illuminate/Http/Middleware/TrustProxies.php(58): Illuminate\\Pipeline\\Pipeline->{closure:{closure:Illuminate\\Pipeline\\Pipeline::carry():184}:185}()
#42 /var/www/html/000form/vendor/laravel/framework/src/Illuminate/Pipeline/Pipeline.php(209): Illuminate\\Http\\Middleware\\TrustProxies->handle()
#43 /var/www/html/000form/vendor/laravel/framework/src/Illuminate/Foundation/Http/Middleware/InvokeDeferredCallbacks.php(22): Illuminate\\Pipeline\\Pipeline->{closure:{closure:Illuminate\\Pipeline\\Pipeline::carry():184}:185}()
#44 /var/www/html/000form/vendor/laravel/framework/src/Illuminate/Pipeline/Pipeline.php(209): Illuminate\\Foundation\\Http\\Middleware\\InvokeDeferredCallbacks->handle()
#45 /var/www/html/000form/vendor/laravel/framework/src/Illuminate/Pipeline/Pipeline.php(127): Illuminate\\Pipeline\\Pipeline->{closure:{closure:Illuminate\\Pipeline\\Pipeline::carry():184}:185}()
#46 /var/www/html/000form/vendor/laravel/framework/src/Illuminate/Foundation/Http/Kernel.php(176): Illuminate\\Pipeline\\Pipeline->then()
#47 /var/www/html/000form/vendor/laravel/framework/src/Illuminate/Foundation/Http/Kernel.php(145): Illuminate\\Foundation\\Http\\Kernel->sendRequestThroughRouter()
#48 /var/www/html/000form/vendor/laravel/framework/src/Illuminate/Foundation/Application.php(1220): Illuminate\\Foundation\\Http\\Kernel->handle()
#49 /var/www/html/000form/public/index.php(17): Illuminate\\Foundation\\Application->handleRequest()
#50 {main}
"} 
