[2026-03-05 02:10:38] production.ERROR: Driver [.env] not supported. {"exception":"[object] (InvalidArgumentException(code: 0): Driver [.env] not supported. at /var/www/html/000form/vendor/laravel/framework/src/Illuminate/Support/Manager.php:109)
[stacktrace]
#0 /var/www/html/000form/vendor/laravel/framework/src/Illuminate/Support/Manager.php(80): Illuminate\\Support\\Manager->createDriver()
#1 /var/www/html/000form/vendor/laravel/framework/src/Illuminate/Support/Facades/Facade.php(361): Illuminate\\Support\\Manager->driver()
#2 /var/www/html/000form/app/Http/Controllers/SocialAuthController.php(16): Illuminate\\Support\\Facades\\Facade::__callStatic()
#3 /var/www/html/000form/vendor/laravel/framework/src/Illuminate/Routing/Controller.php(54): App\\Http\\Controllers\\SocialAuthController->redirect()
#4 /var/www/html/000form/vendor/laravel/framework/src/Illuminate/Routing/ControllerDispatcher.php(44): Illuminate\\Routing\\Controller->callAction()
#5 /var/www/html/000form/vendor/laravel/framework/src/Illuminate/Routing/Route.php(266): Illuminate\\Routing\\ControllerDispatcher->dispatch()
#6 /var/www/html/000form/vendor/laravel/framework/src/Illuminate/Routing/Route.php(212): Illuminate\\Routing\\Route->runController()
#7 /var/www/html/000form/vendor/laravel/framework/src/Illuminate/Routing/Router.php(808): Illuminate\\Routing\\Route->run()
#8 /var/www/html/000form/vendor/laravel/framework/src/Illuminate/Pipeline/Pipeline.php(170): Illuminate\\Routing\\Router->{closure:Illuminate\\Routing\\Router::runRouteWithinStack():807}()
#9 /var/www/html/000form/vendor/laravel/framework/src/Illuminate/Routing/Middleware/SubstituteBindings.php(51): Illuminate\\Pipeline\\Pipeline->{closure:Illuminate\\Pipeline\\Pipeline::prepareDestination():168}()
#10 /var/www/html/000form/vendor/laravel/framework/src/Illuminate/Pipeline/Pipeline.php(209): Illuminate\\Routing\\Middleware\\SubstituteBindings->handle()
#11 /var/www/html/000form/vendor/laravel/framework/src/Illuminate/Foundation/Http/Middleware/VerifyCsrfToken.php(88): Illuminate\\Pipeline\\Pipeline->{closure:{closure:Illuminate\\Pipeline\\Pipeline::carry():184}:185}()
#12 /var/www/html/000form/vendor/laravel/framework/src/Illuminate/Pipeline/Pipeline.php(209): Illuminate\\Foundation\\Http\\Middleware\\VerifyCsrfToken->handle()
#13 /var/www/html/000form/vendor/laravel/framework/src/Illuminate/View/Middleware/ShareErrorsFromSession.php(49): Illuminate\\Pipeline\\Pipeline->{closure:{closure:Illuminate\\Pipeline\\Pipeline::carry():184}:185}()
#14 /var/www/html/000form/vendor/laravel/framework/src/Illuminate/Pipeline/Pipeline.php(209): Illuminate\\View\\Middleware\\ShareErrorsFromSession->handle()
#15 /var/www/html/000form/vendor/laravel/framework/src/Illuminate/Session/Middleware/StartSession.php(121): Illuminate\\Pipeline\\Pipeline->{closure:{closure:Illuminate\\Pipeline\\Pipeline::carry():184}:185}()
#16 /var/www/html/000form/vendor/laravel/framework/src/Illuminate/Session/Middleware/StartSession.php(64): Illuminate\\Session\\Middleware\\StartSession->handleStatefulRequest()
#17 /var/www/html/000form/vendor/laravel/framework/src/Illuminate/Pipeline/Pipeline.php(209): Illuminate\\Session\\Middleware\\StartSession->handle()
#18 /var/www/html/000form/vendor/laravel/framework/src/Illuminate/Cookie/Middleware/AddQueuedCookiesToResponse.php(37): Illuminate\\Pipeline\\Pipeline->{closure:{closure:Illuminate\\Pipeline\\Pipeline::carry():184}:185}()
#19 /var/www/html/000form/vendor/laravel/framework/src/Illuminate/Pipeline/Pipeline.php(209): Illuminate\\Cookie\\Middleware\\AddQueuedCookiesToResponse->handle()
#20 /var/www/html/000form/vendor/laravel/framework/src/Illuminate/Cookie/Middleware/EncryptCookies.php(75): Illuminate\\Pipeline\\Pipeline->{closure:{closure:Illuminate\\Pipeline\\Pipeline::carry():184}:185}()
#21 /var/www/html/000form/vendor/laravel/framework/src/Illuminate/Pipeline/Pipeline.php(209): Illuminate\\Cookie\\Middleware\\EncryptCookies->handle()
#22 /var/www/html/000form/vendor/laravel/framework/src/Illuminate/Pipeline/Pipeline.php(127): Illuminate\\Pipeline\\Pipeline->{closure:{closure:Illuminate\\Pipeline\\Pipeline::carry():184}:185}()
#23 /var/www/html/000form/vendor/laravel/framework/src/Illuminate/Routing/Router.php(807): Illuminate\\Pipeline\\Pipeline->then()
#24 /var/www/html/000form/vendor/laravel/framework/src/Illuminate/Routing/Router.php(786): Illuminate\\Routing\\Router->runRouteWithinStack()
#25 /var/www/html/000form/vendor/laravel/framework/src/Illuminate/Routing/Router.php(750): Illuminate\\Routing\\Router->runRoute()
#26 /var/www/html/000form/vendor/laravel/framework/src/Illuminate/Routing/Router.php(739): Illuminate\\Routing\\Router->dispatchToRoute()
#27 /var/www/html/000form/vendor/laravel/framework/src/Illuminate/Foundation/Http/Kernel.php(201): Illuminate\\Routing\\Router->dispatch()
#28 /var/www/html/000form/vendor/laravel/framework/src/Illuminate/Pipeline/Pipeline.php(170): Illuminate\\Foundation\\Http\\Kernel->{closure:Illuminate\\Foundation\\Http\\Kernel::dispatchToRouter():198}()
#29 /var/www/html/000form/vendor/laravel/framework/src/Illuminate/Foundation/Http/Middleware/TransformsRequest.php(21): Illuminate\\Pipeline\\Pipeline->{closure:Illuminate\\Pipeline\\Pipeline::prepareDestination():168}()
#30 /var/www/html/000form/vendor/laravel/framework/src/Illuminate/Foundation/Http/Middleware/ConvertEmptyStringsToNull.php(31): Illuminate\\Foundation\\Http\\Middleware\\TransformsRequest->handle()
#31 /var/www/html/000form/vendor/laravel/framework/src/Illuminate/Pipeline/Pipeline.php(209): Illuminate\\Foundation\\Http\\Middleware\\ConvertEmptyStringsToNull->handle()
#32 /var/www/html/000form/vendor/laravel/framework/src/Illuminate/Foundation/Http/Middleware/TransformsRequest.php(21): Illuminate\\Pipeline\\Pipeline->{closure:{closure:Illuminate\\Pipeline\\Pipeline::carry():184}:185}()
#33 /var/www/html/000form/vendor/laravel/framework/src/Illuminate/Foundation/Http/Middleware/TrimStrings.php(51): Illuminate\\Foundation\\Http\\Middleware\\TransformsRequest->handle()
#34 /var/www/html/000form/vendor/laravel/framework/src/Illuminate/Pipeline/Pipeline.php(209): Illuminate\\Foundation\\Http\\Middleware\\TrimStrings->handle()
#35 /var/www/html/000form/vendor/laravel/framework/src/Illuminate/Http/Middleware/ValidatePostSize.php(27): Illuminate\\Pipeline\\Pipeline->{closure:{closure:Illuminate\\Pipeline\\Pipeline::carry():184}:185}()
#36 /var/www/html/000form/vendor/laravel/framework/src/Illuminate/Pipeline/Pipeline.php(209): Illuminate\\Http\\Middleware\\ValidatePostSize->handle()
#37 /var/www/html/000form/vendor/laravel/framework/src/Illuminate/Foundation/Http/Middleware/PreventRequestsDuringMaintenance.php(110): Illuminate\\Pipeline\\Pipeline->{closure:{closure:Illuminate\\Pipeline\\Pipeline::carry():184}:185}()
#38 /var/www/html/000form/vendor/laravel/framework/src/Illuminate/Pipeline/Pipeline.php(209): Illuminate\\Foundation\\Http\\Middleware\\PreventRequestsDuringMaintenance->handle()
#39 /var/www/html/000form/vendor/laravel/framework/src/Illuminate/Http/Middleware/HandleCors.php(49): Illuminate\\Pipeline\\Pipeline->{closure:{closure:Illuminate\\Pipeline\\Pipeline::carry():184}:185}()
#40 /var/www/html/000form/vendor/laravel/framework/src/Illuminate/Pipeline/Pipeline.php(209): Illuminate\\Http\\Middleware\\HandleCors->handle()
#41 /var/www/html/000form/vendor/laravel/framework/src/Illuminate/Http/Middleware/TrustProxies.php(58): Illuminate\\Pipeline\\Pipeline->{closure:{closure:Illuminate\\Pipeline\\Pipeline::carry():184}:185}()
#42 /var/www/html/000form/vendor/laravel/framework/src/Illuminate/Pipeline/Pipeline.php(209): Illuminate\\Http\\Middleware\\TrustProxies->handle()
#43 /var/www/html/000form/vendor/laravel/framework/src/Illuminate/Foundation/Http/Middleware/InvokeDeferredCallbacks.php(22): Illuminate\\Pipeline\\Pipeline->{closure:{closure:Illuminate\\Pipeline\\Pipeline::carry():184}:185}()
#44 /var/www/html/000form/vendor/laravel/framework/src/Illuminate/Pipeline/Pipeline.php(209): Illuminate\\Foundation\\Http\\Middleware\\InvokeDeferredCallbacks->handle()
#45 /var/www/html/000form/vendor/laravel/framework/src/Illuminate/Pipeline/Pipeline.php(127): Illuminate\\Pipeline\\Pipeline->{closure:{closure:Illuminate\\Pipeline\\Pipeline::carry():184}:185}()
#46 /var/www/html/000form/vendor/laravel/framework/src/Illuminate/Foundation/Http/Kernel.php(176): Illuminate\\Pipeline\\Pipeline->then()
#47 /var/www/html/000form/vendor/laravel/framework/src/Illuminate/Foundation/Http/Kernel.php(145): Illuminate\\Foundation\\Http\\Kernel->sendRequestThroughRouter()
#48 /var/www/html/000form/vendor/laravel/framework/src/Illuminate/Foundation/Application.php(1220): Illuminate\\Foundation\\Http\\Kernel->handle()
#49 /var/www/html/000form/public/index.php(17): Illuminate\\Foundation\\Application->handleRequest()
#50 {main}
"} 
[2026-03-05 02:12:07] production.ERROR: Driver [.env] not supported. {"exception":"[object] (InvalidArgumentException(code: 0): Driver [.env] not supported. at /var/www/html/000form/vendor/laravel/framework/src/Illuminate/Support/Manager.php:109)
[stacktrace]
#0 /var/www/html/000form/vendor/laravel/framework/src/Illuminate/Support/Manager.php(80): Illuminate\\Support\\Manager->createDriver()
#1 /var/www/html/000form/vendor/laravel/framework/src/Illuminate/Support/Facades/Facade.php(361): Illuminate\\Support\\Manager->driver()
#2 /var/www/html/000form/app/Http/Controllers/SocialAuthController.php(16): Illuminate\\Support\\Facades\\Facade::__callStatic()
#3 /var/www/html/000form/vendor/laravel/framework/src/Illuminate/Routing/Controller.php(54): App\\Http\\Controllers\\SocialAuthController->redirect()
#4 /var/www/html/000form/vendor/laravel/framework/src/Illuminate/Routing/ControllerDispatcher.php(44): Illuminate\\Routing\\Controller->callAction()
#5 /var/www/html/000form/vendor/laravel/framework/src/Illuminate/Routing/Route.php(266): Illuminate\\Routing\\ControllerDispatcher->dispatch()
#6 /var/www/html/000form/vendor/laravel/framework/src/Illuminate/Routing/Route.php(212): Illuminate\\Routing\\Route->runController()
#7 /var/www/html/000form/vendor/laravel/framework/src/Illuminate/Routing/Router.php(808): Illuminate\\Routing\\Route->run()
#8 /var/www/html/000form/vendor/laravel/framework/src/Illuminate/Pipeline/Pipeline.php(170): Illuminate\\Routing\\Router->{closure:Illuminate\\Routing\\Router::runRouteWithinStack():807}()
#9 /var/www/html/000form/vendor/laravel/framework/src/Illuminate/Routing/Middleware/SubstituteBindings.php(51): Illuminate\\Pipeline\\Pipeline->{closure:Illuminate\\Pipeline\\Pipeline::prepareDestination():168}()
#10 /var/www/html/000form/vendor/laravel/framework/src/Illuminate/Pipeline/Pipeline.php(209): Illuminate\\Routing\\Middleware\\SubstituteBindings->handle()
#11 /var/www/html/000form/vendor/laravel/framework/src/Illuminate/Foundation/Http/Middleware/VerifyCsrfToken.php(88): Illuminate\\Pipeline\\Pipeline->{closure:{closure:Illuminate\\Pipeline\\Pipeline::carry():184}:185}()
#12 /var/www/html/000form/vendor/laravel/framework/src/Illuminate/Pipeline/Pipeline.php(209): Illuminate\\Foundation\\Http\\Middleware\\VerifyCsrfToken->handle()
#13 /var/www/html/000form/vendor/laravel/framework/src/Illuminate/View/Middleware/ShareErrorsFromSession.php(49): Illuminate\\Pipeline\\Pipeline->{closure:{closure:Illuminate\\Pipeline\\Pipeline::carry():184}:185}()
#14 /var/www/html/000form/vendor/laravel/framework/src/Illuminate/Pipeline/Pipeline.php(209): Illuminate\\View\\Middleware\\ShareErrorsFromSession->handle()
#15 /var/www/html/000form/vendor/laravel/framework/src/Illuminate/Session/Middleware/StartSession.php(121): Illuminate\\Pipeline\\Pipeline->{closure:{closure:Illuminate\\Pipeline\\Pipeline::carry():184}:185}()
#16 /var/www/html/000form/vendor/laravel/framework/src/Illuminate/Session/Middleware/StartSession.php(64): Illuminate\\Session\\Middleware\\StartSession->handleStatefulRequest()
#17 /var/www/html/000form/vendor/laravel/framework/src/Illuminate/Pipeline/Pipeline.php(209): Illuminate\\Session\\Middleware\\StartSession->handle()
#18 /var/www/html/000form/vendor/laravel/framework/src/Illuminate/Cookie/Middleware/AddQueuedCookiesToResponse.php(37): Illuminate\\Pipeline\\Pipeline->{closure:{closure:Illuminate\\Pipeline\\Pipeline::carry():184}:185}()
#19 /var/www/html/000form/vendor/laravel/framework/src/Illuminate/Pipeline/Pipeline.php(209): Illuminate\\Cookie\\Middleware\\AddQueuedCookiesToResponse->handle()
#20 /var/www/html/000form/vendor/laravel/framework/src/Illuminate/Cookie/Middleware/EncryptCookies.php(75): Illuminate\\Pipeline\\Pipeline->{closure:{closure:Illuminate\\Pipeline\\Pipeline::carry():184}:185}()
#21 /var/www/html/000form/vendor/laravel/framework/src/Illuminate/Pipeline/Pipeline.php(209): Illuminate\\Cookie\\Middleware\\EncryptCookies->handle()
#22 /var/www/html/000form/vendor/laravel/framework/src/Illuminate/Pipeline/Pipeline.php(127): Illuminate\\Pipeline\\Pipeline->{closure:{closure:Illuminate\\Pipeline\\Pipeline::carry():184}:185}()
#23 /var/www/html/000form/vendor/laravel/framework/src/Illuminate/Routing/Router.php(807): Illuminate\\Pipeline\\Pipeline->then()
#24 /var/www/html/000form/vendor/laravel/framework/src/Illuminate/Routing/Router.php(786): Illuminate\\Routing\\Router->runRouteWithinStack()
#25 /var/www/html/000form/vendor/laravel/framework/src/Illuminate/Routing/Router.php(750): Illuminate\\Routing\\Router->runRoute()
#26 /var/www/html/000form/vendor/laravel/framework/src/Illuminate/Routing/Router.php(739): Illuminate\\Routing\\Router->dispatchToRoute()
#27 /var/www/html/000form/vendor/laravel/framework/src/Illuminate/Foundation/Http/Kernel.php(201): Illuminate\\Routing\\Router->dispatch()
#28 /var/www/html/000form/vendor/laravel/framework/src/Illuminate/Pipeline/Pipeline.php(170): Illuminate\\Foundation\\Http\\Kernel->{closure:Illuminate\\Foundation\\Http\\Kernel::dispatchToRouter():198}()
#29 /var/www/html/000form/vendor/laravel/framework/src/Illuminate/Foundation/Http/Middleware/TransformsRequest.php(21): Illuminate\\Pipeline\\Pipeline->{closure:Illuminate\\Pipeline\\Pipeline::prepareDestination():168}()
#30 /var/www/html/000form/vendor/laravel/framework/src/Illuminate/Foundation/Http/Middleware/ConvertEmptyStringsToNull.php(31): Illuminate\\Foundation\\Http\\Middleware\\TransformsRequest->handle()
#31 /var/www/html/000form/vendor/laravel/framework/src/Illuminate/Pipeline/Pipeline.php(209): Illuminate\\Foundation\\Http\\Middleware\\ConvertEmptyStringsToNull->handle()
#32 /var/www/html/000form/vendor/laravel/framework/src/Illuminate/Foundation/Http/Middleware/TransformsRequest.php(21): Illuminate\\Pipeline\\Pipeline->{closure:{closure:Illuminate\\Pipeline\\Pipeline::carry():184}:185}()
#33 /var/www/html/000form/vendor/laravel/framework/src/Illuminate/Foundation/Http/Middleware/TrimStrings.php(51): Illuminate\\Foundation\\Http\\Middleware\\TransformsRequest->handle()
#34 /var/www/html/000form/vendor/laravel/framework/src/Illuminate/Pipeline/Pipeline.php(209): Illuminate\\Foundation\\Http\\Middleware\\TrimStrings->handle()
#35 /var/www/html/000form/vendor/laravel/framework/src/Illuminate/Http/Middleware/ValidatePostSize.php(27): Illuminate\\Pipeline\\Pipeline->{closure:{closure:Illuminate\\Pipeline\\Pipeline::carry():184}:185}()
#36 /var/www/html/000form/vendor/laravel/framework/src/Illuminate/Pipeline/Pipeline.php(209): Illuminate\\Http\\Middleware\\ValidatePostSize->handle()
#37 /var/www/html/000form/vendor/laravel/framework/src/Illuminate/Foundation/Http/Middleware/PreventRequestsDuringMaintenance.php(110): Illuminate\\Pipeline\\Pipeline->{closure:{closure:Illuminate\\Pipeline\\Pipeline::carry():184}:185}()
#38 /var/www/html/000form/vendor/laravel/framework/src/Illuminate/Pipeline/Pipeline.php(209): Illuminate\\Foundation\\Http\\Middleware\\PreventRequestsDuringMaintenance->handle()
#39 /var/www/html/000form/vendor/laravel/framework/src/Illuminate/Http/Middleware/HandleCors.php(49): Illuminate\\Pipeline\\Pipeline->{closure:{closure:Illuminate\\Pipeline\\Pipeline::carry():184}:185}()
#40 /var/www/html/000form/vendor/laravel/framework/src/Illuminate/Pipeline/Pipeline.php(209): Illuminate\\Http\\Middleware\\HandleCors->handle()
#41 /var/www/html/000form/vendor/laravel/framework/src/Illuminate/Http/Middleware/TrustProxies.php(58): Illuminate\\Pipeline\\Pipeline->{closure:{closure:Illuminate\\Pipeline\\Pipeline::carry():184}:185}()
#42 /var/www/html/000form/vendor/laravel/framework/src/Illuminate/Pipeline/Pipeline.php(209): Illuminate\\Http\\Middleware\\TrustProxies->handle()
#43 /var/www/html/000form/vendor/laravel/framework/src/Illuminate/Foundation/Http/Middleware/InvokeDeferredCallbacks.php(22): Illuminate\\Pipeline\\Pipeline->{closure:{closure:Illuminate\\Pipeline\\Pipeline::carry():184}:185}()
#44 /var/www/html/000form/vendor/laravel/framework/src/Illuminate/Pipeline/Pipeline.php(209): Illuminate\\Foundation\\Http\\Middleware\\InvokeDeferredCallbacks->handle()
#45 /var/www/html/000form/vendor/laravel/framework/src/Illuminate/Pipeline/Pipeline.php(127): Illuminate\\Pipeline\\Pipeline->{closure:{closure:Illuminate\\Pipeline\\Pipeline::carry():184}:185}()
#46 /var/www/html/000form/vendor/laravel/framework/src/Illuminate/Foundation/Http/Kernel.php(176): Illuminate\\Pipeline\\Pipeline->then()
#47 /var/www/html/000form/vendor/laravel/framework/src/Illuminate/Foundation/Http/Kernel.php(145): Illuminate\\Foundation\\Http\\Kernel->sendRequestThroughRouter()
#48 /var/www/html/000form/vendor/laravel/framework/src/Illuminate/Foundation/Application.php(1220): Illuminate\\Foundation\\Http\\Kernel->handle()
#49 /var/www/html/000form/public/index.php(17): Illuminate\\Foundation\\Application->handleRequest()
#50 {main}
"} 
[2026-03-05 09:25:38] production.ERROR: Supabase signin error: Client error: `POST https://wqtlwldbvhhluvmdldpf.supabase.co/auth/v1/token?grant_type=password` resulted in a `400 Bad Request` response:
{"code":400,"error_code":"invalid_credentials","msg":"Invalid login credentials"}
  
[2026-03-05 09:26:23] production.ERROR: Supabase signin error: Client error: `POST https://wqtlwldbvhhluvmdldpf.supabase.co/auth/v1/token?grant_type=password` resulted in a `400 Bad Request` response:
{"code":400,"error_code":"invalid_credentials","msg":"Invalid login credentials"}
  
[2026-03-05 09:30:36] production.ERROR: Supabase signin error: Client error: `POST https://wqtlwldbvhhluvmdldpf.supabase.co/auth/v1/token?grant_type=password` resulted in a `400 Bad Request` response:
{"code":400,"error_code":"invalid_credentials","msg":"Invalid login credentials"}
  
[2026-03-05 09:33:04] production.INFO: === FORM SUBMISSION STARTED === {"slug":"f_wlwyfufd","method":"POST"} 
[2026-03-05 09:33:04] production.INFO: Request data: {"name":"Tanuja Saklani","email":"tsaklani2drish@gmail.com","message":"Testing the Pop-up form.","captcha_verified":"1","_captcha":"disabled"} 
[2026-03-05 09:33:04] production.INFO: Has files: {"files":0} 
[2026-03-05 09:33:06] production.INFO: Form found {"form_id":"a13425d8-5ce3-4710-b460-3fdafc4fd2ea","form_name":"POP Up form Testing"} 
[2026-03-05 09:33:06] production.INFO: Captcha verification status {"is_captcha_verified":true,"has_captcha_flag":true,"captcha_flag_value":"1"} 
[2026-03-05 09:33:06] production.INFO: reCAPTCHA skipped {"is_captcha_verified":true,"is_disabled":false} 
[2026-03-05 09:33:06] production.INFO: Parsed submission data {"name":"Tanuja Saklani","email":"tsaklani2drish@gmail.com","message":"Testing the Pop-up form."} 
[2026-03-05 09:33:06] production.INFO: FILE UPLOAD CHECK {"all_files":[]} 
[2026-03-05 09:33:06] production.INFO: Total files uploaded: 0  
[2026-03-05 09:33:06] production.INFO: Sending auto-response to {"email":"tsaklani2drish@gmail.com"} 
[2026-03-05 09:33:06] production.INFO: Auto-response sent to: tsaklani2drish@gmail.com  
[2026-03-05 09:33:06] production.INFO: VALID SUBMISSION {"form_id":"a13425d8-5ce3-4710-b460-3fdafc4fd2ea","ip":"112.196.28.2","is_spam":false,"reasons":[]} 
[2026-03-05 09:33:06] production.INFO: Spam check result {"is_spam":false,"reasons":[],"ip":"112.196.28.2"} 
[2026-03-05 09:33:06] production.INFO: Submission created {"submission_id":"a139f65f-7c01-41c7-9b4f-a31a766a321e","ip":"112.196.28.2"} 
[2026-03-05 09:33:06] production.INFO: Auto-response flag updated  
[2026-03-05 09:33:07] production.INFO: Form stats updated  
[2026-03-05 09:33:07] production.INFO: Checking email notification conditions {"is_spam":false,"email_notifications":true,"recipient_email":"tsaklani2@gmail.com"} 
[2026-03-05 09:33:07] production.INFO: Attempting to send notification email {"to":"tsaklani2@gmail.com","has_attachments":false} 
[2026-03-05 09:33:07] production.INFO: === SENDING NOTIFICATION EMAIL === {"to":"tsaklani2@gmail.com","submission_id":"a139f65f-7c01-41c7-9b4f-a31a766a321e","has_files":false} 
[2026-03-05 09:33:07] production.INFO: Final CC emails {"final_list":[]} 
[2026-03-05 09:33:07] production.INFO: Email template selected: basic  
[2026-03-05 09:33:07] production.INFO: Attachments to process: 0  
[2026-03-05 09:33:07] production.INFO: Mail object created  
[2026-03-05 09:33:07] production.INFO: Sending email without CC {"to":"tsaklani2@gmail.com"} 
[2026-03-05 09:33:07] production.INFO: Total attachments added: 0  
[2026-03-05 09:33:07] production.INFO: Mail send method called successfully  
[2026-03-05 09:33:08] production.INFO: Submission updated with email_sent flag  
[2026-03-05 09:33:08] production.INFO: Email sent successfully to: tsaklani2@gmail.com  
[2026-03-05 09:33:08] production.INFO: Notification email sent successfully  
[2026-03-05 09:33:08] production.INFO: === FORM SUBMISSION COMPLETED === {"slug":"f_wlwyfufd"} 
[2026-03-05 09:33:08] production.INFO: Success response {"wants_json":true,"format":null,"redirect_url":null} 
[2026-03-05 09:36:16] production.INFO: === FORM SUBMISSION STARTED === {"slug":"f_wlwyfufd","method":"POST"} 
[2026-03-05 09:36:16] production.INFO: Request data: {"name":"Tarun Saklani","email":"tsaklani2drish@gmail.com","message":"Testing  the pop-up form in the UntinyPNG.","captcha_verified":"1","_captcha":"disabled"} 
[2026-03-05 09:36:16] production.INFO: Has files: {"files":0} 
[2026-03-05 09:36:17] production.INFO: Form found {"form_id":"a13425d8-5ce3-4710-b460-3fdafc4fd2ea","form_name":"POP Up form - UntinyPNG"} 
[2026-03-05 09:36:17] production.INFO: Captcha verification status {"is_captcha_verified":true,"has_captcha_flag":true,"captcha_flag_value":"1"} 
[2026-03-05 09:36:17] production.INFO: reCAPTCHA skipped {"is_captcha_verified":true,"is_disabled":false} 
[2026-03-05 09:36:17] production.INFO: Parsed submission data {"name":"Tarun Saklani","email":"tsaklani2drish@gmail.com","message":"Testing  the pop-up form in the UntinyPNG."} 
[2026-03-05 09:36:17] production.INFO: FILE UPLOAD CHECK {"all_files":[]} 
[2026-03-05 09:36:17] production.INFO: Total files uploaded: 0  
[2026-03-05 09:36:17] production.INFO: Sending auto-response to {"email":"tsaklani2drish@gmail.com"} 
[2026-03-05 09:36:18] production.INFO: Auto-response sent to: tsaklani2drish@gmail.com  
[2026-03-05 09:36:18] production.INFO: VALID SUBMISSION {"form_id":"a13425d8-5ce3-4710-b460-3fdafc4fd2ea","ip":"112.196.28.2","is_spam":false,"reasons":[]} 
[2026-03-05 09:36:18] production.INFO: Spam check result {"is_spam":false,"reasons":[],"ip":"112.196.28.2"} 
[2026-03-05 09:36:18] production.INFO: Submission created {"submission_id":"a139f783-b7a2-4d6a-bffb-c8c5d7e0fc4a","ip":"112.196.28.2"} 
[2026-03-05 09:36:18] production.INFO: Auto-response flag updated  
[2026-03-05 09:36:19] production.INFO: Form stats updated  
[2026-03-05 09:36:19] production.INFO: Checking email notification conditions {"is_spam":false,"email_notifications":true,"recipient_email":"tsaklani2@gmail.com"} 
[2026-03-05 09:36:19] production.INFO: Attempting to send notification email {"to":"tsaklani2@gmail.com","has_attachments":false} 
[2026-03-05 09:36:19] production.INFO: === SENDING NOTIFICATION EMAIL === {"to":"tsaklani2@gmail.com","submission_id":"a139f783-b7a2-4d6a-bffb-c8c5d7e0fc4a","has_files":false} 
[2026-03-05 09:36:19] production.INFO: Final CC emails {"final_list":[]} 
[2026-03-05 09:36:19] production.INFO: Email template selected: basic  
[2026-03-05 09:36:19] production.INFO: Attachments to process: 0  
[2026-03-05 09:36:19] production.INFO: Mail object created  
[2026-03-05 09:36:19] production.INFO: Sending email without CC {"to":"tsaklani2@gmail.com"} 
[2026-03-05 09:36:19] production.INFO: Total attachments added: 0  
[2026-03-05 09:36:19] production.INFO: Mail send method called successfully  
[2026-03-05 09:36:19] production.INFO: Submission updated with email_sent flag  
[2026-03-05 09:36:19] production.INFO: Email sent successfully to: tsaklani2@gmail.com  
[2026-03-05 09:36:19] production.INFO: Notification email sent successfully  
[2026-03-05 09:36:19] production.INFO: === FORM SUBMISSION COMPLETED === {"slug":"f_wlwyfufd"} 
[2026-03-05 09:36:19] production.INFO: Success response {"wants_json":true,"format":null,"redirect_url":null} 
[2026-03-05 09:40:22] production.INFO: === FORM SUBMISSION STARTED === {"slug":"f_wlwyfufd","method":"POST"} 
[2026-03-05 09:40:22] production.INFO: Request data: {"name":"Sakshi Saklani","email":"sakshi.saklani@drishinfo.com","message":"Testing the Pop-up form in the Live Website.","captcha_verified":"1","_captcha":"disabled"} 
[2026-03-05 09:40:22] production.INFO: Has files: {"files":0} 
[2026-03-05 09:40:23] production.INFO: Form found {"form_id":"a13425d8-5ce3-4710-b460-3fdafc4fd2ea","form_name":"POP Up form - 000form.com"} 
[2026-03-05 09:40:23] production.INFO: Captcha verification status {"is_captcha_verified":true,"has_captcha_flag":true,"captcha_flag_value":"1"} 
[2026-03-05 09:40:23] production.INFO: reCAPTCHA skipped {"is_captcha_verified":true,"is_disabled":false} 
[2026-03-05 09:40:23] production.INFO: Parsed submission data {"name":"Sakshi Saklani","email":"sakshi.saklani@drishinfo.com","message":"Testing the Pop-up form in the Live Website."} 
[2026-03-05 09:40:23] production.INFO: FILE UPLOAD CHECK {"all_files":[]} 
[2026-03-05 09:40:23] production.INFO: Total files uploaded: 0  
[2026-03-05 09:40:23] production.INFO: Sending auto-response to {"email":"sakshi.saklani@drishinfo.com"} 
[2026-03-05 09:40:23] production.INFO: Auto-response sent to: sakshi.saklani@drishinfo.com  
[2026-03-05 09:40:23] production.INFO: VALID SUBMISSION {"form_id":"a13425d8-5ce3-4710-b460-3fdafc4fd2ea","ip":"112.196.28.2","is_spam":false,"reasons":[]} 
[2026-03-05 09:40:23] production.INFO: Spam check result {"is_spam":false,"reasons":[],"ip":"112.196.28.2"} 
[2026-03-05 09:40:24] production.INFO: Submission created {"submission_id":"a139f8fa-a06d-4503-b529-34ab444d9d87","ip":"112.196.28.2"} 
[2026-03-05 09:40:24] production.INFO: Auto-response flag updated  
[2026-03-05 09:40:24] production.INFO: Form stats updated  
[2026-03-05 09:40:24] production.INFO: Checking email notification conditions {"is_spam":false,"email_notifications":true,"recipient_email":"tsaklani2@gmail.com"} 
[2026-03-05 09:40:24] production.INFO: Attempting to send notification email {"to":"tsaklani2@gmail.com","has_attachments":false} 
[2026-03-05 09:40:24] production.INFO: === SENDING NOTIFICATION EMAIL === {"to":"tsaklani2@gmail.com","submission_id":"a139f8fa-a06d-4503-b529-34ab444d9d87","has_files":false} 
[2026-03-05 09:40:24] production.INFO: Final CC emails {"final_list":[]} 
[2026-03-05 09:40:24] production.INFO: Email template selected: basic  
[2026-03-05 09:40:24] production.INFO: Attachments to process: 0  
[2026-03-05 09:40:24] production.INFO: Mail object created  
[2026-03-05 09:40:24] production.INFO: Sending email without CC {"to":"tsaklani2@gmail.com"} 
[2026-03-05 09:40:24] production.INFO: Total attachments added: 0  
[2026-03-05 09:40:24] production.INFO: Mail send method called successfully  
[2026-03-05 09:40:25] production.INFO: Submission updated with email_sent flag  
[2026-03-05 09:40:25] production.INFO: Email sent successfully to: tsaklani2@gmail.com  
[2026-03-05 09:40:25] production.INFO: Notification email sent successfully  
[2026-03-05 09:40:25] production.INFO: === FORM SUBMISSION COMPLETED === {"slug":"f_wlwyfufd"} 
[2026-03-05 09:40:25] production.INFO: Success response {"wants_json":true,"format":null,"redirect_url":null} 
[2026-03-05 10:07:34] production.INFO: === FORM SUBMISSION STARTED === {"slug":"f_wlwyfufd","method":"POST"} 
[2026-03-05 10:07:34] production.INFO: Request data: {"name":"Karan","email":"k","message":"Hsshdh","captcha_verified":"1","_captcha":"disabled"} 
[2026-03-05 10:07:34] production.INFO: Has files: {"files":0} 
[2026-03-05 10:07:36] production.INFO: Form found {"form_id":"a13425d8-5ce3-4710-b460-3fdafc4fd2ea","form_name":"POP Up form - 000form.com"} 
[2026-03-05 10:07:36] production.INFO: Captcha verification status {"is_captcha_verified":true,"has_captcha_flag":true,"captcha_flag_value":"1"} 
[2026-03-05 10:07:36] production.INFO: reCAPTCHA skipped {"is_captcha_verified":true,"is_disabled":false} 
[2026-03-05 10:07:36] production.INFO: Parsed submission data {"name":"Karan","email":"k","message":"Hsshdh"} 
[2026-03-05 10:07:36] production.INFO: FILE UPLOAD CHECK {"all_files":[]} 
[2026-03-05 10:07:36] production.INFO: Total files uploaded: 0  
[2026-03-05 10:07:36] production.WARNING: Auto-response: No email field found in submission  
[2026-03-05 10:07:36] production.INFO: VALID SUBMISSION {"form_id":"a13425d8-5ce3-4710-b460-3fdafc4fd2ea","ip":"152.59.84.92","is_spam":false,"reasons":[]} 
[2026-03-05 10:07:36] production.INFO: Spam check result {"is_spam":false,"reasons":[],"ip":"152.59.84.92"} 
[2026-03-05 10:07:36] production.INFO: Submission created {"submission_id":"a13a02b5-5b03-407f-ac92-a50ff7574e33","ip":"152.59.84.92"} 
[2026-03-05 10:07:37] production.INFO: Form stats updated  
[2026-03-05 10:07:37] production.INFO: Checking email notification conditions {"is_spam":false,"email_notifications":true,"recipient_email":"tsaklani2@gmail.com"} 
[2026-03-05 10:07:37] production.INFO: Attempting to send notification email {"to":"tsaklani2@gmail.com","has_attachments":false} 
[2026-03-05 10:07:37] production.INFO: === SENDING NOTIFICATION EMAIL === {"to":"tsaklani2@gmail.com","submission_id":"a13a02b5-5b03-407f-ac92-a50ff7574e33","has_files":false} 
[2026-03-05 10:07:37] production.INFO: Final CC emails {"final_list":[]} 
[2026-03-05 10:07:37] production.INFO: Email template selected: basic  
[2026-03-05 10:07:37] production.INFO: Attachments to process: 0  
[2026-03-05 10:07:37] production.INFO: Mail object created  
[2026-03-05 10:07:37] production.INFO: Sending email without CC {"to":"tsaklani2@gmail.com"} 
[2026-03-05 10:07:37] production.INFO: Total attachments added: 0  
[2026-03-05 10:07:37] production.INFO: Mail send method called successfully  
[2026-03-05 10:07:37] production.INFO: Submission updated with email_sent flag  
[2026-03-05 10:07:37] production.INFO: Email sent successfully to: tsaklani2@gmail.com  
[2026-03-05 10:07:37] production.INFO: Notification email sent successfully  
[2026-03-05 10:07:37] production.INFO: === FORM SUBMISSION COMPLETED === {"slug":"f_wlwyfufd"} 
[2026-03-05 10:07:37] production.INFO: Success response {"wants_json":true,"format":null,"redirect_url":null} 
[2026-03-05 11:36:41] production.INFO: === FORM SUBMISSION STARTED === {"slug":"f_wlwyfufd","method":"POST"} 
[2026-03-05 11:36:41] production.INFO: Request data: {"name":"12312312","email":"asdasdasdssd","message":"sdsdsfsdfsd","captcha_verified":"1","_captcha":"disabled"} 
[2026-03-05 11:36:41] production.INFO: Has files: {"files":0} 
[2026-03-05 11:36:42] production.INFO: Form found {"form_id":"a13425d8-5ce3-4710-b460-3fdafc4fd2ea","form_name":"POP Up form - 000form.com"} 
[2026-03-05 11:36:42] production.INFO: Captcha verification status {"is_captcha_verified":true,"has_captcha_flag":true,"captcha_flag_value":"1"} 
[2026-03-05 11:36:42] production.INFO: reCAPTCHA skipped {"is_captcha_verified":true,"is_disabled":false} 
[2026-03-05 11:36:42] production.INFO: Parsed submission data {"name":"12312312","email":"asdasdasdssd","message":"sdsdsfsdfsd"} 
[2026-03-05 11:36:42] production.INFO: FILE UPLOAD CHECK {"all_files":[]} 
[2026-03-05 11:36:42] production.INFO: Total files uploaded: 0  
[2026-03-05 11:36:42] production.WARNING: Auto-response: No email field found in submission  
[2026-03-05 11:36:42] production.INFO: VALID SUBMISSION {"form_id":"a13425d8-5ce3-4710-b460-3fdafc4fd2ea","ip":"112.196.28.2","is_spam":false,"reasons":[]} 
[2026-03-05 11:36:42] production.INFO: Spam check result {"is_spam":false,"reasons":[],"ip":"112.196.28.2"} 
[2026-03-05 11:36:43] production.INFO: Submission created {"submission_id":"a13a2293-8d29-4f1a-a159-aeaae84ee8e8","ip":"112.196.28.2"} 
[2026-03-05 11:36:43] production.INFO: Form stats updated  
[2026-03-05 11:36:43] production.INFO: Checking email notification conditions {"is_spam":false,"email_notifications":true,"recipient_email":"tsaklani2@gmail.com"} 
[2026-03-05 11:36:43] production.INFO: Attempting to send notification email {"to":"tsaklani2@gmail.com","has_attachments":false} 
[2026-03-05 11:36:43] production.INFO: === SENDING NOTIFICATION EMAIL === {"to":"tsaklani2@gmail.com","submission_id":"a13a2293-8d29-4f1a-a159-aeaae84ee8e8","has_files":false} 
[2026-03-05 11:36:43] production.INFO: Final CC emails {"final_list":[]} 
[2026-03-05 11:36:43] production.INFO: Email template selected: basic  
[2026-03-05 11:36:43] production.INFO: Attachments to process: 0  
[2026-03-05 11:36:43] production.INFO: Mail object created  
[2026-03-05 11:36:43] production.INFO: Sending email without CC {"to":"tsaklani2@gmail.com"} 
[2026-03-05 11:36:43] production.INFO: Total attachments added: 0  
[2026-03-05 11:36:43] production.INFO: Mail send method called successfully  
[2026-03-05 11:36:44] production.INFO: Submission updated with email_sent flag  
[2026-03-05 11:36:44] production.INFO: Email sent successfully to: tsaklani2@gmail.com  
[2026-03-05 11:36:44] production.INFO: Notification email sent successfully  
[2026-03-05 11:36:44] production.INFO: === FORM SUBMISSION COMPLETED === {"slug":"f_wlwyfufd"} 
[2026-03-05 11:36:44] production.INFO: Success response {"wants_json":true,"format":null,"redirect_url":null} 
[2026-03-05 14:50:38] production.ERROR: Driver [login] not supported. {"exception":"[object] (InvalidArgumentException(code: 0): Driver [login] not supported. at /var/www/html/000form/vendor/laravel/framework/src/Illuminate/Support/Manager.php:109)
[stacktrace]
#0 /var/www/html/000form/vendor/laravel/framework/src/Illuminate/Support/Manager.php(80): Illuminate\\Support\\Manager->createDriver()
#1 /var/www/html/000form/vendor/laravel/framework/src/Illuminate/Support/Facades/Facade.php(361): Illuminate\\Support\\Manager->driver()
#2 /var/www/html/000form/app/Http/Controllers/SocialAuthController.php(16): Illuminate\\Support\\Facades\\Facade::__callStatic()
#3 /var/www/html/000form/vendor/laravel/framework/src/Illuminate/Routing/Controller.php(54): App\\Http\\Controllers\\SocialAuthController->redirect()
#4 /var/www/html/000form/vendor/laravel/framework/src/Illuminate/Routing/ControllerDispatcher.php(44): Illuminate\\Routing\\Controller->callAction()
#5 /var/www/html/000form/vendor/laravel/framework/src/Illuminate/Routing/Route.php(266): Illuminate\\Routing\\ControllerDispatcher->dispatch()
#6 /var/www/html/000form/vendor/laravel/framework/src/Illuminate/Routing/Route.php(212): Illuminate\\Routing\\Route->runController()
#7 /var/www/html/000form/vendor/laravel/framework/src/Illuminate/Routing/Router.php(808): Illuminate\\Routing\\Route->run()
#8 /var/www/html/000form/vendor/laravel/framework/src/Illuminate/Pipeline/Pipeline.php(170): Illuminate\\Routing\\Router->{closure:Illuminate\\Routing\\Router::runRouteWithinStack():807}()
#9 /var/www/html/000form/vendor/laravel/framework/src/Illuminate/Routing/Middleware/SubstituteBindings.php(51): Illuminate\\Pipeline\\Pipeline->{closure:Illuminate\\Pipeline\\Pipeline::prepareDestination():168}()
#10 /var/www/html/000form/vendor/laravel/framework/src/Illuminate/Pipeline/Pipeline.php(209): Illuminate\\Routing\\Middleware\\SubstituteBindings->handle()
#11 /var/www/html/000form/vendor/laravel/framework/src/Illuminate/Foundation/Http/Middleware/VerifyCsrfToken.php(88): Illuminate\\Pipeline\\Pipeline->{closure:{closure:Illuminate\\Pipeline\\Pipeline::carry():184}:185}()
#12 /var/www/html/000form/vendor/laravel/framework/src/Illuminate/Pipeline/Pipeline.php(209): Illuminate\\Foundation\\Http\\Middleware\\VerifyCsrfToken->handle()
#13 /var/www/html/000form/vendor/laravel/framework/src/Illuminate/View/Middleware/ShareErrorsFromSession.php(49): Illuminate\\Pipeline\\Pipeline->{closure:{closure:Illuminate\\Pipeline\\Pipeline::carry():184}:185}()
#14 /var/www/html/000form/vendor/laravel/framework/src/Illuminate/Pipeline/Pipeline.php(209): Illuminate\\View\\Middleware\\ShareErrorsFromSession->handle()
#15 /var/www/html/000form/vendor/laravel/framework/src/Illuminate/Session/Middleware/StartSession.php(121): Illuminate\\Pipeline\\Pipeline->{closure:{closure:Illuminate\\Pipeline\\Pipeline::carry():184}:185}()
#16 /var/www/html/000form/vendor/laravel/framework/src/Illuminate/Session/Middleware/StartSession.php(64): Illuminate\\Session\\Middleware\\StartSession->handleStatefulRequest()
#17 /var/www/html/000form/vendor/laravel/framework/src/Illuminate/Pipeline/Pipeline.php(209): Illuminate\\Session\\Middleware\\StartSession->handle()
#18 /var/www/html/000form/vendor/laravel/framework/src/Illuminate/Cookie/Middleware/AddQueuedCookiesToResponse.php(37): Illuminate\\Pipeline\\Pipeline->{closure:{closure:Illuminate\\Pipeline\\Pipeline::carry():184}:185}()
#19 /var/www/html/000form/vendor/laravel/framework/src/Illuminate/Pipeline/Pipeline.php(209): Illuminate\\Cookie\\Middleware\\AddQueuedCookiesToResponse->handle()
#20 /var/www/html/000form/vendor/laravel/framework/src/Illuminate/Cookie/Middleware/EncryptCookies.php(75): Illuminate\\Pipeline\\Pipeline->{closure:{closure:Illuminate\\Pipeline\\Pipeline::carry():184}:185}()
#21 /var/www/html/000form/vendor/laravel/framework/src/Illuminate/Pipeline/Pipeline.php(209): Illuminate\\Cookie\\Middleware\\EncryptCookies->handle()
#22 /var/www/html/000form/vendor/laravel/framework/src/Illuminate/Pipeline/Pipeline.php(127): Illuminate\\Pipeline\\Pipeline->{closure:{closure:Illuminate\\Pipeline\\Pipeline::carry():184}:185}()
#23 /var/www/html/000form/vendor/laravel/framework/src/Illuminate/Routing/Router.php(807): Illuminate\\Pipeline\\Pipeline->then()
#24 /var/www/html/000form/vendor/laravel/framework/src/Illuminate/Routing/Router.php(786): Illuminate\\Routing\\Router->runRouteWithinStack()
#25 /var/www/html/000form/vendor/laravel/framework/src/Illuminate/Routing/Router.php(750): Illuminate\\Routing\\Router->runRoute()
#26 /var/www/html/000form/vendor/laravel/framework/src/Illuminate/Routing/Router.php(739): Illuminate\\Routing\\Router->dispatchToRoute()
#27 /var/www/html/000form/vendor/laravel/framework/src/Illuminate/Foundation/Http/Kernel.php(201): Illuminate\\Routing\\Router->dispatch()
#28 /var/www/html/000form/vendor/laravel/framework/src/Illuminate/Pipeline/Pipeline.php(170): Illuminate\\Foundation\\Http\\Kernel->{closure:Illuminate\\Foundation\\Http\\Kernel::dispatchToRouter():198}()
#29 /var/www/html/000form/vendor/laravel/framework/src/Illuminate/Foundation/Http/Middleware/TransformsRequest.php(21): Illuminate\\Pipeline\\Pipeline->{closure:Illuminate\\Pipeline\\Pipeline::prepareDestination():168}()
#30 /var/www/html/000form/vendor/laravel/framework/src/Illuminate/Foundation/Http/Middleware/ConvertEmptyStringsToNull.php(31): Illuminate\\Foundation\\Http\\Middleware\\TransformsRequest->handle()
#31 /var/www/html/000form/vendor/laravel/framework/src/Illuminate/Pipeline/Pipeline.php(209): Illuminate\\Foundation\\Http\\Middleware\\ConvertEmptyStringsToNull->handle()
#32 /var/www/html/000form/vendor/laravel/framework/src/Illuminate/Foundation/Http/Middleware/TransformsRequest.php(21): Illuminate\\Pipeline\\Pipeline->{closure:{closure:Illuminate\\Pipeline\\Pipeline::carry():184}:185}()
#33 /var/www/html/000form/vendor/laravel/framework/src/Illuminate/Foundation/Http/Middleware/TrimStrings.php(51): Illuminate\\Foundation\\Http\\Middleware\\TransformsRequest->handle()
#34 /var/www/html/000form/vendor/laravel/framework/src/Illuminate/Pipeline/Pipeline.php(209): Illuminate\\Foundation\\Http\\Middleware\\TrimStrings->handle()
#35 /var/www/html/000form/vendor/laravel/framework/src/Illuminate/Http/Middleware/ValidatePostSize.php(27): Illuminate\\Pipeline\\Pipeline->{closure:{closure:Illuminate\\Pipeline\\Pipeline::carry():184}:185}()
#36 /var/www/html/000form/vendor/laravel/framework/src/Illuminate/Pipeline/Pipeline.php(209): Illuminate\\Http\\Middleware\\ValidatePostSize->handle()
#37 /var/www/html/000form/vendor/laravel/framework/src/Illuminate/Foundation/Http/Middleware/PreventRequestsDuringMaintenance.php(110): Illuminate\\Pipeline\\Pipeline->{closure:{closure:Illuminate\\Pipeline\\Pipeline::carry():184}:185}()
#38 /var/www/html/000form/vendor/laravel/framework/src/Illuminate/Pipeline/Pipeline.php(209): Illuminate\\Foundation\\Http\\Middleware\\PreventRequestsDuringMaintenance->handle()
#39 /var/www/html/000form/vendor/laravel/framework/src/Illuminate/Http/Middleware/HandleCors.php(49): Illuminate\\Pipeline\\Pipeline->{closure:{closure:Illuminate\\Pipeline\\Pipeline::carry():184}:185}()
#40 /var/www/html/000form/vendor/laravel/framework/src/Illuminate/Pipeline/Pipeline.php(209): Illuminate\\Http\\Middleware\\HandleCors->handle()
#41 /var/www/html/000form/vendor/laravel/framework/src/Illuminate/Http/Middleware/TrustProxies.php(58): Illuminate\\Pipeline\\Pipeline->{closure:{closure:Illuminate\\Pipeline\\Pipeline::carry():184}:185}()
#42 /var/www/html/000form/vendor/laravel/framework/src/Illuminate/Pipeline/Pipeline.php(209): Illuminate\\Http\\Middleware\\TrustProxies->handle()
#43 /var/www/html/000form/vendor/laravel/framework/src/Illuminate/Foundation/Http/Middleware/InvokeDeferredCallbacks.php(22): Illuminate\\Pipeline\\Pipeline->{closure:{closure:Illuminate\\Pipeline\\Pipeline::carry():184}:185}()
#44 /var/www/html/000form/vendor/laravel/framework/src/Illuminate/Pipeline/Pipeline.php(209): Illuminate\\Foundation\\Http\\Middleware\\InvokeDeferredCallbacks->handle()
#45 /var/www/html/000form/vendor/laravel/framework/src/Illuminate/Pipeline/Pipeline.php(127): Illuminate\\Pipeline\\Pipeline->{closure:{closure:Illuminate\\Pipeline\\Pipeline::carry():184}:185}()
#46 /var/www/html/000form/vendor/laravel/framework/src/Illuminate/Foundation/Http/Kernel.php(176): Illuminate\\Pipeline\\Pipeline->then()
#47 /var/www/html/000form/vendor/laravel/framework/src/Illuminate/Foundation/Http/Kernel.php(145): Illuminate\\Foundation\\Http\\Kernel->sendRequestThroughRouter()
#48 /var/www/html/000form/vendor/laravel/framework/src/Illuminate/Foundation/Application.php(1220): Illuminate\\Foundation\\Http\\Kernel->handle()
#49 /var/www/html/000form/public/index.php(17): Illuminate\\Foundation\\Application->handleRequest()
#50 {main}
"} 
[2026-03-05 16:50:03] production.ERROR: Supabase signin error: Client error: `POST https://wqtlwldbvhhluvmdldpf.supabase.co/auth/v1/token?grant_type=password` resulted in a `400 Bad Request` response:
{"code":400,"error_code":"invalid_credentials","msg":"Invalid login credentials"}
  
[2026-03-05 19:14:22] production.ERROR: Driver [.env] not supported. {"exception":"[object] (InvalidArgumentException(code: 0): Driver [.env] not supported. at /var/www/html/000form/vendor/laravel/framework/src/Illuminate/Support/Manager.php:109)
[stacktrace]
#0 /var/www/html/000form/vendor/laravel/framework/src/Illuminate/Support/Manager.php(80): Illuminate\\Support\\Manager->createDriver()
#1 /var/www/html/000form/vendor/laravel/framework/src/Illuminate/Support/Facades/Facade.php(361): Illuminate\\Support\\Manager->driver()
#2 /var/www/html/000form/app/Http/Controllers/SocialAuthController.php(16): Illuminate\\Support\\Facades\\Facade::__callStatic()
#3 /var/www/html/000form/vendor/laravel/framework/src/Illuminate/Routing/Controller.php(54): App\\Http\\Controllers\\SocialAuthController->redirect()
#4 /var/www/html/000form/vendor/laravel/framework/src/Illuminate/Routing/ControllerDispatcher.php(44): Illuminate\\Routing\\Controller->callAction()
#5 /var/www/html/000form/vendor/laravel/framework/src/Illuminate/Routing/Route.php(266): Illuminate\\Routing\\ControllerDispatcher->dispatch()
#6 /var/www/html/000form/vendor/laravel/framework/src/Illuminate/Routing/Route.php(212): Illuminate\\Routing\\Route->runController()
#7 /var/www/html/000form/vendor/laravel/framework/src/Illuminate/Routing/Router.php(808): Illuminate\\Routing\\Route->run()
#8 /var/www/html/000form/vendor/laravel/framework/src/Illuminate/Pipeline/Pipeline.php(170): Illuminate\\Routing\\Router->{closure:Illuminate\\Routing\\Router::runRouteWithinStack():807}()
#9 /var/www/html/000form/vendor/laravel/framework/src/Illuminate/Routing/Middleware/SubstituteBindings.php(51): Illuminate\\Pipeline\\Pipeline->{closure:Illuminate\\Pipeline\\Pipeline::prepareDestination():168}()
#10 /var/www/html/000form/vendor/laravel/framework/src/Illuminate/Pipeline/Pipeline.php(209): Illuminate\\Routing\\Middleware\\SubstituteBindings->handle()
#11 /var/www/html/000form/vendor/laravel/framework/src/Illuminate/Foundation/Http/Middleware/VerifyCsrfToken.php(88): Illuminate\\Pipeline\\Pipeline->{closure:{closure:Illuminate\\Pipeline\\Pipeline::carry():184}:185}()
#12 /var/www/html/000form/vendor/laravel/framework/src/Illuminate/Pipeline/Pipeline.php(209): Illuminate\\Foundation\\Http\\Middleware\\VerifyCsrfToken->handle()
#13 /var/www/html/000form/vendor/laravel/framework/src/Illuminate/View/Middleware/ShareErrorsFromSession.php(49): Illuminate\\Pipeline\\Pipeline->{closure:{closure:Illuminate\\Pipeline\\Pipeline::carry():184}:185}()
#14 /var/www/html/000form/vendor/laravel/framework/src/Illuminate/Pipeline/Pipeline.php(209): Illuminate\\View\\Middleware\\ShareErrorsFromSession->handle()
#15 /var/www/html/000form/vendor/laravel/framework/src/Illuminate/Session/Middleware/StartSession.php(121): Illuminate\\Pipeline\\Pipeline->{closure:{closure:Illuminate\\Pipeline\\Pipeline::carry():184}:185}()
#16 /var/www/html/000form/vendor/laravel/framework/src/Illuminate/Session/Middleware/StartSession.php(64): Illuminate\\Session\\Middleware\\StartSession->handleStatefulRequest()
#17 /var/www/html/000form/vendor/laravel/framework/src/Illuminate/Pipeline/Pipeline.php(209): Illuminate\\Session\\Middleware\\StartSession->handle()
#18 /var/www/html/000form/vendor/laravel/framework/src/Illuminate/Cookie/Middleware/AddQueuedCookiesToResponse.php(37): Illuminate\\Pipeline\\Pipeline->{closure:{closure:Illuminate\\Pipeline\\Pipeline::carry():184}:185}()
#19 /var/www/html/000form/vendor/laravel/framework/src/Illuminate/Pipeline/Pipeline.php(209): Illuminate\\Cookie\\Middleware\\AddQueuedCookiesToResponse->handle()
#20 /var/www/html/000form/vendor/laravel/framework/src/Illuminate/Cookie/Middleware/EncryptCookies.php(75): Illuminate\\Pipeline\\Pipeline->{closure:{closure:Illuminate\\Pipeline\\Pipeline::carry():184}:185}()
#21 /var/www/html/000form/vendor/laravel/framework/src/Illuminate/Pipeline/Pipeline.php(209): Illuminate\\Cookie\\Middleware\\EncryptCookies->handle()
#22 /var/www/html/000form/vendor/laravel/framework/src/Illuminate/Pipeline/Pipeline.php(127): Illuminate\\Pipeline\\Pipeline->{closure:{closure:Illuminate\\Pipeline\\Pipeline::carry():184}:185}()
#23 /var/www/html/000form/vendor/laravel/framework/src/Illuminate/Routing/Router.php(807): Illuminate\\Pipeline\\Pipeline->then()
#24 /var/www/html/000form/vendor/laravel/framework/src/Illuminate/Routing/Router.php(786): Illuminate\\Routing\\Router->runRouteWithinStack()
#25 /var/www/html/000form/vendor/laravel/framework/src/Illuminate/Routing/Router.php(750): Illuminate\\Routing\\Router->runRoute()
#26 /var/www/html/000form/vendor/laravel/framework/src/Illuminate/Routing/Router.php(739): Illuminate\\Routing\\Router->dispatchToRoute()
#27 /var/www/html/000form/vendor/laravel/framework/src/Illuminate/Foundation/Http/Kernel.php(201): Illuminate\\Routing\\Router->dispatch()
#28 /var/www/html/000form/vendor/laravel/framework/src/Illuminate/Pipeline/Pipeline.php(170): Illuminate\\Foundation\\Http\\Kernel->{closure:Illuminate\\Foundation\\Http\\Kernel::dispatchToRouter():198}()
#29 /var/www/html/000form/vendor/laravel/framework/src/Illuminate/Foundation/Http/Middleware/TransformsRequest.php(21): Illuminate\\Pipeline\\Pipeline->{closure:Illuminate\\Pipeline\\Pipeline::prepareDestination():168}()
#30 /var/www/html/000form/vendor/laravel/framework/src/Illuminate/Foundation/Http/Middleware/ConvertEmptyStringsToNull.php(31): Illuminate\\Foundation\\Http\\Middleware\\TransformsRequest->handle()
#31 /var/www/html/000form/vendor/laravel/framework/src/Illuminate/Pipeline/Pipeline.php(209): Illuminate\\Foundation\\Http\\Middleware\\ConvertEmptyStringsToNull->handle()
#32 /var/www/html/000form/vendor/laravel/framework/src/Illuminate/Foundation/Http/Middleware/TransformsRequest.php(21): Illuminate\\Pipeline\\Pipeline->{closure:{closure:Illuminate\\Pipeline\\Pipeline::carry():184}:185}()
#33 /var/www/html/000form/vendor/laravel/framework/src/Illuminate/Foundation/Http/Middleware/TrimStrings.php(51): Illuminate\\Foundation\\Http\\Middleware\\TransformsRequest->handle()
#34 /var/www/html/000form/vendor/laravel/framework/src/Illuminate/Pipeline/Pipeline.php(209): Illuminate\\Foundation\\Http\\Middleware\\TrimStrings->handle()
#35 /var/www/html/000form/vendor/laravel/framework/src/Illuminate/Http/Middleware/ValidatePostSize.php(27): Illuminate\\Pipeline\\Pipeline->{closure:{closure:Illuminate\\Pipeline\\Pipeline::carry():184}:185}()
#36 /var/www/html/000form/vendor/laravel/framework/src/Illuminate/Pipeline/Pipeline.php(209): Illuminate\\Http\\Middleware\\ValidatePostSize->handle()
#37 /var/www/html/000form/vendor/laravel/framework/src/Illuminate/Foundation/Http/Middleware/PreventRequestsDuringMaintenance.php(110): Illuminate\\Pipeline\\Pipeline->{closure:{closure:Illuminate\\Pipeline\\Pipeline::carry():184}:185}()
#38 /var/www/html/000form/vendor/laravel/framework/src/Illuminate/Pipeline/Pipeline.php(209): Illuminate\\Foundation\\Http\\Middleware\\PreventRequestsDuringMaintenance->handle()
#39 /var/www/html/000form/vendor/laravel/framework/src/Illuminate/Http/Middleware/HandleCors.php(49): Illuminate\\Pipeline\\Pipeline->{closure:{closure:Illuminate\\Pipeline\\Pipeline::carry():184}:185}()
#40 /var/www/html/000form/vendor/laravel/framework/src/Illuminate/Pipeline/Pipeline.php(209): Illuminate\\Http\\Middleware\\HandleCors->handle()
#41 /var/www/html/000form/vendor/laravel/framework/src/Illuminate/Http/Middleware/TrustProxies.php(58): Illuminate\\Pipeline\\Pipeline->{closure:{closure:Illuminate\\Pipeline\\Pipeline::carry():184}:185}()
#42 /var/www/html/000form/vendor/laravel/framework/src/Illuminate/Pipeline/Pipeline.php(209): Illuminate\\Http\\Middleware\\TrustProxies->handle()
#43 /var/www/html/000form/vendor/laravel/framework/src/Illuminate/Foundation/Http/Middleware/InvokeDeferredCallbacks.php(22): Illuminate\\Pipeline\\Pipeline->{closure:{closure:Illuminate\\Pipeline\\Pipeline::carry():184}:185}()
#44 /var/www/html/000form/vendor/laravel/framework/src/Illuminate/Pipeline/Pipeline.php(209): Illuminate\\Foundation\\Http\\Middleware\\InvokeDeferredCallbacks->handle()
#45 /var/www/html/000form/vendor/laravel/framework/src/Illuminate/Pipeline/Pipeline.php(127): Illuminate\\Pipeline\\Pipeline->{closure:{closure:Illuminate\\Pipeline\\Pipeline::carry():184}:185}()
#46 /var/www/html/000form/vendor/laravel/framework/src/Illuminate/Foundation/Http/Kernel.php(176): Illuminate\\Pipeline\\Pipeline->then()
#47 /var/www/html/000form/vendor/laravel/framework/src/Illuminate/Foundation/Http/Kernel.php(145): Illuminate\\Foundation\\Http\\Kernel->sendRequestThroughRouter()
#48 /var/www/html/000form/vendor/laravel/framework/src/Illuminate/Foundation/Application.php(1220): Illuminate\\Foundation\\Http\\Kernel->handle()
#49 /var/www/html/000form/public/index.php(17): Illuminate\\Foundation\\Application->handleRequest()
#50 {main}
"} 
[2026-03-05 19:15:54] production.ERROR: Driver [.env] not supported. {"exception":"[object] (InvalidArgumentException(code: 0): Driver [.env] not supported. at /var/www/html/000form/vendor/laravel/framework/src/Illuminate/Support/Manager.php:109)
[stacktrace]
#0 /var/www/html/000form/vendor/laravel/framework/src/Illuminate/Support/Manager.php(80): Illuminate\\Support\\Manager->createDriver()
#1 /var/www/html/000form/vendor/laravel/framework/src/Illuminate/Support/Facades/Facade.php(361): Illuminate\\Support\\Manager->driver()
#2 /var/www/html/000form/app/Http/Controllers/SocialAuthController.php(16): Illuminate\\Support\\Facades\\Facade::__callStatic()
#3 /var/www/html/000form/vendor/laravel/framework/src/Illuminate/Routing/Controller.php(54): App\\Http\\Controllers\\SocialAuthController->redirect()
#4 /var/www/html/000form/vendor/laravel/framework/src/Illuminate/Routing/ControllerDispatcher.php(44): Illuminate\\Routing\\Controller->callAction()
#5 /var/www/html/000form/vendor/laravel/framework/src/Illuminate/Routing/Route.php(266): Illuminate\\Routing\\ControllerDispatcher->dispatch()
#6 /var/www/html/000form/vendor/laravel/framework/src/Illuminate/Routing/Route.php(212): Illuminate\\Routing\\Route->runController()
#7 /var/www/html/000form/vendor/laravel/framework/src/Illuminate/Routing/Router.php(808): Illuminate\\Routing\\Route->run()
#8 /var/www/html/000form/vendor/laravel/framework/src/Illuminate/Pipeline/Pipeline.php(170): Illuminate\\Routing\\Router->{closure:Illuminate\\Routing\\Router::runRouteWithinStack():807}()
#9 /var/www/html/000form/vendor/laravel/framework/src/Illuminate/Routing/Middleware/SubstituteBindings.php(51): Illuminate\\Pipeline\\Pipeline->{closure:Illuminate\\Pipeline\\Pipeline::prepareDestination():168}()
#10 /var/www/html/000form/vendor/laravel/framework/src/Illuminate/Pipeline/Pipeline.php(209): Illuminate\\Routing\\Middleware\\SubstituteBindings->handle()
#11 /var/www/html/000form/vendor/laravel/framework/src/Illuminate/Foundation/Http/Middleware/VerifyCsrfToken.php(88): Illuminate\\Pipeline\\Pipeline->{closure:{closure:Illuminate\\Pipeline\\Pipeline::carry():184}:185}()
#12 /var/www/html/000form/vendor/laravel/framework/src/Illuminate/Pipeline/Pipeline.php(209): Illuminate\\Foundation\\Http\\Middleware\\VerifyCsrfToken->handle()
#13 /var/www/html/000form/vendor/laravel/framework/src/Illuminate/View/Middleware/ShareErrorsFromSession.php(49): Illuminate\\Pipeline\\Pipeline->{closure:{closure:Illuminate\\Pipeline\\Pipeline::carry():184}:185}()
#14 /var/www/html/000form/vendor/laravel/framework/src/Illuminate/Pipeline/Pipeline.php(209): Illuminate\\View\\Middleware\\ShareErrorsFromSession->handle()
#15 /var/www/html/000form/vendor/laravel/framework/src/Illuminate/Session/Middleware/StartSession.php(121): Illuminate\\Pipeline\\Pipeline->{closure:{closure:Illuminate\\Pipeline\\Pipeline::carry():184}:185}()
#16 /var/www/html/000form/vendor/laravel/framework/src/Illuminate/Session/Middleware/StartSession.php(64): Illuminate\\Session\\Middleware\\StartSession->handleStatefulRequest()
#17 /var/www/html/000form/vendor/laravel/framework/src/Illuminate/Pipeline/Pipeline.php(209): Illuminate\\Session\\Middleware\\StartSession->handle()
#18 /var/www/html/000form/vendor/laravel/framework/src/Illuminate/Cookie/Middleware/AddQueuedCookiesToResponse.php(37): Illuminate\\Pipeline\\Pipeline->{closure:{closure:Illuminate\\Pipeline\\Pipeline::carry():184}:185}()
#19 /var/www/html/000form/vendor/laravel/framework/src/Illuminate/Pipeline/Pipeline.php(209): Illuminate\\Cookie\\Middleware\\AddQueuedCookiesToResponse->handle()
#20 /var/www/html/000form/vendor/laravel/framework/src/Illuminate/Cookie/Middleware/EncryptCookies.php(75): Illuminate\\Pipeline\\Pipeline->{closure:{closure:Illuminate\\Pipeline\\Pipeline::carry():184}:185}()
#21 /var/www/html/000form/vendor/laravel/framework/src/Illuminate/Pipeline/Pipeline.php(209): Illuminate\\Cookie\\Middleware\\EncryptCookies->handle()
#22 /var/www/html/000form/vendor/laravel/framework/src/Illuminate/Pipeline/Pipeline.php(127): Illuminate\\Pipeline\\Pipeline->{closure:{closure:Illuminate\\Pipeline\\Pipeline::carry():184}:185}()
#23 /var/www/html/000form/vendor/laravel/framework/src/Illuminate/Routing/Router.php(807): Illuminate\\Pipeline\\Pipeline->then()
#24 /var/www/html/000form/vendor/laravel/framework/src/Illuminate/Routing/Router.php(786): Illuminate\\Routing\\Router->runRouteWithinStack()
#25 /var/www/html/000form/vendor/laravel/framework/src/Illuminate/Routing/Router.php(750): Illuminate\\Routing\\Router->runRoute()
#26 /var/www/html/000form/vendor/laravel/framework/src/Illuminate/Routing/Router.php(739): Illuminate\\Routing\\Router->dispatchToRoute()
#27 /var/www/html/000form/vendor/laravel/framework/src/Illuminate/Foundation/Http/Kernel.php(201): Illuminate\\Routing\\Router->dispatch()
#28 /var/www/html/000form/vendor/laravel/framework/src/Illuminate/Pipeline/Pipeline.php(170): Illuminate\\Foundation\\Http\\Kernel->{closure:Illuminate\\Foundation\\Http\\Kernel::dispatchToRouter():198}()
#29 /var/www/html/000form/vendor/laravel/framework/src/Illuminate/Foundation/Http/Middleware/TransformsRequest.php(21): Illuminate\\Pipeline\\Pipeline->{closure:Illuminate\\Pipeline\\Pipeline::prepareDestination():168}()
#30 /var/www/html/000form/vendor/laravel/framework/src/Illuminate/Foundation/Http/Middleware/ConvertEmptyStringsToNull.php(31): Illuminate\\Foundation\\Http\\Middleware\\TransformsRequest->handle()
#31 /var/www/html/000form/vendor/laravel/framework/src/Illuminate/Pipeline/Pipeline.php(209): Illuminate\\Foundation\\Http\\Middleware\\ConvertEmptyStringsToNull->handle()
#32 /var/www/html/000form/vendor/laravel/framework/src/Illuminate/Foundation/Http/Middleware/TransformsRequest.php(21): Illuminate\\Pipeline\\Pipeline->{closure:{closure:Illuminate\\Pipeline\\Pipeline::carry():184}:185}()
#33 /var/www/html/000form/vendor/laravel/framework/src/Illuminate/Foundation/Http/Middleware/TrimStrings.php(51): Illuminate\\Foundation\\Http\\Middleware\\TransformsRequest->handle()
#34 /var/www/html/000form/vendor/laravel/framework/src/Illuminate/Pipeline/Pipeline.php(209): Illuminate\\Foundation\\Http\\Middleware\\TrimStrings->handle()
#35 /var/www/html/000form/vendor/laravel/framework/src/Illuminate/Http/Middleware/ValidatePostSize.php(27): Illuminate\\Pipeline\\Pipeline->{closure:{closure:Illuminate\\Pipeline\\Pipeline::carry():184}:185}()
#36 /var/www/html/000form/vendor/laravel/framework/src/Illuminate/Pipeline/Pipeline.php(209): Illuminate\\Http\\Middleware\\ValidatePostSize->handle()
#37 /var/www/html/000form/vendor/laravel/framework/src/Illuminate/Foundation/Http/Middleware/PreventRequestsDuringMaintenance.php(110): Illuminate\\Pipeline\\Pipeline->{closure:{closure:Illuminate\\Pipeline\\Pipeline::carry():184}:185}()
#38 /var/www/html/000form/vendor/laravel/framework/src/Illuminate/Pipeline/Pipeline.php(209): Illuminate\\Foundation\\Http\\Middleware\\PreventRequestsDuringMaintenance->handle()
#39 /var/www/html/000form/vendor/laravel/framework/src/Illuminate/Http/Middleware/HandleCors.php(49): Illuminate\\Pipeline\\Pipeline->{closure:{closure:Illuminate\\Pipeline\\Pipeline::carry():184}:185}()
#40 /var/www/html/000form/vendor/laravel/framework/src/Illuminate/Pipeline/Pipeline.php(209): Illuminate\\Http\\Middleware\\HandleCors->handle()
#41 /var/www/html/000form/vendor/laravel/framework/src/Illuminate/Http/Middleware/TrustProxies.php(58): Illuminate\\Pipeline\\Pipeline->{closure:{closure:Illuminate\\Pipeline\\Pipeline::carry():184}:185}()
#42 /var/www/html/000form/vendor/laravel/framework/src/Illuminate/Pipeline/Pipeline.php(209): Illuminate\\Http\\Middleware\\TrustProxies->handle()
#43 /var/www/html/000form/vendor/laravel/framework/src/Illuminate/Foundation/Http/Middleware/InvokeDeferredCallbacks.php(22): Illuminate\\Pipeline\\Pipeline->{closure:{closure:Illuminate\\Pipeline\\Pipeline::carry():184}:185}()
#44 /var/www/html/000form/vendor/laravel/framework/src/Illuminate/Pipeline/Pipeline.php(209): Illuminate\\Foundation\\Http\\Middleware\\InvokeDeferredCallbacks->handle()
#45 /var/www/html/000form/vendor/laravel/framework/src/Illuminate/Pipeline/Pipeline.php(127): Illuminate\\Pipeline\\Pipeline->{closure:{closure:Illuminate\\Pipeline\\Pipeline::carry():184}:185}()
#46 /var/www/html/000form/vendor/laravel/framework/src/Illuminate/Foundation/Http/Kernel.php(176): Illuminate\\Pipeline\\Pipeline->then()
#47 /var/www/html/000form/vendor/laravel/framework/src/Illuminate/Foundation/Http/Kernel.php(145): Illuminate\\Foundation\\Http\\Kernel->sendRequestThroughRouter()
#48 /var/www/html/000form/vendor/laravel/framework/src/Illuminate/Foundation/Application.php(1220): Illuminate\\Foundation\\Http\\Kernel->handle()
#49 /var/www/html/000form/public/index.php(17): Illuminate\\Foundation\\Application->handleRequest()
#50 {main}
"} 
