[2026-03-11 04:55:44] local.ERROR: Command "server" is not defined.

Did you mean one of these?
    make:observer
    serve {"exception":"[object] (Symfony\\Component\\Console\\Exception\\CommandNotFoundException(code: 0): Command \"server\" is not defined.

Did you mean one of these?
    make:observer
    serve at C:/Git-folders/000form.com/vendor/symfony/console/Application.php:759)
[stacktrace]
#0 C:/Git-folders/000form.com/vendor/symfony/console/Application.php(298): Symfony/Component/Console/Application->find('server')
#1 C:/Git-folders/000form.com/vendor/symfony/console/Application.php(195): Symfony/Component/Console/Application->doRun(Object(Symfony/Component/Console/Input/ArgvInput), Object(Symfony/Component/Console/Output/ConsoleOutput))
#2 C:/Git-folders/000form.com/vendor/laravel/framework/src/Illuminate/Foundation/Console/Kernel.php(198): Symfony/Component/Console/Application->run(Object(Symfony/Component/Console/Input/ArgvInput), Object(Symfony/Component/Console/Output/ConsoleOutput))
#3 C:/Git-folders/000form.com/vendor/laravel/framework/src/Illuminate/Foundation/Application.php(1235): Illuminate/Foundation/Console/Kernel->handle(Object(Symfony/Component/Console/Input/ArgvInput), Object(Symfony/Component/Console/Output/ConsoleOutput))
#4 C:/Git-folders/000form.com/artisan(11): Illuminate/Foundation/Application->handleCommand(Object(Symfony/Component/Console/Input/ArgvInput))
#5 {main}
"} 
[2026-03-11 05:59:48] local.INFO: === FORM SUBMISSION STARTED === {"slug":"f_aklrqsxp","method":"POST"} 
[2026-03-11 05:59:48] local.INFO: Request data: {"name":"sakshi","email":"tanuja8@yopmail.com","message":"Testing the form","_captcha":"false"} 
[2026-03-11 05:59:48] local.INFO: Has files: {"files":0} 
[2026-03-11 05:59:49] local.INFO: Form found {"form_id":"a144024d-f19e-4657-92a2-81bfb7b1b53d","form_name":"UntinyPNG - Contact Form"} 
[2026-03-11 05:59:50] local.INFO: Captcha verification status {"is_captcha_verified":false,"has_captcha_flag":false,"captcha_flag_value":null} 
[2026-03-11 05:59:50] local.INFO: reCAPTCHA skipped {"is_captcha_verified":false,"is_disabled":true} 
[2026-03-11 05:59:50] local.INFO: Parsed submission data {"name":"sakshi","email":"tanuja8@yopmail.com","message":"Testing the form"} 
[2026-03-11 05:59:50] local.INFO: FILE UPLOAD CHECK {"all_files":[]} 
[2026-03-11 05:59:50] local.INFO: Total files uploaded: 0  
[2026-03-11 05:59:50] local.INFO: Sending auto-response to {"email":"tanuja8@yopmail.com"} 
[2026-03-11 05:59:52] local.INFO: Auto-response sent to: tanuja8@yopmail.com  
[2026-03-11 05:59:52] local.INFO: VALID SUBMISSION {"form_id":"a144024d-f19e-4657-92a2-81bfb7b1b53d","ip":"127.0.0.1","is_spam":false,"reasons":[]} 
[2026-03-11 05:59:52] local.INFO: Spam check result {"is_spam":false,"reasons":[],"ip":"127.0.0.1"} 
[2026-03-11 05:59:54] local.INFO: Submission created {"submission_id":"a145bc06-bf75-441a-a224-090710a2d099","ip":"127.0.0.1"} 
[2026-03-11 05:59:54] local.INFO: Auto-response flag updated  
[2026-03-11 05:59:55] local.INFO: Form stats updated  
[2026-03-11 05:59:55] local.INFO: Checking email notification conditions {"is_spam":false,"email_notifications":true,"recipient_email":"sakshi05@yopmail.com"} 
[2026-03-11 05:59:55] local.INFO: Attempting to send notification email {"to":"sakshi05@yopmail.com","has_attachments":false} 
[2026-03-11 05:59:55] local.INFO: === SENDING NOTIFICATION EMAIL === {"to":"sakshi05@yopmail.com","submission_id":"a145bc06-bf75-441a-a224-090710a2d099","has_files":false} 
[2026-03-11 05:59:55] local.INFO: Final CC emails {"final_list":[]} 
[2026-03-11 05:59:55] local.INFO: Email template selected: basic  
[2026-03-11 05:59:55] local.INFO: Attachments to process: 0  
[2026-03-11 05:59:55] local.INFO: Mail object created  
[2026-03-11 05:59:55] local.INFO: Sending email without CC {"to":"sakshi05@yopmail.com"} 
[2026-03-11 05:59:55] local.INFO: Total attachments added: 0  
[2026-03-11 05:59:55] local.INFO: Mail send method called successfully  
[2026-03-11 05:59:55] local.INFO: Submission updated with email_sent flag  
[2026-03-11 05:59:55] local.INFO: Email sent successfully to: sakshi05@yopmail.com  
[2026-03-11 05:59:55] local.INFO: Notification email sent successfully  
[2026-03-11 05:59:55] local.INFO: === FORM SUBMISSION COMPLETED === {"slug":"f_aklrqsxp"} 
[2026-03-11 05:59:55] local.INFO: Success response {"wants_json":true,"format":null,"redirect_url":null} 
[2026-03-11 06:01:23] local.INFO: === FORM SUBMISSION STARTED === {"slug":"f_aklrqsxp","method":"POST"} 
[2026-03-11 06:01:23] local.INFO: Request data: {"name":"Anu","email":"test@gmail.com","message":"Test","_captcha":"false"} 
[2026-03-11 06:01:23] local.INFO: Has files: {"files":0} 
[2026-03-11 06:01:24] local.INFO: Form found {"form_id":"a144024d-f19e-4657-92a2-81bfb7b1b53d","form_name":"UntinyPNG - Contact Form"} 
[2026-03-11 06:01:30] local.INFO: === FORM SUBMISSION STARTED === {"slug":"f_aklrqsxp","method":"POST"} 
[2026-03-11 06:01:30] local.INFO: Request data: {"name":"Anufdfdfgdfgdf","email":"test@gmail.com","message":"Test","_captcha":"false"} 
[2026-03-11 06:01:30] local.INFO: Has files: {"files":0} 
[2026-03-11 06:01:32] local.INFO: Form found {"form_id":"a144024d-f19e-4657-92a2-81bfb7b1b53d","form_name":"UntinyPNG - Contact Form"} 
[2026-03-11 06:03:32] local.INFO: === FORM SUBMISSION STARTED === {"slug":"f_aklrqsxp","method":"POST"} 
[2026-03-11 06:03:32] local.INFO: Request data: {"name":"sakshi","email":"tanuja10@yopmail.com","message":null,"honeypot_1ogCBVw5":null} 
[2026-03-11 06:03:32] local.INFO: Has files: {"files":0} 
[2026-03-11 06:03:34] local.INFO: Form found {"form_id":"a144024d-f19e-4657-92a2-81bfb7b1b53d","form_name":"UntinyPNG - Contact Form"} 
[2026-03-11 06:03:34] local.INFO: Validation passed {"form_id":"a144024d-f19e-4657-92a2-81bfb7b1b53d"} 
[2026-03-11 06:03:34] local.INFO: Captcha verification status {"is_captcha_verified":false,"has_captcha_flag":false,"captcha_flag_value":null} 
[2026-03-11 06:03:34] local.INFO: Redirecting to captcha page {"form_id":"a144024d-f19e-4657-92a2-81bfb7b1b53d"} 
[2026-03-11 06:03:34] local.INFO: Showing captcha page {"form_id":"a144024d-f19e-4657-92a2-81bfb7b1b53d"} 
[2026-03-11 06:03:35] local.WARNING: No pending submission found {"form_id":"a144024d-f19e-4657-92a2-81bfb7b1b53d"} 
[2026-03-11 06:04:39] local.INFO: === FORM SUBMISSION STARTED === {"slug":"f_aklrqsxp","method":"POST"} 
[2026-03-11 06:04:39] local.INFO: Request data: {"name":"sakshi","email":"tanuja8@yopmail.com","message":"Test","honeypot_1ogCBVw5":null} 
[2026-03-11 06:04:39] local.INFO: Has files: {"files":0} 
[2026-03-11 06:04:40] local.INFO: Form found {"form_id":"a144024d-f19e-4657-92a2-81bfb7b1b53d","form_name":"UntinyPNG - Contact Form"} 
[2026-03-11 06:04:41] local.INFO: Validation passed {"form_id":"a144024d-f19e-4657-92a2-81bfb7b1b53d"} 
[2026-03-11 06:04:41] local.INFO: Captcha verification status {"is_captcha_verified":false,"has_captcha_flag":false,"captcha_flag_value":null} 
[2026-03-11 06:04:41] local.INFO: Redirecting to captcha page {"form_id":"a144024d-f19e-4657-92a2-81bfb7b1b53d"} 
[2026-03-11 06:04:41] local.INFO: Showing captcha page {"form_id":"a144024d-f19e-4657-92a2-81bfb7b1b53d"} 
[2026-03-11 06:04:42] local.WARNING: No pending submission found {"form_id":"a144024d-f19e-4657-92a2-81bfb7b1b53d"} 
[2026-03-11 06:08:55] local.INFO: === FORM SUBMISSION STARTED === {"slug":"f_aklrqsxp","method":"POST"} 
[2026-03-11 06:08:55] local.INFO: Request data: {"name":"sakshi saklani","email":"tanuja8@yopmail.com","message":"Testing the Basic HTML form","honeypot_1ogCBVw5":null} 
[2026-03-11 06:08:55] local.INFO: Has files: {"files":0} 
[2026-03-11 06:08:56] local.INFO: Form found {"form_id":"a144024d-f19e-4657-92a2-81bfb7b1b53d","form_name":"UntinyPNG - Contact Form"} 
[2026-03-11 06:09:05] local.INFO: === FORM SUBMISSION STARTED === {"slug":"f_aklrqsxp","method":"POST"} 
[2026-03-11 06:09:05] local.INFO: Request data: {"name":"sakshi","email":"tanuja8@yopmail.com","message":"Testing the Basic HTML form","honeypot_1ogCBVw5":null} 
[2026-03-11 06:09:05] local.INFO: Has files: {"files":0} 
[2026-03-11 06:09:06] local.INFO: Form found {"form_id":"a144024d-f19e-4657-92a2-81bfb7b1b53d","form_name":"UntinyPNG - Contact Form"} 
[2026-03-11 06:09:07] local.INFO: Validation passed {"form_id":"a144024d-f19e-4657-92a2-81bfb7b1b53d"} 
[2026-03-11 06:09:07] local.INFO: Captcha verification status {"is_captcha_verified":false,"has_captcha_flag":false,"captcha_flag_value":null} 
[2026-03-11 06:09:07] local.INFO: Redirecting to captcha page {"form_id":"a144024d-f19e-4657-92a2-81bfb7b1b53d"} 
[2026-03-11 06:09:07] local.INFO: Showing captcha page {"form_id":"a144024d-f19e-4657-92a2-81bfb7b1b53d"} 
[2026-03-11 06:09:15] local.INFO: === CAPTCHA VERIFICATION STARTED === {"form_id":"a144024d-f19e-4657-92a2-81bfb7b1b53d"} 
[2026-03-11 06:09:16] local.INFO: Verifying captcha {"token_exists":true,"ip":"127.0.0.1"} 
[2026-03-11 06:09:18] local.INFO: RecaptchaService: Verification result {"success":true,"score":null,"action":null,"error_codes":[]} 
[2026-03-11 06:09:18] local.INFO: Captcha verified successfully  
[2026-03-11 06:09:18] local.INFO: Pending submission found {"data_keys":["name","email","message","honeypot_1ogCBVw5"],"stored_ip":"127.0.0.1","current_ip":"127.0.0.1"} 
[2026-03-11 06:09:18] local.INFO: Recreating request with files {"temp_files":[],"ip":"127.0.0.1"} 
[2026-03-11 06:09:18] local.INFO: Recreated request {"has_files":0,"ip":"127.0.0.1"} 
[2026-03-11 06:09:18] local.INFO: === FORM SUBMISSION STARTED === {"slug":"f_aklrqsxp","method":"POST"} 
[2026-03-11 06:09:18] local.INFO: Request data: {"name":"sakshi","email":"tanuja8@yopmail.com","message":"Testing the Basic HTML form","honeypot_1ogCBVw5":null,"captcha_verified":true} 
[2026-03-11 06:09:18] local.INFO: Has files: {"files":0} 
[2026-03-11 06:09:18] local.INFO: Form found {"form_id":"a144024d-f19e-4657-92a2-81bfb7b1b53d","form_name":"UntinyPNG - Contact Form"} 
[2026-03-11 06:09:18] local.INFO: Validation passed {"form_id":"a144024d-f19e-4657-92a2-81bfb7b1b53d"} 
[2026-03-11 06:09:18] local.INFO: Captcha verification status {"is_captcha_verified":true,"has_captcha_flag":true,"captcha_flag_value":true} 
[2026-03-11 06:09:18] local.INFO: reCAPTCHA skipped {"is_captcha_verified":true,"is_disabled":false} 
[2026-03-11 06:09:18] local.INFO: Parsed submission data {"name":"sakshi","email":"tanuja8@yopmail.com","message":"Testing the Basic HTML form"} 
[2026-03-11 06:09:18] local.INFO: FILE UPLOAD CHECK {"all_files":[]} 
[2026-03-11 06:09:18] local.INFO: Total files uploaded: 0  
[2026-03-11 06:09:18] local.INFO: Sending auto-response to {"email":"tanuja8@yopmail.com"} 
[2026-03-11 06:09:19] local.INFO: Auto-response sent to: tanuja8@yopmail.com  
[2026-03-11 06:09:19] local.INFO: VALID SUBMISSION {"form_id":"a144024d-f19e-4657-92a2-81bfb7b1b53d","ip":"127.0.0.1","is_spam":false,"reasons":[]} 
[2026-03-11 06:09:19] local.INFO: Spam check result {"is_spam":false,"reasons":[],"ip":"127.0.0.1"} 
[2026-03-11 06:09:20] local.INFO: Submission created {"submission_id":"a145bf66-87c3-4437-a432-95925a43ef69","ip":"127.0.0.1"} 
[2026-03-11 06:09:20] local.INFO: Auto-response flag updated  
[2026-03-11 06:09:20] local.INFO: Form stats updated  
[2026-03-11 06:09:20] local.INFO: Checking email notification conditions {"is_spam":false,"email_notifications":true,"recipient_email":"sakshi05@yopmail.com"} 
[2026-03-11 06:09:20] local.INFO: Attempting to send notification email {"to":"sakshi05@yopmail.com","has_attachments":false} 
[2026-03-11 06:09:20] local.INFO: === SENDING NOTIFICATION EMAIL === {"to":"sakshi05@yopmail.com","submission_id":"a145bf66-87c3-4437-a432-95925a43ef69","has_files":false} 
[2026-03-11 06:09:20] local.INFO: Final CC emails {"final_list":[]} 
[2026-03-11 06:09:20] local.INFO: Email template selected: basic  
[2026-03-11 06:09:20] local.INFO: Attachments to process: 0  
[2026-03-11 06:09:20] local.INFO: Mail object created  
[2026-03-11 06:09:20] local.INFO: Sending email without CC {"to":"sakshi05@yopmail.com"} 
[2026-03-11 06:09:20] local.INFO: Total attachments added: 0  
[2026-03-11 06:09:20] local.INFO: Mail send method called successfully  
[2026-03-11 06:09:21] local.INFO: Submission updated with email_sent flag  
[2026-03-11 06:09:21] local.INFO: Email sent successfully to: sakshi05@yopmail.com  
[2026-03-11 06:09:21] local.INFO: Notification email sent successfully  
[2026-03-11 06:09:21] local.INFO: === FORM SUBMISSION COMPLETED === {"slug":"f_aklrqsxp"} 
[2026-03-11 06:09:21] local.INFO: Success response {"wants_json":false,"format":null,"redirect_url":null} 
[2026-03-11 06:11:39] local.INFO: === FORM SUBMISSION STARTED === {"slug":"f_aklrqsxp","method":"POST"} 
[2026-03-11 06:11:39] local.INFO: Request data: {"name":"Tanuja","email":"tanuja8@yopmail.com","message":"Testing the basic HTML form","honeypot_1ogCBVw5":null} 
[2026-03-11 06:11:39] local.INFO: Has files: {"files":0} 
[2026-03-11 06:11:40] local.INFO: Form found {"form_id":"a144024d-f19e-4657-92a2-81bfb7b1b53d","form_name":"UntinyPNG - Contact Form"} 
[2026-03-11 06:11:40] local.INFO: Validation passed {"form_id":"a144024d-f19e-4657-92a2-81bfb7b1b53d"} 
[2026-03-11 06:11:40] local.INFO: Captcha verification status {"is_captcha_verified":false,"has_captcha_flag":false,"captcha_flag_value":null} 
[2026-03-11 06:11:40] local.INFO: Redirecting to captcha page {"form_id":"a144024d-f19e-4657-92a2-81bfb7b1b53d"} 
[2026-03-11 06:11:40] local.INFO: Showing captcha page {"form_id":"a144024d-f19e-4657-92a2-81bfb7b1b53d"} 
[2026-03-11 06:11:45] local.INFO: === CAPTCHA VERIFICATION STARTED === {"form_id":"a144024d-f19e-4657-92a2-81bfb7b1b53d"} 
[2026-03-11 06:11:46] local.INFO: Verifying captcha {"token_exists":true,"ip":"127.0.0.1"} 
[2026-03-11 06:11:46] local.INFO: RecaptchaService: Verification result {"success":true,"score":null,"action":null,"error_codes":[]} 
[2026-03-11 06:11:46] local.INFO: Captcha verified successfully  
[2026-03-11 06:11:46] local.INFO: Pending submission found {"data_keys":["name","email","message","honeypot_1ogCBVw5"],"stored_ip":"127.0.0.1","current_ip":"127.0.0.1"} 
[2026-03-11 06:11:46] local.INFO: Recreating request with files {"temp_files":[],"ip":"127.0.0.1"} 
[2026-03-11 06:11:46] local.INFO: Recreated request {"has_files":0,"ip":"127.0.0.1"} 
[2026-03-11 06:11:46] local.INFO: === FORM SUBMISSION STARTED === {"slug":"f_aklrqsxp","method":"POST"} 
[2026-03-11 06:11:46] local.INFO: Request data: {"name":"Tanuja","email":"tanuja8@yopmail.com","message":"Testing the basic HTML form","honeypot_1ogCBVw5":null,"captcha_verified":true} 
[2026-03-11 06:11:46] local.INFO: Has files: {"files":0} 
[2026-03-11 06:11:47] local.INFO: Form found {"form_id":"a144024d-f19e-4657-92a2-81bfb7b1b53d","form_name":"UntinyPNG - Contact Form"} 
[2026-03-11 06:11:47] local.INFO: Validation passed {"form_id":"a144024d-f19e-4657-92a2-81bfb7b1b53d"} 
[2026-03-11 06:11:47] local.INFO: Captcha verification status {"is_captcha_verified":true,"has_captcha_flag":true,"captcha_flag_value":true} 
[2026-03-11 06:11:47] local.INFO: reCAPTCHA skipped {"is_captcha_verified":true,"is_disabled":false} 
[2026-03-11 06:11:47] local.INFO: Parsed submission data {"name":"Tanuja","email":"tanuja8@yopmail.com","message":"Testing the basic HTML form"} 
[2026-03-11 06:11:47] local.INFO: FILE UPLOAD CHECK {"all_files":[]} 
[2026-03-11 06:11:47] local.INFO: Total files uploaded: 0  
[2026-03-11 06:11:47] local.INFO: Sending auto-response to {"email":"tanuja8@yopmail.com"} 
[2026-03-11 06:11:48] local.INFO: Auto-response sent to: tanuja8@yopmail.com  
[2026-03-11 06:11:48] local.INFO: VALID SUBMISSION {"form_id":"a144024d-f19e-4657-92a2-81bfb7b1b53d","ip":"127.0.0.1","is_spam":false,"reasons":[]} 
[2026-03-11 06:11:48] local.INFO: Spam check result {"is_spam":false,"reasons":[],"ip":"127.0.0.1"} 
[2026-03-11 06:11:48] local.INFO: Submission created {"submission_id":"a145c049-13d4-478f-ae7f-9a59a70e67c2","ip":"127.0.0.1"} 
[2026-03-11 06:11:48] local.INFO: Auto-response flag updated  
[2026-03-11 06:11:49] local.INFO: Form stats updated  
[2026-03-11 06:11:49] local.INFO: Checking email notification conditions {"is_spam":false,"email_notifications":true,"recipient_email":"sakshi05@yopmail.com"} 
[2026-03-11 06:11:49] local.INFO: Attempting to send notification email {"to":"sakshi05@yopmail.com","has_attachments":false} 
[2026-03-11 06:11:49] local.INFO: === SENDING NOTIFICATION EMAIL === {"to":"sakshi05@yopmail.com","submission_id":"a145c049-13d4-478f-ae7f-9a59a70e67c2","has_files":false} 
[2026-03-11 06:11:49] local.INFO: Final CC emails {"final_list":[]} 
[2026-03-11 06:11:49] local.INFO: Email template selected: basic  
[2026-03-11 06:11:49] local.INFO: Attachments to process: 0  
[2026-03-11 06:11:49] local.INFO: Mail object created  
[2026-03-11 06:11:49] local.INFO: Sending email without CC {"to":"sakshi05@yopmail.com"} 
[2026-03-11 06:11:49] local.INFO: Total attachments added: 0  
[2026-03-11 06:11:49] local.INFO: Mail send method called successfully  
[2026-03-11 06:11:49] local.INFO: Submission updated with email_sent flag  
[2026-03-11 06:11:49] local.INFO: Email sent successfully to: sakshi05@yopmail.com  
[2026-03-11 06:11:49] local.INFO: Notification email sent successfully  
[2026-03-11 06:11:49] local.INFO: === FORM SUBMISSION COMPLETED === {"slug":"f_aklrqsxp"} 
[2026-03-11 06:11:49] local.INFO: Success response {"wants_json":false,"format":null,"redirect_url":null} 
[2026-03-11 06:12:16] local.INFO: === CAPTCHA VERIFICATION STARTED === {"form_id":"a144024d-f19e-4657-92a2-81bfb7b1b53d"} 
[2026-03-11 06:12:17] local.INFO: Verifying captcha {"token_exists":true,"ip":"127.0.0.1"} 
[2026-03-11 06:12:17] local.INFO: RecaptchaService: Verification result {"success":false,"score":null,"action":null,"error_codes":["timeout-or-duplicate"]} 
[2026-03-11 06:12:17] local.WARNING: Captcha verification failed  
[2026-03-11 06:12:17] local.INFO: === CAPTCHA VERIFICATION FAILED ===  
[2026-03-11 06:12:17] local.INFO: Showing captcha page {"form_id":"a144024d-f19e-4657-92a2-81bfb7b1b53d"} 
[2026-03-11 06:12:18] local.WARNING: No pending submission found {"form_id":"a144024d-f19e-4657-92a2-81bfb7b1b53d"} 
[2026-03-11 06:12:26] local.INFO: === CAPTCHA VERIFICATION STARTED === {"form_id":"a144024d-f19e-4657-92a2-81bfb7b1b53d"} 
[2026-03-11 06:12:27] local.INFO: Verifying captcha {"token_exists":true,"ip":"127.0.0.1"} 
[2026-03-11 06:12:27] local.INFO: RecaptchaService: Verification result {"success":true,"score":null,"action":null,"error_codes":[]} 
[2026-03-11 06:12:27] local.INFO: Captcha verified successfully  
[2026-03-11 06:12:27] local.WARNING: No pending submission found after captcha verification  
[2026-03-11 06:12:27] local.INFO: === CAPTCHA VERIFICATION FAILED ===  
[2026-03-11 06:12:27] local.INFO: Showing captcha page {"form_id":"a144024d-f19e-4657-92a2-81bfb7b1b53d"} 
[2026-03-11 06:12:29] local.WARNING: No pending submission found {"form_id":"a144024d-f19e-4657-92a2-81bfb7b1b53d"} 
[2026-03-11 06:12:49] local.INFO: === FORM SUBMISSION STARTED === {"slug":"f_aklrqsxp","method":"POST"} 
[2026-03-11 06:12:49] local.INFO: Request data: {"name":"Anuja","email":"tanuja5@yopmail.com","message":"Testing the form","honeypot_1ogCBVw5":null} 
[2026-03-11 06:12:49] local.INFO: Has files: {"files":0} 
[2026-03-11 06:12:50] local.INFO: Form found {"form_id":"a144024d-f19e-4657-92a2-81bfb7b1b53d","form_name":"UntinyPNG - Contact Form"} 
[2026-03-11 06:12:51] local.INFO: Validation passed {"form_id":"a144024d-f19e-4657-92a2-81bfb7b1b53d"} 
[2026-03-11 06:12:51] local.INFO: Captcha verification status {"is_captcha_verified":false,"has_captcha_flag":false,"captcha_flag_value":null} 
[2026-03-11 06:12:51] local.INFO: Redirecting to captcha page {"form_id":"a144024d-f19e-4657-92a2-81bfb7b1b53d"} 
[2026-03-11 06:12:51] local.INFO: Showing captcha page {"form_id":"a144024d-f19e-4657-92a2-81bfb7b1b53d"} 
[2026-03-11 06:12:56] local.INFO: === CAPTCHA VERIFICATION STARTED === {"form_id":"a144024d-f19e-4657-92a2-81bfb7b1b53d"} 
[2026-03-11 06:12:57] local.INFO: Verifying captcha {"token_exists":true,"ip":"127.0.0.1"} 
[2026-03-11 06:12:57] local.INFO: RecaptchaService: Verification result {"success":true,"score":null,"action":null,"error_codes":[]} 
[2026-03-11 06:12:57] local.INFO: Captcha verified successfully  
[2026-03-11 06:12:57] local.INFO: Pending submission found {"data_keys":["name","email","message","honeypot_1ogCBVw5"],"stored_ip":"127.0.0.1","current_ip":"127.0.0.1"} 
[2026-03-11 06:12:57] local.INFO: Recreating request with files {"temp_files":[],"ip":"127.0.0.1"} 
[2026-03-11 06:12:57] local.INFO: Recreated request {"has_files":0,"ip":"127.0.0.1"} 
[2026-03-11 06:12:57] local.INFO: === FORM SUBMISSION STARTED === {"slug":"f_aklrqsxp","method":"POST"} 
[2026-03-11 06:12:57] local.INFO: Request data: {"name":"Anuja","email":"tanuja5@yopmail.com","message":"Testing the form","honeypot_1ogCBVw5":null,"captcha_verified":true} 
[2026-03-11 06:12:57] local.INFO: Has files: {"files":0} 
[2026-03-11 06:12:57] local.INFO: Form found {"form_id":"a144024d-f19e-4657-92a2-81bfb7b1b53d","form_name":"UntinyPNG - Contact Form"} 
[2026-03-11 06:12:57] local.INFO: Validation passed {"form_id":"a144024d-f19e-4657-92a2-81bfb7b1b53d"} 
[2026-03-11 06:12:57] local.INFO: Captcha verification status {"is_captcha_verified":true,"has_captcha_flag":true,"captcha_flag_value":true} 
[2026-03-11 06:12:57] local.INFO: reCAPTCHA skipped {"is_captcha_verified":true,"is_disabled":false} 
[2026-03-11 06:12:57] local.INFO: Parsed submission data {"name":"Anuja","email":"tanuja5@yopmail.com","message":"Testing the form"} 
[2026-03-11 06:12:57] local.INFO: FILE UPLOAD CHECK {"all_files":[]} 
[2026-03-11 06:12:57] local.INFO: Total files uploaded: 0  
[2026-03-11 06:12:57] local.INFO: Sending auto-response to {"email":"tanuja5@yopmail.com"} 
[2026-03-11 06:12:58] local.INFO: Auto-response sent to: tanuja5@yopmail.com  
[2026-03-11 06:12:59] local.INFO: VALID SUBMISSION {"form_id":"a144024d-f19e-4657-92a2-81bfb7b1b53d","ip":"127.0.0.1","is_spam":false,"reasons":[]} 
[2026-03-11 06:12:59] local.INFO: Spam check result {"is_spam":false,"reasons":[],"ip":"127.0.0.1"} 
[2026-03-11 06:12:59] local.INFO: Submission created {"submission_id":"a145c0b4-f89d-48f9-88f5-2221e1f348cf","ip":"127.0.0.1"} 
[2026-03-11 06:12:59] local.INFO: Auto-response flag updated  
[2026-03-11 06:12:59] local.INFO: Form stats updated  
[2026-03-11 06:12:59] local.INFO: Checking email notification conditions {"is_spam":false,"email_notifications":true,"recipient_email":"sakshi05@yopmail.com"} 
[2026-03-11 06:12:59] local.INFO: Attempting to send notification email {"to":"sakshi05@yopmail.com","has_attachments":false} 
[2026-03-11 06:12:59] local.INFO: === SENDING NOTIFICATION EMAIL === {"to":"sakshi05@yopmail.com","submission_id":"a145c0b4-f89d-48f9-88f5-2221e1f348cf","has_files":false} 
[2026-03-11 06:12:59] local.INFO: Final CC emails {"final_list":[]} 
[2026-03-11 06:12:59] local.INFO: Email template selected: basic  
[2026-03-11 06:12:59] local.INFO: Attachments to process: 0  
[2026-03-11 06:12:59] local.INFO: Mail object created  
[2026-03-11 06:12:59] local.INFO: Sending email without CC {"to":"sakshi05@yopmail.com"} 
[2026-03-11 06:12:59] local.INFO: Total attachments added: 0  
[2026-03-11 06:13:00] local.INFO: Mail send method called successfully  
[2026-03-11 06:13:00] local.INFO: Submission updated with email_sent flag  
[2026-03-11 06:13:00] local.INFO: Email sent successfully to: sakshi05@yopmail.com  
[2026-03-11 06:13:00] local.INFO: Notification email sent successfully  
[2026-03-11 06:13:00] local.INFO: === FORM SUBMISSION COMPLETED === {"slug":"f_aklrqsxp"} 
[2026-03-11 06:13:00] local.INFO: Success response {"wants_json":false,"format":null,"redirect_url":null} 
[2026-03-11 06:13:00] local.INFO: === CAPTCHA VERIFICATION STARTED === {"form_id":"a144024d-f19e-4657-92a2-81bfb7b1b53d"} 
[2026-03-11 06:13:01] local.INFO: Verifying captcha {"token_exists":true,"ip":"127.0.0.1"} 
[2026-03-11 06:13:02] local.INFO: RecaptchaService: Verification result {"success":false,"score":null,"action":null,"error_codes":["timeout-or-duplicate"]} 
[2026-03-11 06:13:02] local.WARNING: Captcha verification failed  
[2026-03-11 06:13:02] local.INFO: === CAPTCHA VERIFICATION FAILED ===  
[2026-03-11 06:13:02] local.INFO: Showing captcha page {"form_id":"a144024d-f19e-4657-92a2-81bfb7b1b53d"} 
[2026-03-11 06:13:03] local.WARNING: No pending submission found {"form_id":"a144024d-f19e-4657-92a2-81bfb7b1b53d"} 
[2026-03-11 06:13:49] local.INFO: === FORM SUBMISSION STARTED === {"slug":"f_aklrqsxp","method":"POST"} 
[2026-03-11 06:13:49] local.INFO: Request data: {"name":"Test","email":"tanuja8@yopmail.com","message":"Test.","honeypot_1ogCBVw5":null} 
[2026-03-11 06:13:49] local.INFO: Has files: {"files":0} 
[2026-03-11 06:13:51] local.INFO: Form found {"form_id":"a144024d-f19e-4657-92a2-81bfb7b1b53d","form_name":"UntinyPNG - Contact Form"} 
[2026-03-11 06:13:51] local.INFO: Validation passed {"form_id":"a144024d-f19e-4657-92a2-81bfb7b1b53d"} 
[2026-03-11 06:13:51] local.INFO: Captcha verification status {"is_captcha_verified":false,"has_captcha_flag":false,"captcha_flag_value":null} 
[2026-03-11 06:13:51] local.INFO: Redirecting to captcha page {"form_id":"a144024d-f19e-4657-92a2-81bfb7b1b53d"} 
[2026-03-11 06:13:51] local.INFO: Showing captcha page {"form_id":"a144024d-f19e-4657-92a2-81bfb7b1b53d"} 
[2026-03-11 06:13:58] local.INFO: === CAPTCHA VERIFICATION STARTED === {"form_id":"a144024d-f19e-4657-92a2-81bfb7b1b53d"} 
[2026-03-11 06:13:59] local.INFO: Verifying captcha {"token_exists":true,"ip":"127.0.0.1"} 
[2026-03-11 06:14:00] local.INFO: RecaptchaService: Verification result {"success":true,"score":null,"action":null,"error_codes":[]} 
[2026-03-11 06:14:00] local.INFO: Captcha verified successfully  
[2026-03-11 06:14:00] local.INFO: Pending submission found {"data_keys":["name","email","message","honeypot_1ogCBVw5"],"stored_ip":"127.0.0.1","current_ip":"127.0.0.1"} 
[2026-03-11 06:14:00] local.INFO: Recreating request with files {"temp_files":[],"ip":"127.0.0.1"} 
[2026-03-11 06:14:00] local.INFO: Recreated request {"has_files":0,"ip":"127.0.0.1"} 
[2026-03-11 06:14:00] local.INFO: === FORM SUBMISSION STARTED === {"slug":"f_aklrqsxp","method":"POST"} 
[2026-03-11 06:14:00] local.INFO: Request data: {"name":"Test","email":"tanuja8@yopmail.com","message":"Test.","honeypot_1ogCBVw5":null,"captcha_verified":true} 
[2026-03-11 06:14:00] local.INFO: Has files: {"files":0} 
[2026-03-11 06:14:00] local.INFO: Form found {"form_id":"a144024d-f19e-4657-92a2-81bfb7b1b53d","form_name":"UntinyPNG - Contact Form"} 
[2026-03-11 06:14:00] local.INFO: Validation passed {"form_id":"a144024d-f19e-4657-92a2-81bfb7b1b53d"} 
[2026-03-11 06:14:00] local.INFO: Captcha verification status {"is_captcha_verified":true,"has_captcha_flag":true,"captcha_flag_value":true} 
[2026-03-11 06:14:00] local.INFO: reCAPTCHA skipped {"is_captcha_verified":true,"is_disabled":false} 
[2026-03-11 06:14:00] local.INFO: Parsed submission data {"name":"Test","email":"tanuja8@yopmail.com","message":"Test."} 
[2026-03-11 06:14:00] local.INFO: FILE UPLOAD CHECK {"all_files":[]} 
[2026-03-11 06:14:00] local.INFO: Total files uploaded: 0  
[2026-03-11 06:14:00] local.INFO: Sending auto-response to {"email":"tanuja8@yopmail.com"} 
[2026-03-11 06:14:02] local.INFO: Auto-response sent to: tanuja8@yopmail.com  
[2026-03-11 06:14:02] local.INFO: VALID SUBMISSION {"form_id":"a144024d-f19e-4657-92a2-81bfb7b1b53d","ip":"127.0.0.1","is_spam":false,"reasons":[]} 
[2026-03-11 06:14:02] local.INFO: Spam check result {"is_spam":false,"reasons":[],"ip":"127.0.0.1"} 
[2026-03-11 06:14:02] local.INFO: Submission created {"submission_id":"a145c115-dccd-472e-9657-77b5725c50ab","ip":"127.0.0.1"} 
[2026-03-11 06:14:02] local.INFO: Auto-response flag updated  
[2026-03-11 06:14:03] local.INFO: Form stats updated  
[2026-03-11 06:14:03] local.INFO: Checking email notification conditions {"is_spam":false,"email_notifications":true,"recipient_email":"sakshi05@yopmail.com"} 
[2026-03-11 06:14:03] local.INFO: Attempting to send notification email {"to":"sakshi05@yopmail.com","has_attachments":false} 
[2026-03-11 06:14:03] local.INFO: === SENDING NOTIFICATION EMAIL === {"to":"sakshi05@yopmail.com","submission_id":"a145c115-dccd-472e-9657-77b5725c50ab","has_files":false} 
[2026-03-11 06:14:03] local.INFO: Final CC emails {"final_list":[]} 
[2026-03-11 06:14:03] local.INFO: Email template selected: basic  
[2026-03-11 06:14:03] local.INFO: Attachments to process: 0  
[2026-03-11 06:14:03] local.INFO: Mail object created  
[2026-03-11 06:14:03] local.INFO: Sending email without CC {"to":"sakshi05@yopmail.com"} 
[2026-03-11 06:14:03] local.INFO: Total attachments added: 0  
[2026-03-11 06:14:03] local.INFO: Mail send method called successfully  
[2026-03-11 06:14:03] local.INFO: Submission updated with email_sent flag  
[2026-03-11 06:14:03] local.INFO: Email sent successfully to: sakshi05@yopmail.com  
[2026-03-11 06:14:03] local.INFO: Notification email sent successfully  
[2026-03-11 06:14:03] local.INFO: === FORM SUBMISSION COMPLETED === {"slug":"f_aklrqsxp"} 
[2026-03-11 06:14:03] local.INFO: Success response {"wants_json":false,"format":null,"redirect_url":null} 
[2026-03-11 06:15:07] local.INFO: === FORM SUBMISSION STARTED === {"slug":"f_aklrqsxp","method":"POST"} 
[2026-03-11 06:15:07] local.INFO: Request data: {"name":"sakshi","email":"tanuja8@yopmail.com","message":"tysdjrgfcjygc h","honeypot_1ogCBVw5":null} 
[2026-03-11 06:15:07] local.INFO: Has files: {"files":0} 
[2026-03-11 06:15:08] local.INFO: Form found {"form_id":"a144024d-f19e-4657-92a2-81bfb7b1b53d","form_name":"UntinyPNG - Contact Form"} 
[2026-03-11 06:15:08] local.INFO: Validation passed {"form_id":"a144024d-f19e-4657-92a2-81bfb7b1b53d"} 
[2026-03-11 06:15:08] local.INFO: Captcha verification status {"is_captcha_verified":false,"has_captcha_flag":false,"captcha_flag_value":null} 
[2026-03-11 06:15:08] local.INFO: Redirecting to captcha page {"form_id":"a144024d-f19e-4657-92a2-81bfb7b1b53d"} 
[2026-03-11 06:15:08] local.INFO: Showing captcha page {"form_id":"a144024d-f19e-4657-92a2-81bfb7b1b53d"} 
[2026-03-11 06:15:13] local.INFO: === CAPTCHA VERIFICATION STARTED === {"form_id":"a144024d-f19e-4657-92a2-81bfb7b1b53d"} 
[2026-03-11 06:15:14] local.INFO: Verifying captcha {"token_exists":true,"ip":"127.0.0.1"} 
[2026-03-11 06:15:15] local.INFO: RecaptchaService: Verification result {"success":true,"score":null,"action":null,"error_codes":[]} 
[2026-03-11 06:15:15] local.INFO: Captcha verified successfully  
[2026-03-11 06:15:15] local.INFO: Pending submission found {"data_keys":["name","email","message","honeypot_1ogCBVw5"],"stored_ip":"127.0.0.1","current_ip":"127.0.0.1"} 
[2026-03-11 06:15:15] local.INFO: Recreating request with files {"temp_files":[],"ip":"127.0.0.1"} 
[2026-03-11 06:15:15] local.INFO: Recreated request {"has_files":0,"ip":"127.0.0.1"} 
[2026-03-11 06:15:15] local.INFO: === FORM SUBMISSION STARTED === {"slug":"f_aklrqsxp","method":"POST"} 
[2026-03-11 06:15:15] local.INFO: Request data: {"name":"sakshi","email":"tanuja8@yopmail.com","message":"tysdjrgfcjygc h","honeypot_1ogCBVw5":null,"captcha_verified":true} 
[2026-03-11 06:15:15] local.INFO: Has files: {"files":0} 
[2026-03-11 06:15:15] local.INFO: Form found {"form_id":"a144024d-f19e-4657-92a2-81bfb7b1b53d","form_name":"UntinyPNG - Contact Form"} 
[2026-03-11 06:15:15] local.INFO: Validation passed {"form_id":"a144024d-f19e-4657-92a2-81bfb7b1b53d"} 
[2026-03-11 06:15:15] local.INFO: Captcha verification status {"is_captcha_verified":true,"has_captcha_flag":true,"captcha_flag_value":true} 
[2026-03-11 06:15:15] local.INFO: reCAPTCHA skipped {"is_captcha_verified":true,"is_disabled":false} 
[2026-03-11 06:15:15] local.INFO: Parsed submission data {"name":"sakshi","email":"tanuja8@yopmail.com","message":"tysdjrgfcjygc h"} 
[2026-03-11 06:15:15] local.INFO: FILE UPLOAD CHECK {"all_files":[]} 
[2026-03-11 06:15:15] local.INFO: Total files uploaded: 0  
[2026-03-11 06:15:15] local.INFO: Sending auto-response to {"email":"tanuja8@yopmail.com"} 
[2026-03-11 06:15:16] local.INFO: Auto-response sent to: tanuja8@yopmail.com  
[2026-03-11 06:15:16] local.INFO: Rate limit exceeded {"ip":"127.0.0.1","count":5} 
[2026-03-11 06:15:16] local.INFO: MARKED AS SPAM {"form_id":"a144024d-f19e-4657-92a2-81bfb7b1b53d","ip":"127.0.0.1","is_spam":true,"reasons":["Rate limit exceeded"]} 
[2026-03-11 06:15:16] local.INFO: Spam check result {"is_spam":true,"reasons":["Rate limit exceeded"],"ip":"127.0.0.1"} 
[2026-03-11 06:15:17] local.INFO: Submission created {"submission_id":"a145c187-35d9-4371-b0b6-38b7d84b525a","ip":"127.0.0.1"} 
[2026-03-11 06:15:17] local.INFO: Auto-response flag updated  
[2026-03-11 06:15:17] local.INFO: Form stats updated  
[2026-03-11 06:15:17] local.INFO: Checking email notification conditions {"is_spam":true,"email_notifications":true,"recipient_email":"sakshi05@yopmail.com"} 
[2026-03-11 06:15:17] local.WARNING: Email notification skipped {"reason":"is_spam"} 
[2026-03-11 06:15:17] local.INFO: === FORM SUBMISSION COMPLETED === {"slug":"f_aklrqsxp"} 
[2026-03-11 06:15:17] local.INFO: Success response {"wants_json":false,"format":null,"redirect_url":null} 
[2026-03-11 06:16:37] local.INFO: === FORM SUBMISSION STARTED === {"slug":"f_aklrqsxp","method":"POST"} 
[2026-03-11 06:16:37] local.INFO: Request data: {"name":"Tarun","email":"tanuja8@yopmail.com","message":"safasddfvxfbvdfbdfbdgbdfg","honeypot_1ogCBVw5":null} 
[2026-03-11 06:16:37] local.INFO: Has files: {"files":0} 
[2026-03-11 06:16:39] local.INFO: Form found {"form_id":"a144024d-f19e-4657-92a2-81bfb7b1b53d","form_name":"UntinyPNG - Contact Form"} 
[2026-03-11 06:16:39] local.INFO: Validation passed {"form_id":"a144024d-f19e-4657-92a2-81bfb7b1b53d"} 
[2026-03-11 06:16:39] local.INFO: Captcha verification status {"is_captcha_verified":false,"has_captcha_flag":false,"captcha_flag_value":null} 
[2026-03-11 06:16:39] local.INFO: Redirecting to captcha page {"form_id":"a144024d-f19e-4657-92a2-81bfb7b1b53d"} 
[2026-03-11 06:16:39] local.INFO: Showing captcha page {"form_id":"a144024d-f19e-4657-92a2-81bfb7b1b53d"} 
[2026-03-11 06:16:46] local.INFO: === CAPTCHA VERIFICATION STARTED === {"form_id":"a144024d-f19e-4657-92a2-81bfb7b1b53d"} 
[2026-03-11 06:16:47] local.INFO: Verifying captcha {"token_exists":true,"ip":"127.0.0.1"} 
[2026-03-11 06:16:47] local.INFO: RecaptchaService: Verification result {"success":true,"score":null,"action":null,"error_codes":[]} 
[2026-03-11 06:16:47] local.INFO: Captcha verified successfully  
[2026-03-11 06:16:47] local.INFO: Pending submission found {"data_keys":["name","email","message","honeypot_1ogCBVw5"],"stored_ip":"127.0.0.1","current_ip":"127.0.0.1"} 
[2026-03-11 06:16:47] local.INFO: Recreating request with files {"temp_files":[],"ip":"127.0.0.1"} 
[2026-03-11 06:16:47] local.INFO: Recreated request {"has_files":0,"ip":"127.0.0.1"} 
[2026-03-11 06:16:47] local.INFO: === FORM SUBMISSION STARTED === {"slug":"f_aklrqsxp","method":"POST"} 
[2026-03-11 06:16:47] local.INFO: Request data: {"name":"Tarun","email":"tanuja8@yopmail.com","message":"safasddfvxfbvdfbdfbdgbdfg","honeypot_1ogCBVw5":null,"captcha_verified":true} 
[2026-03-11 06:16:47] local.INFO: Has files: {"files":0} 
[2026-03-11 06:16:48] local.INFO: Form found {"form_id":"a144024d-f19e-4657-92a2-81bfb7b1b53d","form_name":"UntinyPNG - Contact Form"} 
[2026-03-11 06:16:48] local.INFO: Validation passed {"form_id":"a144024d-f19e-4657-92a2-81bfb7b1b53d"} 
[2026-03-11 06:16:48] local.INFO: Captcha verification status {"is_captcha_verified":true,"has_captcha_flag":true,"captcha_flag_value":true} 
[2026-03-11 06:16:48] local.INFO: reCAPTCHA skipped {"is_captcha_verified":true,"is_disabled":false} 
[2026-03-11 06:16:48] local.INFO: Parsed submission data {"name":"Tarun","email":"tanuja8@yopmail.com","message":"safasddfvxfbvdfbdfbdgbdfg"} 
[2026-03-11 06:16:48] local.INFO: FILE UPLOAD CHECK {"all_files":[]} 
[2026-03-11 06:16:48] local.INFO: Total files uploaded: 0  
[2026-03-11 06:16:48] local.INFO: Sending auto-response to {"email":"tanuja8@yopmail.com"} 
[2026-03-11 06:16:49] local.INFO: Auto-response sent to: tanuja8@yopmail.com  
[2026-03-11 06:16:49] local.INFO: Rate limit exceeded {"ip":"127.0.0.1","count":5} 
[2026-03-11 06:16:49] local.INFO: MARKED AS SPAM {"form_id":"a144024d-f19e-4657-92a2-81bfb7b1b53d","ip":"127.0.0.1","is_spam":true,"reasons":["Rate limit exceeded"]} 
[2026-03-11 06:16:49] local.INFO: Spam check result {"is_spam":true,"reasons":["Rate limit exceeded"],"ip":"127.0.0.1"} 
[2026-03-11 06:16:49] local.INFO: Submission created {"submission_id":"a145c214-4fa0-4291-9bcc-737df20fcdac","ip":"127.0.0.1"} 
[2026-03-11 06:16:49] local.INFO: Auto-response flag updated  
[2026-03-11 06:16:49] local.INFO: Form stats updated  
[2026-03-11 06:16:49] local.INFO: Checking email notification conditions {"is_spam":true,"email_notifications":true,"recipient_email":"sakshi05@yopmail.com"} 
[2026-03-11 06:16:49] local.WARNING: Email notification skipped {"reason":"is_spam"} 
[2026-03-11 06:16:49] local.INFO: === FORM SUBMISSION COMPLETED === {"slug":"f_aklrqsxp"} 
[2026-03-11 06:16:49] local.INFO: Success response {"wants_json":false,"format":null,"redirect_url":null} 
[2026-03-11 06:17:20] local.INFO: === FORM SUBMISSION STARTED === {"slug":"f_aklrqsxp","method":"POST"} 
[2026-03-11 06:17:20] local.INFO: Request data: {"name":"tanuja","email":"tanuja8@yopmail.com","message":"asdsfsdgsfgdfsfbfdsbfd","honeypot_1ogCBVw5":null} 
[2026-03-11 06:17:20] local.INFO: Has files: {"files":0} 
[2026-03-11 06:17:22] local.INFO: Form found {"form_id":"a144024d-f19e-4657-92a2-81bfb7b1b53d","form_name":"UntinyPNG - Contact Form"} 
[2026-03-11 06:17:22] local.INFO: Validation passed {"form_id":"a144024d-f19e-4657-92a2-81bfb7b1b53d"} 
[2026-03-11 06:17:22] local.INFO: Captcha verification status {"is_captcha_verified":false,"has_captcha_flag":false,"captcha_flag_value":null} 
[2026-03-11 06:17:22] local.INFO: Redirecting to captcha page {"form_id":"a144024d-f19e-4657-92a2-81bfb7b1b53d"} 
[2026-03-11 06:17:22] local.INFO: Showing captcha page {"form_id":"a144024d-f19e-4657-92a2-81bfb7b1b53d"} 
[2026-03-11 06:17:29] local.INFO: === CAPTCHA VERIFICATION STARTED === {"form_id":"a144024d-f19e-4657-92a2-81bfb7b1b53d"} 
[2026-03-11 06:17:30] local.INFO: Verifying captcha {"token_exists":true,"ip":"127.0.0.1"} 
[2026-03-11 06:17:31] local.INFO: RecaptchaService: Verification result {"success":true,"score":null,"action":null,"error_codes":[]} 
[2026-03-11 06:17:31] local.INFO: Captcha verified successfully  
[2026-03-11 06:17:31] local.INFO: Pending submission found {"data_keys":["name","email","message","honeypot_1ogCBVw5"],"stored_ip":"127.0.0.1","current_ip":"127.0.0.1"} 
[2026-03-11 06:17:31] local.INFO: Recreating request with files {"temp_files":[],"ip":"127.0.0.1"} 
[2026-03-11 06:17:31] local.INFO: Recreated request {"has_files":0,"ip":"127.0.0.1"} 
[2026-03-11 06:17:31] local.INFO: === FORM SUBMISSION STARTED === {"slug":"f_aklrqsxp","method":"POST"} 
[2026-03-11 06:17:31] local.INFO: Request data: {"name":"tanuja","email":"tanuja8@yopmail.com","message":"asdsfsdgsfgdfsfbfdsbfd","honeypot_1ogCBVw5":null,"captcha_verified":true} 
[2026-03-11 06:17:31] local.INFO: Has files: {"files":0} 
[2026-03-11 06:17:31] local.INFO: Form found {"form_id":"a144024d-f19e-4657-92a2-81bfb7b1b53d","form_name":"UntinyPNG - Contact Form"} 
[2026-03-11 06:17:31] local.INFO: Validation passed {"form_id":"a144024d-f19e-4657-92a2-81bfb7b1b53d"} 
[2026-03-11 06:17:31] local.INFO: Captcha verification status {"is_captcha_verified":true,"has_captcha_flag":true,"captcha_flag_value":true} 
[2026-03-11 06:17:31] local.INFO: reCAPTCHA skipped {"is_captcha_verified":true,"is_disabled":false} 
[2026-03-11 06:17:31] local.INFO: Parsed submission data {"name":"tanuja","email":"tanuja8@yopmail.com","message":"asdsfsdgsfgdfsfbfdsbfd"} 
[2026-03-11 06:17:31] local.INFO: FILE UPLOAD CHECK {"all_files":[]} 
[2026-03-11 06:17:31] local.INFO: Total files uploaded: 0  
[2026-03-11 06:17:31] local.INFO: Sending auto-response to {"email":"tanuja8@yopmail.com"} 
[2026-03-11 06:17:32] local.INFO: Auto-response sent to: tanuja8@yopmail.com  
[2026-03-11 06:17:32] local.INFO: Rate limit exceeded {"ip":"127.0.0.1","count":5} 
[2026-03-11 06:17:32] local.INFO: MARKED AS SPAM {"form_id":"a144024d-f19e-4657-92a2-81bfb7b1b53d","ip":"127.0.0.1","is_spam":true,"reasons":["Rate limit exceeded"]} 
[2026-03-11 06:17:32] local.INFO: Spam check result {"is_spam":true,"reasons":["Rate limit exceeded"],"ip":"127.0.0.1"} 
[2026-03-11 06:17:33] local.INFO: Submission created {"submission_id":"a145c257-0b89-40a9-9bac-647b10d27773","ip":"127.0.0.1"} 
[2026-03-11 06:17:33] local.INFO: Auto-response flag updated  
[2026-03-11 06:17:33] local.INFO: Form stats updated  
[2026-03-11 06:17:33] local.INFO: Checking email notification conditions {"is_spam":true,"email_notifications":true,"recipient_email":"sakshi05@yopmail.com"} 
[2026-03-11 06:17:33] local.WARNING: Email notification skipped {"reason":"is_spam"} 
[2026-03-11 06:17:33] local.INFO: === FORM SUBMISSION COMPLETED === {"slug":"f_aklrqsxp"} 
[2026-03-11 06:17:33] local.INFO: Success response {"wants_json":false,"format":null,"redirect_url":null} 
[2026-03-11 06:18:31] local.INFO: === FORM SUBMISSION STARTED === {"slug":"f_aklrqsxp","method":"POST"} 
[2026-03-11 06:18:31] local.INFO: Request data: {"name":"qwerty","email":"tanuja8@yopmail.com","message":"dsfdgdfbn h","honeypot_1ogCBVw5":null} 
[2026-03-11 06:18:31] local.INFO: Has files: {"files":0} 
[2026-03-11 06:18:33] local.INFO: Form found {"form_id":"a144024d-f19e-4657-92a2-81bfb7b1b53d","form_name":"UntinyPNG - Contact Form"} 
[2026-03-11 06:18:33] local.INFO: Validation passed {"form_id":"a144024d-f19e-4657-92a2-81bfb7b1b53d"} 
[2026-03-11 06:18:33] local.INFO: Captcha verification status {"is_captcha_verified":false,"has_captcha_flag":false,"captcha_flag_value":null} 
[2026-03-11 06:18:33] local.INFO: Redirecting to captcha page {"form_id":"a144024d-f19e-4657-92a2-81bfb7b1b53d"} 
[2026-03-11 06:18:33] local.INFO: Showing captcha page {"form_id":"a144024d-f19e-4657-92a2-81bfb7b1b53d"} 
[2026-03-11 06:18:40] local.INFO: === CAPTCHA VERIFICATION STARTED === {"form_id":"a144024d-f19e-4657-92a2-81bfb7b1b53d"} 
[2026-03-11 06:18:41] local.INFO: Verifying captcha {"token_exists":true,"ip":"127.0.0.1"} 
[2026-03-11 06:18:42] local.INFO: RecaptchaService: Verification result {"success":true,"score":null,"action":null,"error_codes":[]} 
[2026-03-11 06:18:42] local.INFO: Captcha verified successfully  
[2026-03-11 06:18:42] local.INFO: Pending submission found {"data_keys":["name","email","message","honeypot_1ogCBVw5"],"stored_ip":"127.0.0.1","current_ip":"127.0.0.1"} 
[2026-03-11 06:18:42] local.INFO: Recreating request with files {"temp_files":[],"ip":"127.0.0.1"} 
[2026-03-11 06:18:42] local.INFO: Recreated request {"has_files":0,"ip":"127.0.0.1"} 
[2026-03-11 06:18:42] local.INFO: === FORM SUBMISSION STARTED === {"slug":"f_aklrqsxp","method":"POST"} 
[2026-03-11 06:18:42] local.INFO: Request data: {"name":"qwerty","email":"tanuja8@yopmail.com","message":"dsfdgdfbn h","honeypot_1ogCBVw5":null,"captcha_verified":true} 
[2026-03-11 06:18:42] local.INFO: Has files: {"files":0} 
[2026-03-11 06:18:42] local.INFO: Form found {"form_id":"a144024d-f19e-4657-92a2-81bfb7b1b53d","form_name":"UntinyPNG - Contact Form"} 
[2026-03-11 06:18:42] local.INFO: Validation passed {"form_id":"a144024d-f19e-4657-92a2-81bfb7b1b53d"} 
[2026-03-11 06:18:42] local.INFO: Captcha verification status {"is_captcha_verified":true,"has_captcha_flag":true,"captcha_flag_value":true} 
[2026-03-11 06:18:42] local.INFO: reCAPTCHA skipped {"is_captcha_verified":true,"is_disabled":false} 
[2026-03-11 06:18:42] local.INFO: Parsed submission data {"name":"qwerty","email":"tanuja8@yopmail.com","message":"dsfdgdfbn h"} 
[2026-03-11 06:18:42] local.INFO: FILE UPLOAD CHECK {"all_files":[]} 
[2026-03-11 06:18:42] local.INFO: Total files uploaded: 0  
[2026-03-11 06:18:42] local.INFO: Sending auto-response to {"email":"tanuja8@yopmail.com"} 
[2026-03-11 06:18:44] local.INFO: Auto-response sent to: tanuja8@yopmail.com  
[2026-03-11 06:18:44] local.INFO: Rate limit exceeded {"ip":"127.0.0.1","count":5} 
[2026-03-11 06:18:44] local.INFO: MARKED AS SPAM {"form_id":"a144024d-f19e-4657-92a2-81bfb7b1b53d","ip":"127.0.0.1","is_spam":true,"reasons":["Rate limit exceeded"]} 
[2026-03-11 06:18:44] local.INFO: Spam check result {"is_spam":true,"reasons":["Rate limit exceeded"],"ip":"127.0.0.1"} 
[2026-03-11 06:18:44] local.INFO: Submission created {"submission_id":"a145c2c3-77c7-4d0d-9a9b-34523e19481c","ip":"127.0.0.1"} 
[2026-03-11 06:18:44] local.INFO: Auto-response flag updated  
[2026-03-11 06:18:44] local.INFO: Form stats updated  
[2026-03-11 06:18:44] local.INFO: Checking email notification conditions {"is_spam":true,"email_notifications":true,"recipient_email":"sakshi05@yopmail.com"} 
[2026-03-11 06:18:44] local.WARNING: Email notification skipped {"reason":"is_spam"} 
[2026-03-11 06:18:44] local.INFO: === FORM SUBMISSION COMPLETED === {"slug":"f_aklrqsxp"} 
[2026-03-11 06:18:44] local.INFO: Success response {"wants_json":false,"format":null,"redirect_url":null} 
[2026-03-11 06:20:05] local.INFO: === FORM SUBMISSION STARTED === {"slug":"f_aklrqsxp","method":"POST"} 
[2026-03-11 06:20:05] local.INFO: Request data: {"name":"sarthi","email":"tanuja8@yopmail.com","message":"adfdsvfdsvdfsvfdgfbgf","honeypot_1ogCBVw5":null} 
[2026-03-11 06:20:05] local.INFO: Has files: {"files":0} 
[2026-03-11 06:20:07] local.INFO: Form found {"form_id":"a144024d-f19e-4657-92a2-81bfb7b1b53d","form_name":"UntinyPNG - Contact Form"} 
[2026-03-11 06:20:07] local.INFO: Validation passed {"form_id":"a144024d-f19e-4657-92a2-81bfb7b1b53d"} 
[2026-03-11 06:20:07] local.INFO: Captcha verification status {"is_captcha_verified":false,"has_captcha_flag":false,"captcha_flag_value":null} 
[2026-03-11 06:20:07] local.INFO: Redirecting to captcha page {"form_id":"a144024d-f19e-4657-92a2-81bfb7b1b53d"} 
[2026-03-11 06:20:07] local.INFO: Showing captcha page {"form_id":"a144024d-f19e-4657-92a2-81bfb7b1b53d"} 
[2026-03-11 06:20:18] local.INFO: === CAPTCHA VERIFICATION STARTED === {"form_id":"a144024d-f19e-4657-92a2-81bfb7b1b53d"} 
[2026-03-11 06:20:19] local.INFO: Verifying captcha {"token_exists":true,"ip":"127.0.0.1"} 
[2026-03-11 06:20:20] local.INFO: RecaptchaService: Verification result {"success":true,"score":null,"action":null,"error_codes":[]} 
[2026-03-11 06:20:20] local.INFO: Captcha verified successfully  
[2026-03-11 06:20:20] local.INFO: Pending submission found {"data_keys":["name","email","message","honeypot_1ogCBVw5"],"stored_ip":"127.0.0.1","current_ip":"127.0.0.1"} 
[2026-03-11 06:20:20] local.INFO: Recreating request with files {"temp_files":[],"ip":"127.0.0.1"} 
[2026-03-11 06:20:20] local.INFO: Recreated request {"has_files":0,"ip":"127.0.0.1"} 
[2026-03-11 06:20:20] local.INFO: === FORM SUBMISSION STARTED === {"slug":"f_aklrqsxp","method":"POST"} 
[2026-03-11 06:20:20] local.INFO: Request data: {"name":"sarthi","email":"tanuja8@yopmail.com","message":"adfdsvfdsvdfsvfdgfbgf","honeypot_1ogCBVw5":null,"captcha_verified":true} 
[2026-03-11 06:20:20] local.INFO: Has files: {"files":0} 
[2026-03-11 06:20:20] local.INFO: Form found {"form_id":"a144024d-f19e-4657-92a2-81bfb7b1b53d","form_name":"UntinyPNG - Contact Form"} 
[2026-03-11 06:20:20] local.INFO: Validation passed {"form_id":"a144024d-f19e-4657-92a2-81bfb7b1b53d"} 
[2026-03-11 06:20:20] local.INFO: Captcha verification status {"is_captcha_verified":true,"has_captcha_flag":true,"captcha_flag_value":true} 
[2026-03-11 06:20:20] local.INFO: reCAPTCHA skipped {"is_captcha_verified":true,"is_disabled":false} 
[2026-03-11 06:20:20] local.INFO: Parsed submission data {"name":"sarthi","email":"tanuja8@yopmail.com","message":"adfdsvfdsvdfsvfdgfbgf"} 
[2026-03-11 06:20:20] local.INFO: FILE UPLOAD CHECK {"all_files":[]} 
[2026-03-11 06:20:20] local.INFO: Total files uploaded: 0  
[2026-03-11 06:20:20] local.INFO: Sending auto-response to {"email":"tanuja8@yopmail.com"} 
[2026-03-11 06:20:22] local.INFO: Auto-response sent to: tanuja8@yopmail.com  
[2026-03-11 06:20:22] local.INFO: Rate limit exceeded {"ip":"127.0.0.1","count":5} 
[2026-03-11 06:20:22] local.INFO: MARKED AS SPAM {"form_id":"a144024d-f19e-4657-92a2-81bfb7b1b53d","ip":"127.0.0.1","is_spam":true,"reasons":["Rate limit exceeded"]} 
[2026-03-11 06:20:22] local.INFO: Spam check result {"is_spam":true,"reasons":["Rate limit exceeded"],"ip":"127.0.0.1"} 
[2026-03-11 06:20:22] local.INFO: Submission created {"submission_id":"a145c359-86df-41d5-8cb4-f3352df9cfb4","ip":"127.0.0.1"} 
[2026-03-11 06:20:22] local.INFO: Auto-response flag updated  
[2026-03-11 06:20:23] local.INFO: Form stats updated  
[2026-03-11 06:20:23] local.INFO: Checking email notification conditions {"is_spam":true,"email_notifications":true,"recipient_email":"sakshi05@yopmail.com"} 
[2026-03-11 06:20:23] local.WARNING: Email notification skipped {"reason":"is_spam"} 
[2026-03-11 06:20:23] local.INFO: === FORM SUBMISSION COMPLETED === {"slug":"f_aklrqsxp"} 
[2026-03-11 06:20:23] local.INFO: Success response {"wants_json":false,"format":null,"redirect_url":null} 
[2026-03-11 06:21:32] local.INFO: === FORM SUBMISSION STARTED === {"slug":"f_aklrqsxp","method":"POST"} 
[2026-03-11 06:21:32] local.INFO: Request data: {"name":"rashi","email":"tanuja8@yopmail.com","message":"Test the form","honeypot_1ogCBVw5":null} 
[2026-03-11 06:21:32] local.INFO: Has files: {"files":0} 
[2026-03-11 06:21:34] local.INFO: Form found {"form_id":"a144024d-f19e-4657-92a2-81bfb7b1b53d","form_name":"UntinyPNG - Contact Form"} 
[2026-03-11 06:21:34] local.INFO: Validation passed {"form_id":"a144024d-f19e-4657-92a2-81bfb7b1b53d"} 
[2026-03-11 06:21:34] local.INFO: Captcha verification status {"is_captcha_verified":false,"has_captcha_flag":false,"captcha_flag_value":null} 
[2026-03-11 06:21:34] local.INFO: Redirecting to captcha page {"form_id":"a144024d-f19e-4657-92a2-81bfb7b1b53d"} 
[2026-03-11 06:21:34] local.INFO: Showing captcha page {"form_id":"a144024d-f19e-4657-92a2-81bfb7b1b53d"} 
[2026-03-11 06:21:46] local.INFO: === CAPTCHA VERIFICATION STARTED === {"form_id":"a144024d-f19e-4657-92a2-81bfb7b1b53d"} 
[2026-03-11 06:21:48] local.INFO: Verifying captcha {"token_exists":true,"ip":"127.0.0.1"} 
[2026-03-11 06:21:48] local.INFO: RecaptchaService: Verification result {"success":true,"score":null,"action":null,"error_codes":[]} 
[2026-03-11 06:21:48] local.INFO: Captcha verified successfully  
[2026-03-11 06:21:48] local.INFO: Pending submission found {"data_keys":["name","email","message","honeypot_1ogCBVw5"],"stored_ip":"127.0.0.1","current_ip":"127.0.0.1"} 
[2026-03-11 06:21:48] local.INFO: Recreating request with files {"temp_files":[],"ip":"127.0.0.1"} 
[2026-03-11 06:21:48] local.INFO: Recreated request {"has_files":0,"ip":"127.0.0.1"} 
[2026-03-11 06:21:48] local.INFO: === FORM SUBMISSION STARTED === {"slug":"f_aklrqsxp","method":"POST"} 
[2026-03-11 06:21:48] local.INFO: Request data: {"name":"rashi","email":"tanuja8@yopmail.com","message":"Test the form","honeypot_1ogCBVw5":null,"captcha_verified":true} 
[2026-03-11 06:21:48] local.INFO: Has files: {"files":0} 
[2026-03-11 06:21:48] local.INFO: Form found {"form_id":"a144024d-f19e-4657-92a2-81bfb7b1b53d","form_name":"UntinyPNG - Contact Form"} 
[2026-03-11 06:21:49] local.INFO: Validation passed {"form_id":"a144024d-f19e-4657-92a2-81bfb7b1b53d"} 
[2026-03-11 06:21:49] local.INFO: Captcha verification status {"is_captcha_verified":true,"has_captcha_flag":true,"captcha_flag_value":true} 
[2026-03-11 06:21:49] local.INFO: reCAPTCHA skipped {"is_captcha_verified":true,"is_disabled":false} 
[2026-03-11 06:21:49] local.INFO: Parsed submission data {"name":"rashi","email":"tanuja8@yopmail.com","message":"Test the form"} 
[2026-03-11 06:21:49] local.INFO: FILE UPLOAD CHECK {"all_files":[]} 
[2026-03-11 06:21:49] local.INFO: Total files uploaded: 0  
[2026-03-11 06:21:49] local.INFO: Sending auto-response to {"email":"tanuja8@yopmail.com"} 
[2026-03-11 06:21:50] local.INFO: Auto-response sent to: tanuja8@yopmail.com  
[2026-03-11 06:21:50] local.INFO: Rate limit exceeded {"ip":"127.0.0.1","count":5} 
[2026-03-11 06:21:50] local.INFO: MARKED AS SPAM {"form_id":"a144024d-f19e-4657-92a2-81bfb7b1b53d","ip":"127.0.0.1","is_spam":true,"reasons":["Rate limit exceeded"]} 
[2026-03-11 06:21:50] local.INFO: Spam check result {"is_spam":true,"reasons":["Rate limit exceeded"],"ip":"127.0.0.1"} 
[2026-03-11 06:21:50] local.INFO: Submission created {"submission_id":"a145c3df-f4c4-43b1-846e-3cf724a931a8","ip":"127.0.0.1"} 
[2026-03-11 06:21:50] local.INFO: Auto-response flag updated  
[2026-03-11 06:21:51] local.INFO: Form stats updated  
[2026-03-11 06:21:51] local.INFO: Checking email notification conditions {"is_spam":true,"email_notifications":true,"recipient_email":"sakshi05@yopmail.com"} 
[2026-03-11 06:21:51] local.WARNING: Email notification skipped {"reason":"is_spam"} 
[2026-03-11 06:21:51] local.INFO: === FORM SUBMISSION COMPLETED === {"slug":"f_aklrqsxp"} 
[2026-03-11 06:21:51] local.INFO: Success response {"wants_json":false,"format":null,"redirect_url":null} 
[2026-03-11 06:25:13] local.INFO: === FORM SUBMISSION STARTED === {"slug":"f_aklrqsxp","method":"POST"} 
[2026-03-11 06:25:13] local.INFO: Request data: {"name":"sashi","email":"tanuja8@yopmail.com","message":"Test the form.","honeypot_1ogCBVw5":null} 
[2026-03-11 06:25:13] local.INFO: Has files: {"files":0} 
[2026-03-11 06:25:16] local.INFO: Form found {"form_id":"a144024d-f19e-4657-92a2-81bfb7b1b53d","form_name":"UntinyPNG - Contact Form"} 
[2026-03-11 06:25:16] local.INFO: Validation passed {"form_id":"a144024d-f19e-4657-92a2-81bfb7b1b53d"} 
[2026-03-11 06:25:16] local.INFO: Captcha verification status {"is_captcha_verified":false,"has_captcha_flag":false,"captcha_flag_value":null} 
[2026-03-11 06:25:16] local.INFO: Redirecting to captcha page {"form_id":"a144024d-f19e-4657-92a2-81bfb7b1b53d"} 
[2026-03-11 06:25:16] local.INFO: Showing captcha page {"form_id":"a144024d-f19e-4657-92a2-81bfb7b1b53d"} 
[2026-03-11 06:25:29] local.INFO: === CAPTCHA VERIFICATION STARTED === {"form_id":"a144024d-f19e-4657-92a2-81bfb7b1b53d"} 
[2026-03-11 06:25:30] local.INFO: Verifying captcha {"token_exists":true,"ip":"127.0.0.1"} 
[2026-03-11 06:25:30] local.INFO: RecaptchaService: Verification result {"success":true,"score":null,"action":null,"error_codes":[]} 
[2026-03-11 06:25:30] local.INFO: Captcha verified successfully  
[2026-03-11 06:25:30] local.INFO: Pending submission found {"data_keys":["name","email","message","honeypot_1ogCBVw5"],"stored_ip":"127.0.0.1","current_ip":"127.0.0.1"} 
[2026-03-11 06:25:30] local.INFO: Recreating request with files {"temp_files":[],"ip":"127.0.0.1"} 
[2026-03-11 06:25:30] local.INFO: Recreated request {"has_files":0,"ip":"127.0.0.1"} 
[2026-03-11 06:25:30] local.INFO: === FORM SUBMISSION STARTED === {"slug":"f_aklrqsxp","method":"POST"} 
[2026-03-11 06:25:30] local.INFO: Request data: {"name":"sashi","email":"tanuja8@yopmail.com","message":"Test the form.","honeypot_1ogCBVw5":null,"captcha_verified":true} 
[2026-03-11 06:25:30] local.INFO: Has files: {"files":0} 
[2026-03-11 06:25:30] local.INFO: Form found {"form_id":"a144024d-f19e-4657-92a2-81bfb7b1b53d","form_name":"UntinyPNG - Contact Form"} 
[2026-03-11 06:25:31] local.INFO: Validation passed {"form_id":"a144024d-f19e-4657-92a2-81bfb7b1b53d"} 
[2026-03-11 06:25:31] local.INFO: Captcha verification status {"is_captcha_verified":true,"has_captcha_flag":true,"captcha_flag_value":true} 
[2026-03-11 06:25:31] local.INFO: reCAPTCHA skipped {"is_captcha_verified":true,"is_disabled":false} 
[2026-03-11 06:25:31] local.INFO: Parsed submission data {"name":"sashi","email":"tanuja8@yopmail.com","message":"Test the form."} 
[2026-03-11 06:25:31] local.INFO: FILE UPLOAD CHECK {"all_files":[]} 
[2026-03-11 06:25:31] local.INFO: Total files uploaded: 0  
[2026-03-11 06:25:31] local.INFO: Sending auto-response to {"email":"tanuja8@yopmail.com"} 
[2026-03-11 06:25:32] local.INFO: Auto-response sent to: tanuja8@yopmail.com  
[2026-03-11 06:25:32] local.INFO: VALID SUBMISSION {"form_id":"a144024d-f19e-4657-92a2-81bfb7b1b53d","ip":"127.0.0.1","is_spam":false,"reasons":[]} 
[2026-03-11 06:25:32] local.INFO: Spam check result {"is_spam":false,"reasons":[],"ip":"127.0.0.1"} 
[2026-03-11 06:25:32] local.INFO: Submission created {"submission_id":"a145c532-a635-405a-98f2-ddd7c71f184c","ip":"127.0.0.1"} 
[2026-03-11 06:25:32] local.INFO: Auto-response flag updated  
[2026-03-11 06:25:33] local.INFO: Form stats updated  
[2026-03-11 06:25:33] local.INFO: Checking email notification conditions {"is_spam":false,"email_notifications":true,"recipient_email":"sakshi05@yopmail.com"} 
[2026-03-11 06:25:33] local.INFO: Attempting to send notification email {"to":"sakshi05@yopmail.com","has_attachments":false} 
[2026-03-11 06:25:33] local.INFO: === SENDING NOTIFICATION EMAIL === {"to":"sakshi05@yopmail.com","submission_id":"a145c532-a635-405a-98f2-ddd7c71f184c","has_files":false} 
[2026-03-11 06:25:33] local.INFO: Final CC emails {"final_list":[]} 
[2026-03-11 06:25:33] local.INFO: Email template selected: basic  
[2026-03-11 06:25:33] local.INFO: Attachments to process: 0  
[2026-03-11 06:25:33] local.INFO: Mail object created  
[2026-03-11 06:25:33] local.INFO: Sending email without CC {"to":"sakshi05@yopmail.com"} 
[2026-03-11 06:25:33] local.INFO: Total attachments added: 0  
[2026-03-11 06:25:33] local.INFO: Mail send method called successfully  
[2026-03-11 06:25:33] local.INFO: Submission updated with email_sent flag  
[2026-03-11 06:25:33] local.INFO: Email sent successfully to: sakshi05@yopmail.com  
[2026-03-11 06:25:33] local.INFO: Notification email sent successfully  
[2026-03-11 06:25:33] local.INFO: === FORM SUBMISSION COMPLETED === {"slug":"f_aklrqsxp"} 
[2026-03-11 06:25:33] local.INFO: Success response {"wants_json":false,"format":null,"redirect_url":null} 
[2026-03-11 06:48:53] local.INFO: === FORM SUBMISSION STARTED === {"slug":"f_aklrqsxp","method":"POST"} 
[2026-03-11 06:48:53] local.INFO: Request data: {"name":"Tanuja","email":"tanuja8@yopmail.com","message":"Test the Form.","honeypot_1ogCBVw5":null,"_captcha":"false"} 
[2026-03-11 06:48:53] local.INFO: Has files: {"files":0} 
[2026-03-11 06:48:54] local.INFO: Form found {"form_id":"a144024d-f19e-4657-92a2-81bfb7b1b53d","form_name":"UntinyPNG - Contact Form"} 
[2026-03-11 06:48:55] local.INFO: Validation passed {"form_id":"a144024d-f19e-4657-92a2-81bfb7b1b53d"} 
[2026-03-11 06:48:55] local.INFO: Captcha verification status {"is_captcha_verified":false,"has_captcha_flag":false,"captcha_flag_value":null} 
[2026-03-11 06:48:55] local.INFO: reCAPTCHA skipped {"is_captcha_verified":false,"is_disabled":true} 
[2026-03-11 06:48:55] local.INFO: Parsed submission data {"name":"Tanuja","email":"tanuja8@yopmail.com","message":"Test the Form."} 
[2026-03-11 06:48:55] local.INFO: FILE UPLOAD CHECK {"all_files":[]} 
[2026-03-11 06:48:55] local.INFO: Total files uploaded: 0  
[2026-03-11 06:48:55] local.INFO: Sending auto-response to {"email":"tanuja8@yopmail.com"} 
[2026-03-11 06:48:57] local.INFO: Auto-response sent to: tanuja8@yopmail.com  
[2026-03-11 06:48:57] local.INFO: VALID SUBMISSION {"form_id":"a144024d-f19e-4657-92a2-81bfb7b1b53d","ip":"127.0.0.1","is_spam":false,"reasons":[]} 
[2026-03-11 06:48:57] local.INFO: Spam check result {"is_spam":false,"reasons":[],"ip":"127.0.0.1"} 
[2026-03-11 06:48:57] local.INFO: Submission created {"submission_id":"a145cd92-69e1-4eaf-b3c3-b781fb845de1","ip":"127.0.0.1"} 
[2026-03-11 06:48:57] local.INFO: Auto-response flag updated  
[2026-03-11 06:48:58] local.INFO: Form stats updated  
[2026-03-11 06:48:58] local.INFO: Checking email notification conditions {"is_spam":false,"email_notifications":true,"recipient_email":"sakshi05@yopmail.com"} 
[2026-03-11 06:48:58] local.INFO: Attempting to send notification email {"to":"sakshi05@yopmail.com","has_attachments":false} 
[2026-03-11 06:48:58] local.INFO: === SENDING NOTIFICATION EMAIL === {"to":"sakshi05@yopmail.com","submission_id":"a145cd92-69e1-4eaf-b3c3-b781fb845de1","has_files":false} 
[2026-03-11 06:48:58] local.INFO: Final CC emails {"final_list":[]} 
[2026-03-11 06:48:58] local.INFO: Email template selected: basic  
[2026-03-11 06:48:58] local.INFO: Attachments to process: 0  
[2026-03-11 06:48:58] local.INFO: Mail object created  
[2026-03-11 06:48:58] local.INFO: Sending email without CC {"to":"sakshi05@yopmail.com"} 
[2026-03-11 06:48:58] local.INFO: Total attachments added: 0  
[2026-03-11 06:48:58] local.INFO: Mail send method called successfully  
[2026-03-11 06:48:58] local.INFO: Submission updated with email_sent flag  
[2026-03-11 06:48:58] local.INFO: Email sent successfully to: sakshi05@yopmail.com  
[2026-03-11 06:48:58] local.INFO: Notification email sent successfully  
[2026-03-11 06:48:58] local.INFO: === FORM SUBMISSION COMPLETED === {"slug":"f_aklrqsxp"} 
[2026-03-11 06:48:58] local.INFO: Success response {"wants_json":true,"format":null,"redirect_url":null} 
[2026-03-11 06:49:20] local.INFO: === FORM SUBMISSION STARTED === {"slug":"f_aklrqsxp","method":"POST"} 
[2026-03-11 06:49:20] local.INFO: Request data: {"name":"as","email":"tanuja8@yopmail.com","message":"Test the Form.","honeypot_1ogCBVw5":null,"_captcha":"false"} 
[2026-03-11 06:49:20] local.INFO: Has files: {"files":0} 
[2026-03-11 06:49:21] local.INFO: Form found {"form_id":"a144024d-f19e-4657-92a2-81bfb7b1b53d","form_name":"UntinyPNG - Contact Form"} 
[2026-03-11 08:31:13] local.ERROR: Supabase signout error: Client error: `POST https://zpqlkncexstlodwcneuq.supabase.co/auth/v1/logout` resulted in a `403 Forbidden` response:
{"code":403,"error_code":"bad_jwt","msg":"invalid JWT: unable to parse or verify signature, token has invalid claims: to (truncated...)
  
[2026-03-11 11:49:16] local.ERROR: Supabase signout error: Client error: `POST https://zpqlkncexstlodwcneuq.supabase.co/auth/v1/logout` resulted in a `403 Forbidden` response:
{"code":403,"error_code":"bad_jwt","msg":"invalid JWT: unable to parse or verify signature, token has invalid claims: to (truncated...)
  
[2026-03-11 11:54:57] local.INFO: Reset token received: YES - eyJhbGciOiJFUzI1NiIs...  
[2026-03-11 11:54:57] local.INFO: Session after save: SET  
[2026-03-11 12:19:55] local.INFO: Playground: verification email sent {"email":"tsaklani2drish@gmail.com"} 
[2026-03-11 12:20:15] local.INFO: Playground: email verified {"email":"tsaklani2drish@gmail.com"} 
[2026-03-11 12:22:14] local.INFO: Playground: verification email sent {"email":"sakshi.saklani@drishinfo.com"} 
[2026-03-11 12:22:29] local.INFO: Playground: email verified {"email":"sakshi.saklani@drishinfo.com"} 
[2026-03-11 12:22:46] local.INFO: Playground: verification email sent {"email":"sakshi.saklani@drishinfo.com"} 
