[2026-03-19 05:43:01] local.WARNING: Paddle resume API failed: {"error":{"type":"request_error","code":"subscription_must_be_paused","detail":"action can only be performed on paused subscription","documentation_url":"https://developer.paddle.com/v1/errors/subscriptions/subscription_must_be_paused"},"meta":{"request_id":"af76304e-b38f-4451-8097-5c98d8569b01"}}  
[2026-03-19 05:56:15] local.INFO: Plan swapped via Paddle API: personal → professional for user 4ef898b9-c68f-40f6-a83d-5a39d10cc3a4  
[2026-03-19 05:56:35] local.INFO: Plan swapped via Paddle API: professional → business for user 4ef898b9-c68f-40f6-a83d-5a39d10cc3a4  
[2026-03-19 06:11:05] local.INFO: Paddle API: transaction txn_01km2bf1pn49h1vtrzr7nrr925 status=completed  
[2026-03-19 06:11:05] local.INFO: Invoice PDF fetched for txn_01km2bf1pn49h1vtrzr7nrr925: yes  
[2026-03-19 06:11:07] local.INFO: Built subscription from Paddle API for user 4ef898b9-c68f-40f6-a83d-5a39d10cc3a4 {"plan":"personal","sub_id":"sub_01km2bfkarha0r3j362n7frnb9","txn_id":"txn_01km2bf1pn49h1vtrzr7nrr925","currency":"INR","invoice_pdf":"yes"} 
[2026-03-19 06:11:55] local.INFO: Plan swapped via Paddle: personal/monthly → professional/annual (when=immediately) for user 4ef898b9-c68f-40f6-a83d-5a39d10cc3a4  
[2026-03-19 06:43:05] local.INFO: Plan swapped via Paddle: professional/monthly → business/monthly (when=immediately) for user 4ef898b9-c68f-40f6-a83d-5a39d10cc3a4  
[2026-03-19 06:47:13] local.ERROR: Paddle plan swap failed: {"error":{"type":"request_error","code":"subscription_update_when_canceled","detail":"cannot update subscription, as subscription is canceled","documentation_url":"https://developer.paddle.com/v1/errors/subscriptions/subscription_update_when_canceled"},"meta":{"request_id":"1c3c602a-cbc5-4f02-bea5-0e9c4faae3d0"}}  
[2026-03-19 06:47:33] local.ERROR: Paddle plan swap failed: {"error":{"type":"request_error","code":"subscription_update_when_canceled","detail":"cannot update subscription, as subscription is canceled","documentation_url":"https://developer.paddle.com/v1/errors/subscriptions/subscription_update_when_canceled"},"meta":{"request_id":"79cf76c7-9913-417c-8252-90d5d8bb25d0"}}  
[2026-03-19 06:49:44] local.ERROR: Paddle plan swap failed: {"error":{"type":"request_error","code":"subscription_update_when_canceled","detail":"cannot update subscription, as subscription is canceled","documentation_url":"https://developer.paddle.com/v1/errors/subscriptions/subscription_update_when_canceled"},"meta":{"request_id":"d97965a1-b4e8-4f26-9b4e-7239d169ccc3"}}  
[2026-03-19 06:50:33] local.INFO: Paddle API: transaction txn_01km2dqggqf68cxz62kx6qr1t1 status=completed  
[2026-03-19 06:50:33] local.INFO: Invoice PDF fetched for txn_01km2dqggqf68cxz62kx6qr1t1: yes  
[2026-03-19 06:50:35] local.INFO: Built subscription from Paddle API for user 4ef898b9-c68f-40f6-a83d-5a39d10cc3a4 {"plan":"personal","sub_id":"sub_01km2dqwhtmnhee9qbv59jexxk","txn_id":"txn_01km2dqggqf68cxz62kx6qr1t1","currency":"INR","invoice_pdf":"yes"} 
[2026-03-19 06:51:16] local.INFO: Plan swapped via Paddle: personal/monthly → professional/monthly (when=immediately) for user 4ef898b9-c68f-40f6-a83d-5a39d10cc3a4  
[2026-03-19 06:52:19] local.ERROR: Supabase signout error: Client error: `POST https://zpqlkncexstlodwcneuq.supabase.co/auth/v1/logout` resulted in a `403 Forbidden` response:
{"code":403,"error_code":"bad_jwt","msg":"invalid JWT: unable to parse or verify signature, token has invalid claims: to (truncated...)
  
[2026-03-19 06:52:41] local.INFO: Reset token received: YES - eyJhbGciOiJFUzI1NiIs...  
[2026-03-19 06:52:41] local.INFO: Session after save: SET  
[2026-03-19 06:53:42] local.INFO: Paddle API: transaction txn_01km2dx9awb20bg4vnckv8gmqq status=completed  
[2026-03-19 06:53:43] local.INFO: Invoice PDF fetched for txn_01km2dx9awb20bg4vnckv8gmqq: yes  
[2026-03-19 06:53:45] local.INFO: Built subscription from Paddle API for user a368e072-9b00-4d4d-998e-dd0a99ea103c {"plan":"personal","sub_id":"sub_01km2dxn7ahbtvp18kcwsf22rq","txn_id":"txn_01km2dx9awb20bg4vnckv8gmqq","currency":"INR","invoice_pdf":"yes"} 
[2026-03-19 06:55:11] local.INFO: Plan swapped via Paddle: personal/monthly → professional/monthly (when=immediately) for user a368e072-9b00-4d4d-998e-dd0a99ea103c  
[2026-03-19 06:59:50] local.INFO: Plan swapped via Paddle: professional/monthly → business/monthly (when=immediately) for user a368e072-9b00-4d4d-998e-dd0a99ea103c  
[2026-03-19 07:02:34] local.INFO: Plan swapped via Paddle: business/monthly → personal/monthly (when=next_billing_period) for user a368e072-9b00-4d4d-998e-dd0a99ea103c  
[2026-03-19 07:23:10] local.ERROR: Paddle plan swap failed: {"error":{"type":"request_error","code":"bad_request","detail":"not possible to change items and billing date in the same request","documentation_url":"https://developer.paddle.com/v1/errors/shared/bad_request"},"meta":{"request_id":"7aeef4a1-1956-4bd4-80ed-5a1d8fcbc83f"}}  
[2026-03-19 07:24:15] local.INFO: Plan swapped via Paddle: personal/monthly → professional/monthly (when=immediately) for user a368e072-9b00-4d4d-998e-dd0a99ea103c  
[2026-03-19 07:24:40] local.ERROR: Paddle plan swap failed: {"error":{"type":"request_error","code":"bad_request","detail":"not possible to change items and billing date in the same request","documentation_url":"https://developer.paddle.com/v1/errors/shared/bad_request"},"meta":{"request_id":"bfaef26b-3694-4565-a293-55c89c1a905c"}}  
[2026-03-19 07:25:28] local.ERROR: Paddle plan swap failed: {"error":{"type":"request_error","code":"bad_request","detail":"not possible to change items and billing date in the same request","documentation_url":"https://developer.paddle.com/v1/errors/shared/bad_request"},"meta":{"request_id":"5faa6d19-136f-4fc8-89ad-f6b77634ff61"}}  
[2026-03-19 07:28:56] local.INFO: Plan swapped via Paddle: professional/monthly → personal/monthly (when=next_billing_period) for user 4ef898b9-c68f-40f6-a83d-5a39d10cc3a4  
[2026-03-19 07:31:50] local.INFO: Plan swapped via Paddle: professional/monthly → personal/monthly (when=next_billing_period) for user 4ef898b9-c68f-40f6-a83d-5a39d10cc3a4  
[2026-03-19 08:39:38] local.INFO: Plan swapped via Paddle: professional/monthly → business/monthly (when=immediately) for user 4ef898b9-c68f-40f6-a83d-5a39d10cc3a4  
[2026-03-19 08:42:40] local.INFO: Plan swapped via Paddle: business/monthly → personal/monthly (when=next_billing_period) for user 4ef898b9-c68f-40f6-a83d-5a39d10cc3a4  
[2026-03-19 08:42:42] local.ERROR: Call to a member function isPast() on string {"userId":"4ef898b9-c68f-40f6-a83d-5a39d10cc3a4","exception":"[object] (Error(code: 0): Call to a member function isPast() on string at C:/Git-folders/000form.com/app/Http/Controllers/BillingController.php:77)
[stacktrace]
#0 C:/Git-folders/000form.com/vendor/laravel/framework/src/Illuminate/Routing/Controller.php(54): App/Http/Controllers/BillingController->index(Object(Illuminate/Http/Request))
#1 C:/Git-folders/000form.com/vendor/laravel/framework/src/Illuminate/Routing/ControllerDispatcher.php(44): Illuminate/Routing/Controller->callAction('index', Array)
#2 C:/Git-folders/000form.com/vendor/laravel/framework/src/Illuminate/Routing/Route.php(266): Illuminate/Routing/ControllerDispatcher->dispatch(Object(Illuminate/Routing/Route), Object(App/Http/Controllers/BillingController), 'index')
#3 C:/Git-folders/000form.com/vendor/laravel/framework/src/Illuminate/Routing/Route.php(212): Illuminate/Routing/Route->runController()
#4 C:/Git-folders/000form.com/vendor/laravel/framework/src/Illuminate/Routing/Router.php(808): Illuminate/Routing/Route->run()
#5 C:/Git-folders/000form.com/vendor/laravel/framework/src/Illuminate/Pipeline/Pipeline.php(170): Illuminate/Routing/Router->Illuminate/Routing/{closure}(Object(Illuminate/Http/Request))
#6 C:/Git-folders/000form.com/vendor/laravel/framework/src/Illuminate/Auth/Middleware/EnsureEmailIsVerified.php(41): Illuminate/Pipeline/Pipeline->Illuminate/Pipeline/{closure}(Object(Illuminate/Http/Request))
#7 C:/Git-folders/000form.com/vendor/laravel/framework/src/Illuminate/Pipeline/Pipeline.php(209): Illuminate/Auth/Middleware/EnsureEmailIsVerified->handle(Object(Illuminate/Http/Request), Object(Closure))
#8 C:/Git-folders/000form.com/vendor/laravel/framework/src/Illuminate/Routing/Middleware/SubstituteBindings.php(51): Illuminate/Pipeline/Pipeline->Illuminate/Pipeline/{closure}(Object(Illuminate/Http/Request))
#9 C:/Git-folders/000form.com/vendor/laravel/framework/src/Illuminate/Pipeline/Pipeline.php(209): Illuminate/Routing/Middleware/SubstituteBindings->handle(Object(Illuminate/Http/Request), Object(Closure))
#10 C:/Git-folders/000form.com/vendor/laravel/framework/src/Illuminate/Auth/Middleware/Authenticate.php(64): Illuminate/Pipeline/Pipeline->Illuminate/Pipeline/{closure}(Object(Illuminate/Http/Request))
#11 C:/Git-folders/000form.com/vendor/laravel/framework/src/Illuminate/Pipeline/Pipeline.php(209): Illuminate/Auth/Middleware/Authenticate->handle(Object(Illuminate/Http/Request), Object(Closure))
#12 C:/Git-folders/000form.com/vendor/laravel/framework/src/Illuminate/Foundation/Http/Middleware/VerifyCsrfToken.php(88): Illuminate/Pipeline/Pipeline->Illuminate/Pipeline/{closure}(Object(Illuminate/Http/Request))
#13 C:/Git-folders/000form.com/vendor/laravel/framework/src/Illuminate/Pipeline/Pipeline.php(209): Illuminate/Foundation/Http/Middleware/VerifyCsrfToken->handle(Object(Illuminate/Http/Request), Object(Closure))
#14 C:/Git-folders/000form.com/vendor/laravel/framework/src/Illuminate/View/Middleware/ShareErrorsFromSession.php(49): Illuminate/Pipeline/Pipeline->Illuminate/Pipeline/{closure}(Object(Illuminate/Http/Request))
#15 C:/Git-folders/000form.com/vendor/laravel/framework/src/Illuminate/Pipeline/Pipeline.php(209): Illuminate/View/Middleware/ShareErrorsFromSession->handle(Object(Illuminate/Http/Request), Object(Closure))
#16 C:/Git-folders/000form.com/vendor/laravel/framework/src/Illuminate/Session/Middleware/StartSession.php(121): Illuminate/Pipeline/Pipeline->Illuminate/Pipeline/{closure}(Object(Illuminate/Http/Request))
#17 C:/Git-folders/000form.com/vendor/laravel/framework/src/Illuminate/Session/Middleware/StartSession.php(64): Illuminate/Session/Middleware/StartSession->handleStatefulRequest(Object(Illuminate/Http/Request), Object(Illuminate/Session/Store), Object(Closure))
#18 C:/Git-folders/000form.com/vendor/laravel/framework/src/Illuminate/Pipeline/Pipeline.php(209): Illuminate/Session/Middleware/StartSession->handle(Object(Illuminate/Http/Request), Object(Closure))
#19 C:/Git-folders/000form.com/vendor/laravel/framework/src/Illuminate/Cookie/Middleware/AddQueuedCookiesToResponse.php(37): Illuminate/Pipeline/Pipeline->Illuminate/Pipeline/{closure}(Object(Illuminate/Http/Request))
#20 C:/Git-folders/000form.com/vendor/laravel/framework/src/Illuminate/Pipeline/Pipeline.php(209): Illuminate/Cookie/Middleware/AddQueuedCookiesToResponse->handle(Object(Illuminate/Http/Request), Object(Closure))
#21 C:/Git-folders/000form.com/vendor/laravel/framework/src/Illuminate/Cookie/Middleware/EncryptCookies.php(75): Illuminate/Pipeline/Pipeline->Illuminate/Pipeline/{closure}(Object(Illuminate/Http/Request))
#22 C:/Git-folders/000form.com/vendor/laravel/framework/src/Illuminate/Pipeline/Pipeline.php(209): Illuminate/Cookie/Middleware/EncryptCookies->handle(Object(Illuminate/Http/Request), Object(Closure))
#23 C:/Git-folders/000form.com/vendor/laravel/framework/src/Illuminate/Pipeline/Pipeline.php(127): Illuminate/Pipeline/Pipeline->Illuminate/Pipeline/{closure}(Object(Illuminate/Http/Request))
#24 C:/Git-folders/000form.com/vendor/laravel/framework/src/Illuminate/Routing/Router.php(807): Illuminate/Pipeline/Pipeline->then(Object(Closure))
#25 C:/Git-folders/000form.com/vendor/laravel/framework/src/Illuminate/Routing/Router.php(786): Illuminate/Routing/Router->runRouteWithinStack(Object(Illuminate/Routing/Route), Object(Illuminate/Http/Request))
#26 C:/Git-folders/000form.com/vendor/laravel/framework/src/Illuminate/Routing/Router.php(750): Illuminate/Routing/Router->runRoute(Object(Illuminate/Http/Request), Object(Illuminate/Routing/Route))
#27 C:/Git-folders/000form.com/vendor/laravel/framework/src/Illuminate/Routing/Router.php(739): Illuminate/Routing/Router->dispatchToRoute(Object(Illuminate/Http/Request))
#28 C:/Git-folders/000form.com/vendor/laravel/framework/src/Illuminate/Foundation/Http/Kernel.php(201): Illuminate/Routing/Router->dispatch(Object(Illuminate/Http/Request))
#29 C:/Git-folders/000form.com/vendor/laravel/framework/src/Illuminate/Pipeline/Pipeline.php(170): Illuminate/Foundation/Http/Kernel->Illuminate/Foundation/Http/{closure}(Object(Illuminate/Http/Request))
#30 C:/Git-folders/000form.com/vendor/laravel/framework/src/Illuminate/Foundation/Http/Middleware/TransformsRequest.php(21): Illuminate/Pipeline/Pipeline->Illuminate/Pipeline/{closure}(Object(Illuminate/Http/Request))
#31 C:/Git-folders/000form.com/vendor/laravel/framework/src/Illuminate/Foundation/Http/Middleware/ConvertEmptyStringsToNull.php(31): Illuminate/Foundation/Http/Middleware/TransformsRequest->handle(Object(Illuminate/Http/Request), Object(Closure))
#32 C:/Git-folders/000form.com/vendor/laravel/framework/src/Illuminate/Pipeline/Pipeline.php(209): Illuminate/Foundation/Http/Middleware/ConvertEmptyStringsToNull->handle(Object(Illuminate/Http/Request), Object(Closure))
#33 C:/Git-folders/000form.com/vendor/laravel/framework/src/Illuminate/Foundation/Http/Middleware/TransformsRequest.php(21): Illuminate/Pipeline/Pipeline->Illuminate/Pipeline/{closure}(Object(Illuminate/Http/Request))
#34 C:/Git-folders/000form.com/vendor/laravel/framework/src/Illuminate/Foundation/Http/Middleware/TrimStrings.php(51): Illuminate/Foundation/Http/Middleware/TransformsRequest->handle(Object(Illuminate/Http/Request), Object(Closure))
#35 C:/Git-folders/000form.com/vendor/laravel/framework/src/Illuminate/Pipeline/Pipeline.php(209): Illuminate/Foundation/Http/Middleware/TrimStrings->handle(Object(Illuminate/Http/Request), Object(Closure))
#36 C:/Git-folders/000form.com/vendor/laravel/framework/src/Illuminate/Http/Middleware/ValidatePostSize.php(27): Illuminate/Pipeline/Pipeline->Illuminate/Pipeline/{closure}(Object(Illuminate/Http/Request))
#37 C:/Git-folders/000form.com/vendor/laravel/framework/src/Illuminate/Pipeline/Pipeline.php(209): Illuminate/Http/Middleware/ValidatePostSize->handle(Object(Illuminate/Http/Request), Object(Closure))
#38 C:/Git-folders/000form.com/vendor/laravel/framework/src/Illuminate/Foundation/Http/Middleware/PreventRequestsDuringMaintenance.php(110): Illuminate/Pipeline/Pipeline->Illuminate/Pipeline/{closure}(Object(Illuminate/Http/Request))
#39 C:/Git-folders/000form.com/vendor/laravel/framework/src/Illuminate/Pipeline/Pipeline.php(209): Illuminate/Foundation/Http/Middleware/PreventRequestsDuringMaintenance->handle(Object(Illuminate/Http/Request), Object(Closure))
#40 C:/Git-folders/000form.com/vendor/laravel/framework/src/Illuminate/Http/Middleware/HandleCors.php(49): Illuminate/Pipeline/Pipeline->Illuminate/Pipeline/{closure}(Object(Illuminate/Http/Request))
#41 C:/Git-folders/000form.com/vendor/laravel/framework/src/Illuminate/Pipeline/Pipeline.php(209): Illuminate/Http/Middleware/HandleCors->handle(Object(Illuminate/Http/Request), Object(Closure))
#42 C:/Git-folders/000form.com/vendor/laravel/framework/src/Illuminate/Http/Middleware/TrustProxies.php(58): Illuminate/Pipeline/Pipeline->Illuminate/Pipeline/{closure}(Object(Illuminate/Http/Request))
#43 C:/Git-folders/000form.com/vendor/laravel/framework/src/Illuminate/Pipeline/Pipeline.php(209): Illuminate/Http/Middleware/TrustProxies->handle(Object(Illuminate/Http/Request), Object(Closure))
#44 C:/Git-folders/000form.com/vendor/laravel/framework/src/Illuminate/Foundation/Http/Middleware/InvokeDeferredCallbacks.php(22): Illuminate/Pipeline/Pipeline->Illuminate/Pipeline/{closure}(Object(Illuminate/Http/Request))
#45 C:/Git-folders/000form.com/vendor/laravel/framework/src/Illuminate/Pipeline/Pipeline.php(209): Illuminate/Foundation/Http/Middleware/InvokeDeferredCallbacks->handle(Object(Illuminate/Http/Request), Object(Closure))
#46 C:/Git-folders/000form.com/vendor/laravel/framework/src/Illuminate/Pipeline/Pipeline.php(127): Illuminate/Pipeline/Pipeline->Illuminate/Pipeline/{closure}(Object(Illuminate/Http/Request))
#47 C:/Git-folders/000form.com/vendor/laravel/framework/src/Illuminate/Foundation/Http/Kernel.php(176): Illuminate/Pipeline/Pipeline->then(Object(Closure))
#48 C:/Git-folders/000form.com/vendor/laravel/framework/src/Illuminate/Foundation/Http/Kernel.php(145): Illuminate/Foundation/Http/Kernel->sendRequestThroughRouter(Object(Illuminate/Http/Request))
#49 C:/Git-folders/000form.com/vendor/laravel/framework/src/Illuminate/Foundation/Application.php(1220): Illuminate/Foundation/Http/Kernel->handle(Object(Illuminate/Http/Request))
#50 C:/Git-folders/000form.com/public/index.php(17): Illuminate/Foundation/Application->handleRequest(Object(Illuminate/Http/Request))
#51 C:/Git-folders/000form.com/vendor/laravel/framework/src/Illuminate/Foundation/resources/server.php(23): require_once('C://Git-folders//...')
#52 {main}
"} 
[2026-03-19 08:51:20] local.INFO: Plan swapped via Paddle: business/monthly → professional/monthly (when=next_billing_period) for user 4ef898b9-c68f-40f6-a83d-5a39d10cc3a4  
[2026-03-19 08:52:53] local.INFO: Paddle API: transaction txn_01km2mqhab0x23b28e118tj7xw status=completed  
[2026-03-19 08:52:54] local.INFO: Invoice PDF fetched for txn_01km2mqhab0x23b28e118tj7xw: yes  
[2026-03-19 08:52:56] local.INFO: Built subscription from Paddle API for user 4ef898b9-c68f-40f6-a83d-5a39d10cc3a4 {"plan":"personal","sub_id":"sub_01km2mqw3qc1wj8hwta94crrjk","txn_id":"txn_01km2mqhab0x23b28e118tj7xw","currency":"INR","invoice_pdf":"yes"} 
[2026-03-19 08:54:55] local.INFO: Plan swapped via Paddle: personal/monthly → professional/monthly (when=immediately) for user 4ef898b9-c68f-40f6-a83d-5a39d10cc3a4  
[2026-03-19 08:55:54] local.INFO: Plan swapped via Paddle: professional/monthly → personal/monthly (when=next_billing_period) for user 4ef898b9-c68f-40f6-a83d-5a39d10cc3a4  
[2026-03-19 09:12:44] local.INFO: Paddle API: transaction txn_01km2nvnfek34m9b1a6r9wtpn5 status=completed  
[2026-03-19 09:12:44] local.INFO: Invoice PDF fetched for txn_01km2nvnfek34m9b1a6r9wtpn5: yes  
[2026-03-19 09:12:46] local.INFO: Built subscription from Paddle API for user 4ef898b9-c68f-40f6-a83d-5a39d10cc3a4 {"plan":"personal","sub_id":"sub_01km2nw65xyb84eqg28jzm4ghp","txn_id":"txn_01km2nvnfek34m9b1a6r9wtpn5","currency":"INR","invoice_pdf":"yes"} 
[2026-03-19 09:14:33] local.INFO: Plan swapped via Paddle: personal/monthly → professional/monthly (when=next_billing_period) for user 4ef898b9-c68f-40f6-a83d-5a39d10cc3a4  
[2026-03-19 09:38:21] local.INFO: === FORM SUBMISSION STARTED === {"slug":"f_hnzeiu3z","method":"POST"} 
[2026-03-19 09:38:21] local.INFO: Request data: {"name":"Tanuja","email":"tanuja10@yopmail.com","message":"asdsdfs","honeypot_wZuMf5wF":null} 
[2026-03-19 09:38:21] local.INFO: Has files: {"files":0} 
[2026-03-19 09:38:22] local.INFO: Form found {"form_id":"a143d206-6ec8-4480-a8bf-5124209c3cc1","form_name":"Test form"} 
[2026-03-19 09:38:23] local.WARNING: Submission limit reached for user 4ef898b9-c68f-40f6-a83d-5a39d10cc3a4: 200/200  
[2026-03-19 09:38:23] local.WARNING: Error response {"message":"Submission limit reached for this form. Please contact the form owner.","status":429} 
[2026-03-19 09:40:09] local.INFO: === FORM SUBMISSION STARTED === {"slug":"f_hnzeiu3z","method":"POST"} 
[2026-03-19 09:40:09] local.INFO: Request data: {"name":"Test","email":"test@test.com","message":"limit test"} 
[2026-03-19 09:40:09] local.INFO: Has files: {"files":0} 
[2026-03-19 09:40:10] local.INFO: Form found {"form_id":"a143d206-6ec8-4480-a8bf-5124209c3cc1","form_name":"Test form"} 
[2026-03-19 09:40:11] local.WARNING: Submission limit reached for user 4ef898b9-c68f-40f6-a83d-5a39d10cc3a4: 200/200  
[2026-03-19 09:40:11] local.WARNING: Error response {"message":"Submission limit reached for this form. Please contact the form owner.","status":429} 
[2026-03-19 09:41:25] local.INFO: === FORM SUBMISSION STARTED === {"slug":"f_hnzeiu3z","method":"POST"} 
[2026-03-19 09:41:25] local.INFO: Request data: {"name":"Test","email":"test@test.com","message":"limit test"} 
[2026-03-19 09:41:25] local.INFO: Has files: {"files":0} 
[2026-03-19 09:41:26] local.INFO: Form found {"form_id":"a143d206-6ec8-4480-a8bf-5124209c3cc1","form_name":"Test form"} 
[2026-03-19 09:41:27] local.INFO: Redirecting to captcha page {"form_id":"a143d206-6ec8-4480-a8bf-5124209c3cc1"} 
[2026-03-19 09:41:46] local.INFO: === FORM SUBMISSION STARTED === {"slug":"f_hnzeiu3z","method":"POST"} 
[2026-03-19 09:41:46] local.INFO: Request data: {"name":"Tanuja","email":"tanuja10@yopmail.com","message":"sdss","honeypot_wZuMf5wF":null} 
[2026-03-19 09:41:46] local.INFO: Has files: {"files":0} 
[2026-03-19 09:41:47] local.INFO: Form found {"form_id":"a143d206-6ec8-4480-a8bf-5124209c3cc1","form_name":"Test form"} 
[2026-03-19 09:41:48] local.INFO: Redirecting to captcha page {"form_id":"a143d206-6ec8-4480-a8bf-5124209c3cc1"} 
[2026-03-19 09:41:48] local.INFO: Showing captcha page {"form_id":"a143d206-6ec8-4480-a8bf-5124209c3cc1"} 
[2026-03-19 09:45:06] local.INFO: === FORM SUBMISSION STARTED === {"slug":"f_hnzeiu3z","method":"POST"} 
[2026-03-19 09:45:06] local.INFO: Request data: {"name":"Sakshi Saklani","email":"tanuja5@yopmail.com","message":"test ngrok captcha and submission","honeypot_wZuMf5wF":null} 
[2026-03-19 09:45:06] local.INFO: Has files: {"files":0} 
[2026-03-19 09:45:07] local.INFO: Form found {"form_id":"a143d206-6ec8-4480-a8bf-5124209c3cc1","form_name":"Test form"} 
[2026-03-19 09:45:08] local.INFO: Redirecting to captcha page {"form_id":"a143d206-6ec8-4480-a8bf-5124209c3cc1"} 
[2026-03-19 09:45:08] local.INFO: Showing captcha page {"form_id":"a143d206-6ec8-4480-a8bf-5124209c3cc1"} 
[2026-03-19 09:45:18] local.INFO: === CAPTCHA VERIFICATION STARTED === {"form_id":"a143d206-6ec8-4480-a8bf-5124209c3cc1"} 
[2026-03-19 09:45:19] local.INFO: Verifying captcha {"token_exists":true,"ip":"127.0.0.1"} 
[2026-03-19 09:45:19] local.INFO: RecaptchaService: Verification result {"success":true,"score":null,"action":null,"error_codes":[]} 
[2026-03-19 09:45:19] local.INFO: Captcha verified successfully  
[2026-03-19 09:45:19] local.INFO: Pending submission found {"data_keys":["name","email","message","honeypot_wZuMf5wF"],"stored_ip":"127.0.0.1","current_ip":"127.0.0.1"} 
[2026-03-19 09:45:19] local.INFO: Recreating request with files {"temp_files":[],"ip":"127.0.0.1","is_ajax":false} 
[2026-03-19 09:45:19] local.INFO: Recreated request {"has_files":0,"ip":"127.0.0.1"} 
[2026-03-19 09:45:19] local.INFO: === FORM SUBMISSION STARTED === {"slug":"f_hnzeiu3z","method":"POST"} 
[2026-03-19 09:45:19] local.INFO: Request data: {"name":"Sakshi Saklani","email":"tanuja5@yopmail.com","message":"test ngrok captcha and submission","honeypot_wZuMf5wF":null,"captcha_verified":true} 
[2026-03-19 09:45:19] local.INFO: Has files: {"files":0} 
[2026-03-19 09:45:20] local.INFO: Form found {"form_id":"a143d206-6ec8-4480-a8bf-5124209c3cc1","form_name":"Test form"} 
[2026-03-19 09:45:20] local.INFO: Clean submission data {"name":"Sakshi Saklani","email":"tanuja5@yopmail.com","message":"test ngrok captcha and submission","honeypot_wZuMf5wF":null} 
[2026-03-19 09:45:20] local.INFO: FILE UPLOAD CHECK {"all_files":[]} 
[2026-03-19 09:45:21] local.INFO: VALID SUBMISSION {"form_id":"a143d206-6ec8-4480-a8bf-5124209c3cc1","ip":"127.0.0.1","is_spam":false,"reasons":[]} 
[2026-03-19 09:45:21] local.INFO: Spam detection result {"is_spam":false,"reason":null} 
[2026-03-19 09:45:22] local.INFO: Submission stored {"id":"a1562489-3eee-4769-8815-58a5c177affb"} 
[2026-03-19 09:45:23] local.INFO: submissions_used incremented for user 4ef898b9-c68f-40f6-a83d-5a39d10cc3a4: now 1  
[2026-03-19 09:45:23] local.INFO: === SENDING NOTIFICATION EMAIL === {"to":"sakshi05@yopmail.com","submission_id":"a1562489-3eee-4769-8815-58a5c177affb","has_files":false,"file_count":0,"file_paths":[]} 
[2026-03-19 09:45:23] local.INFO: CC emails from form {"cc_emails":["tsaklani2drish@gmail.com"]} 
[2026-03-19 09:45:23] local.INFO: Final CC emails {"final_list":["tsaklani2drish@gmail.com"]} 
[2026-03-19 09:45:23] local.INFO: Verified attachment paths {"verified_count":0,"paths":[]} 
[2026-03-19 09:45:23] local.INFO: Email template selected: basic  
[2026-03-19 09:45:23] local.INFO: Attachments to process: 0  
[2026-03-19 09:45:23] local.INFO: Mail object created  
[2026-03-19 09:45:23] local.INFO: Sending email with CC {"to":"sakshi05@yopmail.com","cc":["tsaklani2drish@gmail.com"]} 
[2026-03-19 09:45:24] local.INFO: Total attachments added: 0  
[2026-03-19 09:45:26] local.INFO: Mail send method called successfully  
[2026-03-19 09:45:26] local.INFO: Submission updated with email_sent flag  
[2026-03-19 09:45:26] local.INFO: Email sent successfully to: sakshi05@yopmail.com  
[2026-03-19 09:45:27] local.INFO: Auto-response sent to: tanuja5@yopmail.com  
[2026-03-19 09:45:27] local.INFO: Success response {"wants_json":false,"format":null,"redirect_url":null} 
[2026-03-19 09:46:10] local.INFO: Showing captcha page {"form_id":"a143d206-6ec8-4480-a8bf-5124209c3cc1"} 
[2026-03-19 09:46:11] local.WARNING: No pending submission found {"form_id":"a143d206-6ec8-4480-a8bf-5124209c3cc1"} 
[2026-03-19 09:50:39] local.INFO: Showing captcha page {"form_id":"a143d206-6ec8-4480-a8bf-5124209c3cc1"} 
[2026-03-19 09:50:40] local.WARNING: No pending submission found {"form_id":"a143d206-6ec8-4480-a8bf-5124209c3cc1"} 
[2026-03-19 09:50:46] local.INFO: === FORM SUBMISSION STARTED === {"slug":"f_hnzeiu3z","method":"POST"} 
[2026-03-19 09:50:46] local.INFO: Request data: {"name":"Tanuja","email":"tanuja10@yopmail.com","message":"asdasdas","honeypot_wZuMf5wF":null} 
[2026-03-19 09:50:46] local.INFO: Has files: {"files":0} 
[2026-03-19 09:50:48] local.INFO: Form found {"form_id":"a143d206-6ec8-4480-a8bf-5124209c3cc1","form_name":"Test form"} 
[2026-03-19 09:50:48] local.WARNING: Submission limit reached for user 4ef898b9-c68f-40f6-a83d-5a39d10cc3a4: 200/200  
[2026-03-19 09:50:48] local.INFO: Success response {"wants_json":false,"format":null,"redirect_url":null} 
